[2025-04-18T16:30:36.908+1000] {processor.py:186} INFO - Started process (PID=83122) to work on /Users/anurag/airflow/dags/execute_multiple_tasks.py
[2025-04-18T16:30:36.909+1000] {processor.py:914} INFO - Processing file /Users/anurag/airflow/dags/execute_multiple_tasks.py for tasks to queue
[2025-04-18T16:30:36.911+1000] {logging_mixin.py:190} INFO - [2025-04-18T16:30:36.910+1000] {dagbag.py:588} INFO - Filling up the DagBag from /Users/anurag/airflow/dags/execute_multiple_tasks.py
[2025-04-18T16:30:36.924+1000] {processor.py:925} INFO - DAG(s) 'executing_multiple_tasks' retrieved from /Users/anurag/airflow/dags/execute_multiple_tasks.py
[2025-04-18T16:30:37.181+1000] {logging_mixin.py:190} INFO - [2025-04-18T16:30:37.180+1000] {override.py:1930} INFO - Created Permission View: can delete on DAG:executing_multiple_tasks
[2025-04-18T16:30:37.189+1000] {logging_mixin.py:190} INFO - [2025-04-18T16:30:37.189+1000] {override.py:1930} INFO - Created Permission View: can read on DAG:executing_multiple_tasks
[2025-04-18T16:30:37.194+1000] {logging_mixin.py:190} INFO - [2025-04-18T16:30:37.194+1000] {override.py:1930} INFO - Created Permission View: can edit on DAG:executing_multiple_tasks
[2025-04-18T16:30:37.201+1000] {logging_mixin.py:190} INFO - [2025-04-18T16:30:37.201+1000] {override.py:1930} INFO - Created Permission View: can delete on DAG Run:executing_multiple_tasks
[2025-04-18T16:30:37.207+1000] {logging_mixin.py:190} INFO - [2025-04-18T16:30:37.207+1000] {override.py:1930} INFO - Created Permission View: can create on DAG Run:executing_multiple_tasks
[2025-04-18T16:30:37.212+1000] {logging_mixin.py:190} INFO - [2025-04-18T16:30:37.212+1000] {override.py:1930} INFO - Created Permission View: can read on DAG Run:executing_multiple_tasks
[2025-04-18T16:30:37.218+1000] {logging_mixin.py:190} INFO - [2025-04-18T16:30:37.218+1000] {override.py:1930} INFO - Created Permission View: menu access on DAG Run:executing_multiple_tasks
[2025-04-18T16:30:37.218+1000] {logging_mixin.py:190} INFO - [2025-04-18T16:30:37.218+1000] {dag.py:3239} INFO - Sync 1 DAGs
[2025-04-18T16:30:37.229+1000] {logging_mixin.py:190} INFO - [2025-04-18T16:30:37.229+1000] {dag.py:3262} INFO - Creating ORM DAG for executing_multiple_tasks
[2025-04-18T16:30:37.236+1000] {logging_mixin.py:190} INFO - [2025-04-18T16:30:37.236+1000] {dag.py:4180} INFO - Setting next_dagrun for executing_multiple_tasks to 2025-04-17 06:30:36.914695+00:00, run_after=2025-04-17 06:30:36.914695+00:00
[2025-04-18T16:30:37.251+1000] {processor.py:208} INFO - Processing /Users/anurag/airflow/dags/execute_multiple_tasks.py took 0.348 seconds
[2025-04-18T16:31:11.482+1000] {processor.py:186} INFO - Started process (PID=83212) to work on /Users/anurag/airflow/dags/execute_multiple_tasks.py
[2025-04-18T16:31:11.485+1000] {processor.py:914} INFO - Processing file /Users/anurag/airflow/dags/execute_multiple_tasks.py for tasks to queue
[2025-04-18T16:31:11.487+1000] {logging_mixin.py:190} INFO - [2025-04-18T16:31:11.486+1000] {dagbag.py:588} INFO - Filling up the DagBag from /Users/anurag/airflow/dags/execute_multiple_tasks.py
[2025-04-18T16:31:11.503+1000] {processor.py:925} INFO - DAG(s) 'executing_multiple_tasks' retrieved from /Users/anurag/airflow/dags/execute_multiple_tasks.py
[2025-04-18T16:31:11.802+1000] {logging_mixin.py:190} INFO - [2025-04-18T16:31:11.802+1000] {dag.py:3239} INFO - Sync 1 DAGs
[2025-04-18T16:31:11.819+1000] {logging_mixin.py:190} INFO - [2025-04-18T16:31:11.819+1000] {dag.py:4180} INFO - Setting next_dagrun for executing_multiple_tasks to 2025-04-17 06:31:11.492738+00:00, run_after=2025-04-17 06:31:11.492738+00:00
[2025-04-18T16:31:11.838+1000] {processor.py:208} INFO - Processing /Users/anurag/airflow/dags/execute_multiple_tasks.py took 0.362 seconds
[2025-04-18T16:31:44.319+1000] {processor.py:186} INFO - Started process (PID=83286) to work on /Users/anurag/airflow/dags/execute_multiple_tasks.py
[2025-04-18T16:31:44.321+1000] {processor.py:914} INFO - Processing file /Users/anurag/airflow/dags/execute_multiple_tasks.py for tasks to queue
[2025-04-18T16:31:44.322+1000] {logging_mixin.py:190} INFO - [2025-04-18T16:31:44.322+1000] {dagbag.py:588} INFO - Filling up the DagBag from /Users/anurag/airflow/dags/execute_multiple_tasks.py
[2025-04-18T16:31:44.333+1000] {processor.py:925} INFO - DAG(s) 'executing_multiple_tasks' retrieved from /Users/anurag/airflow/dags/execute_multiple_tasks.py
[2025-04-18T16:31:44.542+1000] {logging_mixin.py:190} INFO - [2025-04-18T16:31:44.542+1000] {dag.py:3239} INFO - Sync 1 DAGs
[2025-04-18T16:31:44.560+1000] {logging_mixin.py:190} INFO - [2025-04-18T16:31:44.559+1000] {dag.py:4180} INFO - Setting next_dagrun for executing_multiple_tasks to 2025-04-17 06:31:44.326860+00:00, run_after=2025-04-17 06:31:44.326860+00:00
[2025-04-18T16:31:44.585+1000] {processor.py:208} INFO - Processing /Users/anurag/airflow/dags/execute_multiple_tasks.py took 0.271 seconds
[2025-04-18T16:32:28.488+1000] {processor.py:186} INFO - Started process (PID=83390) to work on /Users/anurag/airflow/dags/execute_multiple_tasks.py
[2025-04-18T16:32:28.493+1000] {processor.py:914} INFO - Processing file /Users/anurag/airflow/dags/execute_multiple_tasks.py for tasks to queue
[2025-04-18T16:32:28.496+1000] {logging_mixin.py:190} INFO - [2025-04-18T16:32:28.496+1000] {dagbag.py:588} INFO - Filling up the DagBag from /Users/anurag/airflow/dags/execute_multiple_tasks.py
[2025-04-18T16:32:28.530+1000] {processor.py:925} INFO - DAG(s) 'executing_multiple_tasks' retrieved from /Users/anurag/airflow/dags/execute_multiple_tasks.py
[2025-04-18T16:32:29.607+1000] {logging_mixin.py:190} INFO - [2025-04-18T16:32:29.607+1000] {dag.py:3239} INFO - Sync 1 DAGs
[2025-04-18T16:32:29.675+1000] {logging_mixin.py:190} INFO - [2025-04-18T16:32:29.674+1000] {dag.py:4180} INFO - Setting next_dagrun for executing_multiple_tasks to None, run_after=None
[2025-04-18T16:32:29.742+1000] {processor.py:208} INFO - Processing /Users/anurag/airflow/dags/execute_multiple_tasks.py took 1.274 seconds
[2025-04-18T16:33:07.996+1000] {processor.py:186} INFO - Started process (PID=83482) to work on /Users/anurag/airflow/dags/execute_multiple_tasks.py
[2025-04-18T16:33:07.999+1000] {processor.py:914} INFO - Processing file /Users/anurag/airflow/dags/execute_multiple_tasks.py for tasks to queue
[2025-04-18T16:33:08.002+1000] {logging_mixin.py:190} INFO - [2025-04-18T16:33:08.001+1000] {dagbag.py:588} INFO - Filling up the DagBag from /Users/anurag/airflow/dags/execute_multiple_tasks.py
[2025-04-18T16:33:08.028+1000] {processor.py:925} INFO - DAG(s) 'executing_multiple_tasks' retrieved from /Users/anurag/airflow/dags/execute_multiple_tasks.py
[2025-04-18T16:33:08.756+1000] {logging_mixin.py:190} INFO - [2025-04-18T16:33:08.755+1000] {dag.py:3239} INFO - Sync 1 DAGs
[2025-04-18T16:33:08.814+1000] {logging_mixin.py:190} INFO - [2025-04-18T16:33:08.813+1000] {dag.py:4180} INFO - Setting next_dagrun for executing_multiple_tasks to None, run_after=None
[2025-04-18T16:33:08.872+1000] {processor.py:208} INFO - Processing /Users/anurag/airflow/dags/execute_multiple_tasks.py took 0.890 seconds
[2025-04-18T16:33:45.769+1000] {processor.py:186} INFO - Started process (PID=83563) to work on /Users/anurag/airflow/dags/execute_multiple_tasks.py
[2025-04-18T16:33:45.772+1000] {processor.py:914} INFO - Processing file /Users/anurag/airflow/dags/execute_multiple_tasks.py for tasks to queue
[2025-04-18T16:33:45.776+1000] {logging_mixin.py:190} INFO - [2025-04-18T16:33:45.775+1000] {dagbag.py:588} INFO - Filling up the DagBag from /Users/anurag/airflow/dags/execute_multiple_tasks.py
[2025-04-18T16:33:45.802+1000] {processor.py:925} INFO - DAG(s) 'executing_multiple_tasks' retrieved from /Users/anurag/airflow/dags/execute_multiple_tasks.py
[2025-04-18T16:33:46.586+1000] {logging_mixin.py:190} INFO - [2025-04-18T16:33:46.585+1000] {dag.py:3239} INFO - Sync 1 DAGs
[2025-04-18T16:33:46.646+1000] {logging_mixin.py:190} INFO - [2025-04-18T16:33:46.645+1000] {dag.py:4180} INFO - Setting next_dagrun for executing_multiple_tasks to None, run_after=None
[2025-04-18T16:33:46.701+1000] {processor.py:208} INFO - Processing /Users/anurag/airflow/dags/execute_multiple_tasks.py took 0.946 seconds
[2025-04-18T16:34:22.144+1000] {processor.py:186} INFO - Started process (PID=83635) to work on /Users/anurag/airflow/dags/execute_multiple_tasks.py
[2025-04-18T16:34:22.146+1000] {processor.py:914} INFO - Processing file /Users/anurag/airflow/dags/execute_multiple_tasks.py for tasks to queue
[2025-04-18T16:34:22.149+1000] {logging_mixin.py:190} INFO - [2025-04-18T16:34:22.148+1000] {dagbag.py:588} INFO - Filling up the DagBag from /Users/anurag/airflow/dags/execute_multiple_tasks.py
[2025-04-18T16:34:22.170+1000] {processor.py:925} INFO - DAG(s) 'executing_multiple_tasks' retrieved from /Users/anurag/airflow/dags/execute_multiple_tasks.py
[2025-04-18T16:34:22.754+1000] {logging_mixin.py:190} INFO - [2025-04-18T16:34:22.753+1000] {dag.py:3239} INFO - Sync 1 DAGs
[2025-04-18T16:34:22.798+1000] {logging_mixin.py:190} INFO - [2025-04-18T16:34:22.798+1000] {dag.py:4180} INFO - Setting next_dagrun for executing_multiple_tasks to None, run_after=None
[2025-04-18T16:34:22.842+1000] {processor.py:208} INFO - Processing /Users/anurag/airflow/dags/execute_multiple_tasks.py took 0.710 seconds
[2025-04-18T16:34:54.977+1000] {processor.py:186} INFO - Started process (PID=83710) to work on /Users/anurag/airflow/dags/execute_multiple_tasks.py
[2025-04-18T16:34:54.978+1000] {processor.py:914} INFO - Processing file /Users/anurag/airflow/dags/execute_multiple_tasks.py for tasks to queue
[2025-04-18T16:34:54.979+1000] {logging_mixin.py:190} INFO - [2025-04-18T16:34:54.979+1000] {dagbag.py:588} INFO - Filling up the DagBag from /Users/anurag/airflow/dags/execute_multiple_tasks.py
[2025-04-18T16:34:54.988+1000] {processor.py:925} INFO - DAG(s) 'executing_multiple_tasks' retrieved from /Users/anurag/airflow/dags/execute_multiple_tasks.py
[2025-04-18T16:34:55.186+1000] {logging_mixin.py:190} INFO - [2025-04-18T16:34:55.186+1000] {dag.py:3239} INFO - Sync 1 DAGs
[2025-04-18T16:34:55.202+1000] {logging_mixin.py:190} INFO - [2025-04-18T16:34:55.202+1000] {dag.py:4180} INFO - Setting next_dagrun for executing_multiple_tasks to None, run_after=None
[2025-04-18T16:34:55.227+1000] {processor.py:208} INFO - Processing /Users/anurag/airflow/dags/execute_multiple_tasks.py took 0.255 seconds
[2025-04-18T16:35:26.872+1000] {processor.py:186} INFO - Started process (PID=83775) to work on /Users/anurag/airflow/dags/execute_multiple_tasks.py
[2025-04-18T16:35:26.873+1000] {processor.py:914} INFO - Processing file /Users/anurag/airflow/dags/execute_multiple_tasks.py for tasks to queue
[2025-04-18T16:35:26.874+1000] {logging_mixin.py:190} INFO - [2025-04-18T16:35:26.874+1000] {dagbag.py:588} INFO - Filling up the DagBag from /Users/anurag/airflow/dags/execute_multiple_tasks.py
[2025-04-18T16:35:26.882+1000] {processor.py:925} INFO - DAG(s) 'executing_multiple_tasks' retrieved from /Users/anurag/airflow/dags/execute_multiple_tasks.py
[2025-04-18T16:35:27.056+1000] {logging_mixin.py:190} INFO - [2025-04-18T16:35:27.055+1000] {dag.py:3239} INFO - Sync 1 DAGs
[2025-04-18T16:35:27.070+1000] {logging_mixin.py:190} INFO - [2025-04-18T16:35:27.070+1000] {dag.py:4180} INFO - Setting next_dagrun for executing_multiple_tasks to None, run_after=None
[2025-04-18T16:35:27.085+1000] {processor.py:208} INFO - Processing /Users/anurag/airflow/dags/execute_multiple_tasks.py took 0.219 seconds
[2025-04-18T16:35:58.896+1000] {processor.py:186} INFO - Started process (PID=83843) to work on /Users/anurag/airflow/dags/execute_multiple_tasks.py
[2025-04-18T16:35:58.897+1000] {processor.py:914} INFO - Processing file /Users/anurag/airflow/dags/execute_multiple_tasks.py for tasks to queue
[2025-04-18T16:35:58.898+1000] {logging_mixin.py:190} INFO - [2025-04-18T16:35:58.898+1000] {dagbag.py:588} INFO - Filling up the DagBag from /Users/anurag/airflow/dags/execute_multiple_tasks.py
[2025-04-18T16:35:58.907+1000] {processor.py:925} INFO - DAG(s) 'executing_multiple_tasks' retrieved from /Users/anurag/airflow/dags/execute_multiple_tasks.py
[2025-04-18T16:35:59.083+1000] {logging_mixin.py:190} INFO - [2025-04-18T16:35:59.083+1000] {dag.py:3239} INFO - Sync 1 DAGs
[2025-04-18T16:35:59.098+1000] {logging_mixin.py:190} INFO - [2025-04-18T16:35:59.098+1000] {dag.py:4180} INFO - Setting next_dagrun for executing_multiple_tasks to None, run_after=None
[2025-04-18T16:35:59.119+1000] {processor.py:208} INFO - Processing /Users/anurag/airflow/dags/execute_multiple_tasks.py took 0.229 seconds
[2025-04-18T16:36:30.840+1000] {processor.py:186} INFO - Started process (PID=83907) to work on /Users/anurag/airflow/dags/execute_multiple_tasks.py
[2025-04-18T16:36:30.842+1000] {processor.py:914} INFO - Processing file /Users/anurag/airflow/dags/execute_multiple_tasks.py for tasks to queue
[2025-04-18T16:36:30.843+1000] {logging_mixin.py:190} INFO - [2025-04-18T16:36:30.842+1000] {dagbag.py:588} INFO - Filling up the DagBag from /Users/anurag/airflow/dags/execute_multiple_tasks.py
[2025-04-18T16:36:30.851+1000] {processor.py:925} INFO - DAG(s) 'executing_multiple_tasks' retrieved from /Users/anurag/airflow/dags/execute_multiple_tasks.py
[2025-04-18T16:36:31.026+1000] {logging_mixin.py:190} INFO - [2025-04-18T16:36:31.026+1000] {dag.py:3239} INFO - Sync 1 DAGs
[2025-04-18T16:36:31.041+1000] {logging_mixin.py:190} INFO - [2025-04-18T16:36:31.040+1000] {dag.py:4180} INFO - Setting next_dagrun for executing_multiple_tasks to None, run_after=None
[2025-04-18T16:36:31.065+1000] {processor.py:208} INFO - Processing /Users/anurag/airflow/dags/execute_multiple_tasks.py took 0.230 seconds
[2025-04-18T16:37:03.966+1000] {processor.py:186} INFO - Started process (PID=83979) to work on /Users/anurag/airflow/dags/execute_multiple_tasks.py
[2025-04-18T16:37:03.969+1000] {processor.py:914} INFO - Processing file /Users/anurag/airflow/dags/execute_multiple_tasks.py for tasks to queue
[2025-04-18T16:37:03.970+1000] {logging_mixin.py:190} INFO - [2025-04-18T16:37:03.970+1000] {dagbag.py:588} INFO - Filling up the DagBag from /Users/anurag/airflow/dags/execute_multiple_tasks.py
[2025-04-18T16:37:03.982+1000] {processor.py:925} INFO - DAG(s) 'executing_multiple_tasks' retrieved from /Users/anurag/airflow/dags/execute_multiple_tasks.py
[2025-04-18T16:37:04.237+1000] {logging_mixin.py:190} INFO - [2025-04-18T16:37:04.237+1000] {dag.py:3239} INFO - Sync 1 DAGs
[2025-04-18T16:37:04.256+1000] {logging_mixin.py:190} INFO - [2025-04-18T16:37:04.256+1000] {dag.py:4180} INFO - Setting next_dagrun for executing_multiple_tasks to None, run_after=None
[2025-04-18T16:37:04.276+1000] {processor.py:208} INFO - Processing /Users/anurag/airflow/dags/execute_multiple_tasks.py took 0.315 seconds
[2025-04-18T16:37:35.994+1000] {processor.py:186} INFO - Started process (PID=84056) to work on /Users/anurag/airflow/dags/execute_multiple_tasks.py
[2025-04-18T16:37:35.995+1000] {processor.py:914} INFO - Processing file /Users/anurag/airflow/dags/execute_multiple_tasks.py for tasks to queue
[2025-04-18T16:37:35.997+1000] {logging_mixin.py:190} INFO - [2025-04-18T16:37:35.996+1000] {dagbag.py:588} INFO - Filling up the DagBag from /Users/anurag/airflow/dags/execute_multiple_tasks.py
[2025-04-18T16:37:36.005+1000] {processor.py:925} INFO - DAG(s) 'executing_multiple_tasks' retrieved from /Users/anurag/airflow/dags/execute_multiple_tasks.py
[2025-04-18T16:37:36.200+1000] {logging_mixin.py:190} INFO - [2025-04-18T16:37:36.199+1000] {dag.py:3239} INFO - Sync 1 DAGs
[2025-04-18T16:37:36.219+1000] {logging_mixin.py:190} INFO - [2025-04-18T16:37:36.219+1000] {dag.py:4180} INFO - Setting next_dagrun for executing_multiple_tasks to None, run_after=None
[2025-04-18T16:37:36.243+1000] {processor.py:208} INFO - Processing /Users/anurag/airflow/dags/execute_multiple_tasks.py took 0.255 seconds
[2025-04-18T16:38:09.623+1000] {processor.py:186} INFO - Started process (PID=84123) to work on /Users/anurag/airflow/dags/execute_multiple_tasks.py
[2025-04-18T16:38:09.626+1000] {processor.py:914} INFO - Processing file /Users/anurag/airflow/dags/execute_multiple_tasks.py for tasks to queue
[2025-04-18T16:38:09.627+1000] {logging_mixin.py:190} INFO - [2025-04-18T16:38:09.627+1000] {dagbag.py:588} INFO - Filling up the DagBag from /Users/anurag/airflow/dags/execute_multiple_tasks.py
[2025-04-18T16:38:09.642+1000] {processor.py:925} INFO - DAG(s) 'executing_multiple_tasks' retrieved from /Users/anurag/airflow/dags/execute_multiple_tasks.py
[2025-04-18T16:38:09.906+1000] {logging_mixin.py:190} INFO - [2025-04-18T16:38:09.905+1000] {dag.py:3239} INFO - Sync 1 DAGs
[2025-04-18T16:38:09.922+1000] {logging_mixin.py:190} INFO - [2025-04-18T16:38:09.922+1000] {dag.py:4180} INFO - Setting next_dagrun for executing_multiple_tasks to None, run_after=None
[2025-04-18T16:38:09.941+1000] {processor.py:208} INFO - Processing /Users/anurag/airflow/dags/execute_multiple_tasks.py took 0.324 seconds
[2025-04-18T16:38:42.927+1000] {processor.py:186} INFO - Started process (PID=84189) to work on /Users/anurag/airflow/dags/execute_multiple_tasks.py
[2025-04-18T16:38:42.930+1000] {processor.py:914} INFO - Processing file /Users/anurag/airflow/dags/execute_multiple_tasks.py for tasks to queue
[2025-04-18T16:38:42.931+1000] {logging_mixin.py:190} INFO - [2025-04-18T16:38:42.931+1000] {dagbag.py:588} INFO - Filling up the DagBag from /Users/anurag/airflow/dags/execute_multiple_tasks.py
[2025-04-18T16:38:42.948+1000] {processor.py:925} INFO - DAG(s) 'executing_multiple_tasks' retrieved from /Users/anurag/airflow/dags/execute_multiple_tasks.py
[2025-04-18T16:38:43.234+1000] {logging_mixin.py:190} INFO - [2025-04-18T16:38:43.234+1000] {dag.py:3239} INFO - Sync 1 DAGs
[2025-04-18T16:38:43.250+1000] {logging_mixin.py:190} INFO - [2025-04-18T16:38:43.250+1000] {dag.py:4180} INFO - Setting next_dagrun for executing_multiple_tasks to None, run_after=None
[2025-04-18T16:38:43.269+1000] {processor.py:208} INFO - Processing /Users/anurag/airflow/dags/execute_multiple_tasks.py took 0.348 seconds
[2025-04-18T16:39:16.422+1000] {processor.py:186} INFO - Started process (PID=84267) to work on /Users/anurag/airflow/dags/execute_multiple_tasks.py
[2025-04-18T16:39:16.425+1000] {processor.py:914} INFO - Processing file /Users/anurag/airflow/dags/execute_multiple_tasks.py for tasks to queue
[2025-04-18T16:39:16.427+1000] {logging_mixin.py:190} INFO - [2025-04-18T16:39:16.426+1000] {dagbag.py:588} INFO - Filling up the DagBag from /Users/anurag/airflow/dags/execute_multiple_tasks.py
[2025-04-18T16:39:16.444+1000] {processor.py:925} INFO - DAG(s) 'executing_multiple_tasks' retrieved from /Users/anurag/airflow/dags/execute_multiple_tasks.py
[2025-04-18T16:39:16.708+1000] {logging_mixin.py:190} INFO - [2025-04-18T16:39:16.708+1000] {dag.py:3239} INFO - Sync 1 DAGs
[2025-04-18T16:39:16.725+1000] {logging_mixin.py:190} INFO - [2025-04-18T16:39:16.725+1000] {dag.py:4180} INFO - Setting next_dagrun for executing_multiple_tasks to None, run_after=None
[2025-04-18T16:39:16.743+1000] {processor.py:208} INFO - Processing /Users/anurag/airflow/dags/execute_multiple_tasks.py took 0.327 seconds
[2025-04-18T16:39:48.730+1000] {processor.py:186} INFO - Started process (PID=84340) to work on /Users/anurag/airflow/dags/execute_multiple_tasks.py
[2025-04-18T16:39:48.731+1000] {processor.py:914} INFO - Processing file /Users/anurag/airflow/dags/execute_multiple_tasks.py for tasks to queue
[2025-04-18T16:39:48.732+1000] {logging_mixin.py:190} INFO - [2025-04-18T16:39:48.732+1000] {dagbag.py:588} INFO - Filling up the DagBag from /Users/anurag/airflow/dags/execute_multiple_tasks.py
[2025-04-18T16:39:48.742+1000] {processor.py:925} INFO - DAG(s) 'executing_multiple_tasks' retrieved from /Users/anurag/airflow/dags/execute_multiple_tasks.py
[2025-04-18T16:39:48.952+1000] {logging_mixin.py:190} INFO - [2025-04-18T16:39:48.952+1000] {dag.py:3239} INFO - Sync 1 DAGs
[2025-04-18T16:39:48.968+1000] {logging_mixin.py:190} INFO - [2025-04-18T16:39:48.968+1000] {dag.py:4180} INFO - Setting next_dagrun for executing_multiple_tasks to None, run_after=None
[2025-04-18T16:39:48.987+1000] {processor.py:208} INFO - Processing /Users/anurag/airflow/dags/execute_multiple_tasks.py took 0.262 seconds
[2025-04-18T16:40:20.872+1000] {processor.py:186} INFO - Started process (PID=84412) to work on /Users/anurag/airflow/dags/execute_multiple_tasks.py
[2025-04-18T16:40:20.874+1000] {processor.py:914} INFO - Processing file /Users/anurag/airflow/dags/execute_multiple_tasks.py for tasks to queue
[2025-04-18T16:40:20.875+1000] {logging_mixin.py:190} INFO - [2025-04-18T16:40:20.875+1000] {dagbag.py:588} INFO - Filling up the DagBag from /Users/anurag/airflow/dags/execute_multiple_tasks.py
[2025-04-18T16:40:20.884+1000] {processor.py:925} INFO - DAG(s) 'executing_multiple_tasks' retrieved from /Users/anurag/airflow/dags/execute_multiple_tasks.py
[2025-04-18T16:40:21.081+1000] {logging_mixin.py:190} INFO - [2025-04-18T16:40:21.081+1000] {dag.py:3239} INFO - Sync 1 DAGs
[2025-04-18T16:40:21.099+1000] {logging_mixin.py:190} INFO - [2025-04-18T16:40:21.099+1000] {dag.py:4180} INFO - Setting next_dagrun for executing_multiple_tasks to None, run_after=None
[2025-04-18T16:40:21.116+1000] {processor.py:208} INFO - Processing /Users/anurag/airflow/dags/execute_multiple_tasks.py took 0.251 seconds
[2025-04-18T16:40:52.917+1000] {processor.py:186} INFO - Started process (PID=84478) to work on /Users/anurag/airflow/dags/execute_multiple_tasks.py
[2025-04-18T16:40:52.918+1000] {processor.py:914} INFO - Processing file /Users/anurag/airflow/dags/execute_multiple_tasks.py for tasks to queue
[2025-04-18T16:40:52.919+1000] {logging_mixin.py:190} INFO - [2025-04-18T16:40:52.919+1000] {dagbag.py:588} INFO - Filling up the DagBag from /Users/anurag/airflow/dags/execute_multiple_tasks.py
[2025-04-18T16:40:52.928+1000] {processor.py:925} INFO - DAG(s) 'executing_multiple_tasks' retrieved from /Users/anurag/airflow/dags/execute_multiple_tasks.py
[2025-04-18T16:40:53.133+1000] {logging_mixin.py:190} INFO - [2025-04-18T16:40:53.133+1000] {dag.py:3239} INFO - Sync 1 DAGs
[2025-04-18T16:40:53.151+1000] {logging_mixin.py:190} INFO - [2025-04-18T16:40:53.151+1000] {dag.py:4180} INFO - Setting next_dagrun for executing_multiple_tasks to None, run_after=None
[2025-04-18T16:40:53.168+1000] {processor.py:208} INFO - Processing /Users/anurag/airflow/dags/execute_multiple_tasks.py took 0.258 seconds
[2025-04-18T16:41:06.047+1000] {processor.py:186} INFO - Started process (PID=84507) to work on /Users/anurag/airflow/dags/execute_multiple_tasks.py
[2025-04-18T16:41:06.048+1000] {processor.py:914} INFO - Processing file /Users/anurag/airflow/dags/execute_multiple_tasks.py for tasks to queue
[2025-04-18T16:41:06.049+1000] {logging_mixin.py:190} INFO - [2025-04-18T16:41:06.049+1000] {dagbag.py:588} INFO - Filling up the DagBag from /Users/anurag/airflow/dags/execute_multiple_tasks.py
[2025-04-18T16:41:06.061+1000] {processor.py:925} INFO - DAG(s) 'executing_multiple_tasks' retrieved from /Users/anurag/airflow/dags/execute_multiple_tasks.py
[2025-04-18T16:41:06.067+1000] {logging_mixin.py:190} INFO - [2025-04-18T16:41:06.067+1000] {dag.py:3239} INFO - Sync 1 DAGs
[2025-04-18T16:41:06.178+1000] {logging_mixin.py:190} INFO - [2025-04-18T16:41:06.178+1000] {dag.py:4180} INFO - Setting next_dagrun for executing_multiple_tasks to None, run_after=None
[2025-04-18T16:41:06.197+1000] {processor.py:208} INFO - Processing /Users/anurag/airflow/dags/execute_multiple_tasks.py took 0.156 seconds
[2025-04-18T16:41:38.258+1000] {processor.py:186} INFO - Started process (PID=84581) to work on /Users/anurag/airflow/dags/execute_multiple_tasks.py
[2025-04-18T16:41:38.259+1000] {processor.py:914} INFO - Processing file /Users/anurag/airflow/dags/execute_multiple_tasks.py for tasks to queue
[2025-04-18T16:41:38.260+1000] {logging_mixin.py:190} INFO - [2025-04-18T16:41:38.260+1000] {dagbag.py:588} INFO - Filling up the DagBag from /Users/anurag/airflow/dags/execute_multiple_tasks.py
[2025-04-18T16:41:38.270+1000] {processor.py:925} INFO - DAG(s) 'executing_multiple_tasks' retrieved from /Users/anurag/airflow/dags/execute_multiple_tasks.py
[2025-04-18T16:41:38.464+1000] {logging_mixin.py:190} INFO - [2025-04-18T16:41:38.464+1000] {dag.py:3239} INFO - Sync 1 DAGs
[2025-04-18T16:41:38.480+1000] {logging_mixin.py:190} INFO - [2025-04-18T16:41:38.480+1000] {dag.py:4180} INFO - Setting next_dagrun for executing_multiple_tasks to None, run_after=None
[2025-04-18T16:41:38.498+1000] {processor.py:208} INFO - Processing /Users/anurag/airflow/dags/execute_multiple_tasks.py took 0.246 seconds
[2025-04-18T16:42:10.387+1000] {processor.py:186} INFO - Started process (PID=84647) to work on /Users/anurag/airflow/dags/execute_multiple_tasks.py
[2025-04-18T16:42:10.388+1000] {processor.py:914} INFO - Processing file /Users/anurag/airflow/dags/execute_multiple_tasks.py for tasks to queue
[2025-04-18T16:42:10.389+1000] {logging_mixin.py:190} INFO - [2025-04-18T16:42:10.389+1000] {dagbag.py:588} INFO - Filling up the DagBag from /Users/anurag/airflow/dags/execute_multiple_tasks.py
[2025-04-18T16:42:10.397+1000] {processor.py:925} INFO - DAG(s) 'executing_multiple_tasks' retrieved from /Users/anurag/airflow/dags/execute_multiple_tasks.py
[2025-04-18T16:42:10.587+1000] {logging_mixin.py:190} INFO - [2025-04-18T16:42:10.586+1000] {dag.py:3239} INFO - Sync 1 DAGs
[2025-04-18T16:42:10.603+1000] {logging_mixin.py:190} INFO - [2025-04-18T16:42:10.602+1000] {dag.py:4180} INFO - Setting next_dagrun for executing_multiple_tasks to None, run_after=None
[2025-04-18T16:42:10.619+1000] {processor.py:208} INFO - Processing /Users/anurag/airflow/dags/execute_multiple_tasks.py took 0.237 seconds
[2025-04-18T16:42:42.749+1000] {processor.py:186} INFO - Started process (PID=84711) to work on /Users/anurag/airflow/dags/execute_multiple_tasks.py
[2025-04-18T16:42:42.751+1000] {processor.py:914} INFO - Processing file /Users/anurag/airflow/dags/execute_multiple_tasks.py for tasks to queue
[2025-04-18T16:42:42.753+1000] {logging_mixin.py:190} INFO - [2025-04-18T16:42:42.752+1000] {dagbag.py:588} INFO - Filling up the DagBag from /Users/anurag/airflow/dags/execute_multiple_tasks.py
[2025-04-18T16:42:42.762+1000] {processor.py:925} INFO - DAG(s) 'executing_multiple_tasks' retrieved from /Users/anurag/airflow/dags/execute_multiple_tasks.py
[2025-04-18T16:42:42.972+1000] {logging_mixin.py:190} INFO - [2025-04-18T16:42:42.972+1000] {dag.py:3239} INFO - Sync 1 DAGs
[2025-04-18T16:42:42.991+1000] {logging_mixin.py:190} INFO - [2025-04-18T16:42:42.991+1000] {dag.py:4180} INFO - Setting next_dagrun for executing_multiple_tasks to None, run_after=None
[2025-04-18T16:42:43.008+1000] {processor.py:208} INFO - Processing /Users/anurag/airflow/dags/execute_multiple_tasks.py took 0.265 seconds
[2025-04-18T16:42:51.590+1000] {processor.py:186} INFO - Started process (PID=84736) to work on /Users/anurag/airflow/dags/execute_multiple_tasks.py
[2025-04-18T16:42:51.592+1000] {processor.py:914} INFO - Processing file /Users/anurag/airflow/dags/execute_multiple_tasks.py for tasks to queue
[2025-04-18T16:42:51.593+1000] {logging_mixin.py:190} INFO - [2025-04-18T16:42:51.593+1000] {dagbag.py:588} INFO - Filling up the DagBag from /Users/anurag/airflow/dags/execute_multiple_tasks.py
[2025-04-18T16:42:51.606+1000] {processor.py:925} INFO - DAG(s) 'executing_multiple_tasks' retrieved from /Users/anurag/airflow/dags/execute_multiple_tasks.py
[2025-04-18T16:42:51.613+1000] {logging_mixin.py:190} INFO - [2025-04-18T16:42:51.612+1000] {dag.py:3239} INFO - Sync 1 DAGs
[2025-04-18T16:42:51.731+1000] {logging_mixin.py:190} INFO - [2025-04-18T16:42:51.731+1000] {dag.py:4180} INFO - Setting next_dagrun for executing_multiple_tasks to None, run_after=None
[2025-04-18T16:42:51.753+1000] {processor.py:208} INFO - Processing /Users/anurag/airflow/dags/execute_multiple_tasks.py took 0.172 seconds
[2025-04-18T16:43:24.051+1000] {processor.py:186} INFO - Started process (PID=84812) to work on /Users/anurag/airflow/dags/execute_multiple_tasks.py
[2025-04-18T16:43:24.052+1000] {processor.py:914} INFO - Processing file /Users/anurag/airflow/dags/execute_multiple_tasks.py for tasks to queue
[2025-04-18T16:43:24.053+1000] {logging_mixin.py:190} INFO - [2025-04-18T16:43:24.053+1000] {dagbag.py:588} INFO - Filling up the DagBag from /Users/anurag/airflow/dags/execute_multiple_tasks.py
[2025-04-18T16:43:24.062+1000] {processor.py:925} INFO - DAG(s) 'executing_multiple_tasks' retrieved from /Users/anurag/airflow/dags/execute_multiple_tasks.py
[2025-04-18T16:43:24.295+1000] {logging_mixin.py:190} INFO - [2025-04-18T16:43:24.294+1000] {dag.py:3239} INFO - Sync 1 DAGs
[2025-04-18T16:43:24.312+1000] {logging_mixin.py:190} INFO - [2025-04-18T16:43:24.312+1000] {dag.py:4180} INFO - Setting next_dagrun for executing_multiple_tasks to None, run_after=None
[2025-04-18T16:43:24.331+1000] {processor.py:208} INFO - Processing /Users/anurag/airflow/dags/execute_multiple_tasks.py took 0.286 seconds
[2025-04-18T16:43:49.281+1000] {processor.py:186} INFO - Started process (PID=84866) to work on /Users/anurag/airflow/dags/execute_multiple_tasks.py
[2025-04-18T16:43:49.283+1000] {processor.py:914} INFO - Processing file /Users/anurag/airflow/dags/execute_multiple_tasks.py for tasks to queue
[2025-04-18T16:43:49.285+1000] {logging_mixin.py:190} INFO - [2025-04-18T16:43:49.284+1000] {dagbag.py:588} INFO - Filling up the DagBag from /Users/anurag/airflow/dags/execute_multiple_tasks.py
[2025-04-18T16:43:49.305+1000] {processor.py:925} INFO - DAG(s) 'executing_multiple_tasks' retrieved from /Users/anurag/airflow/dags/execute_multiple_tasks.py
[2025-04-18T16:43:49.317+1000] {logging_mixin.py:190} INFO - [2025-04-18T16:43:49.317+1000] {dag.py:3239} INFO - Sync 1 DAGs
[2025-04-18T16:43:49.570+1000] {logging_mixin.py:190} INFO - [2025-04-18T16:43:49.570+1000] {dag.py:4180} INFO - Setting next_dagrun for executing_multiple_tasks to None, run_after=None
[2025-04-18T16:43:49.598+1000] {processor.py:208} INFO - Processing /Users/anurag/airflow/dags/execute_multiple_tasks.py took 0.323 seconds
[2025-04-18T16:44:22.804+1000] {processor.py:186} INFO - Started process (PID=84951) to work on /Users/anurag/airflow/dags/execute_multiple_tasks.py
[2025-04-18T16:44:22.807+1000] {processor.py:914} INFO - Processing file /Users/anurag/airflow/dags/execute_multiple_tasks.py for tasks to queue
[2025-04-18T16:44:22.808+1000] {logging_mixin.py:190} INFO - [2025-04-18T16:44:22.808+1000] {dagbag.py:588} INFO - Filling up the DagBag from /Users/anurag/airflow/dags/execute_multiple_tasks.py
[2025-04-18T16:44:22.818+1000] {processor.py:925} INFO - DAG(s) 'executing_multiple_tasks' retrieved from /Users/anurag/airflow/dags/execute_multiple_tasks.py
[2025-04-18T16:44:23.020+1000] {logging_mixin.py:190} INFO - [2025-04-18T16:44:23.020+1000] {dag.py:3239} INFO - Sync 1 DAGs
[2025-04-18T16:44:23.036+1000] {logging_mixin.py:190} INFO - [2025-04-18T16:44:23.036+1000] {dag.py:4180} INFO - Setting next_dagrun for executing_multiple_tasks to None, run_after=None
[2025-04-18T16:44:23.055+1000] {processor.py:208} INFO - Processing /Users/anurag/airflow/dags/execute_multiple_tasks.py took 0.256 seconds
[2025-04-18T16:44:29.817+1000] {processor.py:186} INFO - Started process (PID=84966) to work on /Users/anurag/airflow/dags/execute_multiple_tasks.py
[2025-04-18T16:44:29.818+1000] {processor.py:914} INFO - Processing file /Users/anurag/airflow/dags/execute_multiple_tasks.py for tasks to queue
[2025-04-18T16:44:29.818+1000] {logging_mixin.py:190} INFO - [2025-04-18T16:44:29.818+1000] {dagbag.py:588} INFO - Filling up the DagBag from /Users/anurag/airflow/dags/execute_multiple_tasks.py
[2025-04-18T16:44:29.837+1000] {logging_mixin.py:190} INFO - [2025-04-18T16:44:29.832+1000] {dagbag.py:387} ERROR - Failed to import: /Users/anurag/airflow/dags/execute_multiple_tasks.py
Traceback (most recent call last):
  File "/Library/Frameworks/Python.framework/Versions/3.9/lib/python3.9/site-packages/airflow/models/dagbag.py", line 383, in parse
    loader.exec_module(new_module)
  File "<frozen importlib._bootstrap_external>", line 855, in exec_module
  File "<frozen importlib._bootstrap>", line 228, in _call_with_frames_removed
  File "/Users/anurag/airflow/dags/execute_multiple_tasks.py", line 68, in <module>
    taskA > taskD > taskB > taskC
  File "/Library/Frameworks/Python.framework/Versions/3.9/lib/python3.9/site-packages/airflow/models/baseoperator.py", line 1196, in __gt__
    raise TypeError(f"Left hand side ({obj}) is not an outlet")
TypeError: Left hand side (<Task(BashOperator): taskD>) is not an outlet
[2025-04-18T16:44:29.838+1000] {processor.py:927} WARNING - No viable dags retrieved from /Users/anurag/airflow/dags/execute_multiple_tasks.py
[2025-04-18T16:44:30.293+1000] {processor.py:208} INFO - Processing /Users/anurag/airflow/dags/execute_multiple_tasks.py took 0.481 seconds
[2025-04-18T16:44:59.760+1000] {processor.py:186} INFO - Started process (PID=85033) to work on /Users/anurag/airflow/dags/execute_multiple_tasks.py
[2025-04-18T16:44:59.762+1000] {processor.py:914} INFO - Processing file /Users/anurag/airflow/dags/execute_multiple_tasks.py for tasks to queue
[2025-04-18T16:44:59.763+1000] {logging_mixin.py:190} INFO - [2025-04-18T16:44:59.763+1000] {dagbag.py:588} INFO - Filling up the DagBag from /Users/anurag/airflow/dags/execute_multiple_tasks.py
[2025-04-18T16:44:59.772+1000] {logging_mixin.py:190} INFO - [2025-04-18T16:44:59.769+1000] {dagbag.py:387} ERROR - Failed to import: /Users/anurag/airflow/dags/execute_multiple_tasks.py
Traceback (most recent call last):
  File "/Library/Frameworks/Python.framework/Versions/3.9/lib/python3.9/site-packages/airflow/models/dagbag.py", line 383, in parse
    loader.exec_module(new_module)
  File "<frozen importlib._bootstrap_external>", line 855, in exec_module
  File "<frozen importlib._bootstrap>", line 228, in _call_with_frames_removed
  File "/Users/anurag/airflow/dags/execute_multiple_tasks.py", line 68, in <module>
    taskA > taskB > taskC > taskD
  File "/Library/Frameworks/Python.framework/Versions/3.9/lib/python3.9/site-packages/airflow/models/baseoperator.py", line 1196, in __gt__
    raise TypeError(f"Left hand side ({obj}) is not an outlet")
TypeError: Left hand side (<Task(BashOperator): taskB>) is not an outlet
[2025-04-18T16:44:59.773+1000] {processor.py:927} WARNING - No viable dags retrieved from /Users/anurag/airflow/dags/execute_multiple_tasks.py
[2025-04-18T16:44:59.907+1000] {processor.py:208} INFO - Processing /Users/anurag/airflow/dags/execute_multiple_tasks.py took 0.150 seconds
[2025-04-18T16:45:07.039+1000] {processor.py:186} INFO - Started process (PID=85053) to work on /Users/anurag/airflow/dags/execute_multiple_tasks.py
[2025-04-18T16:45:07.040+1000] {processor.py:914} INFO - Processing file /Users/anurag/airflow/dags/execute_multiple_tasks.py for tasks to queue
[2025-04-18T16:45:07.041+1000] {logging_mixin.py:190} INFO - [2025-04-18T16:45:07.041+1000] {dagbag.py:588} INFO - Filling up the DagBag from /Users/anurag/airflow/dags/execute_multiple_tasks.py
[2025-04-18T16:45:07.055+1000] {logging_mixin.py:190} INFO - [2025-04-18T16:45:07.050+1000] {dagbag.py:387} ERROR - Failed to import: /Users/anurag/airflow/dags/execute_multiple_tasks.py
Traceback (most recent call last):
  File "/Library/Frameworks/Python.framework/Versions/3.9/lib/python3.9/site-packages/airflow/models/dagbag.py", line 383, in parse
    loader.exec_module(new_module)
  File "<frozen importlib._bootstrap_external>", line 855, in exec_module
  File "<frozen importlib._bootstrap>", line 228, in _call_with_frames_removed
  File "/Users/anurag/airflow/dags/execute_multiple_tasks.py", line 68, in <module>
    taskA > taskB > taskC > taskD
  File "/Library/Frameworks/Python.framework/Versions/3.9/lib/python3.9/site-packages/airflow/models/baseoperator.py", line 1196, in __gt__
    raise TypeError(f"Left hand side ({obj}) is not an outlet")
TypeError: Left hand side (<Task(BashOperator): taskB>) is not an outlet
[2025-04-18T16:45:07.056+1000] {processor.py:927} WARNING - No viable dags retrieved from /Users/anurag/airflow/dags/execute_multiple_tasks.py
[2025-04-18T16:45:07.272+1000] {processor.py:208} INFO - Processing /Users/anurag/airflow/dags/execute_multiple_tasks.py took 0.240 seconds
[2025-04-18T16:45:39.922+1000] {processor.py:186} INFO - Started process (PID=85125) to work on /Users/anurag/airflow/dags/execute_multiple_tasks.py
[2025-04-18T16:45:39.923+1000] {processor.py:914} INFO - Processing file /Users/anurag/airflow/dags/execute_multiple_tasks.py for tasks to queue
[2025-04-18T16:45:39.925+1000] {logging_mixin.py:190} INFO - [2025-04-18T16:45:39.925+1000] {dagbag.py:588} INFO - Filling up the DagBag from /Users/anurag/airflow/dags/execute_multiple_tasks.py
[2025-04-18T16:45:39.934+1000] {logging_mixin.py:190} INFO - [2025-04-18T16:45:39.932+1000] {dagbag.py:387} ERROR - Failed to import: /Users/anurag/airflow/dags/execute_multiple_tasks.py
Traceback (most recent call last):
  File "/Library/Frameworks/Python.framework/Versions/3.9/lib/python3.9/site-packages/airflow/models/dagbag.py", line 383, in parse
    loader.exec_module(new_module)
  File "<frozen importlib._bootstrap_external>", line 855, in exec_module
  File "<frozen importlib._bootstrap>", line 228, in _call_with_frames_removed
  File "/Users/anurag/airflow/dags/execute_multiple_tasks.py", line 68, in <module>
    taskA > taskB > taskC > taskD
  File "/Library/Frameworks/Python.framework/Versions/3.9/lib/python3.9/site-packages/airflow/models/baseoperator.py", line 1196, in __gt__
    raise TypeError(f"Left hand side ({obj}) is not an outlet")
TypeError: Left hand side (<Task(BashOperator): taskB>) is not an outlet
[2025-04-18T16:45:39.934+1000] {processor.py:927} WARNING - No viable dags retrieved from /Users/anurag/airflow/dags/execute_multiple_tasks.py
[2025-04-18T16:45:40.122+1000] {processor.py:208} INFO - Processing /Users/anurag/airflow/dags/execute_multiple_tasks.py took 0.205 seconds
[2025-04-18T16:45:43.996+1000] {processor.py:186} INFO - Started process (PID=85135) to work on /Users/anurag/airflow/dags/execute_multiple_tasks.py
[2025-04-18T16:45:43.997+1000] {processor.py:914} INFO - Processing file /Users/anurag/airflow/dags/execute_multiple_tasks.py for tasks to queue
[2025-04-18T16:45:43.999+1000] {logging_mixin.py:190} INFO - [2025-04-18T16:45:43.998+1000] {dagbag.py:588} INFO - Filling up the DagBag from /Users/anurag/airflow/dags/execute_multiple_tasks.py
[2025-04-18T16:45:44.008+1000] {processor.py:925} INFO - DAG(s) 'executing_multiple_tasks' retrieved from /Users/anurag/airflow/dags/execute_multiple_tasks.py
[2025-04-18T16:45:44.208+1000] {logging_mixin.py:190} INFO - [2025-04-18T16:45:44.207+1000] {dag.py:3239} INFO - Sync 1 DAGs
[2025-04-18T16:45:44.223+1000] {logging_mixin.py:190} INFO - [2025-04-18T16:45:44.223+1000] {dag.py:4180} INFO - Setting next_dagrun for executing_multiple_tasks to None, run_after=None
[2025-04-18T16:45:44.243+1000] {processor.py:208} INFO - Processing /Users/anurag/airflow/dags/execute_multiple_tasks.py took 0.252 seconds
[2025-04-18T16:46:25.353+1000] {processor.py:186} INFO - Started process (PID=85236) to work on /Users/anurag/airflow/dags/execute_multiple_tasks.py
[2025-04-18T16:46:25.357+1000] {processor.py:914} INFO - Processing file /Users/anurag/airflow/dags/execute_multiple_tasks.py for tasks to queue
[2025-04-18T16:46:25.361+1000] {logging_mixin.py:190} INFO - [2025-04-18T16:46:25.360+1000] {dagbag.py:588} INFO - Filling up the DagBag from /Users/anurag/airflow/dags/execute_multiple_tasks.py
[2025-04-18T16:46:25.391+1000] {processor.py:925} INFO - DAG(s) 'executing_multiple_tasks' retrieved from /Users/anurag/airflow/dags/execute_multiple_tasks.py
[2025-04-18T16:46:26.401+1000] {logging_mixin.py:190} INFO - [2025-04-18T16:46:26.400+1000] {dag.py:3239} INFO - Sync 1 DAGs
[2025-04-18T16:46:26.498+1000] {logging_mixin.py:190} INFO - [2025-04-18T16:46:26.497+1000] {dag.py:4180} INFO - Setting next_dagrun for executing_multiple_tasks to None, run_after=None
[2025-04-18T16:46:26.609+1000] {processor.py:208} INFO - Processing /Users/anurag/airflow/dags/execute_multiple_tasks.py took 1.273 seconds
[2025-04-18T16:47:14.372+1000] {processor.py:186} INFO - Started process (PID=85368) to work on /Users/anurag/airflow/dags/execute_multiple_tasks.py
[2025-04-18T16:47:14.378+1000] {processor.py:914} INFO - Processing file /Users/anurag/airflow/dags/execute_multiple_tasks.py for tasks to queue
[2025-04-18T16:47:14.383+1000] {logging_mixin.py:190} INFO - [2025-04-18T16:47:14.382+1000] {dagbag.py:588} INFO - Filling up the DagBag from /Users/anurag/airflow/dags/execute_multiple_tasks.py
[2025-04-18T16:47:14.424+1000] {processor.py:925} INFO - DAG(s) 'executing_multiple_tasks' retrieved from /Users/anurag/airflow/dags/execute_multiple_tasks.py
[2025-04-18T16:47:15.348+1000] {logging_mixin.py:190} INFO - [2025-04-18T16:47:15.347+1000] {dag.py:3239} INFO - Sync 1 DAGs
[2025-04-18T16:47:15.417+1000] {logging_mixin.py:190} INFO - [2025-04-18T16:47:15.416+1000] {dag.py:4180} INFO - Setting next_dagrun for executing_multiple_tasks to None, run_after=None
[2025-04-18T16:47:15.483+1000] {processor.py:208} INFO - Processing /Users/anurag/airflow/dags/execute_multiple_tasks.py took 1.132 seconds
[2025-04-18T16:47:52.661+1000] {processor.py:186} INFO - Started process (PID=85483) to work on /Users/anurag/airflow/dags/execute_multiple_tasks.py
[2025-04-18T16:47:52.666+1000] {processor.py:914} INFO - Processing file /Users/anurag/airflow/dags/execute_multiple_tasks.py for tasks to queue
[2025-04-18T16:47:52.673+1000] {logging_mixin.py:190} INFO - [2025-04-18T16:47:52.672+1000] {dagbag.py:588} INFO - Filling up the DagBag from /Users/anurag/airflow/dags/execute_multiple_tasks.py
[2025-04-18T16:47:52.735+1000] {processor.py:925} INFO - DAG(s) 'executing_multiple_tasks' retrieved from /Users/anurag/airflow/dags/execute_multiple_tasks.py
[2025-04-18T16:47:53.577+1000] {logging_mixin.py:190} INFO - [2025-04-18T16:47:53.576+1000] {dag.py:3239} INFO - Sync 1 DAGs
[2025-04-18T16:47:53.634+1000] {logging_mixin.py:190} INFO - [2025-04-18T16:47:53.633+1000] {dag.py:4180} INFO - Setting next_dagrun for executing_multiple_tasks to None, run_after=None
[2025-04-18T16:47:53.693+1000] {processor.py:208} INFO - Processing /Users/anurag/airflow/dags/execute_multiple_tasks.py took 1.050 seconds
[2025-04-18T16:48:28.225+1000] {processor.py:186} INFO - Started process (PID=85557) to work on /Users/anurag/airflow/dags/execute_multiple_tasks.py
[2025-04-18T16:48:28.227+1000] {processor.py:914} INFO - Processing file /Users/anurag/airflow/dags/execute_multiple_tasks.py for tasks to queue
[2025-04-18T16:48:28.230+1000] {logging_mixin.py:190} INFO - [2025-04-18T16:48:28.230+1000] {dagbag.py:588} INFO - Filling up the DagBag from /Users/anurag/airflow/dags/execute_multiple_tasks.py
[2025-04-18T16:48:28.249+1000] {processor.py:925} INFO - DAG(s) 'executing_multiple_tasks' retrieved from /Users/anurag/airflow/dags/execute_multiple_tasks.py
[2025-04-18T16:48:28.753+1000] {logging_mixin.py:190} INFO - [2025-04-18T16:48:28.752+1000] {dag.py:3239} INFO - Sync 1 DAGs
[2025-04-18T16:48:28.788+1000] {logging_mixin.py:190} INFO - [2025-04-18T16:48:28.788+1000] {dag.py:4180} INFO - Setting next_dagrun for executing_multiple_tasks to None, run_after=None
[2025-04-18T16:48:28.825+1000] {processor.py:208} INFO - Processing /Users/anurag/airflow/dags/execute_multiple_tasks.py took 0.611 seconds
[2025-04-18T16:49:00.973+1000] {processor.py:186} INFO - Started process (PID=85630) to work on /Users/anurag/airflow/dags/execute_multiple_tasks.py
[2025-04-18T16:49:00.975+1000] {processor.py:914} INFO - Processing file /Users/anurag/airflow/dags/execute_multiple_tasks.py for tasks to queue
[2025-04-18T16:49:00.976+1000] {logging_mixin.py:190} INFO - [2025-04-18T16:49:00.975+1000] {dagbag.py:588} INFO - Filling up the DagBag from /Users/anurag/airflow/dags/execute_multiple_tasks.py
[2025-04-18T16:49:00.985+1000] {processor.py:925} INFO - DAG(s) 'executing_multiple_tasks' retrieved from /Users/anurag/airflow/dags/execute_multiple_tasks.py
[2025-04-18T16:49:01.193+1000] {logging_mixin.py:190} INFO - [2025-04-18T16:49:01.193+1000] {dag.py:3239} INFO - Sync 1 DAGs
[2025-04-18T16:49:01.208+1000] {logging_mixin.py:190} INFO - [2025-04-18T16:49:01.208+1000] {dag.py:4180} INFO - Setting next_dagrun for executing_multiple_tasks to None, run_after=None
[2025-04-18T16:49:01.224+1000] {processor.py:208} INFO - Processing /Users/anurag/airflow/dags/execute_multiple_tasks.py took 0.256 seconds
[2025-04-18T16:49:33.161+1000] {processor.py:186} INFO - Started process (PID=85694) to work on /Users/anurag/airflow/dags/execute_multiple_tasks.py
[2025-04-18T16:49:33.162+1000] {processor.py:914} INFO - Processing file /Users/anurag/airflow/dags/execute_multiple_tasks.py for tasks to queue
[2025-04-18T16:49:33.164+1000] {logging_mixin.py:190} INFO - [2025-04-18T16:49:33.163+1000] {dagbag.py:588} INFO - Filling up the DagBag from /Users/anurag/airflow/dags/execute_multiple_tasks.py
[2025-04-18T16:49:33.173+1000] {processor.py:925} INFO - DAG(s) 'executing_multiple_tasks' retrieved from /Users/anurag/airflow/dags/execute_multiple_tasks.py
[2025-04-18T16:49:33.400+1000] {logging_mixin.py:190} INFO - [2025-04-18T16:49:33.400+1000] {dag.py:3239} INFO - Sync 1 DAGs
[2025-04-18T16:49:33.418+1000] {logging_mixin.py:190} INFO - [2025-04-18T16:49:33.418+1000] {dag.py:4180} INFO - Setting next_dagrun for executing_multiple_tasks to None, run_after=None
[2025-04-18T16:49:33.436+1000] {processor.py:208} INFO - Processing /Users/anurag/airflow/dags/execute_multiple_tasks.py took 0.281 seconds
[2025-04-18T16:50:05.187+1000] {processor.py:186} INFO - Started process (PID=85759) to work on /Users/anurag/airflow/dags/execute_multiple_tasks.py
[2025-04-18T16:50:05.188+1000] {processor.py:914} INFO - Processing file /Users/anurag/airflow/dags/execute_multiple_tasks.py for tasks to queue
[2025-04-18T16:50:05.190+1000] {logging_mixin.py:190} INFO - [2025-04-18T16:50:05.189+1000] {dagbag.py:588} INFO - Filling up the DagBag from /Users/anurag/airflow/dags/execute_multiple_tasks.py
[2025-04-18T16:50:05.198+1000] {processor.py:925} INFO - DAG(s) 'executing_multiple_tasks' retrieved from /Users/anurag/airflow/dags/execute_multiple_tasks.py
[2025-04-18T16:50:05.369+1000] {logging_mixin.py:190} INFO - [2025-04-18T16:50:05.368+1000] {dag.py:3239} INFO - Sync 1 DAGs
[2025-04-18T16:50:05.383+1000] {logging_mixin.py:190} INFO - [2025-04-18T16:50:05.383+1000] {dag.py:4180} INFO - Setting next_dagrun for executing_multiple_tasks to None, run_after=None
[2025-04-18T16:50:05.406+1000] {processor.py:208} INFO - Processing /Users/anurag/airflow/dags/execute_multiple_tasks.py took 0.225 seconds
[2025-04-18T16:50:37.148+1000] {processor.py:186} INFO - Started process (PID=85835) to work on /Users/anurag/airflow/dags/execute_multiple_tasks.py
[2025-04-18T16:50:37.149+1000] {processor.py:914} INFO - Processing file /Users/anurag/airflow/dags/execute_multiple_tasks.py for tasks to queue
[2025-04-18T16:50:37.150+1000] {logging_mixin.py:190} INFO - [2025-04-18T16:50:37.150+1000] {dagbag.py:588} INFO - Filling up the DagBag from /Users/anurag/airflow/dags/execute_multiple_tasks.py
[2025-04-18T16:50:37.158+1000] {processor.py:925} INFO - DAG(s) 'executing_multiple_tasks' retrieved from /Users/anurag/airflow/dags/execute_multiple_tasks.py
[2025-04-18T16:50:37.333+1000] {logging_mixin.py:190} INFO - [2025-04-18T16:50:37.333+1000] {dag.py:3239} INFO - Sync 1 DAGs
[2025-04-18T16:50:37.348+1000] {logging_mixin.py:190} INFO - [2025-04-18T16:50:37.347+1000] {dag.py:4180} INFO - Setting next_dagrun for executing_multiple_tasks to None, run_after=None
[2025-04-18T16:50:37.363+1000] {processor.py:208} INFO - Processing /Users/anurag/airflow/dags/execute_multiple_tasks.py took 0.222 seconds
[2025-04-18T16:51:12.127+1000] {processor.py:186} INFO - Started process (PID=85895) to work on /Users/anurag/airflow/dags/execute_multiple_tasks.py
[2025-04-18T16:51:12.128+1000] {processor.py:914} INFO - Processing file /Users/anurag/airflow/dags/execute_multiple_tasks.py for tasks to queue
[2025-04-18T16:51:12.129+1000] {logging_mixin.py:190} INFO - [2025-04-18T16:51:12.129+1000] {dagbag.py:588} INFO - Filling up the DagBag from /Users/anurag/airflow/dags/execute_multiple_tasks.py
[2025-04-18T16:51:12.139+1000] {processor.py:925} INFO - DAG(s) 'executing_multiple_tasks' retrieved from /Users/anurag/airflow/dags/execute_multiple_tasks.py
[2025-04-18T16:51:12.369+1000] {logging_mixin.py:190} INFO - [2025-04-18T16:51:12.369+1000] {dag.py:3239} INFO - Sync 1 DAGs
[2025-04-18T16:51:12.389+1000] {logging_mixin.py:190} INFO - [2025-04-18T16:51:12.388+1000] {dag.py:4180} INFO - Setting next_dagrun for executing_multiple_tasks to None, run_after=None
[2025-04-18T16:51:12.408+1000] {processor.py:208} INFO - Processing /Users/anurag/airflow/dags/execute_multiple_tasks.py took 0.286 seconds
[2025-04-18T16:51:44.355+1000] {processor.py:186} INFO - Started process (PID=85979) to work on /Users/anurag/airflow/dags/execute_multiple_tasks.py
[2025-04-18T16:51:44.356+1000] {processor.py:914} INFO - Processing file /Users/anurag/airflow/dags/execute_multiple_tasks.py for tasks to queue
[2025-04-18T16:51:44.358+1000] {logging_mixin.py:190} INFO - [2025-04-18T16:51:44.357+1000] {dagbag.py:588} INFO - Filling up the DagBag from /Users/anurag/airflow/dags/execute_multiple_tasks.py
[2025-04-18T16:51:44.367+1000] {processor.py:925} INFO - DAG(s) 'executing_multiple_tasks' retrieved from /Users/anurag/airflow/dags/execute_multiple_tasks.py
[2025-04-18T16:51:44.581+1000] {logging_mixin.py:190} INFO - [2025-04-18T16:51:44.581+1000] {dag.py:3239} INFO - Sync 1 DAGs
[2025-04-18T16:51:44.597+1000] {logging_mixin.py:190} INFO - [2025-04-18T16:51:44.597+1000] {dag.py:4180} INFO - Setting next_dagrun for executing_multiple_tasks to None, run_after=None
[2025-04-18T16:51:44.615+1000] {processor.py:208} INFO - Processing /Users/anurag/airflow/dags/execute_multiple_tasks.py took 0.265 seconds
[2025-04-18T16:52:16.590+1000] {processor.py:186} INFO - Started process (PID=86043) to work on /Users/anurag/airflow/dags/execute_multiple_tasks.py
[2025-04-18T16:52:16.592+1000] {processor.py:914} INFO - Processing file /Users/anurag/airflow/dags/execute_multiple_tasks.py for tasks to queue
[2025-04-18T16:52:16.593+1000] {logging_mixin.py:190} INFO - [2025-04-18T16:52:16.593+1000] {dagbag.py:588} INFO - Filling up the DagBag from /Users/anurag/airflow/dags/execute_multiple_tasks.py
[2025-04-18T16:52:16.603+1000] {processor.py:925} INFO - DAG(s) 'executing_multiple_tasks' retrieved from /Users/anurag/airflow/dags/execute_multiple_tasks.py
[2025-04-18T16:52:16.802+1000] {logging_mixin.py:190} INFO - [2025-04-18T16:52:16.801+1000] {dag.py:3239} INFO - Sync 1 DAGs
[2025-04-18T16:52:16.818+1000] {logging_mixin.py:190} INFO - [2025-04-18T16:52:16.818+1000] {dag.py:4180} INFO - Setting next_dagrun for executing_multiple_tasks to None, run_after=None
[2025-04-18T16:52:16.836+1000] {processor.py:208} INFO - Processing /Users/anurag/airflow/dags/execute_multiple_tasks.py took 0.251 seconds
[2025-04-18T16:52:48.769+1000] {processor.py:186} INFO - Started process (PID=86112) to work on /Users/anurag/airflow/dags/execute_multiple_tasks.py
[2025-04-18T16:52:48.770+1000] {processor.py:914} INFO - Processing file /Users/anurag/airflow/dags/execute_multiple_tasks.py for tasks to queue
[2025-04-18T16:52:48.772+1000] {logging_mixin.py:190} INFO - [2025-04-18T16:52:48.772+1000] {dagbag.py:588} INFO - Filling up the DagBag from /Users/anurag/airflow/dags/execute_multiple_tasks.py
[2025-04-18T16:52:48.781+1000] {processor.py:925} INFO - DAG(s) 'executing_multiple_tasks' retrieved from /Users/anurag/airflow/dags/execute_multiple_tasks.py
[2025-04-18T16:52:48.985+1000] {logging_mixin.py:190} INFO - [2025-04-18T16:52:48.984+1000] {dag.py:3239} INFO - Sync 1 DAGs
[2025-04-18T16:52:49.002+1000] {logging_mixin.py:190} INFO - [2025-04-18T16:52:49.002+1000] {dag.py:4180} INFO - Setting next_dagrun for executing_multiple_tasks to None, run_after=None
[2025-04-18T16:52:49.022+1000] {processor.py:208} INFO - Processing /Users/anurag/airflow/dags/execute_multiple_tasks.py took 0.260 seconds
[2025-04-18T16:53:18.394+1000] {processor.py:186} INFO - Started process (PID=86168) to work on /Users/anurag/airflow/dags/execute_multiple_tasks.py
[2025-04-18T16:53:18.396+1000] {processor.py:914} INFO - Processing file /Users/anurag/airflow/dags/execute_multiple_tasks.py for tasks to queue
[2025-04-18T16:53:18.397+1000] {logging_mixin.py:190} INFO - [2025-04-18T16:53:18.397+1000] {dagbag.py:588} INFO - Filling up the DagBag from /Users/anurag/airflow/dags/execute_multiple_tasks.py
[2025-04-18T16:53:18.408+1000] {processor.py:925} INFO - DAG(s) 'executing_multiple_tasks' retrieved from /Users/anurag/airflow/dags/execute_multiple_tasks.py
[2025-04-18T16:53:18.414+1000] {logging_mixin.py:190} INFO - [2025-04-18T16:53:18.413+1000] {dag.py:3239} INFO - Sync 1 DAGs
[2025-04-18T16:53:18.529+1000] {logging_mixin.py:190} INFO - [2025-04-18T16:53:18.528+1000] {dag.py:4180} INFO - Setting next_dagrun for executing_multiple_tasks to None, run_after=None
[2025-04-18T16:53:18.547+1000] {processor.py:208} INFO - Processing /Users/anurag/airflow/dags/execute_multiple_tasks.py took 0.161 seconds
[2025-04-18T16:53:52.218+1000] {processor.py:186} INFO - Started process (PID=86242) to work on /Users/anurag/airflow/dags/execute_multiple_tasks.py
[2025-04-18T16:53:52.221+1000] {processor.py:914} INFO - Processing file /Users/anurag/airflow/dags/execute_multiple_tasks.py for tasks to queue
[2025-04-18T16:53:52.223+1000] {logging_mixin.py:190} INFO - [2025-04-18T16:53:52.223+1000] {dagbag.py:588} INFO - Filling up the DagBag from /Users/anurag/airflow/dags/execute_multiple_tasks.py
[2025-04-18T16:53:52.234+1000] {processor.py:925} INFO - DAG(s) 'executing_multiple_tasks' retrieved from /Users/anurag/airflow/dags/execute_multiple_tasks.py
[2025-04-18T16:53:52.533+1000] {logging_mixin.py:190} INFO - [2025-04-18T16:53:52.532+1000] {dag.py:3239} INFO - Sync 1 DAGs
[2025-04-18T16:53:52.561+1000] {logging_mixin.py:190} INFO - [2025-04-18T16:53:52.561+1000] {dag.py:4180} INFO - Setting next_dagrun for executing_multiple_tasks to None, run_after=None
[2025-04-18T16:53:52.592+1000] {processor.py:208} INFO - Processing /Users/anurag/airflow/dags/execute_multiple_tasks.py took 0.381 seconds
[2025-04-18T16:54:14.326+1000] {processor.py:186} INFO - Started process (PID=86289) to work on /Users/anurag/airflow/dags/execute_multiple_tasks.py
[2025-04-18T16:54:14.327+1000] {processor.py:914} INFO - Processing file /Users/anurag/airflow/dags/execute_multiple_tasks.py for tasks to queue
[2025-04-18T16:54:14.328+1000] {logging_mixin.py:190} INFO - [2025-04-18T16:54:14.328+1000] {dagbag.py:588} INFO - Filling up the DagBag from /Users/anurag/airflow/dags/execute_multiple_tasks.py
[2025-04-18T16:54:14.340+1000] {processor.py:925} INFO - DAG(s) 'executing_multiple_tasks' retrieved from /Users/anurag/airflow/dags/execute_multiple_tasks.py
[2025-04-18T16:54:14.345+1000] {logging_mixin.py:190} INFO - [2025-04-18T16:54:14.345+1000] {dag.py:3239} INFO - Sync 1 DAGs
[2025-04-18T16:54:14.497+1000] {logging_mixin.py:190} INFO - [2025-04-18T16:54:14.497+1000] {dag.py:4180} INFO - Setting next_dagrun for executing_multiple_tasks to None, run_after=None
[2025-04-18T16:54:14.530+1000] {processor.py:208} INFO - Processing /Users/anurag/airflow/dags/execute_multiple_tasks.py took 0.210 seconds
[2025-04-18T16:54:46.700+1000] {processor.py:186} INFO - Started process (PID=86357) to work on /Users/anurag/airflow/dags/execute_multiple_tasks.py
[2025-04-18T16:54:46.701+1000] {processor.py:914} INFO - Processing file /Users/anurag/airflow/dags/execute_multiple_tasks.py for tasks to queue
[2025-04-18T16:54:46.703+1000] {logging_mixin.py:190} INFO - [2025-04-18T16:54:46.702+1000] {dagbag.py:588} INFO - Filling up the DagBag from /Users/anurag/airflow/dags/execute_multiple_tasks.py
[2025-04-18T16:54:46.712+1000] {processor.py:925} INFO - DAG(s) 'executing_multiple_tasks' retrieved from /Users/anurag/airflow/dags/execute_multiple_tasks.py
[2025-04-18T16:54:46.946+1000] {logging_mixin.py:190} INFO - [2025-04-18T16:54:46.946+1000] {dag.py:3239} INFO - Sync 1 DAGs
[2025-04-18T16:54:46.963+1000] {logging_mixin.py:190} INFO - [2025-04-18T16:54:46.963+1000] {dag.py:4180} INFO - Setting next_dagrun for executing_multiple_tasks to None, run_after=None
[2025-04-18T16:54:46.981+1000] {processor.py:208} INFO - Processing /Users/anurag/airflow/dags/execute_multiple_tasks.py took 0.288 seconds
[2025-04-18T16:55:18.874+1000] {processor.py:186} INFO - Started process (PID=86430) to work on /Users/anurag/airflow/dags/execute_multiple_tasks.py
[2025-04-18T16:55:18.875+1000] {processor.py:914} INFO - Processing file /Users/anurag/airflow/dags/execute_multiple_tasks.py for tasks to queue
[2025-04-18T16:55:18.876+1000] {logging_mixin.py:190} INFO - [2025-04-18T16:55:18.876+1000] {dagbag.py:588} INFO - Filling up the DagBag from /Users/anurag/airflow/dags/execute_multiple_tasks.py
[2025-04-18T16:55:18.884+1000] {processor.py:925} INFO - DAG(s) 'executing_multiple_tasks' retrieved from /Users/anurag/airflow/dags/execute_multiple_tasks.py
[2025-04-18T16:55:19.072+1000] {logging_mixin.py:190} INFO - [2025-04-18T16:55:19.072+1000] {dag.py:3239} INFO - Sync 1 DAGs
[2025-04-18T16:55:19.088+1000] {logging_mixin.py:190} INFO - [2025-04-18T16:55:19.088+1000] {dag.py:4180} INFO - Setting next_dagrun for executing_multiple_tasks to None, run_after=None
[2025-04-18T16:55:19.104+1000] {processor.py:208} INFO - Processing /Users/anurag/airflow/dags/execute_multiple_tasks.py took 0.235 seconds
[2025-04-18T16:55:51.323+1000] {processor.py:186} INFO - Started process (PID=86521) to work on /Users/anurag/airflow/dags/execute_multiple_tasks.py
[2025-04-18T16:55:51.325+1000] {processor.py:914} INFO - Processing file /Users/anurag/airflow/dags/execute_multiple_tasks.py for tasks to queue
[2025-04-18T16:55:51.326+1000] {logging_mixin.py:190} INFO - [2025-04-18T16:55:51.326+1000] {dagbag.py:588} INFO - Filling up the DagBag from /Users/anurag/airflow/dags/execute_multiple_tasks.py
[2025-04-18T16:55:51.338+1000] {processor.py:925} INFO - DAG(s) 'executing_multiple_tasks' retrieved from /Users/anurag/airflow/dags/execute_multiple_tasks.py
[2025-04-18T16:55:51.566+1000] {logging_mixin.py:190} INFO - [2025-04-18T16:55:51.566+1000] {dag.py:3239} INFO - Sync 1 DAGs
[2025-04-18T16:55:51.582+1000] {logging_mixin.py:190} INFO - [2025-04-18T16:55:51.582+1000] {dag.py:4180} INFO - Setting next_dagrun for executing_multiple_tasks to None, run_after=None
[2025-04-18T16:55:51.598+1000] {processor.py:208} INFO - Processing /Users/anurag/airflow/dags/execute_multiple_tasks.py took 0.281 seconds
[2025-04-18T16:56:24.833+1000] {processor.py:186} INFO - Started process (PID=86585) to work on /Users/anurag/airflow/dags/execute_multiple_tasks.py
[2025-04-18T16:56:24.835+1000] {processor.py:914} INFO - Processing file /Users/anurag/airflow/dags/execute_multiple_tasks.py for tasks to queue
[2025-04-18T16:56:24.836+1000] {logging_mixin.py:190} INFO - [2025-04-18T16:56:24.836+1000] {dagbag.py:588} INFO - Filling up the DagBag from /Users/anurag/airflow/dags/execute_multiple_tasks.py
[2025-04-18T16:56:24.853+1000] {processor.py:925} INFO - DAG(s) 'executing_multiple_tasks' retrieved from /Users/anurag/airflow/dags/execute_multiple_tasks.py
[2025-04-18T16:56:25.123+1000] {logging_mixin.py:190} INFO - [2025-04-18T16:56:25.123+1000] {dag.py:3239} INFO - Sync 1 DAGs
[2025-04-18T16:56:25.169+1000] {logging_mixin.py:190} INFO - [2025-04-18T16:56:25.168+1000] {dag.py:4180} INFO - Setting next_dagrun for executing_multiple_tasks to None, run_after=None
[2025-04-18T16:56:25.225+1000] {processor.py:208} INFO - Processing /Users/anurag/airflow/dags/execute_multiple_tasks.py took 0.398 seconds
[2025-04-18T16:56:57.012+1000] {processor.py:186} INFO - Started process (PID=86650) to work on /Users/anurag/airflow/dags/execute_multiple_tasks.py
[2025-04-18T16:56:57.013+1000] {processor.py:914} INFO - Processing file /Users/anurag/airflow/dags/execute_multiple_tasks.py for tasks to queue
[2025-04-18T16:56:57.014+1000] {logging_mixin.py:190} INFO - [2025-04-18T16:56:57.014+1000] {dagbag.py:588} INFO - Filling up the DagBag from /Users/anurag/airflow/dags/execute_multiple_tasks.py
[2025-04-18T16:56:57.023+1000] {processor.py:925} INFO - DAG(s) 'executing_multiple_tasks' retrieved from /Users/anurag/airflow/dags/execute_multiple_tasks.py
[2025-04-18T16:56:57.201+1000] {logging_mixin.py:190} INFO - [2025-04-18T16:56:57.201+1000] {dag.py:3239} INFO - Sync 1 DAGs
[2025-04-18T16:56:57.216+1000] {logging_mixin.py:190} INFO - [2025-04-18T16:56:57.216+1000] {dag.py:4180} INFO - Setting next_dagrun for executing_multiple_tasks to None, run_after=None
[2025-04-18T16:56:57.233+1000] {processor.py:208} INFO - Processing /Users/anurag/airflow/dags/execute_multiple_tasks.py took 0.227 seconds
[2025-04-18T16:57:29.184+1000] {processor.py:186} INFO - Started process (PID=86724) to work on /Users/anurag/airflow/dags/execute_multiple_tasks.py
[2025-04-18T16:57:29.186+1000] {processor.py:914} INFO - Processing file /Users/anurag/airflow/dags/execute_multiple_tasks.py for tasks to queue
[2025-04-18T16:57:29.187+1000] {logging_mixin.py:190} INFO - [2025-04-18T16:57:29.187+1000] {dagbag.py:588} INFO - Filling up the DagBag from /Users/anurag/airflow/dags/execute_multiple_tasks.py
[2025-04-18T16:57:29.196+1000] {processor.py:925} INFO - DAG(s) 'executing_multiple_tasks' retrieved from /Users/anurag/airflow/dags/execute_multiple_tasks.py
[2025-04-18T16:57:29.394+1000] {logging_mixin.py:190} INFO - [2025-04-18T16:57:29.393+1000] {dag.py:3239} INFO - Sync 1 DAGs
[2025-04-18T16:57:29.411+1000] {logging_mixin.py:190} INFO - [2025-04-18T16:57:29.411+1000] {dag.py:4180} INFO - Setting next_dagrun for executing_multiple_tasks to None, run_after=None
[2025-04-18T16:57:29.431+1000] {processor.py:208} INFO - Processing /Users/anurag/airflow/dags/execute_multiple_tasks.py took 0.253 seconds
