[2025-04-18T16:16:46.377+1000] {processor.py:186} INFO - Started process (PID=81099) to work on /Users/anurag/airflow/dags/simple_hello_world.py
[2025-04-18T16:16:46.378+1000] {processor.py:914} INFO - Processing file /Users/anurag/airflow/dags/simple_hello_world.py for tasks to queue
[2025-04-18T16:16:46.379+1000] {logging_mixin.py:190} INFO - [2025-04-18T16:16:46.379+1000] {dagbag.py:588} INFO - Filling up the DagBag from /Users/anurag/airflow/dags/simple_hello_world.py
[2025-04-18T16:16:46.400+1000] {processor.py:925} INFO - DAG(s) 'hello_world' retrieved from /Users/anurag/airflow/dags/simple_hello_world.py
[2025-04-18T16:16:46.729+1000] {logging_mixin.py:190} INFO - [2025-04-18T16:16:46.728+1000] {dag.py:3239} INFO - Sync 1 DAGs
[2025-04-18T16:16:46.752+1000] {logging_mixin.py:190} INFO - [2025-04-18T16:16:46.752+1000] {dag.py:4180} INFO - Setting next_dagrun for hello_world to 2025-04-18 00:00:00+00:00, run_after=2025-04-19 00:00:00+00:00
[2025-04-18T16:16:46.779+1000] {processor.py:208} INFO - Processing /Users/anurag/airflow/dags/simple_hello_world.py took 0.408 seconds
[2025-04-18T16:17:19.453+1000] {processor.py:186} INFO - Started process (PID=81196) to work on /Users/anurag/airflow/dags/simple_hello_world.py
[2025-04-18T16:17:19.456+1000] {processor.py:914} INFO - Processing file /Users/anurag/airflow/dags/simple_hello_world.py for tasks to queue
[2025-04-18T16:17:19.457+1000] {logging_mixin.py:190} INFO - [2025-04-18T16:17:19.456+1000] {dagbag.py:588} INFO - Filling up the DagBag from /Users/anurag/airflow/dags/simple_hello_world.py
[2025-04-18T16:17:19.476+1000] {processor.py:925} INFO - DAG(s) 'hello_world' retrieved from /Users/anurag/airflow/dags/simple_hello_world.py
[2025-04-18T16:17:19.679+1000] {logging_mixin.py:190} INFO - [2025-04-18T16:17:19.679+1000] {dag.py:3239} INFO - Sync 1 DAGs
[2025-04-18T16:17:19.695+1000] {logging_mixin.py:190} INFO - [2025-04-18T16:17:19.695+1000] {dag.py:4180} INFO - Setting next_dagrun for hello_world to 2025-04-18 00:00:00+00:00, run_after=2025-04-19 00:00:00+00:00
[2025-04-18T16:17:19.714+1000] {processor.py:208} INFO - Processing /Users/anurag/airflow/dags/simple_hello_world.py took 0.267 seconds
[2025-04-18T16:17:55.412+1000] {processor.py:186} INFO - Started process (PID=81278) to work on /Users/anurag/airflow/dags/simple_hello_world.py
[2025-04-18T16:17:55.418+1000] {processor.py:914} INFO - Processing file /Users/anurag/airflow/dags/simple_hello_world.py for tasks to queue
[2025-04-18T16:17:55.425+1000] {logging_mixin.py:190} INFO - [2025-04-18T16:17:55.421+1000] {dagbag.py:588} INFO - Filling up the DagBag from /Users/anurag/airflow/dags/simple_hello_world.py
[2025-04-18T16:17:55.484+1000] {processor.py:925} INFO - DAG(s) 'hello_world' retrieved from /Users/anurag/airflow/dags/simple_hello_world.py
[2025-04-18T16:17:56.807+1000] {logging_mixin.py:190} INFO - [2025-04-18T16:17:56.806+1000] {dag.py:3239} INFO - Sync 1 DAGs
[2025-04-18T16:17:56.857+1000] {logging_mixin.py:190} INFO - [2025-04-18T16:17:56.856+1000] {dag.py:4180} INFO - Setting next_dagrun for hello_world to 2025-04-18 00:00:00+00:00, run_after=2025-04-19 00:00:00+00:00
[2025-04-18T16:17:56.907+1000] {processor.py:208} INFO - Processing /Users/anurag/airflow/dags/simple_hello_world.py took 1.508 seconds
[2025-04-18T16:18:21.024+1000] {processor.py:186} INFO - Started process (PID=81353) to work on /Users/anurag/airflow/dags/simple_hello_world.py
[2025-04-18T16:18:21.029+1000] {processor.py:914} INFO - Processing file /Users/anurag/airflow/dags/simple_hello_world.py for tasks to queue
[2025-04-18T16:18:21.035+1000] {logging_mixin.py:190} INFO - [2025-04-18T16:18:21.034+1000] {dagbag.py:588} INFO - Filling up the DagBag from /Users/anurag/airflow/dags/simple_hello_world.py
[2025-04-18T16:18:21.085+1000] {processor.py:925} INFO - DAG(s) 'hello_world' retrieved from /Users/anurag/airflow/dags/simple_hello_world.py
[2025-04-18T16:18:21.108+1000] {logging_mixin.py:190} INFO - [2025-04-18T16:18:21.107+1000] {dag.py:3239} INFO - Sync 1 DAGs
[2025-04-18T16:18:21.687+1000] {logging_mixin.py:190} INFO - [2025-04-18T16:18:21.686+1000] {dag.py:4180} INFO - Setting next_dagrun for hello_world to 2025-04-18 00:00:00+00:00, run_after=2025-04-19 00:00:00+00:00
[2025-04-18T16:18:21.762+1000] {processor.py:208} INFO - Processing /Users/anurag/airflow/dags/simple_hello_world.py took 0.760 seconds
[2025-04-18T16:19:01.216+1000] {processor.py:186} INFO - Started process (PID=81450) to work on /Users/anurag/airflow/dags/simple_hello_world.py
[2025-04-18T16:19:01.221+1000] {processor.py:914} INFO - Processing file /Users/anurag/airflow/dags/simple_hello_world.py for tasks to queue
[2025-04-18T16:19:01.225+1000] {logging_mixin.py:190} INFO - [2025-04-18T16:19:01.224+1000] {dagbag.py:588} INFO - Filling up the DagBag from /Users/anurag/airflow/dags/simple_hello_world.py
[2025-04-18T16:19:01.275+1000] {processor.py:925} INFO - DAG(s) 'hello_world' retrieved from /Users/anurag/airflow/dags/simple_hello_world.py
[2025-04-18T16:19:02.261+1000] {logging_mixin.py:190} INFO - [2025-04-18T16:19:02.260+1000] {dag.py:3239} INFO - Sync 1 DAGs
[2025-04-18T16:19:02.341+1000] {logging_mixin.py:190} INFO - [2025-04-18T16:19:02.340+1000] {dag.py:4180} INFO - Setting next_dagrun for hello_world to 2025-04-18 00:00:00+00:00, run_after=2025-04-19 00:00:00+00:00
[2025-04-18T16:19:02.440+1000] {processor.py:208} INFO - Processing /Users/anurag/airflow/dags/simple_hello_world.py took 1.243 seconds
[2025-04-18T16:19:54.884+1000] {processor.py:186} INFO - Started process (PID=81524) to work on /Users/anurag/airflow/dags/simple_hello_world.py
[2025-04-18T16:19:54.891+1000] {processor.py:914} INFO - Processing file /Users/anurag/airflow/dags/simple_hello_world.py for tasks to queue
[2025-04-18T16:19:54.895+1000] {logging_mixin.py:190} INFO - [2025-04-18T16:19:54.894+1000] {dagbag.py:588} INFO - Filling up the DagBag from /Users/anurag/airflow/dags/simple_hello_world.py
[2025-04-18T16:19:54.974+1000] {processor.py:925} INFO - DAG(s) 'hello_world' retrieved from /Users/anurag/airflow/dags/simple_hello_world.py
[2025-04-18T16:19:56.233+1000] {logging_mixin.py:190} INFO - [2025-04-18T16:19:56.233+1000] {dag.py:3239} INFO - Sync 1 DAGs
[2025-04-18T16:19:56.357+1000] {logging_mixin.py:190} INFO - [2025-04-18T16:19:56.356+1000] {dag.py:4180} INFO - Setting next_dagrun for hello_world to 2025-04-18 00:00:00+00:00, run_after=2025-04-19 00:00:00+00:00
[2025-04-18T16:19:56.463+1000] {processor.py:208} INFO - Processing /Users/anurag/airflow/dags/simple_hello_world.py took 1.606 seconds
[2025-04-18T16:20:32.193+1000] {processor.py:186} INFO - Started process (PID=81660) to work on /Users/anurag/airflow/dags/simple_hello_world.py
[2025-04-18T16:20:32.197+1000] {processor.py:914} INFO - Processing file /Users/anurag/airflow/dags/simple_hello_world.py for tasks to queue
[2025-04-18T16:20:32.200+1000] {logging_mixin.py:190} INFO - [2025-04-18T16:20:32.200+1000] {dagbag.py:588} INFO - Filling up the DagBag from /Users/anurag/airflow/dags/simple_hello_world.py
[2025-04-18T16:20:32.229+1000] {processor.py:925} INFO - DAG(s) 'hello_world' retrieved from /Users/anurag/airflow/dags/simple_hello_world.py
[2025-04-18T16:20:32.785+1000] {logging_mixin.py:190} INFO - [2025-04-18T16:20:32.784+1000] {dag.py:3239} INFO - Sync 1 DAGs
[2025-04-18T16:20:32.832+1000] {logging_mixin.py:190} INFO - [2025-04-18T16:20:32.831+1000] {dag.py:4180} INFO - Setting next_dagrun for hello_world to 2025-04-18 00:00:00+00:00, run_after=2025-04-19 00:00:00+00:00
[2025-04-18T16:20:32.877+1000] {processor.py:208} INFO - Processing /Users/anurag/airflow/dags/simple_hello_world.py took 0.696 seconds
[2025-04-18T16:21:05.328+1000] {processor.py:186} INFO - Started process (PID=81751) to work on /Users/anurag/airflow/dags/simple_hello_world.py
[2025-04-18T16:21:05.329+1000] {processor.py:914} INFO - Processing file /Users/anurag/airflow/dags/simple_hello_world.py for tasks to queue
[2025-04-18T16:21:05.330+1000] {logging_mixin.py:190} INFO - [2025-04-18T16:21:05.330+1000] {dagbag.py:588} INFO - Filling up the DagBag from /Users/anurag/airflow/dags/simple_hello_world.py
[2025-04-18T16:21:05.342+1000] {processor.py:925} INFO - DAG(s) 'hello_world' retrieved from /Users/anurag/airflow/dags/simple_hello_world.py
[2025-04-18T16:21:05.581+1000] {logging_mixin.py:190} INFO - [2025-04-18T16:21:05.581+1000] {dag.py:3239} INFO - Sync 1 DAGs
[2025-04-18T16:21:05.602+1000] {logging_mixin.py:190} INFO - [2025-04-18T16:21:05.601+1000] {dag.py:4180} INFO - Setting next_dagrun for hello_world to 2025-04-18 00:00:00+00:00, run_after=2025-04-19 00:00:00+00:00
[2025-04-18T16:21:05.623+1000] {processor.py:208} INFO - Processing /Users/anurag/airflow/dags/simple_hello_world.py took 0.301 seconds
[2025-04-18T16:21:37.437+1000] {processor.py:186} INFO - Started process (PID=81814) to work on /Users/anurag/airflow/dags/simple_hello_world.py
[2025-04-18T16:21:37.438+1000] {processor.py:914} INFO - Processing file /Users/anurag/airflow/dags/simple_hello_world.py for tasks to queue
[2025-04-18T16:21:37.439+1000] {logging_mixin.py:190} INFO - [2025-04-18T16:21:37.439+1000] {dagbag.py:588} INFO - Filling up the DagBag from /Users/anurag/airflow/dags/simple_hello_world.py
[2025-04-18T16:21:37.451+1000] {processor.py:925} INFO - DAG(s) 'hello_world' retrieved from /Users/anurag/airflow/dags/simple_hello_world.py
[2025-04-18T16:21:37.637+1000] {logging_mixin.py:190} INFO - [2025-04-18T16:21:37.637+1000] {dag.py:3239} INFO - Sync 1 DAGs
[2025-04-18T16:21:37.654+1000] {logging_mixin.py:190} INFO - [2025-04-18T16:21:37.653+1000] {dag.py:4180} INFO - Setting next_dagrun for hello_world to 2025-04-18 00:00:00+00:00, run_after=2025-04-19 00:00:00+00:00
[2025-04-18T16:21:37.671+1000] {processor.py:208} INFO - Processing /Users/anurag/airflow/dags/simple_hello_world.py took 0.239 seconds
[2025-04-18T16:22:09.495+1000] {processor.py:186} INFO - Started process (PID=81879) to work on /Users/anurag/airflow/dags/simple_hello_world.py
[2025-04-18T16:22:09.496+1000] {processor.py:914} INFO - Processing file /Users/anurag/airflow/dags/simple_hello_world.py for tasks to queue
[2025-04-18T16:22:09.498+1000] {logging_mixin.py:190} INFO - [2025-04-18T16:22:09.497+1000] {dagbag.py:588} INFO - Filling up the DagBag from /Users/anurag/airflow/dags/simple_hello_world.py
[2025-04-18T16:22:09.509+1000] {processor.py:925} INFO - DAG(s) 'hello_world' retrieved from /Users/anurag/airflow/dags/simple_hello_world.py
[2025-04-18T16:22:09.697+1000] {logging_mixin.py:190} INFO - [2025-04-18T16:22:09.697+1000] {dag.py:3239} INFO - Sync 1 DAGs
[2025-04-18T16:22:09.713+1000] {logging_mixin.py:190} INFO - [2025-04-18T16:22:09.713+1000] {dag.py:4180} INFO - Setting next_dagrun for hello_world to 2025-04-18 00:00:00+00:00, run_after=2025-04-19 00:00:00+00:00
[2025-04-18T16:22:09.729+1000] {processor.py:208} INFO - Processing /Users/anurag/airflow/dags/simple_hello_world.py took 0.240 seconds
[2025-04-18T16:22:43.182+1000] {processor.py:186} INFO - Started process (PID=81949) to work on /Users/anurag/airflow/dags/simple_hello_world.py
[2025-04-18T16:22:43.186+1000] {processor.py:914} INFO - Processing file /Users/anurag/airflow/dags/simple_hello_world.py for tasks to queue
[2025-04-18T16:22:43.188+1000] {logging_mixin.py:190} INFO - [2025-04-18T16:22:43.188+1000] {dagbag.py:588} INFO - Filling up the DagBag from /Users/anurag/airflow/dags/simple_hello_world.py
[2025-04-18T16:22:43.211+1000] {processor.py:925} INFO - DAG(s) 'hello_world' retrieved from /Users/anurag/airflow/dags/simple_hello_world.py
[2025-04-18T16:22:43.507+1000] {logging_mixin.py:190} INFO - [2025-04-18T16:22:43.507+1000] {dag.py:3239} INFO - Sync 1 DAGs
[2025-04-18T16:22:43.525+1000] {logging_mixin.py:190} INFO - [2025-04-18T16:22:43.525+1000] {dag.py:4180} INFO - Setting next_dagrun for hello_world to 2025-04-18 00:00:00+00:00, run_after=2025-04-19 00:00:00+00:00
[2025-04-18T16:22:43.547+1000] {processor.py:208} INFO - Processing /Users/anurag/airflow/dags/simple_hello_world.py took 0.372 seconds
[2025-04-18T16:23:17.097+1000] {processor.py:186} INFO - Started process (PID=82028) to work on /Users/anurag/airflow/dags/simple_hello_world.py
[2025-04-18T16:23:17.101+1000] {processor.py:914} INFO - Processing file /Users/anurag/airflow/dags/simple_hello_world.py for tasks to queue
[2025-04-18T16:23:17.104+1000] {logging_mixin.py:190} INFO - [2025-04-18T16:23:17.104+1000] {dagbag.py:588} INFO - Filling up the DagBag from /Users/anurag/airflow/dags/simple_hello_world.py
[2025-04-18T16:23:17.129+1000] {processor.py:925} INFO - DAG(s) 'hello_world' retrieved from /Users/anurag/airflow/dags/simple_hello_world.py
[2025-04-18T16:23:17.510+1000] {logging_mixin.py:190} INFO - [2025-04-18T16:23:17.509+1000] {dag.py:3239} INFO - Sync 1 DAGs
[2025-04-18T16:23:17.536+1000] {logging_mixin.py:190} INFO - [2025-04-18T16:23:17.535+1000] {dag.py:4180} INFO - Setting next_dagrun for hello_world to 2025-04-18 00:00:00+00:00, run_after=2025-04-19 00:00:00+00:00
[2025-04-18T16:23:17.562+1000] {processor.py:208} INFO - Processing /Users/anurag/airflow/dags/simple_hello_world.py took 0.476 seconds
[2025-04-18T16:23:49.751+1000] {processor.py:186} INFO - Started process (PID=82099) to work on /Users/anurag/airflow/dags/simple_hello_world.py
[2025-04-18T16:23:49.752+1000] {processor.py:914} INFO - Processing file /Users/anurag/airflow/dags/simple_hello_world.py for tasks to queue
[2025-04-18T16:23:49.753+1000] {logging_mixin.py:190} INFO - [2025-04-18T16:23:49.753+1000] {dagbag.py:588} INFO - Filling up the DagBag from /Users/anurag/airflow/dags/simple_hello_world.py
[2025-04-18T16:23:49.765+1000] {processor.py:925} INFO - DAG(s) 'hello_world' retrieved from /Users/anurag/airflow/dags/simple_hello_world.py
[2025-04-18T16:23:49.976+1000] {logging_mixin.py:190} INFO - [2025-04-18T16:23:49.975+1000] {dag.py:3239} INFO - Sync 1 DAGs
[2025-04-18T16:23:49.992+1000] {logging_mixin.py:190} INFO - [2025-04-18T16:23:49.991+1000] {dag.py:4180} INFO - Setting next_dagrun for hello_world to 2025-04-18 00:00:00+00:00, run_after=2025-04-19 00:00:00+00:00
[2025-04-18T16:23:50.008+1000] {processor.py:208} INFO - Processing /Users/anurag/airflow/dags/simple_hello_world.py took 0.263 seconds
[2025-04-18T16:24:21.734+1000] {processor.py:186} INFO - Started process (PID=82163) to work on /Users/anurag/airflow/dags/simple_hello_world.py
[2025-04-18T16:24:21.735+1000] {processor.py:914} INFO - Processing file /Users/anurag/airflow/dags/simple_hello_world.py for tasks to queue
[2025-04-18T16:24:21.736+1000] {logging_mixin.py:190} INFO - [2025-04-18T16:24:21.736+1000] {dagbag.py:588} INFO - Filling up the DagBag from /Users/anurag/airflow/dags/simple_hello_world.py
[2025-04-18T16:24:21.748+1000] {processor.py:925} INFO - DAG(s) 'hello_world' retrieved from /Users/anurag/airflow/dags/simple_hello_world.py
[2025-04-18T16:24:21.935+1000] {logging_mixin.py:190} INFO - [2025-04-18T16:24:21.935+1000] {dag.py:3239} INFO - Sync 1 DAGs
[2025-04-18T16:24:21.950+1000] {logging_mixin.py:190} INFO - [2025-04-18T16:24:21.950+1000] {dag.py:4180} INFO - Setting next_dagrun for hello_world to 2025-04-18 00:00:00+00:00, run_after=2025-04-19 00:00:00+00:00
[2025-04-18T16:24:21.968+1000] {processor.py:208} INFO - Processing /Users/anurag/airflow/dags/simple_hello_world.py took 0.239 seconds
[2025-04-18T16:24:35.173+1000] {processor.py:186} INFO - Started process (PID=82194) to work on /Users/anurag/airflow/dags/simple_hello_world.py
[2025-04-18T16:24:35.174+1000] {processor.py:914} INFO - Processing file /Users/anurag/airflow/dags/simple_hello_world.py for tasks to queue
[2025-04-18T16:24:35.176+1000] {logging_mixin.py:190} INFO - [2025-04-18T16:24:35.175+1000] {dagbag.py:588} INFO - Filling up the DagBag from /Users/anurag/airflow/dags/simple_hello_world.py
[2025-04-18T16:24:35.191+1000] {processor.py:925} INFO - DAG(s) 'hello_world' retrieved from /Users/anurag/airflow/dags/simple_hello_world.py
[2025-04-18T16:24:35.198+1000] {logging_mixin.py:190} INFO - [2025-04-18T16:24:35.197+1000] {dag.py:3239} INFO - Sync 1 DAGs
[2025-04-18T16:24:35.347+1000] {logging_mixin.py:190} INFO - [2025-04-18T16:24:35.347+1000] {dag.py:4180} INFO - Setting next_dagrun for hello_world to 2025-04-18 00:00:00+00:00, run_after=2025-04-19 00:00:00+00:00
[2025-04-18T16:24:35.369+1000] {processor.py:208} INFO - Processing /Users/anurag/airflow/dags/simple_hello_world.py took 0.203 seconds
[2025-04-18T16:25:09.422+1000] {processor.py:186} INFO - Started process (PID=82275) to work on /Users/anurag/airflow/dags/simple_hello_world.py
[2025-04-18T16:25:09.425+1000] {processor.py:914} INFO - Processing file /Users/anurag/airflow/dags/simple_hello_world.py for tasks to queue
[2025-04-18T16:25:09.426+1000] {logging_mixin.py:190} INFO - [2025-04-18T16:25:09.426+1000] {dagbag.py:588} INFO - Filling up the DagBag from /Users/anurag/airflow/dags/simple_hello_world.py
[2025-04-18T16:25:09.455+1000] {processor.py:925} INFO - DAG(s) 'hello_world' retrieved from /Users/anurag/airflow/dags/simple_hello_world.py
[2025-04-18T16:25:09.911+1000] {logging_mixin.py:190} INFO - [2025-04-18T16:25:09.911+1000] {dag.py:3239} INFO - Sync 1 DAGs
[2025-04-18T16:25:09.941+1000] {logging_mixin.py:190} INFO - [2025-04-18T16:25:09.940+1000] {dag.py:4180} INFO - Setting next_dagrun for hello_world to 2025-04-18 00:00:00+00:00, run_after=2025-04-19 00:00:00+00:00
[2025-04-18T16:25:09.965+1000] {processor.py:208} INFO - Processing /Users/anurag/airflow/dags/simple_hello_world.py took 0.552 seconds
[2025-04-18T16:25:42.225+1000] {processor.py:186} INFO - Started process (PID=82343) to work on /Users/anurag/airflow/dags/simple_hello_world.py
[2025-04-18T16:25:42.227+1000] {processor.py:914} INFO - Processing file /Users/anurag/airflow/dags/simple_hello_world.py for tasks to queue
[2025-04-18T16:25:42.228+1000] {logging_mixin.py:190} INFO - [2025-04-18T16:25:42.228+1000] {dagbag.py:588} INFO - Filling up the DagBag from /Users/anurag/airflow/dags/simple_hello_world.py
[2025-04-18T16:25:42.242+1000] {processor.py:925} INFO - DAG(s) 'hello_world' retrieved from /Users/anurag/airflow/dags/simple_hello_world.py
[2025-04-18T16:25:42.465+1000] {logging_mixin.py:190} INFO - [2025-04-18T16:25:42.464+1000] {dag.py:3239} INFO - Sync 1 DAGs
[2025-04-18T16:25:42.484+1000] {logging_mixin.py:190} INFO - [2025-04-18T16:25:42.484+1000] {dag.py:4180} INFO - Setting next_dagrun for hello_world to 2025-04-18 00:00:00+00:00, run_after=2025-04-19 00:00:00+00:00
[2025-04-18T16:25:42.503+1000] {processor.py:208} INFO - Processing /Users/anurag/airflow/dags/simple_hello_world.py took 0.285 seconds
[2025-04-18T16:26:14.477+1000] {processor.py:186} INFO - Started process (PID=82406) to work on /Users/anurag/airflow/dags/simple_hello_world.py
[2025-04-18T16:26:14.478+1000] {processor.py:914} INFO - Processing file /Users/anurag/airflow/dags/simple_hello_world.py for tasks to queue
[2025-04-18T16:26:14.479+1000] {logging_mixin.py:190} INFO - [2025-04-18T16:26:14.479+1000] {dagbag.py:588} INFO - Filling up the DagBag from /Users/anurag/airflow/dags/simple_hello_world.py
[2025-04-18T16:26:14.492+1000] {processor.py:925} INFO - DAG(s) 'hello_world' retrieved from /Users/anurag/airflow/dags/simple_hello_world.py
[2025-04-18T16:26:14.712+1000] {logging_mixin.py:190} INFO - [2025-04-18T16:26:14.712+1000] {dag.py:3239} INFO - Sync 1 DAGs
[2025-04-18T16:26:14.730+1000] {logging_mixin.py:190} INFO - [2025-04-18T16:26:14.730+1000] {dag.py:4180} INFO - Setting next_dagrun for hello_world to 2025-04-18 00:00:00+00:00, run_after=2025-04-19 00:00:00+00:00
[2025-04-18T16:26:14.748+1000] {processor.py:208} INFO - Processing /Users/anurag/airflow/dags/simple_hello_world.py took 0.277 seconds
[2025-04-18T16:26:46.586+1000] {processor.py:186} INFO - Started process (PID=82470) to work on /Users/anurag/airflow/dags/simple_hello_world.py
[2025-04-18T16:26:46.587+1000] {processor.py:914} INFO - Processing file /Users/anurag/airflow/dags/simple_hello_world.py for tasks to queue
[2025-04-18T16:26:46.589+1000] {logging_mixin.py:190} INFO - [2025-04-18T16:26:46.588+1000] {dagbag.py:588} INFO - Filling up the DagBag from /Users/anurag/airflow/dags/simple_hello_world.py
[2025-04-18T16:26:46.602+1000] {processor.py:925} INFO - DAG(s) 'hello_world' retrieved from /Users/anurag/airflow/dags/simple_hello_world.py
[2025-04-18T16:26:46.812+1000] {logging_mixin.py:190} INFO - [2025-04-18T16:26:46.811+1000] {dag.py:3239} INFO - Sync 1 DAGs
[2025-04-18T16:26:46.829+1000] {logging_mixin.py:190} INFO - [2025-04-18T16:26:46.829+1000] {dag.py:4180} INFO - Setting next_dagrun for hello_world to 2025-04-18 00:00:00+00:00, run_after=2025-04-19 00:00:00+00:00
[2025-04-18T16:26:46.847+1000] {processor.py:208} INFO - Processing /Users/anurag/airflow/dags/simple_hello_world.py took 0.268 seconds
[2025-04-18T16:27:18.774+1000] {processor.py:186} INFO - Started process (PID=82536) to work on /Users/anurag/airflow/dags/simple_hello_world.py
[2025-04-18T16:27:18.775+1000] {processor.py:914} INFO - Processing file /Users/anurag/airflow/dags/simple_hello_world.py for tasks to queue
[2025-04-18T16:27:18.776+1000] {logging_mixin.py:190} INFO - [2025-04-18T16:27:18.776+1000] {dagbag.py:588} INFO - Filling up the DagBag from /Users/anurag/airflow/dags/simple_hello_world.py
[2025-04-18T16:27:18.788+1000] {processor.py:925} INFO - DAG(s) 'hello_world' retrieved from /Users/anurag/airflow/dags/simple_hello_world.py
[2025-04-18T16:27:18.992+1000] {logging_mixin.py:190} INFO - [2025-04-18T16:27:18.992+1000] {dag.py:3239} INFO - Sync 1 DAGs
[2025-04-18T16:27:19.009+1000] {logging_mixin.py:190} INFO - [2025-04-18T16:27:19.009+1000] {dag.py:4180} INFO - Setting next_dagrun for hello_world to 2025-04-18 00:00:00+00:00, run_after=2025-04-19 00:00:00+00:00
[2025-04-18T16:27:19.027+1000] {processor.py:208} INFO - Processing /Users/anurag/airflow/dags/simple_hello_world.py took 0.260 seconds
[2025-04-18T16:27:51.130+1000] {processor.py:186} INFO - Started process (PID=82598) to work on /Users/anurag/airflow/dags/simple_hello_world.py
[2025-04-18T16:27:51.131+1000] {processor.py:914} INFO - Processing file /Users/anurag/airflow/dags/simple_hello_world.py for tasks to queue
[2025-04-18T16:27:51.132+1000] {logging_mixin.py:190} INFO - [2025-04-18T16:27:51.132+1000] {dagbag.py:588} INFO - Filling up the DagBag from /Users/anurag/airflow/dags/simple_hello_world.py
[2025-04-18T16:27:51.144+1000] {processor.py:925} INFO - DAG(s) 'hello_world' retrieved from /Users/anurag/airflow/dags/simple_hello_world.py
[2025-04-18T16:27:51.335+1000] {logging_mixin.py:190} INFO - [2025-04-18T16:27:51.334+1000] {dag.py:3239} INFO - Sync 1 DAGs
[2025-04-18T16:27:51.353+1000] {logging_mixin.py:190} INFO - [2025-04-18T16:27:51.352+1000] {dag.py:4180} INFO - Setting next_dagrun for hello_world to 2025-04-18 00:00:00+00:00, run_after=2025-04-19 00:00:00+00:00
[2025-04-18T16:27:51.370+1000] {processor.py:208} INFO - Processing /Users/anurag/airflow/dags/simple_hello_world.py took 0.246 seconds
[2025-04-18T16:28:24.594+1000] {processor.py:186} INFO - Started process (PID=82678) to work on /Users/anurag/airflow/dags/simple_hello_world.py
[2025-04-18T16:28:24.596+1000] {processor.py:914} INFO - Processing file /Users/anurag/airflow/dags/simple_hello_world.py for tasks to queue
[2025-04-18T16:28:24.597+1000] {logging_mixin.py:190} INFO - [2025-04-18T16:28:24.597+1000] {dagbag.py:588} INFO - Filling up the DagBag from /Users/anurag/airflow/dags/simple_hello_world.py
[2025-04-18T16:28:24.612+1000] {processor.py:925} INFO - DAG(s) 'hello_world' retrieved from /Users/anurag/airflow/dags/simple_hello_world.py
[2025-04-18T16:28:24.920+1000] {logging_mixin.py:190} INFO - [2025-04-18T16:28:24.920+1000] {dag.py:3239} INFO - Sync 1 DAGs
[2025-04-18T16:28:24.944+1000] {logging_mixin.py:190} INFO - [2025-04-18T16:28:24.944+1000] {dag.py:4180} INFO - Setting next_dagrun for hello_world to 2025-04-18 00:00:00+00:00, run_after=2025-04-19 00:00:00+00:00
[2025-04-18T16:28:24.968+1000] {processor.py:208} INFO - Processing /Users/anurag/airflow/dags/simple_hello_world.py took 0.381 seconds
[2025-04-18T16:29:01.887+1000] {processor.py:186} INFO - Started process (PID=82763) to work on /Users/anurag/airflow/dags/simple_hello_world.py
[2025-04-18T16:29:01.890+1000] {processor.py:914} INFO - Processing file /Users/anurag/airflow/dags/simple_hello_world.py for tasks to queue
[2025-04-18T16:29:01.893+1000] {logging_mixin.py:190} INFO - [2025-04-18T16:29:01.892+1000] {dagbag.py:588} INFO - Filling up the DagBag from /Users/anurag/airflow/dags/simple_hello_world.py
[2025-04-18T16:29:01.918+1000] {processor.py:925} INFO - DAG(s) 'hello_world' retrieved from /Users/anurag/airflow/dags/simple_hello_world.py
[2025-04-18T16:29:02.475+1000] {logging_mixin.py:190} INFO - [2025-04-18T16:29:02.474+1000] {dag.py:3239} INFO - Sync 1 DAGs
[2025-04-18T16:29:02.511+1000] {logging_mixin.py:190} INFO - [2025-04-18T16:29:02.510+1000] {dag.py:4180} INFO - Setting next_dagrun for hello_world to 2025-04-18 00:00:00+00:00, run_after=2025-04-19 00:00:00+00:00
[2025-04-18T16:29:02.545+1000] {processor.py:208} INFO - Processing /Users/anurag/airflow/dags/simple_hello_world.py took 0.669 seconds
[2025-04-18T16:29:35.440+1000] {processor.py:186} INFO - Started process (PID=82844) to work on /Users/anurag/airflow/dags/simple_hello_world.py
[2025-04-18T16:29:35.442+1000] {processor.py:914} INFO - Processing file /Users/anurag/airflow/dags/simple_hello_world.py for tasks to queue
[2025-04-18T16:29:35.444+1000] {logging_mixin.py:190} INFO - [2025-04-18T16:29:35.444+1000] {dagbag.py:588} INFO - Filling up the DagBag from /Users/anurag/airflow/dags/simple_hello_world.py
[2025-04-18T16:29:35.486+1000] {processor.py:925} INFO - DAG(s) 'hello_world' retrieved from /Users/anurag/airflow/dags/simple_hello_world.py
[2025-04-18T16:29:35.861+1000] {logging_mixin.py:190} INFO - [2025-04-18T16:29:35.861+1000] {dag.py:3239} INFO - Sync 1 DAGs
[2025-04-18T16:29:35.886+1000] {logging_mixin.py:190} INFO - [2025-04-18T16:29:35.885+1000] {dag.py:4180} INFO - Setting next_dagrun for hello_world to 2025-04-18 00:00:00+00:00, run_after=2025-04-19 00:00:00+00:00
[2025-04-18T16:29:35.910+1000] {processor.py:208} INFO - Processing /Users/anurag/airflow/dags/simple_hello_world.py took 0.477 seconds
[2025-04-18T16:30:40.065+1000] {processor.py:186} INFO - Started process (PID=83130) to work on /Users/anurag/airflow/dags/simple_hello_world.py
[2025-04-18T16:30:40.067+1000] {processor.py:914} INFO - Processing file /Users/anurag/airflow/dags/simple_hello_world.py for tasks to queue
[2025-04-18T16:30:40.068+1000] {logging_mixin.py:190} INFO - [2025-04-18T16:30:40.068+1000] {dagbag.py:588} INFO - Filling up the DagBag from /Users/anurag/airflow/dags/simple_hello_world.py
[2025-04-18T16:30:40.082+1000] {processor.py:925} INFO - DAG(s) 'hello_world' retrieved from /Users/anurag/airflow/dags/simple_hello_world.py
[2025-04-18T16:30:40.261+1000] {logging_mixin.py:190} INFO - [2025-04-18T16:30:40.260+1000] {dag.py:3239} INFO - Sync 1 DAGs
[2025-04-18T16:30:40.276+1000] {logging_mixin.py:190} INFO - [2025-04-18T16:30:40.276+1000] {dag.py:4180} INFO - Setting next_dagrun for hello_world to 2025-04-18 00:00:00+00:00, run_after=2025-04-19 00:00:00+00:00
[2025-04-18T16:30:40.294+1000] {processor.py:208} INFO - Processing /Users/anurag/airflow/dags/simple_hello_world.py took 0.235 seconds
[2025-04-18T16:31:14.994+1000] {processor.py:186} INFO - Started process (PID=83228) to work on /Users/anurag/airflow/dags/simple_hello_world.py
[2025-04-18T16:31:14.996+1000] {processor.py:914} INFO - Processing file /Users/anurag/airflow/dags/simple_hello_world.py for tasks to queue
[2025-04-18T16:31:14.997+1000] {logging_mixin.py:190} INFO - [2025-04-18T16:31:14.997+1000] {dagbag.py:588} INFO - Filling up the DagBag from /Users/anurag/airflow/dags/simple_hello_world.py
[2025-04-18T16:31:15.012+1000] {processor.py:925} INFO - DAG(s) 'hello_world' retrieved from /Users/anurag/airflow/dags/simple_hello_world.py
[2025-04-18T16:31:15.221+1000] {logging_mixin.py:190} INFO - [2025-04-18T16:31:15.221+1000] {dag.py:3239} INFO - Sync 1 DAGs
[2025-04-18T16:31:15.238+1000] {logging_mixin.py:190} INFO - [2025-04-18T16:31:15.238+1000] {dag.py:4180} INFO - Setting next_dagrun for hello_world to 2025-04-18 00:00:00+00:00, run_after=2025-04-19 00:00:00+00:00
[2025-04-18T16:31:15.262+1000] {processor.py:208} INFO - Processing /Users/anurag/airflow/dags/simple_hello_world.py took 0.274 seconds
[2025-04-18T16:31:47.810+1000] {processor.py:186} INFO - Started process (PID=83292) to work on /Users/anurag/airflow/dags/simple_hello_world.py
[2025-04-18T16:31:47.813+1000] {processor.py:914} INFO - Processing file /Users/anurag/airflow/dags/simple_hello_world.py for tasks to queue
[2025-04-18T16:31:47.814+1000] {logging_mixin.py:190} INFO - [2025-04-18T16:31:47.814+1000] {dagbag.py:588} INFO - Filling up the DagBag from /Users/anurag/airflow/dags/simple_hello_world.py
[2025-04-18T16:31:47.831+1000] {processor.py:925} INFO - DAG(s) 'hello_world' retrieved from /Users/anurag/airflow/dags/simple_hello_world.py
[2025-04-18T16:31:48.060+1000] {logging_mixin.py:190} INFO - [2025-04-18T16:31:48.060+1000] {dag.py:3239} INFO - Sync 1 DAGs
[2025-04-18T16:31:48.083+1000] {logging_mixin.py:190} INFO - [2025-04-18T16:31:48.083+1000] {dag.py:4180} INFO - Setting next_dagrun for hello_world to 2025-04-18 00:00:00+00:00, run_after=2025-04-19 00:00:00+00:00
[2025-04-18T16:31:48.110+1000] {processor.py:208} INFO - Processing /Users/anurag/airflow/dags/simple_hello_world.py took 0.308 seconds
[2025-04-18T16:32:37.588+1000] {processor.py:186} INFO - Started process (PID=83420) to work on /Users/anurag/airflow/dags/simple_hello_world.py
[2025-04-18T16:32:37.591+1000] {processor.py:914} INFO - Processing file /Users/anurag/airflow/dags/simple_hello_world.py for tasks to queue
[2025-04-18T16:32:37.594+1000] {logging_mixin.py:190} INFO - [2025-04-18T16:32:37.593+1000] {dagbag.py:588} INFO - Filling up the DagBag from /Users/anurag/airflow/dags/simple_hello_world.py
[2025-04-18T16:32:37.624+1000] {processor.py:925} INFO - DAG(s) 'hello_world' retrieved from /Users/anurag/airflow/dags/simple_hello_world.py
[2025-04-18T16:32:38.182+1000] {logging_mixin.py:190} INFO - [2025-04-18T16:32:38.182+1000] {dag.py:3239} INFO - Sync 1 DAGs
[2025-04-18T16:32:38.238+1000] {logging_mixin.py:190} INFO - [2025-04-18T16:32:38.237+1000] {dag.py:4180} INFO - Setting next_dagrun for hello_world to 2025-04-18 00:00:00+00:00, run_after=2025-04-19 00:00:00+00:00
[2025-04-18T16:32:38.301+1000] {processor.py:208} INFO - Processing /Users/anurag/airflow/dags/simple_hello_world.py took 0.726 seconds
[2025-04-18T16:33:17.056+1000] {processor.py:186} INFO - Started process (PID=83506) to work on /Users/anurag/airflow/dags/simple_hello_world.py
[2025-04-18T16:33:17.062+1000] {processor.py:914} INFO - Processing file /Users/anurag/airflow/dags/simple_hello_world.py for tasks to queue
[2025-04-18T16:33:17.065+1000] {logging_mixin.py:190} INFO - [2025-04-18T16:33:17.064+1000] {dagbag.py:588} INFO - Filling up the DagBag from /Users/anurag/airflow/dags/simple_hello_world.py
[2025-04-18T16:33:17.099+1000] {processor.py:925} INFO - DAG(s) 'hello_world' retrieved from /Users/anurag/airflow/dags/simple_hello_world.py
[2025-04-18T16:33:17.847+1000] {logging_mixin.py:190} INFO - [2025-04-18T16:33:17.846+1000] {dag.py:3239} INFO - Sync 1 DAGs
[2025-04-18T16:33:17.906+1000] {logging_mixin.py:190} INFO - [2025-04-18T16:33:17.905+1000] {dag.py:4180} INFO - Setting next_dagrun for hello_world to 2025-04-18 00:00:00+00:00, run_after=2025-04-19 00:00:00+00:00
[2025-04-18T16:33:17.965+1000] {processor.py:208} INFO - Processing /Users/anurag/airflow/dags/simple_hello_world.py took 0.925 seconds
[2025-04-18T16:33:54.986+1000] {processor.py:186} INFO - Started process (PID=83581) to work on /Users/anurag/airflow/dags/simple_hello_world.py
[2025-04-18T16:33:54.991+1000] {processor.py:914} INFO - Processing file /Users/anurag/airflow/dags/simple_hello_world.py for tasks to queue
[2025-04-18T16:33:54.993+1000] {logging_mixin.py:190} INFO - [2025-04-18T16:33:54.993+1000] {dagbag.py:588} INFO - Filling up the DagBag from /Users/anurag/airflow/dags/simple_hello_world.py
[2025-04-18T16:33:55.027+1000] {processor.py:925} INFO - DAG(s) 'hello_world' retrieved from /Users/anurag/airflow/dags/simple_hello_world.py
[2025-04-18T16:33:55.714+1000] {logging_mixin.py:190} INFO - [2025-04-18T16:33:55.714+1000] {dag.py:3239} INFO - Sync 1 DAGs
[2025-04-18T16:33:55.768+1000] {logging_mixin.py:190} INFO - [2025-04-18T16:33:55.768+1000] {dag.py:4180} INFO - Setting next_dagrun for hello_world to 2025-04-18 00:00:00+00:00, run_after=2025-04-19 00:00:00+00:00
[2025-04-18T16:33:55.819+1000] {processor.py:208} INFO - Processing /Users/anurag/airflow/dags/simple_hello_world.py took 0.847 seconds
[2025-04-18T16:34:31.078+1000] {processor.py:186} INFO - Started process (PID=83653) to work on /Users/anurag/airflow/dags/simple_hello_world.py
[2025-04-18T16:34:31.081+1000] {processor.py:914} INFO - Processing file /Users/anurag/airflow/dags/simple_hello_world.py for tasks to queue
[2025-04-18T16:34:31.083+1000] {logging_mixin.py:190} INFO - [2025-04-18T16:34:31.083+1000] {dagbag.py:588} INFO - Filling up the DagBag from /Users/anurag/airflow/dags/simple_hello_world.py
[2025-04-18T16:34:31.111+1000] {processor.py:925} INFO - DAG(s) 'hello_world' retrieved from /Users/anurag/airflow/dags/simple_hello_world.py
[2025-04-18T16:34:31.690+1000] {logging_mixin.py:190} INFO - [2025-04-18T16:34:31.690+1000] {dag.py:3239} INFO - Sync 1 DAGs
[2025-04-18T16:34:31.736+1000] {logging_mixin.py:190} INFO - [2025-04-18T16:34:31.736+1000] {dag.py:4180} INFO - Setting next_dagrun for hello_world to 2025-04-18 00:00:00+00:00, run_after=2025-04-19 00:00:00+00:00
[2025-04-18T16:34:31.781+1000] {processor.py:208} INFO - Processing /Users/anurag/airflow/dags/simple_hello_world.py took 0.714 seconds
[2025-04-18T16:35:03.911+1000] {processor.py:186} INFO - Started process (PID=83728) to work on /Users/anurag/airflow/dags/simple_hello_world.py
[2025-04-18T16:35:03.913+1000] {processor.py:914} INFO - Processing file /Users/anurag/airflow/dags/simple_hello_world.py for tasks to queue
[2025-04-18T16:35:03.914+1000] {logging_mixin.py:190} INFO - [2025-04-18T16:35:03.914+1000] {dagbag.py:588} INFO - Filling up the DagBag from /Users/anurag/airflow/dags/simple_hello_world.py
[2025-04-18T16:35:03.925+1000] {processor.py:925} INFO - DAG(s) 'hello_world' retrieved from /Users/anurag/airflow/dags/simple_hello_world.py
[2025-04-18T16:35:04.103+1000] {logging_mixin.py:190} INFO - [2025-04-18T16:35:04.103+1000] {dag.py:3239} INFO - Sync 1 DAGs
[2025-04-18T16:35:04.118+1000] {logging_mixin.py:190} INFO - [2025-04-18T16:35:04.118+1000] {dag.py:4180} INFO - Setting next_dagrun for hello_world to 2025-04-18 00:00:00+00:00, run_after=2025-04-19 00:00:00+00:00
[2025-04-18T16:35:04.136+1000] {processor.py:208} INFO - Processing /Users/anurag/airflow/dags/simple_hello_world.py took 0.230 seconds
[2025-04-18T16:35:36.031+1000] {processor.py:186} INFO - Started process (PID=83793) to work on /Users/anurag/airflow/dags/simple_hello_world.py
[2025-04-18T16:35:36.032+1000] {processor.py:914} INFO - Processing file /Users/anurag/airflow/dags/simple_hello_world.py for tasks to queue
[2025-04-18T16:35:36.033+1000] {logging_mixin.py:190} INFO - [2025-04-18T16:35:36.033+1000] {dagbag.py:588} INFO - Filling up the DagBag from /Users/anurag/airflow/dags/simple_hello_world.py
[2025-04-18T16:35:36.044+1000] {processor.py:925} INFO - DAG(s) 'hello_world' retrieved from /Users/anurag/airflow/dags/simple_hello_world.py
[2025-04-18T16:35:36.225+1000] {logging_mixin.py:190} INFO - [2025-04-18T16:35:36.225+1000] {dag.py:3239} INFO - Sync 1 DAGs
[2025-04-18T16:35:36.240+1000] {logging_mixin.py:190} INFO - [2025-04-18T16:35:36.239+1000] {dag.py:4180} INFO - Setting next_dagrun for hello_world to 2025-04-18 00:00:00+00:00, run_after=2025-04-19 00:00:00+00:00
[2025-04-18T16:35:36.263+1000] {processor.py:208} INFO - Processing /Users/anurag/airflow/dags/simple_hello_world.py took 0.238 seconds
[2025-04-18T16:36:08.261+1000] {processor.py:186} INFO - Started process (PID=83865) to work on /Users/anurag/airflow/dags/simple_hello_world.py
[2025-04-18T16:36:08.263+1000] {processor.py:914} INFO - Processing file /Users/anurag/airflow/dags/simple_hello_world.py for tasks to queue
[2025-04-18T16:36:08.264+1000] {logging_mixin.py:190} INFO - [2025-04-18T16:36:08.263+1000] {dagbag.py:588} INFO - Filling up the DagBag from /Users/anurag/airflow/dags/simple_hello_world.py
[2025-04-18T16:36:08.275+1000] {processor.py:925} INFO - DAG(s) 'hello_world' retrieved from /Users/anurag/airflow/dags/simple_hello_world.py
[2025-04-18T16:36:08.449+1000] {logging_mixin.py:190} INFO - [2025-04-18T16:36:08.449+1000] {dag.py:3239} INFO - Sync 1 DAGs
[2025-04-18T16:36:08.464+1000] {logging_mixin.py:190} INFO - [2025-04-18T16:36:08.464+1000] {dag.py:4180} INFO - Setting next_dagrun for hello_world to 2025-04-18 00:00:00+00:00, run_after=2025-04-19 00:00:00+00:00
[2025-04-18T16:36:08.488+1000] {processor.py:208} INFO - Processing /Users/anurag/airflow/dags/simple_hello_world.py took 0.233 seconds
[2025-04-18T16:36:40.581+1000] {processor.py:186} INFO - Started process (PID=83931) to work on /Users/anurag/airflow/dags/simple_hello_world.py
[2025-04-18T16:36:40.583+1000] {processor.py:914} INFO - Processing file /Users/anurag/airflow/dags/simple_hello_world.py for tasks to queue
[2025-04-18T16:36:40.584+1000] {logging_mixin.py:190} INFO - [2025-04-18T16:36:40.584+1000] {dagbag.py:588} INFO - Filling up the DagBag from /Users/anurag/airflow/dags/simple_hello_world.py
[2025-04-18T16:36:40.594+1000] {processor.py:925} INFO - DAG(s) 'hello_world' retrieved from /Users/anurag/airflow/dags/simple_hello_world.py
[2025-04-18T16:36:40.785+1000] {logging_mixin.py:190} INFO - [2025-04-18T16:36:40.785+1000] {dag.py:3239} INFO - Sync 1 DAGs
[2025-04-18T16:36:40.802+1000] {logging_mixin.py:190} INFO - [2025-04-18T16:36:40.802+1000] {dag.py:4180} INFO - Setting next_dagrun for hello_world to 2025-04-18 00:00:00+00:00, run_after=2025-04-19 00:00:00+00:00
[2025-04-18T16:36:40.819+1000] {processor.py:208} INFO - Processing /Users/anurag/airflow/dags/simple_hello_world.py took 0.243 seconds
[2025-04-18T16:37:13.551+1000] {processor.py:186} INFO - Started process (PID=84010) to work on /Users/anurag/airflow/dags/simple_hello_world.py
[2025-04-18T16:37:13.553+1000] {processor.py:914} INFO - Processing file /Users/anurag/airflow/dags/simple_hello_world.py for tasks to queue
[2025-04-18T16:37:13.554+1000] {logging_mixin.py:190} INFO - [2025-04-18T16:37:13.554+1000] {dagbag.py:588} INFO - Filling up the DagBag from /Users/anurag/airflow/dags/simple_hello_world.py
[2025-04-18T16:37:13.575+1000] {processor.py:925} INFO - DAG(s) 'hello_world' retrieved from /Users/anurag/airflow/dags/simple_hello_world.py
[2025-04-18T16:37:13.849+1000] {logging_mixin.py:190} INFO - [2025-04-18T16:37:13.849+1000] {dag.py:3239} INFO - Sync 1 DAGs
[2025-04-18T16:37:13.873+1000] {logging_mixin.py:190} INFO - [2025-04-18T16:37:13.872+1000] {dag.py:4180} INFO - Setting next_dagrun for hello_world to 2025-04-18 00:00:00+00:00, run_after=2025-04-19 00:00:00+00:00
[2025-04-18T16:37:13.899+1000] {processor.py:208} INFO - Processing /Users/anurag/airflow/dags/simple_hello_world.py took 0.354 seconds
[2025-04-18T16:37:45.632+1000] {processor.py:186} INFO - Started process (PID=84074) to work on /Users/anurag/airflow/dags/simple_hello_world.py
[2025-04-18T16:37:45.634+1000] {processor.py:914} INFO - Processing file /Users/anurag/airflow/dags/simple_hello_world.py for tasks to queue
[2025-04-18T16:37:45.636+1000] {logging_mixin.py:190} INFO - [2025-04-18T16:37:45.635+1000] {dagbag.py:588} INFO - Filling up the DagBag from /Users/anurag/airflow/dags/simple_hello_world.py
[2025-04-18T16:37:45.648+1000] {processor.py:925} INFO - DAG(s) 'hello_world' retrieved from /Users/anurag/airflow/dags/simple_hello_world.py
[2025-04-18T16:37:45.820+1000] {logging_mixin.py:190} INFO - [2025-04-18T16:37:45.819+1000] {dag.py:3239} INFO - Sync 1 DAGs
[2025-04-18T16:37:45.835+1000] {logging_mixin.py:190} INFO - [2025-04-18T16:37:45.835+1000] {dag.py:4180} INFO - Setting next_dagrun for hello_world to 2025-04-18 00:00:00+00:00, run_after=2025-04-19 00:00:00+00:00
[2025-04-18T16:37:45.853+1000] {processor.py:208} INFO - Processing /Users/anurag/airflow/dags/simple_hello_world.py took 0.227 seconds
[2025-04-18T16:38:18.958+1000] {processor.py:186} INFO - Started process (PID=84142) to work on /Users/anurag/airflow/dags/simple_hello_world.py
[2025-04-18T16:38:18.961+1000] {processor.py:914} INFO - Processing file /Users/anurag/airflow/dags/simple_hello_world.py for tasks to queue
[2025-04-18T16:38:18.962+1000] {logging_mixin.py:190} INFO - [2025-04-18T16:38:18.962+1000] {dagbag.py:588} INFO - Filling up the DagBag from /Users/anurag/airflow/dags/simple_hello_world.py
[2025-04-18T16:38:18.979+1000] {processor.py:925} INFO - DAG(s) 'hello_world' retrieved from /Users/anurag/airflow/dags/simple_hello_world.py
[2025-04-18T16:38:19.247+1000] {logging_mixin.py:190} INFO - [2025-04-18T16:38:19.247+1000] {dag.py:3239} INFO - Sync 1 DAGs
[2025-04-18T16:38:19.264+1000] {logging_mixin.py:190} INFO - [2025-04-18T16:38:19.264+1000] {dag.py:4180} INFO - Setting next_dagrun for hello_world to 2025-04-18 00:00:00+00:00, run_after=2025-04-19 00:00:00+00:00
[2025-04-18T16:38:19.283+1000] {processor.py:208} INFO - Processing /Users/anurag/airflow/dags/simple_hello_world.py took 0.331 seconds
[2025-04-18T16:38:52.025+1000] {processor.py:186} INFO - Started process (PID=84211) to work on /Users/anurag/airflow/dags/simple_hello_world.py
[2025-04-18T16:38:52.028+1000] {processor.py:914} INFO - Processing file /Users/anurag/airflow/dags/simple_hello_world.py for tasks to queue
[2025-04-18T16:38:52.029+1000] {logging_mixin.py:190} INFO - [2025-04-18T16:38:52.029+1000] {dagbag.py:588} INFO - Filling up the DagBag from /Users/anurag/airflow/dags/simple_hello_world.py
[2025-04-18T16:38:52.052+1000] {processor.py:925} INFO - DAG(s) 'hello_world' retrieved from /Users/anurag/airflow/dags/simple_hello_world.py
[2025-04-18T16:38:52.347+1000] {logging_mixin.py:190} INFO - [2025-04-18T16:38:52.347+1000] {dag.py:3239} INFO - Sync 1 DAGs
[2025-04-18T16:38:52.367+1000] {logging_mixin.py:190} INFO - [2025-04-18T16:38:52.367+1000] {dag.py:4180} INFO - Setting next_dagrun for hello_world to 2025-04-18 00:00:00+00:00, run_after=2025-04-19 00:00:00+00:00
[2025-04-18T16:38:52.387+1000] {processor.py:208} INFO - Processing /Users/anurag/airflow/dags/simple_hello_world.py took 0.369 seconds
[2025-04-18T16:39:24.719+1000] {processor.py:186} INFO - Started process (PID=84290) to work on /Users/anurag/airflow/dags/simple_hello_world.py
[2025-04-18T16:39:24.721+1000] {processor.py:914} INFO - Processing file /Users/anurag/airflow/dags/simple_hello_world.py for tasks to queue
[2025-04-18T16:39:24.722+1000] {logging_mixin.py:190} INFO - [2025-04-18T16:39:24.722+1000] {dagbag.py:588} INFO - Filling up the DagBag from /Users/anurag/airflow/dags/simple_hello_world.py
[2025-04-18T16:39:24.734+1000] {processor.py:925} INFO - DAG(s) 'hello_world' retrieved from /Users/anurag/airflow/dags/simple_hello_world.py
[2025-04-18T16:39:24.928+1000] {logging_mixin.py:190} INFO - [2025-04-18T16:39:24.928+1000] {dag.py:3239} INFO - Sync 1 DAGs
[2025-04-18T16:39:24.950+1000] {logging_mixin.py:190} INFO - [2025-04-18T16:39:24.949+1000] {dag.py:4180} INFO - Setting next_dagrun for hello_world to 2025-04-18 00:00:00+00:00, run_after=2025-04-19 00:00:00+00:00
[2025-04-18T16:39:24.968+1000] {processor.py:208} INFO - Processing /Users/anurag/airflow/dags/simple_hello_world.py took 0.254 seconds
[2025-04-18T16:39:57.079+1000] {processor.py:186} INFO - Started process (PID=84354) to work on /Users/anurag/airflow/dags/simple_hello_world.py
[2025-04-18T16:39:57.080+1000] {processor.py:914} INFO - Processing file /Users/anurag/airflow/dags/simple_hello_world.py for tasks to queue
[2025-04-18T16:39:57.081+1000] {logging_mixin.py:190} INFO - [2025-04-18T16:39:57.081+1000] {dagbag.py:588} INFO - Filling up the DagBag from /Users/anurag/airflow/dags/simple_hello_world.py
[2025-04-18T16:39:57.093+1000] {processor.py:925} INFO - DAG(s) 'hello_world' retrieved from /Users/anurag/airflow/dags/simple_hello_world.py
[2025-04-18T16:39:57.303+1000] {logging_mixin.py:190} INFO - [2025-04-18T16:39:57.303+1000] {dag.py:3239} INFO - Sync 1 DAGs
[2025-04-18T16:39:57.321+1000] {logging_mixin.py:190} INFO - [2025-04-18T16:39:57.321+1000] {dag.py:4180} INFO - Setting next_dagrun for hello_world to 2025-04-18 00:00:00+00:00, run_after=2025-04-19 00:00:00+00:00
[2025-04-18T16:39:57.338+1000] {processor.py:208} INFO - Processing /Users/anurag/airflow/dags/simple_hello_world.py took 0.265 seconds
[2025-04-18T16:40:29.287+1000] {processor.py:186} INFO - Started process (PID=84430) to work on /Users/anurag/airflow/dags/simple_hello_world.py
[2025-04-18T16:40:29.288+1000] {processor.py:914} INFO - Processing file /Users/anurag/airflow/dags/simple_hello_world.py for tasks to queue
[2025-04-18T16:40:29.289+1000] {logging_mixin.py:190} INFO - [2025-04-18T16:40:29.289+1000] {dagbag.py:588} INFO - Filling up the DagBag from /Users/anurag/airflow/dags/simple_hello_world.py
[2025-04-18T16:40:29.300+1000] {processor.py:925} INFO - DAG(s) 'hello_world' retrieved from /Users/anurag/airflow/dags/simple_hello_world.py
[2025-04-18T16:40:29.472+1000] {logging_mixin.py:190} INFO - [2025-04-18T16:40:29.472+1000] {dag.py:3239} INFO - Sync 1 DAGs
[2025-04-18T16:40:29.487+1000] {logging_mixin.py:190} INFO - [2025-04-18T16:40:29.487+1000] {dag.py:4180} INFO - Setting next_dagrun for hello_world to 2025-04-18 00:00:00+00:00, run_after=2025-04-19 00:00:00+00:00
[2025-04-18T16:40:29.502+1000] {processor.py:208} INFO - Processing /Users/anurag/airflow/dags/simple_hello_world.py took 0.221 seconds
[2025-04-18T16:41:01.631+1000] {processor.py:186} INFO - Started process (PID=84497) to work on /Users/anurag/airflow/dags/simple_hello_world.py
[2025-04-18T16:41:01.632+1000] {processor.py:914} INFO - Processing file /Users/anurag/airflow/dags/simple_hello_world.py for tasks to queue
[2025-04-18T16:41:01.633+1000] {logging_mixin.py:190} INFO - [2025-04-18T16:41:01.633+1000] {dagbag.py:588} INFO - Filling up the DagBag from /Users/anurag/airflow/dags/simple_hello_world.py
[2025-04-18T16:41:01.646+1000] {processor.py:925} INFO - DAG(s) 'hello_world' retrieved from /Users/anurag/airflow/dags/simple_hello_world.py
[2025-04-18T16:41:01.846+1000] {logging_mixin.py:190} INFO - [2025-04-18T16:41:01.845+1000] {dag.py:3239} INFO - Sync 1 DAGs
[2025-04-18T16:41:01.863+1000] {logging_mixin.py:190} INFO - [2025-04-18T16:41:01.862+1000] {dag.py:4180} INFO - Setting next_dagrun for hello_world to 2025-04-18 00:00:00+00:00, run_after=2025-04-19 00:00:00+00:00
[2025-04-18T16:41:01.879+1000] {processor.py:208} INFO - Processing /Users/anurag/airflow/dags/simple_hello_world.py took 0.254 seconds
[2025-04-18T16:41:34.118+1000] {processor.py:186} INFO - Started process (PID=84564) to work on /Users/anurag/airflow/dags/simple_hello_world.py
[2025-04-18T16:41:34.119+1000] {processor.py:914} INFO - Processing file /Users/anurag/airflow/dags/simple_hello_world.py for tasks to queue
[2025-04-18T16:41:34.121+1000] {logging_mixin.py:190} INFO - [2025-04-18T16:41:34.121+1000] {dagbag.py:588} INFO - Filling up the DagBag from /Users/anurag/airflow/dags/simple_hello_world.py
[2025-04-18T16:41:34.140+1000] {processor.py:925} INFO - DAG(s) 'hello_world' retrieved from /Users/anurag/airflow/dags/simple_hello_world.py
[2025-04-18T16:41:34.361+1000] {logging_mixin.py:190} INFO - [2025-04-18T16:41:34.361+1000] {dag.py:3239} INFO - Sync 1 DAGs
[2025-04-18T16:41:34.378+1000] {logging_mixin.py:190} INFO - [2025-04-18T16:41:34.378+1000] {dag.py:4180} INFO - Setting next_dagrun for hello_world to 2025-04-18 00:00:00+00:00, run_after=2025-04-19 00:00:00+00:00
[2025-04-18T16:41:34.395+1000] {processor.py:208} INFO - Processing /Users/anurag/airflow/dags/simple_hello_world.py took 0.283 seconds
[2025-04-18T16:42:06.506+1000] {processor.py:186} INFO - Started process (PID=84637) to work on /Users/anurag/airflow/dags/simple_hello_world.py
[2025-04-18T16:42:06.508+1000] {processor.py:914} INFO - Processing file /Users/anurag/airflow/dags/simple_hello_world.py for tasks to queue
[2025-04-18T16:42:06.509+1000] {logging_mixin.py:190} INFO - [2025-04-18T16:42:06.509+1000] {dagbag.py:588} INFO - Filling up the DagBag from /Users/anurag/airflow/dags/simple_hello_world.py
[2025-04-18T16:42:06.524+1000] {processor.py:925} INFO - DAG(s) 'hello_world' retrieved from /Users/anurag/airflow/dags/simple_hello_world.py
[2025-04-18T16:42:06.751+1000] {logging_mixin.py:190} INFO - [2025-04-18T16:42:06.751+1000] {dag.py:3239} INFO - Sync 1 DAGs
[2025-04-18T16:42:06.768+1000] {logging_mixin.py:190} INFO - [2025-04-18T16:42:06.768+1000] {dag.py:4180} INFO - Setting next_dagrun for hello_world to 2025-04-18 00:00:00+00:00, run_after=2025-04-19 00:00:00+00:00
[2025-04-18T16:42:06.785+1000] {processor.py:208} INFO - Processing /Users/anurag/airflow/dags/simple_hello_world.py took 0.285 seconds
[2025-04-18T16:42:39.053+1000] {processor.py:186} INFO - Started process (PID=84701) to work on /Users/anurag/airflow/dags/simple_hello_world.py
[2025-04-18T16:42:39.055+1000] {processor.py:914} INFO - Processing file /Users/anurag/airflow/dags/simple_hello_world.py for tasks to queue
[2025-04-18T16:42:39.056+1000] {logging_mixin.py:190} INFO - [2025-04-18T16:42:39.056+1000] {dagbag.py:588} INFO - Filling up the DagBag from /Users/anurag/airflow/dags/simple_hello_world.py
[2025-04-18T16:42:39.071+1000] {processor.py:925} INFO - DAG(s) 'hello_world' retrieved from /Users/anurag/airflow/dags/simple_hello_world.py
[2025-04-18T16:42:39.342+1000] {logging_mixin.py:190} INFO - [2025-04-18T16:42:39.342+1000] {dag.py:3239} INFO - Sync 1 DAGs
[2025-04-18T16:42:39.359+1000] {logging_mixin.py:190} INFO - [2025-04-18T16:42:39.359+1000] {dag.py:4180} INFO - Setting next_dagrun for hello_world to 2025-04-18 00:00:00+00:00, run_after=2025-04-19 00:00:00+00:00
[2025-04-18T16:42:39.377+1000] {processor.py:208} INFO - Processing /Users/anurag/airflow/dags/simple_hello_world.py took 0.329 seconds
[2025-04-18T16:43:11.843+1000] {processor.py:186} INFO - Started process (PID=84789) to work on /Users/anurag/airflow/dags/simple_hello_world.py
[2025-04-18T16:43:11.845+1000] {processor.py:914} INFO - Processing file /Users/anurag/airflow/dags/simple_hello_world.py for tasks to queue
[2025-04-18T16:43:11.846+1000] {logging_mixin.py:190} INFO - [2025-04-18T16:43:11.846+1000] {dagbag.py:588} INFO - Filling up the DagBag from /Users/anurag/airflow/dags/simple_hello_world.py
[2025-04-18T16:43:11.859+1000] {processor.py:925} INFO - DAG(s) 'hello_world' retrieved from /Users/anurag/airflow/dags/simple_hello_world.py
[2025-04-18T16:43:12.037+1000] {logging_mixin.py:190} INFO - [2025-04-18T16:43:12.037+1000] {dag.py:3239} INFO - Sync 1 DAGs
[2025-04-18T16:43:12.052+1000] {logging_mixin.py:190} INFO - [2025-04-18T16:43:12.052+1000] {dag.py:4180} INFO - Setting next_dagrun for hello_world to 2025-04-18 00:00:00+00:00, run_after=2025-04-19 00:00:00+00:00
[2025-04-18T16:43:12.070+1000] {processor.py:208} INFO - Processing /Users/anurag/airflow/dags/simple_hello_world.py took 0.232 seconds
[2025-04-18T16:43:45.290+1000] {processor.py:186} INFO - Started process (PID=84856) to work on /Users/anurag/airflow/dags/simple_hello_world.py
[2025-04-18T16:43:45.292+1000] {processor.py:914} INFO - Processing file /Users/anurag/airflow/dags/simple_hello_world.py for tasks to queue
[2025-04-18T16:43:45.293+1000] {logging_mixin.py:190} INFO - [2025-04-18T16:43:45.293+1000] {dagbag.py:588} INFO - Filling up the DagBag from /Users/anurag/airflow/dags/simple_hello_world.py
[2025-04-18T16:43:45.308+1000] {processor.py:925} INFO - DAG(s) 'hello_world' retrieved from /Users/anurag/airflow/dags/simple_hello_world.py
[2025-04-18T16:43:45.561+1000] {logging_mixin.py:190} INFO - [2025-04-18T16:43:45.561+1000] {dag.py:3239} INFO - Sync 1 DAGs
[2025-04-18T16:43:45.584+1000] {logging_mixin.py:190} INFO - [2025-04-18T16:43:45.583+1000] {dag.py:4180} INFO - Setting next_dagrun for hello_world to 2025-04-18 00:00:00+00:00, run_after=2025-04-19 00:00:00+00:00
[2025-04-18T16:43:45.604+1000] {processor.py:208} INFO - Processing /Users/anurag/airflow/dags/simple_hello_world.py took 0.320 seconds
[2025-04-18T16:44:18.973+1000] {processor.py:186} INFO - Started process (PID=84941) to work on /Users/anurag/airflow/dags/simple_hello_world.py
[2025-04-18T16:44:18.976+1000] {processor.py:914} INFO - Processing file /Users/anurag/airflow/dags/simple_hello_world.py for tasks to queue
[2025-04-18T16:44:18.977+1000] {logging_mixin.py:190} INFO - [2025-04-18T16:44:18.977+1000] {dagbag.py:588} INFO - Filling up the DagBag from /Users/anurag/airflow/dags/simple_hello_world.py
[2025-04-18T16:44:18.998+1000] {processor.py:925} INFO - DAG(s) 'hello_world' retrieved from /Users/anurag/airflow/dags/simple_hello_world.py
[2025-04-18T16:44:19.279+1000] {logging_mixin.py:190} INFO - [2025-04-18T16:44:19.279+1000] {dag.py:3239} INFO - Sync 1 DAGs
[2025-04-18T16:44:19.296+1000] {logging_mixin.py:190} INFO - [2025-04-18T16:44:19.296+1000] {dag.py:4180} INFO - Setting next_dagrun for hello_world to 2025-04-18 00:00:00+00:00, run_after=2025-04-19 00:00:00+00:00
[2025-04-18T16:44:19.313+1000] {processor.py:208} INFO - Processing /Users/anurag/airflow/dags/simple_hello_world.py took 0.347 seconds
[2025-04-18T16:44:51.546+1000] {processor.py:186} INFO - Started process (PID=85015) to work on /Users/anurag/airflow/dags/simple_hello_world.py
[2025-04-18T16:44:51.548+1000] {processor.py:914} INFO - Processing file /Users/anurag/airflow/dags/simple_hello_world.py for tasks to queue
[2025-04-18T16:44:51.549+1000] {logging_mixin.py:190} INFO - [2025-04-18T16:44:51.549+1000] {dagbag.py:588} INFO - Filling up the DagBag from /Users/anurag/airflow/dags/simple_hello_world.py
[2025-04-18T16:44:51.565+1000] {processor.py:925} INFO - DAG(s) 'hello_world' retrieved from /Users/anurag/airflow/dags/simple_hello_world.py
[2025-04-18T16:44:51.807+1000] {logging_mixin.py:190} INFO - [2025-04-18T16:44:51.806+1000] {dag.py:3239} INFO - Sync 1 DAGs
[2025-04-18T16:44:51.833+1000] {logging_mixin.py:190} INFO - [2025-04-18T16:44:51.833+1000] {dag.py:4180} INFO - Setting next_dagrun for hello_world to 2025-04-18 00:00:00+00:00, run_after=2025-04-19 00:00:00+00:00
[2025-04-18T16:44:51.864+1000] {processor.py:208} INFO - Processing /Users/anurag/airflow/dags/simple_hello_world.py took 0.324 seconds
[2025-04-18T16:45:23.989+1000] {processor.py:186} INFO - Started process (PID=85089) to work on /Users/anurag/airflow/dags/simple_hello_world.py
[2025-04-18T16:45:23.991+1000] {processor.py:914} INFO - Processing file /Users/anurag/airflow/dags/simple_hello_world.py for tasks to queue
[2025-04-18T16:45:23.992+1000] {logging_mixin.py:190} INFO - [2025-04-18T16:45:23.992+1000] {dagbag.py:588} INFO - Filling up the DagBag from /Users/anurag/airflow/dags/simple_hello_world.py
[2025-04-18T16:45:24.010+1000] {processor.py:925} INFO - DAG(s) 'hello_world' retrieved from /Users/anurag/airflow/dags/simple_hello_world.py
[2025-04-18T16:45:24.318+1000] {logging_mixin.py:190} INFO - [2025-04-18T16:45:24.318+1000] {dag.py:3239} INFO - Sync 1 DAGs
[2025-04-18T16:45:24.336+1000] {logging_mixin.py:190} INFO - [2025-04-18T16:45:24.336+1000] {dag.py:4180} INFO - Setting next_dagrun for hello_world to 2025-04-18 00:00:00+00:00, run_after=2025-04-19 00:00:00+00:00
[2025-04-18T16:45:24.366+1000] {processor.py:208} INFO - Processing /Users/anurag/airflow/dags/simple_hello_world.py took 0.383 seconds
[2025-04-18T16:45:58.615+1000] {processor.py:186} INFO - Started process (PID=85164) to work on /Users/anurag/airflow/dags/simple_hello_world.py
[2025-04-18T16:45:58.618+1000] {processor.py:914} INFO - Processing file /Users/anurag/airflow/dags/simple_hello_world.py for tasks to queue
[2025-04-18T16:45:58.619+1000] {logging_mixin.py:190} INFO - [2025-04-18T16:45:58.618+1000] {dagbag.py:588} INFO - Filling up the DagBag from /Users/anurag/airflow/dags/simple_hello_world.py
[2025-04-18T16:45:58.638+1000] {processor.py:925} INFO - DAG(s) 'hello_world' retrieved from /Users/anurag/airflow/dags/simple_hello_world.py
[2025-04-18T16:45:58.900+1000] {logging_mixin.py:190} INFO - [2025-04-18T16:45:58.900+1000] {dag.py:3239} INFO - Sync 1 DAGs
[2025-04-18T16:45:58.922+1000] {logging_mixin.py:190} INFO - [2025-04-18T16:45:58.922+1000] {dag.py:4180} INFO - Setting next_dagrun for hello_world to 2025-04-18 00:00:00+00:00, run_after=2025-04-19 00:00:00+00:00
[2025-04-18T16:45:58.943+1000] {processor.py:208} INFO - Processing /Users/anurag/airflow/dags/simple_hello_world.py took 0.333 seconds
[2025-04-18T16:47:40.376+1000] {processor.py:186} INFO - Started process (PID=85448) to work on /Users/anurag/airflow/dags/simple_hello_world.py
[2025-04-18T16:47:40.383+1000] {processor.py:914} INFO - Processing file /Users/anurag/airflow/dags/simple_hello_world.py for tasks to queue
[2025-04-18T16:47:40.389+1000] {logging_mixin.py:190} INFO - [2025-04-18T16:47:40.388+1000] {dagbag.py:588} INFO - Filling up the DagBag from /Users/anurag/airflow/dags/simple_hello_world.py
[2025-04-18T16:47:40.453+1000] {processor.py:925} INFO - DAG(s) 'hello_world' retrieved from /Users/anurag/airflow/dags/simple_hello_world.py
[2025-04-18T16:47:41.866+1000] {logging_mixin.py:190} INFO - [2025-04-18T16:47:41.865+1000] {dag.py:3239} INFO - Sync 1 DAGs
[2025-04-18T16:47:41.926+1000] {logging_mixin.py:190} INFO - [2025-04-18T16:47:41.925+1000] {dag.py:4180} INFO - Setting next_dagrun for hello_world to 2025-04-18 00:00:00+00:00, run_after=2025-04-19 00:00:00+00:00
[2025-04-18T16:47:41.982+1000] {processor.py:208} INFO - Processing /Users/anurag/airflow/dags/simple_hello_world.py took 1.630 seconds
[2025-04-18T16:48:17.338+1000] {processor.py:186} INFO - Started process (PID=85535) to work on /Users/anurag/airflow/dags/simple_hello_world.py
[2025-04-18T16:48:17.341+1000] {processor.py:914} INFO - Processing file /Users/anurag/airflow/dags/simple_hello_world.py for tasks to queue
[2025-04-18T16:48:17.344+1000] {logging_mixin.py:190} INFO - [2025-04-18T16:48:17.343+1000] {dagbag.py:588} INFO - Filling up the DagBag from /Users/anurag/airflow/dags/simple_hello_world.py
[2025-04-18T16:48:17.372+1000] {processor.py:925} INFO - DAG(s) 'hello_world' retrieved from /Users/anurag/airflow/dags/simple_hello_world.py
[2025-04-18T16:48:17.916+1000] {logging_mixin.py:190} INFO - [2025-04-18T16:48:17.915+1000] {dag.py:3239} INFO - Sync 1 DAGs
[2025-04-18T16:48:17.959+1000] {logging_mixin.py:190} INFO - [2025-04-18T16:48:17.959+1000] {dag.py:4180} INFO - Setting next_dagrun for hello_world to 2025-04-18 00:00:00+00:00, run_after=2025-04-19 00:00:00+00:00
[2025-04-18T16:48:18.007+1000] {processor.py:208} INFO - Processing /Users/anurag/airflow/dags/simple_hello_world.py took 0.682 seconds
[2025-04-18T16:48:50.337+1000] {processor.py:186} INFO - Started process (PID=85608) to work on /Users/anurag/airflow/dags/simple_hello_world.py
[2025-04-18T16:48:50.338+1000] {processor.py:914} INFO - Processing file /Users/anurag/airflow/dags/simple_hello_world.py for tasks to queue
[2025-04-18T16:48:50.339+1000] {logging_mixin.py:190} INFO - [2025-04-18T16:48:50.339+1000] {dagbag.py:588} INFO - Filling up the DagBag from /Users/anurag/airflow/dags/simple_hello_world.py
[2025-04-18T16:48:50.351+1000] {processor.py:925} INFO - DAG(s) 'hello_world' retrieved from /Users/anurag/airflow/dags/simple_hello_world.py
[2025-04-18T16:48:50.583+1000] {logging_mixin.py:190} INFO - [2025-04-18T16:48:50.583+1000] {dag.py:3239} INFO - Sync 1 DAGs
[2025-04-18T16:48:50.603+1000] {logging_mixin.py:190} INFO - [2025-04-18T16:48:50.603+1000] {dag.py:4180} INFO - Setting next_dagrun for hello_world to 2025-04-18 00:00:00+00:00, run_after=2025-04-19 00:00:00+00:00
[2025-04-18T16:48:50.621+1000] {processor.py:208} INFO - Processing /Users/anurag/airflow/dags/simple_hello_world.py took 0.291 seconds
[2025-04-18T16:49:23.135+1000] {processor.py:186} INFO - Started process (PID=85672) to work on /Users/anurag/airflow/dags/simple_hello_world.py
[2025-04-18T16:49:23.136+1000] {processor.py:914} INFO - Processing file /Users/anurag/airflow/dags/simple_hello_world.py for tasks to queue
[2025-04-18T16:49:23.137+1000] {logging_mixin.py:190} INFO - [2025-04-18T16:49:23.137+1000] {dagbag.py:588} INFO - Filling up the DagBag from /Users/anurag/airflow/dags/simple_hello_world.py
[2025-04-18T16:49:23.149+1000] {processor.py:925} INFO - DAG(s) 'hello_world' retrieved from /Users/anurag/airflow/dags/simple_hello_world.py
[2025-04-18T16:49:23.351+1000] {logging_mixin.py:190} INFO - [2025-04-18T16:49:23.350+1000] {dag.py:3239} INFO - Sync 1 DAGs
[2025-04-18T16:49:23.367+1000] {logging_mixin.py:190} INFO - [2025-04-18T16:49:23.366+1000] {dag.py:4180} INFO - Setting next_dagrun for hello_world to 2025-04-18 00:00:00+00:00, run_after=2025-04-19 00:00:00+00:00
[2025-04-18T16:49:23.383+1000] {processor.py:208} INFO - Processing /Users/anurag/airflow/dags/simple_hello_world.py took 0.254 seconds
[2025-04-18T16:49:55.522+1000] {processor.py:186} INFO - Started process (PID=85737) to work on /Users/anurag/airflow/dags/simple_hello_world.py
[2025-04-18T16:49:55.523+1000] {processor.py:914} INFO - Processing file /Users/anurag/airflow/dags/simple_hello_world.py for tasks to queue
[2025-04-18T16:49:55.524+1000] {logging_mixin.py:190} INFO - [2025-04-18T16:49:55.524+1000] {dagbag.py:588} INFO - Filling up the DagBag from /Users/anurag/airflow/dags/simple_hello_world.py
[2025-04-18T16:49:55.537+1000] {processor.py:925} INFO - DAG(s) 'hello_world' retrieved from /Users/anurag/airflow/dags/simple_hello_world.py
[2025-04-18T16:49:55.733+1000] {logging_mixin.py:190} INFO - [2025-04-18T16:49:55.732+1000] {dag.py:3239} INFO - Sync 1 DAGs
[2025-04-18T16:49:55.753+1000] {logging_mixin.py:190} INFO - [2025-04-18T16:49:55.753+1000] {dag.py:4180} INFO - Setting next_dagrun for hello_world to 2025-04-18 00:00:00+00:00, run_after=2025-04-19 00:00:00+00:00
[2025-04-18T16:49:55.775+1000] {processor.py:208} INFO - Processing /Users/anurag/airflow/dags/simple_hello_world.py took 0.258 seconds
[2025-04-18T16:50:27.636+1000] {processor.py:186} INFO - Started process (PID=85811) to work on /Users/anurag/airflow/dags/simple_hello_world.py
[2025-04-18T16:50:27.638+1000] {processor.py:914} INFO - Processing file /Users/anurag/airflow/dags/simple_hello_world.py for tasks to queue
[2025-04-18T16:50:27.639+1000] {logging_mixin.py:190} INFO - [2025-04-18T16:50:27.639+1000] {dagbag.py:588} INFO - Filling up the DagBag from /Users/anurag/airflow/dags/simple_hello_world.py
[2025-04-18T16:50:27.650+1000] {processor.py:925} INFO - DAG(s) 'hello_world' retrieved from /Users/anurag/airflow/dags/simple_hello_world.py
[2025-04-18T16:50:27.822+1000] {logging_mixin.py:190} INFO - [2025-04-18T16:50:27.821+1000] {dag.py:3239} INFO - Sync 1 DAGs
[2025-04-18T16:50:27.837+1000] {logging_mixin.py:190} INFO - [2025-04-18T16:50:27.836+1000] {dag.py:4180} INFO - Setting next_dagrun for hello_world to 2025-04-18 00:00:00+00:00, run_after=2025-04-19 00:00:00+00:00
[2025-04-18T16:50:27.861+1000] {processor.py:208} INFO - Processing /Users/anurag/airflow/dags/simple_hello_world.py took 0.231 seconds
[2025-04-18T16:50:59.856+1000] {processor.py:186} INFO - Started process (PID=85877) to work on /Users/anurag/airflow/dags/simple_hello_world.py
[2025-04-18T16:50:59.857+1000] {processor.py:914} INFO - Processing file /Users/anurag/airflow/dags/simple_hello_world.py for tasks to queue
[2025-04-18T16:50:59.858+1000] {logging_mixin.py:190} INFO - [2025-04-18T16:50:59.858+1000] {dagbag.py:588} INFO - Filling up the DagBag from /Users/anurag/airflow/dags/simple_hello_world.py
[2025-04-18T16:50:59.871+1000] {processor.py:925} INFO - DAG(s) 'hello_world' retrieved from /Users/anurag/airflow/dags/simple_hello_world.py
[2025-04-18T16:51:00.063+1000] {logging_mixin.py:190} INFO - [2025-04-18T16:51:00.063+1000] {dag.py:3239} INFO - Sync 1 DAGs
[2025-04-18T16:51:00.079+1000] {logging_mixin.py:190} INFO - [2025-04-18T16:51:00.079+1000] {dag.py:4180} INFO - Setting next_dagrun for hello_world to 2025-04-18 00:00:00+00:00, run_after=2025-04-19 00:00:00+00:00
[2025-04-18T16:51:00.095+1000] {processor.py:208} INFO - Processing /Users/anurag/airflow/dags/simple_hello_world.py took 0.249 seconds
[2025-04-18T16:51:32.552+1000] {processor.py:186} INFO - Started process (PID=85953) to work on /Users/anurag/airflow/dags/simple_hello_world.py
[2025-04-18T16:51:32.554+1000] {processor.py:914} INFO - Processing file /Users/anurag/airflow/dags/simple_hello_world.py for tasks to queue
[2025-04-18T16:51:32.555+1000] {logging_mixin.py:190} INFO - [2025-04-18T16:51:32.554+1000] {dagbag.py:588} INFO - Filling up the DagBag from /Users/anurag/airflow/dags/simple_hello_world.py
[2025-04-18T16:51:32.567+1000] {processor.py:925} INFO - DAG(s) 'hello_world' retrieved from /Users/anurag/airflow/dags/simple_hello_world.py
[2025-04-18T16:51:32.767+1000] {logging_mixin.py:190} INFO - [2025-04-18T16:51:32.767+1000] {dag.py:3239} INFO - Sync 1 DAGs
[2025-04-18T16:51:32.785+1000] {logging_mixin.py:190} INFO - [2025-04-18T16:51:32.785+1000] {dag.py:4180} INFO - Setting next_dagrun for hello_world to 2025-04-18 00:00:00+00:00, run_after=2025-04-19 00:00:00+00:00
[2025-04-18T16:51:32.805+1000] {processor.py:208} INFO - Processing /Users/anurag/airflow/dags/simple_hello_world.py took 0.258 seconds
[2025-04-18T16:52:04.854+1000] {processor.py:186} INFO - Started process (PID=86017) to work on /Users/anurag/airflow/dags/simple_hello_world.py
[2025-04-18T16:52:04.855+1000] {processor.py:914} INFO - Processing file /Users/anurag/airflow/dags/simple_hello_world.py for tasks to queue
[2025-04-18T16:52:04.856+1000] {logging_mixin.py:190} INFO - [2025-04-18T16:52:04.856+1000] {dagbag.py:588} INFO - Filling up the DagBag from /Users/anurag/airflow/dags/simple_hello_world.py
[2025-04-18T16:52:04.868+1000] {processor.py:925} INFO - DAG(s) 'hello_world' retrieved from /Users/anurag/airflow/dags/simple_hello_world.py
[2025-04-18T16:52:05.069+1000] {logging_mixin.py:190} INFO - [2025-04-18T16:52:05.069+1000] {dag.py:3239} INFO - Sync 1 DAGs
[2025-04-18T16:52:05.087+1000] {logging_mixin.py:190} INFO - [2025-04-18T16:52:05.087+1000] {dag.py:4180} INFO - Setting next_dagrun for hello_world to 2025-04-18 00:00:00+00:00, run_after=2025-04-19 00:00:00+00:00
[2025-04-18T16:52:05.106+1000] {processor.py:208} INFO - Processing /Users/anurag/airflow/dags/simple_hello_world.py took 0.258 seconds
[2025-04-18T16:52:37.005+1000] {processor.py:186} INFO - Started process (PID=86082) to work on /Users/anurag/airflow/dags/simple_hello_world.py
[2025-04-18T16:52:37.007+1000] {processor.py:914} INFO - Processing file /Users/anurag/airflow/dags/simple_hello_world.py for tasks to queue
[2025-04-18T16:52:37.008+1000] {logging_mixin.py:190} INFO - [2025-04-18T16:52:37.008+1000] {dagbag.py:588} INFO - Filling up the DagBag from /Users/anurag/airflow/dags/simple_hello_world.py
[2025-04-18T16:52:37.020+1000] {processor.py:925} INFO - DAG(s) 'hello_world' retrieved from /Users/anurag/airflow/dags/simple_hello_world.py
[2025-04-18T16:52:37.218+1000] {logging_mixin.py:190} INFO - [2025-04-18T16:52:37.217+1000] {dag.py:3239} INFO - Sync 1 DAGs
[2025-04-18T16:52:37.235+1000] {logging_mixin.py:190} INFO - [2025-04-18T16:52:37.234+1000] {dag.py:4180} INFO - Setting next_dagrun for hello_world to 2025-04-18 00:00:00+00:00, run_after=2025-04-19 00:00:00+00:00
[2025-04-18T16:52:37.252+1000] {processor.py:208} INFO - Processing /Users/anurag/airflow/dags/simple_hello_world.py took 0.253 seconds
[2025-04-18T16:53:10.951+1000] {processor.py:186} INFO - Started process (PID=86154) to work on /Users/anurag/airflow/dags/simple_hello_world.py
[2025-04-18T16:53:10.953+1000] {processor.py:914} INFO - Processing file /Users/anurag/airflow/dags/simple_hello_world.py for tasks to queue
[2025-04-18T16:53:10.954+1000] {logging_mixin.py:190} INFO - [2025-04-18T16:53:10.954+1000] {dagbag.py:588} INFO - Filling up the DagBag from /Users/anurag/airflow/dags/simple_hello_world.py
[2025-04-18T16:53:10.970+1000] {processor.py:925} INFO - DAG(s) 'hello_world' retrieved from /Users/anurag/airflow/dags/simple_hello_world.py
[2025-04-18T16:53:11.269+1000] {logging_mixin.py:190} INFO - [2025-04-18T16:53:11.268+1000] {dag.py:3239} INFO - Sync 1 DAGs
[2025-04-18T16:53:11.292+1000] {logging_mixin.py:190} INFO - [2025-04-18T16:53:11.292+1000] {dag.py:4180} INFO - Setting next_dagrun for hello_world to 2025-04-18 00:00:00+00:00, run_after=2025-04-19 00:00:00+00:00
[2025-04-18T16:53:11.320+1000] {processor.py:208} INFO - Processing /Users/anurag/airflow/dags/simple_hello_world.py took 0.376 seconds
[2025-04-18T16:53:44.107+1000] {processor.py:186} INFO - Started process (PID=86228) to work on /Users/anurag/airflow/dags/simple_hello_world.py
[2025-04-18T16:53:44.109+1000] {processor.py:914} INFO - Processing file /Users/anurag/airflow/dags/simple_hello_world.py for tasks to queue
[2025-04-18T16:53:44.110+1000] {logging_mixin.py:190} INFO - [2025-04-18T16:53:44.110+1000] {dagbag.py:588} INFO - Filling up the DagBag from /Users/anurag/airflow/dags/simple_hello_world.py
[2025-04-18T16:53:44.129+1000] {processor.py:925} INFO - DAG(s) 'hello_world' retrieved from /Users/anurag/airflow/dags/simple_hello_world.py
[2025-04-18T16:53:44.377+1000] {logging_mixin.py:190} INFO - [2025-04-18T16:53:44.377+1000] {dag.py:3239} INFO - Sync 1 DAGs
[2025-04-18T16:53:44.408+1000] {logging_mixin.py:190} INFO - [2025-04-18T16:53:44.407+1000] {dag.py:4180} INFO - Setting next_dagrun for hello_world to 2025-04-18 00:00:00+00:00, run_after=2025-04-19 00:00:00+00:00
[2025-04-18T16:53:44.440+1000] {processor.py:208} INFO - Processing /Users/anurag/airflow/dags/simple_hello_world.py took 0.339 seconds
[2025-04-18T16:54:16.604+1000] {processor.py:186} INFO - Started process (PID=86299) to work on /Users/anurag/airflow/dags/simple_hello_world.py
[2025-04-18T16:54:16.605+1000] {processor.py:914} INFO - Processing file /Users/anurag/airflow/dags/simple_hello_world.py for tasks to queue
[2025-04-18T16:54:16.606+1000] {logging_mixin.py:190} INFO - [2025-04-18T16:54:16.606+1000] {dagbag.py:588} INFO - Filling up the DagBag from /Users/anurag/airflow/dags/simple_hello_world.py
[2025-04-18T16:54:16.619+1000] {processor.py:925} INFO - DAG(s) 'hello_world' retrieved from /Users/anurag/airflow/dags/simple_hello_world.py
[2025-04-18T16:54:16.816+1000] {logging_mixin.py:190} INFO - [2025-04-18T16:54:16.815+1000] {dag.py:3239} INFO - Sync 1 DAGs
[2025-04-18T16:54:16.832+1000] {logging_mixin.py:190} INFO - [2025-04-18T16:54:16.831+1000] {dag.py:4180} INFO - Setting next_dagrun for hello_world to 2025-04-18 00:00:00+00:00, run_after=2025-04-19 00:00:00+00:00
[2025-04-18T16:54:16.847+1000] {processor.py:208} INFO - Processing /Users/anurag/airflow/dags/simple_hello_world.py took 0.250 seconds
[2025-04-18T16:54:49.892+1000] {processor.py:186} INFO - Started process (PID=86363) to work on /Users/anurag/airflow/dags/simple_hello_world.py
[2025-04-18T16:54:49.894+1000] {processor.py:914} INFO - Processing file /Users/anurag/airflow/dags/simple_hello_world.py for tasks to queue
[2025-04-18T16:54:49.896+1000] {logging_mixin.py:190} INFO - [2025-04-18T16:54:49.895+1000] {dagbag.py:588} INFO - Filling up the DagBag from /Users/anurag/airflow/dags/simple_hello_world.py
[2025-04-18T16:54:49.907+1000] {processor.py:925} INFO - DAG(s) 'hello_world' retrieved from /Users/anurag/airflow/dags/simple_hello_world.py
[2025-04-18T16:54:50.104+1000] {logging_mixin.py:190} INFO - [2025-04-18T16:54:50.103+1000] {dag.py:3239} INFO - Sync 1 DAGs
[2025-04-18T16:54:50.122+1000] {logging_mixin.py:190} INFO - [2025-04-18T16:54:50.121+1000] {dag.py:4180} INFO - Setting next_dagrun for hello_world to 2025-04-18 00:00:00+00:00, run_after=2025-04-19 00:00:00+00:00
[2025-04-18T16:54:50.138+1000] {processor.py:208} INFO - Processing /Users/anurag/airflow/dags/simple_hello_world.py took 0.253 seconds
[2025-04-18T16:55:23.209+1000] {processor.py:186} INFO - Started process (PID=86454) to work on /Users/anurag/airflow/dags/simple_hello_world.py
[2025-04-18T16:55:23.213+1000] {processor.py:914} INFO - Processing file /Users/anurag/airflow/dags/simple_hello_world.py for tasks to queue
[2025-04-18T16:55:23.215+1000] {logging_mixin.py:190} INFO - [2025-04-18T16:55:23.215+1000] {dagbag.py:588} INFO - Filling up the DagBag from /Users/anurag/airflow/dags/simple_hello_world.py
[2025-04-18T16:55:23.238+1000] {processor.py:925} INFO - DAG(s) 'hello_world' retrieved from /Users/anurag/airflow/dags/simple_hello_world.py
[2025-04-18T16:55:23.438+1000] {logging_mixin.py:190} INFO - [2025-04-18T16:55:23.437+1000] {dag.py:3239} INFO - Sync 1 DAGs
[2025-04-18T16:55:23.456+1000] {logging_mixin.py:190} INFO - [2025-04-18T16:55:23.455+1000] {dag.py:4180} INFO - Setting next_dagrun for hello_world to 2025-04-18 00:00:00+00:00, run_after=2025-04-19 00:00:00+00:00
[2025-04-18T16:55:23.488+1000] {processor.py:208} INFO - Processing /Users/anurag/airflow/dags/simple_hello_world.py took 0.289 seconds
[2025-04-18T16:55:55.343+1000] {processor.py:186} INFO - Started process (PID=86531) to work on /Users/anurag/airflow/dags/simple_hello_world.py
[2025-04-18T16:55:55.344+1000] {processor.py:914} INFO - Processing file /Users/anurag/airflow/dags/simple_hello_world.py for tasks to queue
[2025-04-18T16:55:55.345+1000] {logging_mixin.py:190} INFO - [2025-04-18T16:55:55.345+1000] {dagbag.py:588} INFO - Filling up the DagBag from /Users/anurag/airflow/dags/simple_hello_world.py
[2025-04-18T16:55:55.357+1000] {processor.py:925} INFO - DAG(s) 'hello_world' retrieved from /Users/anurag/airflow/dags/simple_hello_world.py
[2025-04-18T16:55:55.533+1000] {logging_mixin.py:190} INFO - [2025-04-18T16:55:55.533+1000] {dag.py:3239} INFO - Sync 1 DAGs
[2025-04-18T16:55:55.548+1000] {logging_mixin.py:190} INFO - [2025-04-18T16:55:55.548+1000] {dag.py:4180} INFO - Setting next_dagrun for hello_world to 2025-04-18 00:00:00+00:00, run_after=2025-04-19 00:00:00+00:00
[2025-04-18T16:55:55.564+1000] {processor.py:208} INFO - Processing /Users/anurag/airflow/dags/simple_hello_world.py took 0.226 seconds
[2025-04-18T16:56:27.349+1000] {processor.py:186} INFO - Started process (PID=86591) to work on /Users/anurag/airflow/dags/simple_hello_world.py
[2025-04-18T16:56:27.351+1000] {processor.py:914} INFO - Processing file /Users/anurag/airflow/dags/simple_hello_world.py for tasks to queue
[2025-04-18T16:56:27.352+1000] {logging_mixin.py:190} INFO - [2025-04-18T16:56:27.352+1000] {dagbag.py:588} INFO - Filling up the DagBag from /Users/anurag/airflow/dags/simple_hello_world.py
[2025-04-18T16:56:27.365+1000] {processor.py:925} INFO - DAG(s) 'hello_world' retrieved from /Users/anurag/airflow/dags/simple_hello_world.py
[2025-04-18T16:56:27.553+1000] {logging_mixin.py:190} INFO - [2025-04-18T16:56:27.552+1000] {dag.py:3239} INFO - Sync 1 DAGs
[2025-04-18T16:56:27.571+1000] {logging_mixin.py:190} INFO - [2025-04-18T16:56:27.570+1000] {dag.py:4180} INFO - Setting next_dagrun for hello_world to 2025-04-18 00:00:00+00:00, run_after=2025-04-19 00:00:00+00:00
[2025-04-18T16:56:27.591+1000] {processor.py:208} INFO - Processing /Users/anurag/airflow/dags/simple_hello_world.py took 0.248 seconds
[2025-04-18T16:56:59.610+1000] {processor.py:186} INFO - Started process (PID=86656) to work on /Users/anurag/airflow/dags/simple_hello_world.py
[2025-04-18T16:56:59.613+1000] {processor.py:914} INFO - Processing file /Users/anurag/airflow/dags/simple_hello_world.py for tasks to queue
[2025-04-18T16:56:59.615+1000] {logging_mixin.py:190} INFO - [2025-04-18T16:56:59.614+1000] {dagbag.py:588} INFO - Filling up the DagBag from /Users/anurag/airflow/dags/simple_hello_world.py
[2025-04-18T16:56:59.627+1000] {processor.py:925} INFO - DAG(s) 'hello_world' retrieved from /Users/anurag/airflow/dags/simple_hello_world.py
[2025-04-18T16:56:59.816+1000] {logging_mixin.py:190} INFO - [2025-04-18T16:56:59.816+1000] {dag.py:3239} INFO - Sync 1 DAGs
[2025-04-18T16:56:59.833+1000] {logging_mixin.py:190} INFO - [2025-04-18T16:56:59.832+1000] {dag.py:4180} INFO - Setting next_dagrun for hello_world to 2025-04-18 00:00:00+00:00, run_after=2025-04-19 00:00:00+00:00
[2025-04-18T16:56:59.848+1000] {processor.py:208} INFO - Processing /Users/anurag/airflow/dags/simple_hello_world.py took 0.245 seconds
[2025-04-18T16:57:31.663+1000] {processor.py:186} INFO - Started process (PID=86730) to work on /Users/anurag/airflow/dags/simple_hello_world.py
[2025-04-18T16:57:31.664+1000] {processor.py:914} INFO - Processing file /Users/anurag/airflow/dags/simple_hello_world.py for tasks to queue
[2025-04-18T16:57:31.665+1000] {logging_mixin.py:190} INFO - [2025-04-18T16:57:31.665+1000] {dagbag.py:588} INFO - Filling up the DagBag from /Users/anurag/airflow/dags/simple_hello_world.py
[2025-04-18T16:57:31.681+1000] {processor.py:925} INFO - DAG(s) 'hello_world' retrieved from /Users/anurag/airflow/dags/simple_hello_world.py
[2025-04-18T16:57:31.873+1000] {logging_mixin.py:190} INFO - [2025-04-18T16:57:31.872+1000] {dag.py:3239} INFO - Sync 1 DAGs
[2025-04-18T16:57:31.889+1000] {logging_mixin.py:190} INFO - [2025-04-18T16:57:31.889+1000] {dag.py:4180} INFO - Setting next_dagrun for hello_world to 2025-04-18 00:00:00+00:00, run_after=2025-04-19 00:00:00+00:00
[2025-04-18T16:57:31.906+1000] {processor.py:208} INFO - Processing /Users/anurag/airflow/dags/simple_hello_world.py took 0.249 seconds
