[2025-04-16T22:45:11.570+1000] {processor.py:186} INFO - Started process (PID=50620) to work on /Users/anurag/airflow/dags/simple_hello_world.py
[2025-04-16T22:45:11.572+1000] {processor.py:914} INFO - Processing file /Users/anurag/airflow/dags/simple_hello_world.py for tasks to queue
[2025-04-16T22:45:11.573+1000] {logging_mixin.py:190} INFO - [2025-04-16T22:45:11.573+1000] {dagbag.py:588} INFO - Filling up the DagBag from /Users/anurag/airflow/dags/simple_hello_world.py
[2025-04-16T22:45:11.580+1000] {logging_mixin.py:190} INFO - [2025-04-16T22:45:11.578+1000] {dagbag.py:387} ERROR - Failed to import: /Users/anurag/airflow/dags/simple_hello_world.py
Traceback (most recent call last):
  File "/Library/Frameworks/Python.framework/Versions/3.9/lib/python3.9/site-packages/airflow/models/dagbag.py", line 383, in parse
    loader.exec_module(new_module)
  File "<frozen importlib._bootstrap_external>", line 855, in exec_module
  File "<frozen importlib._bootstrap>", line 228, in _call_with_frames_removed
  File "/Users/anurag/airflow/dags/simple_hello_world.py", line 11, in <module>
    dag = DAG(
TypeError: __init__() got an unexpected keyword argument 'schedule_internal'
[2025-04-16T22:45:11.580+1000] {processor.py:927} WARNING - No viable dags retrieved from /Users/anurag/airflow/dags/simple_hello_world.py
[2025-04-16T22:45:11.698+1000] {processor.py:208} INFO - Processing /Users/anurag/airflow/dags/simple_hello_world.py took 0.134 seconds
[2025-04-16T22:45:44.014+1000] {processor.py:186} INFO - Started process (PID=50700) to work on /Users/anurag/airflow/dags/simple_hello_world.py
[2025-04-16T22:45:44.017+1000] {processor.py:914} INFO - Processing file /Users/anurag/airflow/dags/simple_hello_world.py for tasks to queue
[2025-04-16T22:45:44.018+1000] {logging_mixin.py:190} INFO - [2025-04-16T22:45:44.018+1000] {dagbag.py:588} INFO - Filling up the DagBag from /Users/anurag/airflow/dags/simple_hello_world.py
[2025-04-16T22:45:44.025+1000] {logging_mixin.py:190} INFO - [2025-04-16T22:45:44.023+1000] {dagbag.py:387} ERROR - Failed to import: /Users/anurag/airflow/dags/simple_hello_world.py
Traceback (most recent call last):
  File "/Library/Frameworks/Python.framework/Versions/3.9/lib/python3.9/site-packages/airflow/models/dagbag.py", line 383, in parse
    loader.exec_module(new_module)
  File "<frozen importlib._bootstrap_external>", line 855, in exec_module
  File "<frozen importlib._bootstrap>", line 228, in _call_with_frames_removed
  File "/Users/anurag/airflow/dags/simple_hello_world.py", line 11, in <module>
    dag = DAG(
TypeError: __init__() got an unexpected keyword argument 'schedule_internal'
[2025-04-16T22:45:44.025+1000] {processor.py:927} WARNING - No viable dags retrieved from /Users/anurag/airflow/dags/simple_hello_world.py
[2025-04-16T22:45:44.154+1000] {processor.py:208} INFO - Processing /Users/anurag/airflow/dags/simple_hello_world.py took 0.146 seconds
[2025-04-16T22:46:16.179+1000] {processor.py:186} INFO - Started process (PID=50771) to work on /Users/anurag/airflow/dags/simple_hello_world.py
[2025-04-16T22:46:16.181+1000] {processor.py:914} INFO - Processing file /Users/anurag/airflow/dags/simple_hello_world.py for tasks to queue
[2025-04-16T22:46:16.183+1000] {logging_mixin.py:190} INFO - [2025-04-16T22:46:16.182+1000] {dagbag.py:588} INFO - Filling up the DagBag from /Users/anurag/airflow/dags/simple_hello_world.py
[2025-04-16T22:46:16.186+1000] {logging_mixin.py:190} INFO - [2025-04-16T22:46:16.186+1000] {dagbag.py:387} ERROR - Failed to import: /Users/anurag/airflow/dags/simple_hello_world.py
Traceback (most recent call last):
  File "/Library/Frameworks/Python.framework/Versions/3.9/lib/python3.9/site-packages/airflow/models/dagbag.py", line 383, in parse
    loader.exec_module(new_module)
  File "<frozen importlib._bootstrap_external>", line 855, in exec_module
  File "<frozen importlib._bootstrap>", line 228, in _call_with_frames_removed
  File "/Users/anurag/airflow/dags/simple_hello_world.py", line 11, in <module>
    dag = DAG(
TypeError: __init__() got an unexpected keyword argument 'schedule_internal'
[2025-04-16T22:46:16.187+1000] {processor.py:927} WARNING - No viable dags retrieved from /Users/anurag/airflow/dags/simple_hello_world.py
[2025-04-16T22:46:16.308+1000] {processor.py:208} INFO - Processing /Users/anurag/airflow/dags/simple_hello_world.py took 0.135 seconds
[2025-04-16T22:46:48.403+1000] {processor.py:186} INFO - Started process (PID=50836) to work on /Users/anurag/airflow/dags/simple_hello_world.py
[2025-04-16T22:46:48.405+1000] {processor.py:914} INFO - Processing file /Users/anurag/airflow/dags/simple_hello_world.py for tasks to queue
[2025-04-16T22:46:48.406+1000] {logging_mixin.py:190} INFO - [2025-04-16T22:46:48.405+1000] {dagbag.py:588} INFO - Filling up the DagBag from /Users/anurag/airflow/dags/simple_hello_world.py
[2025-04-16T22:46:48.411+1000] {logging_mixin.py:190} INFO - [2025-04-16T22:46:48.410+1000] {dagbag.py:387} ERROR - Failed to import: /Users/anurag/airflow/dags/simple_hello_world.py
Traceback (most recent call last):
  File "/Library/Frameworks/Python.framework/Versions/3.9/lib/python3.9/site-packages/airflow/models/dagbag.py", line 383, in parse
    loader.exec_module(new_module)
  File "<frozen importlib._bootstrap_external>", line 855, in exec_module
  File "<frozen importlib._bootstrap>", line 228, in _call_with_frames_removed
  File "/Users/anurag/airflow/dags/simple_hello_world.py", line 11, in <module>
    dag = DAG(
TypeError: __init__() got an unexpected keyword argument 'schedule_internal'
[2025-04-16T22:46:48.412+1000] {processor.py:927} WARNING - No viable dags retrieved from /Users/anurag/airflow/dags/simple_hello_world.py
[2025-04-16T22:46:48.537+1000] {processor.py:208} INFO - Processing /Users/anurag/airflow/dags/simple_hello_world.py took 0.139 seconds
[2025-04-16T22:47:22.033+1000] {processor.py:186} INFO - Started process (PID=50904) to work on /Users/anurag/airflow/dags/simple_hello_world.py
[2025-04-16T22:47:22.034+1000] {processor.py:914} INFO - Processing file /Users/anurag/airflow/dags/simple_hello_world.py for tasks to queue
[2025-04-16T22:47:22.036+1000] {logging_mixin.py:190} INFO - [2025-04-16T22:47:22.036+1000] {dagbag.py:588} INFO - Filling up the DagBag from /Users/anurag/airflow/dags/simple_hello_world.py
[2025-04-16T22:47:22.043+1000] {logging_mixin.py:190} INFO - [2025-04-16T22:47:22.041+1000] {dagbag.py:387} ERROR - Failed to import: /Users/anurag/airflow/dags/simple_hello_world.py
Traceback (most recent call last):
  File "/Library/Frameworks/Python.framework/Versions/3.9/lib/python3.9/site-packages/airflow/models/dagbag.py", line 383, in parse
    loader.exec_module(new_module)
  File "<frozen importlib._bootstrap_external>", line 855, in exec_module
  File "<frozen importlib._bootstrap>", line 228, in _call_with_frames_removed
  File "/Users/anurag/airflow/dags/simple_hello_world.py", line 11, in <module>
    dag = DAG(
TypeError: __init__() got an unexpected keyword argument 'schedule_internal'
[2025-04-16T22:47:22.043+1000] {processor.py:927} WARNING - No viable dags retrieved from /Users/anurag/airflow/dags/simple_hello_world.py
[2025-04-16T22:47:22.169+1000] {processor.py:208} INFO - Processing /Users/anurag/airflow/dags/simple_hello_world.py took 0.142 seconds
[2025-04-16T22:47:50.309+1000] {processor.py:186} INFO - Started process (PID=51017) to work on /Users/anurag/airflow/dags/simple_hello_world.py
[2025-04-16T22:47:50.311+1000] {processor.py:914} INFO - Processing file /Users/anurag/airflow/dags/simple_hello_world.py for tasks to queue
[2025-04-16T22:47:50.312+1000] {logging_mixin.py:190} INFO - [2025-04-16T22:47:50.311+1000] {dagbag.py:588} INFO - Filling up the DagBag from /Users/anurag/airflow/dags/simple_hello_world.py
[2025-04-16T22:47:50.315+1000] {logging_mixin.py:190} INFO - [2025-04-16T22:47:50.314+1000] {dagbag.py:387} ERROR - Failed to import: /Users/anurag/airflow/dags/simple_hello_world.py
Traceback (most recent call last):
  File "/Library/Frameworks/Python.framework/Versions/3.9/lib/python3.9/site-packages/airflow/models/dagbag.py", line 383, in parse
    loader.exec_module(new_module)
  File "<frozen importlib._bootstrap_external>", line 855, in exec_module
  File "<frozen importlib._bootstrap>", line 228, in _call_with_frames_removed
  File "/Users/anurag/airflow/dags/simple_hello_world.py", line 11, in <module>
    dag = DAG(
TypeError: __init__() got an unexpected keyword argument 'schedule_internal'
[2025-04-16T22:47:50.316+1000] {processor.py:927} WARNING - No viable dags retrieved from /Users/anurag/airflow/dags/simple_hello_world.py
[2025-04-16T22:47:50.432+1000] {processor.py:208} INFO - Processing /Users/anurag/airflow/dags/simple_hello_world.py took 0.129 seconds
[2025-04-16T22:48:24.517+1000] {processor.py:186} INFO - Started process (PID=51083) to work on /Users/anurag/airflow/dags/simple_hello_world.py
[2025-04-16T22:48:24.518+1000] {processor.py:914} INFO - Processing file /Users/anurag/airflow/dags/simple_hello_world.py for tasks to queue
[2025-04-16T22:48:24.519+1000] {logging_mixin.py:190} INFO - [2025-04-16T22:48:24.519+1000] {dagbag.py:588} INFO - Filling up the DagBag from /Users/anurag/airflow/dags/simple_hello_world.py
[2025-04-16T22:48:24.523+1000] {logging_mixin.py:190} INFO - [2025-04-16T22:48:24.522+1000] {dagbag.py:387} ERROR - Failed to import: /Users/anurag/airflow/dags/simple_hello_world.py
Traceback (most recent call last):
  File "/Library/Frameworks/Python.framework/Versions/3.9/lib/python3.9/site-packages/airflow/models/dagbag.py", line 383, in parse
    loader.exec_module(new_module)
  File "<frozen importlib._bootstrap_external>", line 855, in exec_module
  File "<frozen importlib._bootstrap>", line 228, in _call_with_frames_removed
  File "/Users/anurag/airflow/dags/simple_hello_world.py", line 11, in <module>
    dag = DAG(
TypeError: __init__() got an unexpected keyword argument 'schedule_internal'
[2025-04-16T22:48:24.523+1000] {processor.py:927} WARNING - No viable dags retrieved from /Users/anurag/airflow/dags/simple_hello_world.py
[2025-04-16T22:48:24.674+1000] {processor.py:208} INFO - Processing /Users/anurag/airflow/dags/simple_hello_world.py took 0.164 seconds
[2025-04-16T22:49:18.823+1000] {processor.py:186} INFO - Started process (PID=51265) to work on /Users/anurag/airflow/dags/simple_hello_world.py
[2025-04-16T22:49:18.825+1000] {processor.py:914} INFO - Processing file /Users/anurag/airflow/dags/simple_hello_world.py for tasks to queue
[2025-04-16T22:49:18.826+1000] {logging_mixin.py:190} INFO - [2025-04-16T22:49:18.826+1000] {dagbag.py:588} INFO - Filling up the DagBag from /Users/anurag/airflow/dags/simple_hello_world.py
[2025-04-16T22:49:18.833+1000] {logging_mixin.py:190} INFO - [2025-04-16T22:49:18.830+1000] {dagbag.py:387} ERROR - Failed to import: /Users/anurag/airflow/dags/simple_hello_world.py
Traceback (most recent call last):
  File "/Library/Frameworks/Python.framework/Versions/3.9/lib/python3.9/site-packages/airflow/models/dagbag.py", line 383, in parse
    loader.exec_module(new_module)
  File "<frozen importlib._bootstrap_external>", line 855, in exec_module
  File "<frozen importlib._bootstrap>", line 228, in _call_with_frames_removed
  File "/Users/anurag/airflow/dags/simple_hello_world.py", line 11, in <module>
    dag = DAG(
TypeError: __init__() got an unexpected keyword argument 'schedule_internal'
[2025-04-16T22:49:18.833+1000] {processor.py:927} WARNING - No viable dags retrieved from /Users/anurag/airflow/dags/simple_hello_world.py
[2025-04-16T22:49:18.952+1000] {processor.py:208} INFO - Processing /Users/anurag/airflow/dags/simple_hello_world.py took 0.136 seconds
[2025-04-16T22:50:05.154+1000] {processor.py:186} INFO - Started process (PID=51432) to work on /Users/anurag/airflow/dags/simple_hello_world.py
[2025-04-16T22:50:05.155+1000] {processor.py:914} INFO - Processing file /Users/anurag/airflow/dags/simple_hello_world.py for tasks to queue
[2025-04-16T22:50:05.157+1000] {logging_mixin.py:190} INFO - [2025-04-16T22:50:05.156+1000] {dagbag.py:588} INFO - Filling up the DagBag from /Users/anurag/airflow/dags/simple_hello_world.py
[2025-04-16T22:50:05.160+1000] {logging_mixin.py:190} INFO - [2025-04-16T22:50:05.159+1000] {dagbag.py:387} ERROR - Failed to import: /Users/anurag/airflow/dags/simple_hello_world.py
Traceback (most recent call last):
  File "/Library/Frameworks/Python.framework/Versions/3.9/lib/python3.9/site-packages/airflow/models/dagbag.py", line 383, in parse
    loader.exec_module(new_module)
  File "<frozen importlib._bootstrap_external>", line 855, in exec_module
  File "<frozen importlib._bootstrap>", line 228, in _call_with_frames_removed
  File "/Users/anurag/airflow/dags/simple_hello_world.py", line 11, in <module>
    dag = DAG(
TypeError: __init__() got an unexpected keyword argument 'schedule_internal'
[2025-04-16T22:50:05.160+1000] {processor.py:927} WARNING - No viable dags retrieved from /Users/anurag/airflow/dags/simple_hello_world.py
[2025-04-16T22:50:05.272+1000] {processor.py:208} INFO - Processing /Users/anurag/airflow/dags/simple_hello_world.py took 0.124 seconds
[2025-04-16T22:50:37.280+1000] {processor.py:186} INFO - Started process (PID=51522) to work on /Users/anurag/airflow/dags/simple_hello_world.py
[2025-04-16T22:50:37.282+1000] {processor.py:914} INFO - Processing file /Users/anurag/airflow/dags/simple_hello_world.py for tasks to queue
[2025-04-16T22:50:37.283+1000] {logging_mixin.py:190} INFO - [2025-04-16T22:50:37.283+1000] {dagbag.py:588} INFO - Filling up the DagBag from /Users/anurag/airflow/dags/simple_hello_world.py
[2025-04-16T22:50:37.287+1000] {logging_mixin.py:190} INFO - [2025-04-16T22:50:37.286+1000] {dagbag.py:387} ERROR - Failed to import: /Users/anurag/airflow/dags/simple_hello_world.py
Traceback (most recent call last):
  File "/Library/Frameworks/Python.framework/Versions/3.9/lib/python3.9/site-packages/airflow/models/dagbag.py", line 383, in parse
    loader.exec_module(new_module)
  File "<frozen importlib._bootstrap_external>", line 855, in exec_module
  File "<frozen importlib._bootstrap>", line 228, in _call_with_frames_removed
  File "/Users/anurag/airflow/dags/simple_hello_world.py", line 11, in <module>
    dag = DAG(
TypeError: __init__() got an unexpected keyword argument 'schedule_internal'
[2025-04-16T22:50:37.287+1000] {processor.py:927} WARNING - No viable dags retrieved from /Users/anurag/airflow/dags/simple_hello_world.py
[2025-04-16T22:50:37.420+1000] {processor.py:208} INFO - Processing /Users/anurag/airflow/dags/simple_hello_world.py took 0.146 seconds
[2025-04-16T22:51:07.212+1000] {processor.py:186} INFO - Started process (PID=51585) to work on /Users/anurag/airflow/dags/simple_hello_world.py
[2025-04-16T22:51:07.214+1000] {processor.py:914} INFO - Processing file /Users/anurag/airflow/dags/simple_hello_world.py for tasks to queue
[2025-04-16T22:51:07.216+1000] {logging_mixin.py:190} INFO - [2025-04-16T22:51:07.215+1000] {dagbag.py:588} INFO - Filling up the DagBag from /Users/anurag/airflow/dags/simple_hello_world.py
[2025-04-16T22:51:07.231+1000] {processor.py:925} INFO - DAG(s) 'hello_world' retrieved from /Users/anurag/airflow/dags/simple_hello_world.py
[2025-04-16T22:51:07.595+1000] {logging_mixin.py:190} INFO - [2025-04-16T22:51:07.595+1000] {override.py:1930} INFO - Created Permission View: can delete on DAG:hello_world
[2025-04-16T22:51:07.605+1000] {logging_mixin.py:190} INFO - [2025-04-16T22:51:07.604+1000] {override.py:1930} INFO - Created Permission View: can edit on DAG:hello_world
[2025-04-16T22:51:07.611+1000] {logging_mixin.py:190} INFO - [2025-04-16T22:51:07.611+1000] {override.py:1930} INFO - Created Permission View: can read on DAG:hello_world
[2025-04-16T22:51:07.627+1000] {logging_mixin.py:190} INFO - [2025-04-16T22:51:07.626+1000] {override.py:1930} INFO - Created Permission View: can delete on DAG Run:hello_world
[2025-04-16T22:51:07.636+1000] {logging_mixin.py:190} INFO - [2025-04-16T22:51:07.636+1000] {override.py:1930} INFO - Created Permission View: can create on DAG Run:hello_world
[2025-04-16T22:51:07.643+1000] {logging_mixin.py:190} INFO - [2025-04-16T22:51:07.643+1000] {override.py:1930} INFO - Created Permission View: menu access on DAG Run:hello_world
[2025-04-16T22:51:07.650+1000] {logging_mixin.py:190} INFO - [2025-04-16T22:51:07.650+1000] {override.py:1930} INFO - Created Permission View: can read on DAG Run:hello_world
[2025-04-16T22:51:07.651+1000] {logging_mixin.py:190} INFO - [2025-04-16T22:51:07.651+1000] {dag.py:3239} INFO - Sync 1 DAGs
[2025-04-16T22:51:07.664+1000] {logging_mixin.py:190} INFO - [2025-04-16T22:51:07.664+1000] {dag.py:3262} INFO - Creating ORM DAG for hello_world
[2025-04-16T22:51:07.665+1000] {logging_mixin.py:190} INFO - [2025-04-16T22:51:07.664+1000] {dag.py:4180} INFO - Setting next_dagrun for hello_world to None, run_after=None
[2025-04-16T22:51:07.686+1000] {processor.py:208} INFO - Processing /Users/anurag/airflow/dags/simple_hello_world.py took 0.480 seconds
[2025-04-16T22:51:15.792+1000] {processor.py:186} INFO - Started process (PID=51619) to work on /Users/anurag/airflow/dags/simple_hello_world.py
[2025-04-16T22:51:15.794+1000] {processor.py:914} INFO - Processing file /Users/anurag/airflow/dags/simple_hello_world.py for tasks to queue
[2025-04-16T22:51:15.796+1000] {logging_mixin.py:190} INFO - [2025-04-16T22:51:15.795+1000] {dagbag.py:588} INFO - Filling up the DagBag from /Users/anurag/airflow/dags/simple_hello_world.py
[2025-04-16T22:51:15.808+1000] {processor.py:925} INFO - DAG(s) 'hello_world' retrieved from /Users/anurag/airflow/dags/simple_hello_world.py
[2025-04-16T22:51:15.813+1000] {logging_mixin.py:190} INFO - [2025-04-16T22:51:15.813+1000] {dag.py:3239} INFO - Sync 1 DAGs
[2025-04-16T22:51:15.932+1000] {logging_mixin.py:190} INFO - [2025-04-16T22:51:15.932+1000] {dag.py:4180} INFO - Setting next_dagrun for hello_world to None, run_after=None
[2025-04-16T22:51:15.952+1000] {processor.py:208} INFO - Processing /Users/anurag/airflow/dags/simple_hello_world.py took 0.166 seconds
[2025-04-16T22:51:49.365+1000] {processor.py:186} INFO - Started process (PID=51688) to work on /Users/anurag/airflow/dags/simple_hello_world.py
[2025-04-16T22:51:49.366+1000] {processor.py:914} INFO - Processing file /Users/anurag/airflow/dags/simple_hello_world.py for tasks to queue
[2025-04-16T22:51:49.367+1000] {logging_mixin.py:190} INFO - [2025-04-16T22:51:49.367+1000] {dagbag.py:588} INFO - Filling up the DagBag from /Users/anurag/airflow/dags/simple_hello_world.py
[2025-04-16T22:51:49.378+1000] {processor.py:925} INFO - DAG(s) 'hello_world' retrieved from /Users/anurag/airflow/dags/simple_hello_world.py
[2025-04-16T22:51:49.686+1000] {logging_mixin.py:190} INFO - [2025-04-16T22:51:49.685+1000] {dag.py:3239} INFO - Sync 1 DAGs
[2025-04-16T22:51:49.704+1000] {logging_mixin.py:190} INFO - [2025-04-16T22:51:49.704+1000] {dag.py:4180} INFO - Setting next_dagrun for hello_world to None, run_after=None
[2025-04-16T22:51:49.732+1000] {processor.py:208} INFO - Processing /Users/anurag/airflow/dags/simple_hello_world.py took 0.374 seconds
[2025-04-16T22:52:21.486+1000] {processor.py:186} INFO - Started process (PID=51751) to work on /Users/anurag/airflow/dags/simple_hello_world.py
[2025-04-16T22:52:21.487+1000] {processor.py:914} INFO - Processing file /Users/anurag/airflow/dags/simple_hello_world.py for tasks to queue
[2025-04-16T22:52:21.488+1000] {logging_mixin.py:190} INFO - [2025-04-16T22:52:21.488+1000] {dagbag.py:588} INFO - Filling up the DagBag from /Users/anurag/airflow/dags/simple_hello_world.py
[2025-04-16T22:52:21.498+1000] {processor.py:925} INFO - DAG(s) 'hello_world' retrieved from /Users/anurag/airflow/dags/simple_hello_world.py
[2025-04-16T22:52:21.716+1000] {logging_mixin.py:190} INFO - [2025-04-16T22:52:21.716+1000] {dag.py:3239} INFO - Sync 1 DAGs
[2025-04-16T22:52:21.726+1000] {logging_mixin.py:190} INFO - [2025-04-16T22:52:21.726+1000] {dag.py:4180} INFO - Setting next_dagrun for hello_world to None, run_after=None
[2025-04-16T22:52:21.742+1000] {processor.py:208} INFO - Processing /Users/anurag/airflow/dags/simple_hello_world.py took 0.262 seconds
[2025-04-16T22:52:53.512+1000] {processor.py:186} INFO - Started process (PID=51814) to work on /Users/anurag/airflow/dags/simple_hello_world.py
[2025-04-16T22:52:53.513+1000] {processor.py:914} INFO - Processing file /Users/anurag/airflow/dags/simple_hello_world.py for tasks to queue
[2025-04-16T22:52:53.514+1000] {logging_mixin.py:190} INFO - [2025-04-16T22:52:53.514+1000] {dagbag.py:588} INFO - Filling up the DagBag from /Users/anurag/airflow/dags/simple_hello_world.py
[2025-04-16T22:52:53.523+1000] {processor.py:925} INFO - DAG(s) 'hello_world' retrieved from /Users/anurag/airflow/dags/simple_hello_world.py
[2025-04-16T22:52:53.703+1000] {logging_mixin.py:190} INFO - [2025-04-16T22:52:53.702+1000] {dag.py:3239} INFO - Sync 1 DAGs
[2025-04-16T22:52:53.711+1000] {logging_mixin.py:190} INFO - [2025-04-16T22:52:53.711+1000] {dag.py:4180} INFO - Setting next_dagrun for hello_world to None, run_after=None
[2025-04-16T22:52:53.736+1000] {processor.py:208} INFO - Processing /Users/anurag/airflow/dags/simple_hello_world.py took 0.230 seconds
[2025-04-16T22:53:26.042+1000] {processor.py:186} INFO - Started process (PID=51878) to work on /Users/anurag/airflow/dags/simple_hello_world.py
[2025-04-16T22:53:26.043+1000] {processor.py:914} INFO - Processing file /Users/anurag/airflow/dags/simple_hello_world.py for tasks to queue
[2025-04-16T22:53:26.045+1000] {logging_mixin.py:190} INFO - [2025-04-16T22:53:26.044+1000] {dagbag.py:588} INFO - Filling up the DagBag from /Users/anurag/airflow/dags/simple_hello_world.py
[2025-04-16T22:53:26.056+1000] {processor.py:925} INFO - DAG(s) 'hello_world' retrieved from /Users/anurag/airflow/dags/simple_hello_world.py
[2025-04-16T22:53:26.269+1000] {logging_mixin.py:190} INFO - [2025-04-16T22:53:26.269+1000] {dag.py:3239} INFO - Sync 1 DAGs
[2025-04-16T22:53:26.280+1000] {logging_mixin.py:190} INFO - [2025-04-16T22:53:26.280+1000] {dag.py:4180} INFO - Setting next_dagrun for hello_world to None, run_after=None
[2025-04-16T22:53:26.298+1000] {processor.py:208} INFO - Processing /Users/anurag/airflow/dags/simple_hello_world.py took 0.262 seconds
[2025-04-16T22:53:58.520+1000] {processor.py:186} INFO - Started process (PID=51960) to work on /Users/anurag/airflow/dags/simple_hello_world.py
[2025-04-16T22:53:58.523+1000] {processor.py:914} INFO - Processing file /Users/anurag/airflow/dags/simple_hello_world.py for tasks to queue
[2025-04-16T22:53:58.525+1000] {logging_mixin.py:190} INFO - [2025-04-16T22:53:58.524+1000] {dagbag.py:588} INFO - Filling up the DagBag from /Users/anurag/airflow/dags/simple_hello_world.py
[2025-04-16T22:53:58.540+1000] {processor.py:925} INFO - DAG(s) 'hello_world' retrieved from /Users/anurag/airflow/dags/simple_hello_world.py
[2025-04-16T22:53:58.796+1000] {logging_mixin.py:190} INFO - [2025-04-16T22:53:58.796+1000] {dag.py:3239} INFO - Sync 1 DAGs
[2025-04-16T22:53:58.807+1000] {logging_mixin.py:190} INFO - [2025-04-16T22:53:58.807+1000] {dag.py:4180} INFO - Setting next_dagrun for hello_world to None, run_after=None
[2025-04-16T22:53:58.822+1000] {processor.py:208} INFO - Processing /Users/anurag/airflow/dags/simple_hello_world.py took 0.310 seconds
[2025-04-16T22:54:30.912+1000] {processor.py:186} INFO - Started process (PID=52030) to work on /Users/anurag/airflow/dags/simple_hello_world.py
[2025-04-16T22:54:30.913+1000] {processor.py:914} INFO - Processing file /Users/anurag/airflow/dags/simple_hello_world.py for tasks to queue
[2025-04-16T22:54:30.914+1000] {logging_mixin.py:190} INFO - [2025-04-16T22:54:30.914+1000] {dagbag.py:588} INFO - Filling up the DagBag from /Users/anurag/airflow/dags/simple_hello_world.py
[2025-04-16T22:54:30.923+1000] {processor.py:925} INFO - DAG(s) 'hello_world' retrieved from /Users/anurag/airflow/dags/simple_hello_world.py
[2025-04-16T22:54:31.118+1000] {logging_mixin.py:190} INFO - [2025-04-16T22:54:31.118+1000] {dag.py:3239} INFO - Sync 1 DAGs
[2025-04-16T22:54:31.128+1000] {logging_mixin.py:190} INFO - [2025-04-16T22:54:31.127+1000] {dag.py:4180} INFO - Setting next_dagrun for hello_world to None, run_after=None
[2025-04-16T22:54:31.145+1000] {processor.py:208} INFO - Processing /Users/anurag/airflow/dags/simple_hello_world.py took 0.241 seconds
[2025-04-16T22:55:05.344+1000] {processor.py:186} INFO - Started process (PID=52093) to work on /Users/anurag/airflow/dags/simple_hello_world.py
[2025-04-16T22:55:05.348+1000] {processor.py:914} INFO - Processing file /Users/anurag/airflow/dags/simple_hello_world.py for tasks to queue
[2025-04-16T22:55:05.349+1000] {logging_mixin.py:190} INFO - [2025-04-16T22:55:05.349+1000] {dagbag.py:588} INFO - Filling up the DagBag from /Users/anurag/airflow/dags/simple_hello_world.py
[2025-04-16T22:55:05.370+1000] {processor.py:925} INFO - DAG(s) 'hello_world' retrieved from /Users/anurag/airflow/dags/simple_hello_world.py
[2025-04-16T22:55:05.697+1000] {logging_mixin.py:190} INFO - [2025-04-16T22:55:05.697+1000] {dag.py:3239} INFO - Sync 1 DAGs
[2025-04-16T22:55:05.709+1000] {logging_mixin.py:190} INFO - [2025-04-16T22:55:05.709+1000] {dag.py:4180} INFO - Setting next_dagrun for hello_world to None, run_after=None
[2025-04-16T22:55:05.729+1000] {processor.py:208} INFO - Processing /Users/anurag/airflow/dags/simple_hello_world.py took 0.393 seconds
[2025-04-16T22:55:38.917+1000] {processor.py:186} INFO - Started process (PID=52162) to work on /Users/anurag/airflow/dags/simple_hello_world.py
[2025-04-16T22:55:38.919+1000] {processor.py:914} INFO - Processing file /Users/anurag/airflow/dags/simple_hello_world.py for tasks to queue
[2025-04-16T22:55:38.920+1000] {logging_mixin.py:190} INFO - [2025-04-16T22:55:38.919+1000] {dagbag.py:588} INFO - Filling up the DagBag from /Users/anurag/airflow/dags/simple_hello_world.py
[2025-04-16T22:55:38.931+1000] {processor.py:925} INFO - DAG(s) 'hello_world' retrieved from /Users/anurag/airflow/dags/simple_hello_world.py
[2025-04-16T22:55:39.150+1000] {logging_mixin.py:190} INFO - [2025-04-16T22:55:39.150+1000] {dag.py:3239} INFO - Sync 1 DAGs
[2025-04-16T22:55:39.161+1000] {logging_mixin.py:190} INFO - [2025-04-16T22:55:39.161+1000] {dag.py:4180} INFO - Setting next_dagrun for hello_world to None, run_after=None
[2025-04-16T22:55:39.182+1000] {processor.py:208} INFO - Processing /Users/anurag/airflow/dags/simple_hello_world.py took 0.271 seconds
[2025-04-16T22:56:12.832+1000] {processor.py:186} INFO - Started process (PID=52228) to work on /Users/anurag/airflow/dags/simple_hello_world.py
[2025-04-16T22:56:12.835+1000] {processor.py:914} INFO - Processing file /Users/anurag/airflow/dags/simple_hello_world.py for tasks to queue
[2025-04-16T22:56:12.837+1000] {logging_mixin.py:190} INFO - [2025-04-16T22:56:12.836+1000] {dagbag.py:588} INFO - Filling up the DagBag from /Users/anurag/airflow/dags/simple_hello_world.py
[2025-04-16T22:56:12.850+1000] {processor.py:925} INFO - DAG(s) 'hello_world' retrieved from /Users/anurag/airflow/dags/simple_hello_world.py
[2025-04-16T22:56:13.121+1000] {logging_mixin.py:190} INFO - [2025-04-16T22:56:13.121+1000] {dag.py:3239} INFO - Sync 1 DAGs
[2025-04-16T22:56:13.131+1000] {logging_mixin.py:190} INFO - [2025-04-16T22:56:13.131+1000] {dag.py:4180} INFO - Setting next_dagrun for hello_world to None, run_after=None
[2025-04-16T22:56:13.148+1000] {processor.py:208} INFO - Processing /Users/anurag/airflow/dags/simple_hello_world.py took 0.321 seconds
[2025-04-16T22:56:49.562+1000] {processor.py:186} INFO - Started process (PID=52300) to work on /Users/anurag/airflow/dags/simple_hello_world.py
[2025-04-16T22:56:49.568+1000] {processor.py:914} INFO - Processing file /Users/anurag/airflow/dags/simple_hello_world.py for tasks to queue
[2025-04-16T22:56:49.570+1000] {logging_mixin.py:190} INFO - [2025-04-16T22:56:49.569+1000] {dagbag.py:588} INFO - Filling up the DagBag from /Users/anurag/airflow/dags/simple_hello_world.py
[2025-04-16T22:56:49.642+1000] {processor.py:925} INFO - DAG(s) 'hello_world' retrieved from /Users/anurag/airflow/dags/simple_hello_world.py
[2025-04-16T22:56:50.525+1000] {logging_mixin.py:190} INFO - [2025-04-16T22:56:50.525+1000] {dag.py:3239} INFO - Sync 1 DAGs
[2025-04-16T22:56:50.554+1000] {logging_mixin.py:190} INFO - [2025-04-16T22:56:50.552+1000] {dag.py:4180} INFO - Setting next_dagrun for hello_world to None, run_after=None
[2025-04-16T22:56:50.610+1000] {processor.py:208} INFO - Processing /Users/anurag/airflow/dags/simple_hello_world.py took 1.057 seconds
[2025-04-16T22:57:24.334+1000] {processor.py:186} INFO - Started process (PID=52396) to work on /Users/anurag/airflow/dags/simple_hello_world.py
[2025-04-16T22:57:24.336+1000] {processor.py:914} INFO - Processing file /Users/anurag/airflow/dags/simple_hello_world.py for tasks to queue
[2025-04-16T22:57:24.338+1000] {logging_mixin.py:190} INFO - [2025-04-16T22:57:24.338+1000] {dagbag.py:588} INFO - Filling up the DagBag from /Users/anurag/airflow/dags/simple_hello_world.py
[2025-04-16T22:57:24.353+1000] {processor.py:925} INFO - DAG(s) 'hello_world' retrieved from /Users/anurag/airflow/dags/simple_hello_world.py
[2025-04-16T22:57:24.642+1000] {logging_mixin.py:190} INFO - [2025-04-16T22:57:24.642+1000] {dag.py:3239} INFO - Sync 1 DAGs
[2025-04-16T22:57:24.654+1000] {logging_mixin.py:190} INFO - [2025-04-16T22:57:24.654+1000] {dag.py:4180} INFO - Setting next_dagrun for hello_world to None, run_after=None
[2025-04-16T22:57:24.675+1000] {processor.py:208} INFO - Processing /Users/anurag/airflow/dags/simple_hello_world.py took 0.351 seconds
[2025-04-16T22:57:56.846+1000] {processor.py:186} INFO - Started process (PID=52471) to work on /Users/anurag/airflow/dags/simple_hello_world.py
[2025-04-16T22:57:56.847+1000] {processor.py:914} INFO - Processing file /Users/anurag/airflow/dags/simple_hello_world.py for tasks to queue
[2025-04-16T22:57:56.848+1000] {logging_mixin.py:190} INFO - [2025-04-16T22:57:56.848+1000] {dagbag.py:588} INFO - Filling up the DagBag from /Users/anurag/airflow/dags/simple_hello_world.py
[2025-04-16T22:57:56.857+1000] {processor.py:925} INFO - DAG(s) 'hello_world' retrieved from /Users/anurag/airflow/dags/simple_hello_world.py
[2025-04-16T22:57:57.036+1000] {logging_mixin.py:190} INFO - [2025-04-16T22:57:57.036+1000] {dag.py:3239} INFO - Sync 1 DAGs
[2025-04-16T22:57:57.045+1000] {logging_mixin.py:190} INFO - [2025-04-16T22:57:57.045+1000] {dag.py:4180} INFO - Setting next_dagrun for hello_world to None, run_after=None
[2025-04-16T22:57:57.061+1000] {processor.py:208} INFO - Processing /Users/anurag/airflow/dags/simple_hello_world.py took 0.221 seconds
[2025-04-16T22:58:30.694+1000] {processor.py:186} INFO - Started process (PID=52545) to work on /Users/anurag/airflow/dags/simple_hello_world.py
[2025-04-16T22:58:30.696+1000] {processor.py:914} INFO - Processing file /Users/anurag/airflow/dags/simple_hello_world.py for tasks to queue
[2025-04-16T22:58:30.698+1000] {logging_mixin.py:190} INFO - [2025-04-16T22:58:30.697+1000] {dagbag.py:588} INFO - Filling up the DagBag from /Users/anurag/airflow/dags/simple_hello_world.py
[2025-04-16T22:58:30.712+1000] {processor.py:925} INFO - DAG(s) 'hello_world' retrieved from /Users/anurag/airflow/dags/simple_hello_world.py
[2025-04-16T22:58:30.993+1000] {logging_mixin.py:190} INFO - [2025-04-16T22:58:30.993+1000] {dag.py:3239} INFO - Sync 1 DAGs
[2025-04-16T22:58:31.006+1000] {logging_mixin.py:190} INFO - [2025-04-16T22:58:31.006+1000] {dag.py:4180} INFO - Setting next_dagrun for hello_world to None, run_after=None
[2025-04-16T22:58:31.030+1000] {processor.py:208} INFO - Processing /Users/anurag/airflow/dags/simple_hello_world.py took 0.345 seconds
[2025-04-16T22:59:05.189+1000] {processor.py:186} INFO - Started process (PID=52632) to work on /Users/anurag/airflow/dags/simple_hello_world.py
[2025-04-16T22:59:05.190+1000] {processor.py:914} INFO - Processing file /Users/anurag/airflow/dags/simple_hello_world.py for tasks to queue
[2025-04-16T22:59:05.192+1000] {logging_mixin.py:190} INFO - [2025-04-16T22:59:05.191+1000] {dagbag.py:588} INFO - Filling up the DagBag from /Users/anurag/airflow/dags/simple_hello_world.py
[2025-04-16T22:59:05.207+1000] {processor.py:925} INFO - DAG(s) 'hello_world' retrieved from /Users/anurag/airflow/dags/simple_hello_world.py
[2025-04-16T22:59:05.558+1000] {logging_mixin.py:190} INFO - [2025-04-16T22:59:05.558+1000] {dag.py:3239} INFO - Sync 1 DAGs
[2025-04-16T22:59:05.573+1000] {logging_mixin.py:190} INFO - [2025-04-16T22:59:05.573+1000] {dag.py:4180} INFO - Setting next_dagrun for hello_world to None, run_after=None
[2025-04-16T22:59:05.602+1000] {processor.py:208} INFO - Processing /Users/anurag/airflow/dags/simple_hello_world.py took 0.420 seconds
[2025-04-16T22:59:39.658+1000] {processor.py:186} INFO - Started process (PID=52705) to work on /Users/anurag/airflow/dags/simple_hello_world.py
[2025-04-16T22:59:39.661+1000] {processor.py:914} INFO - Processing file /Users/anurag/airflow/dags/simple_hello_world.py for tasks to queue
[2025-04-16T22:59:39.662+1000] {logging_mixin.py:190} INFO - [2025-04-16T22:59:39.662+1000] {dagbag.py:588} INFO - Filling up the DagBag from /Users/anurag/airflow/dags/simple_hello_world.py
[2025-04-16T22:59:39.678+1000] {processor.py:925} INFO - DAG(s) 'hello_world' retrieved from /Users/anurag/airflow/dags/simple_hello_world.py
[2025-04-16T22:59:40.051+1000] {logging_mixin.py:190} INFO - [2025-04-16T22:59:40.050+1000] {dag.py:3239} INFO - Sync 1 DAGs
[2025-04-16T22:59:40.068+1000] {logging_mixin.py:190} INFO - [2025-04-16T22:59:40.067+1000] {dag.py:4180} INFO - Setting next_dagrun for hello_world to None, run_after=None
[2025-04-16T22:59:40.094+1000] {processor.py:208} INFO - Processing /Users/anurag/airflow/dags/simple_hello_world.py took 0.444 seconds
[2025-04-16T23:00:15.482+1000] {processor.py:186} INFO - Started process (PID=52795) to work on /Users/anurag/airflow/dags/simple_hello_world.py
[2025-04-16T23:00:15.486+1000] {processor.py:914} INFO - Processing file /Users/anurag/airflow/dags/simple_hello_world.py for tasks to queue
[2025-04-16T23:00:15.489+1000] {logging_mixin.py:190} INFO - [2025-04-16T23:00:15.487+1000] {dagbag.py:588} INFO - Filling up the DagBag from /Users/anurag/airflow/dags/simple_hello_world.py
[2025-04-16T23:00:15.513+1000] {processor.py:925} INFO - DAG(s) 'hello_world' retrieved from /Users/anurag/airflow/dags/simple_hello_world.py
[2025-04-16T23:00:16.052+1000] {logging_mixin.py:190} INFO - [2025-04-16T23:00:16.052+1000] {dag.py:3239} INFO - Sync 1 DAGs
[2025-04-16T23:00:16.074+1000] {logging_mixin.py:190} INFO - [2025-04-16T23:00:16.074+1000] {dag.py:4180} INFO - Setting next_dagrun for hello_world to None, run_after=None
[2025-04-16T23:00:16.110+1000] {processor.py:208} INFO - Processing /Users/anurag/airflow/dags/simple_hello_world.py took 0.645 seconds
[2025-04-16T23:00:24.166+1000] {processor.py:186} INFO - Started process (PID=52816) to work on /Users/anurag/airflow/dags/simple_hello_world.py
[2025-04-16T23:00:24.168+1000] {processor.py:914} INFO - Processing file /Users/anurag/airflow/dags/simple_hello_world.py for tasks to queue
[2025-04-16T23:00:24.169+1000] {logging_mixin.py:190} INFO - [2025-04-16T23:00:24.169+1000] {dagbag.py:588} INFO - Filling up the DagBag from /Users/anurag/airflow/dags/simple_hello_world.py
[2025-04-16T23:00:24.192+1000] {processor.py:925} INFO - DAG(s) 'hello_world' retrieved from /Users/anurag/airflow/dags/simple_hello_world.py
[2025-04-16T23:00:24.201+1000] {logging_mixin.py:190} INFO - [2025-04-16T23:00:24.200+1000] {dag.py:3239} INFO - Sync 1 DAGs
[2025-04-16T23:00:24.412+1000] {logging_mixin.py:190} INFO - [2025-04-16T23:00:24.412+1000] {dag.py:4180} INFO - Setting next_dagrun for hello_world to 2025-04-16 00:00:00+00:00, run_after=2025-04-17 00:00:00+00:00
[2025-04-16T23:00:24.445+1000] {processor.py:208} INFO - Processing /Users/anurag/airflow/dags/simple_hello_world.py took 0.288 seconds
[2025-04-16T23:00:58.444+1000] {processor.py:186} INFO - Started process (PID=52904) to work on /Users/anurag/airflow/dags/simple_hello_world.py
[2025-04-16T23:00:58.463+1000] {processor.py:914} INFO - Processing file /Users/anurag/airflow/dags/simple_hello_world.py for tasks to queue
[2025-04-16T23:00:58.464+1000] {logging_mixin.py:190} INFO - [2025-04-16T23:00:58.464+1000] {dagbag.py:588} INFO - Filling up the DagBag from /Users/anurag/airflow/dags/simple_hello_world.py
[2025-04-16T23:00:58.492+1000] {processor.py:925} INFO - DAG(s) 'hello_world' retrieved from /Users/anurag/airflow/dags/simple_hello_world.py
[2025-04-16T23:00:58.940+1000] {logging_mixin.py:190} INFO - [2025-04-16T23:00:58.940+1000] {dag.py:3239} INFO - Sync 1 DAGs
[2025-04-16T23:00:58.967+1000] {logging_mixin.py:190} INFO - [2025-04-16T23:00:58.967+1000] {dag.py:4180} INFO - Setting next_dagrun for hello_world to 2025-04-16 00:00:00+00:00, run_after=2025-04-17 00:00:00+00:00
[2025-04-16T23:00:59.002+1000] {processor.py:208} INFO - Processing /Users/anurag/airflow/dags/simple_hello_world.py took 0.564 seconds
[2025-04-16T23:01:04.325+1000] {processor.py:186} INFO - Started process (PID=52920) to work on /Users/anurag/airflow/dags/simple_hello_world.py
[2025-04-16T23:01:04.326+1000] {processor.py:914} INFO - Processing file /Users/anurag/airflow/dags/simple_hello_world.py for tasks to queue
[2025-04-16T23:01:04.327+1000] {logging_mixin.py:190} INFO - [2025-04-16T23:01:04.327+1000] {dagbag.py:588} INFO - Filling up the DagBag from /Users/anurag/airflow/dags/simple_hello_world.py
[2025-04-16T23:01:04.341+1000] {processor.py:925} INFO - DAG(s) 'hello_world' retrieved from /Users/anurag/airflow/dags/simple_hello_world.py
[2025-04-16T23:01:04.348+1000] {logging_mixin.py:190} INFO - [2025-04-16T23:01:04.348+1000] {dag.py:3239} INFO - Sync 1 DAGs
[2025-04-16T23:01:04.565+1000] {logging_mixin.py:190} INFO - [2025-04-16T23:01:04.564+1000] {dag.py:4180} INFO - Setting next_dagrun for hello_world to 2025-04-16 00:00:00+00:00, run_after=2025-04-17 00:00:00+00:00
[2025-04-16T23:01:04.591+1000] {processor.py:208} INFO - Processing /Users/anurag/airflow/dags/simple_hello_world.py took 0.272 seconds
[2025-04-16T23:01:15.366+1000] {processor.py:186} INFO - Started process (PID=52946) to work on /Users/anurag/airflow/dags/simple_hello_world.py
[2025-04-16T23:01:15.368+1000] {processor.py:914} INFO - Processing file /Users/anurag/airflow/dags/simple_hello_world.py for tasks to queue
[2025-04-16T23:01:15.371+1000] {logging_mixin.py:190} INFO - [2025-04-16T23:01:15.370+1000] {dagbag.py:588} INFO - Filling up the DagBag from /Users/anurag/airflow/dags/simple_hello_world.py
[2025-04-16T23:01:15.390+1000] {processor.py:925} INFO - DAG(s) 'hello_world' retrieved from /Users/anurag/airflow/dags/simple_hello_world.py
[2025-04-16T23:01:15.399+1000] {logging_mixin.py:190} INFO - [2025-04-16T23:01:15.399+1000] {dag.py:3239} INFO - Sync 1 DAGs
[2025-04-16T23:01:15.630+1000] {logging_mixin.py:190} INFO - [2025-04-16T23:01:15.630+1000] {dag.py:4180} INFO - Setting next_dagrun for hello_world to 2025-04-16 00:00:00+00:00, run_after=2025-04-17 00:00:00+00:00
[2025-04-16T23:01:15.670+1000] {processor.py:208} INFO - Processing /Users/anurag/airflow/dags/simple_hello_world.py took 0.313 seconds
[2025-04-16T23:01:51.012+1000] {processor.py:186} INFO - Started process (PID=53027) to work on /Users/anurag/airflow/dags/simple_hello_world.py
[2025-04-16T23:01:51.014+1000] {processor.py:914} INFO - Processing file /Users/anurag/airflow/dags/simple_hello_world.py for tasks to queue
[2025-04-16T23:01:51.016+1000] {logging_mixin.py:190} INFO - [2025-04-16T23:01:51.016+1000] {dagbag.py:588} INFO - Filling up the DagBag from /Users/anurag/airflow/dags/simple_hello_world.py
[2025-04-16T23:01:51.033+1000] {processor.py:925} INFO - DAG(s) 'hello_world' retrieved from /Users/anurag/airflow/dags/simple_hello_world.py
[2025-04-16T23:01:51.591+1000] {logging_mixin.py:190} INFO - [2025-04-16T23:01:51.590+1000] {dag.py:3239} INFO - Sync 1 DAGs
[2025-04-16T23:01:51.633+1000] {logging_mixin.py:190} INFO - [2025-04-16T23:01:51.633+1000] {dag.py:4180} INFO - Setting next_dagrun for hello_world to 2025-04-16 00:00:00+00:00, run_after=2025-04-17 00:00:00+00:00
[2025-04-16T23:01:51.682+1000] {processor.py:208} INFO - Processing /Users/anurag/airflow/dags/simple_hello_world.py took 0.679 seconds
[2025-04-16T23:02:29.070+1000] {processor.py:186} INFO - Started process (PID=53120) to work on /Users/anurag/airflow/dags/simple_hello_world.py
[2025-04-16T23:02:29.073+1000] {processor.py:914} INFO - Processing file /Users/anurag/airflow/dags/simple_hello_world.py for tasks to queue
[2025-04-16T23:02:29.075+1000] {logging_mixin.py:190} INFO - [2025-04-16T23:02:29.075+1000] {dagbag.py:588} INFO - Filling up the DagBag from /Users/anurag/airflow/dags/simple_hello_world.py
[2025-04-16T23:02:29.098+1000] {processor.py:925} INFO - DAG(s) 'hello_world' retrieved from /Users/anurag/airflow/dags/simple_hello_world.py
[2025-04-16T23:02:29.623+1000] {logging_mixin.py:190} INFO - [2025-04-16T23:02:29.623+1000] {dag.py:3239} INFO - Sync 1 DAGs
[2025-04-16T23:02:29.666+1000] {logging_mixin.py:190} INFO - [2025-04-16T23:02:29.665+1000] {dag.py:4180} INFO - Setting next_dagrun for hello_world to 2025-04-16 00:00:00+00:00, run_after=2025-04-17 00:00:00+00:00
[2025-04-16T23:02:29.707+1000] {processor.py:208} INFO - Processing /Users/anurag/airflow/dags/simple_hello_world.py took 0.649 seconds
