[2025-04-18T16:32:20.434+1000] {local_task_job_runner.py:123} INFO - ::group::Pre task execution logs
[2025-04-18T16:32:20.499+1000] {taskinstance.py:2614} INFO - Dependencies all met for dep_context=non-requeueable deps ti=<TaskInstance: executing_multiple_tasks.taskB scheduled__2025-04-17T06:31:44.326860+00:00 [queued]>
[2025-04-18T16:32:20.554+1000] {taskinstance.py:2614} INFO - Dependencies all met for dep_context=requeueable deps ti=<TaskInstance: executing_multiple_tasks.taskB scheduled__2025-04-17T06:31:44.326860+00:00 [queued]>
[2025-04-18T16:32:20.556+1000] {taskinstance.py:2867} INFO - Starting attempt 1 of 1
[2025-04-18T16:32:20.606+1000] {taskinstance.py:2890} INFO - Executing <Task(BashOperator): taskB> on 2025-04-17 06:31:44.326860+00:00
[2025-04-18T16:32:20.622+1000] {standard_task_runner.py:72} INFO - Started process 83382 to run task
[2025-04-18T16:32:20.643+1000] {standard_task_runner.py:104} INFO - Running: ['airflow', 'tasks', 'run', 'executing_multiple_tasks', 'taskB', 'scheduled__2025-04-17T06:31:44.326860+00:00', '--job-id', '15', '--raw', '--subdir', 'DAGS_FOLDER/execute_multiple_tasks.py', '--cfg-path', '/var/folders/05/dgx_ky6d3n9f_vxn26lcln1h0000gn/T/tmpl68oiq30']
[2025-04-18T16:32:20.659+1000] {standard_task_runner.py:105} INFO - Job 15: Subtask taskB
[2025-04-18T16:32:20.845+1000] {task_command.py:467} INFO - Running <TaskInstance: executing_multiple_tasks.taskB scheduled__2025-04-17T06:31:44.326860+00:00 [running]> on host anurags-macbook-pro.local
[2025-04-18T16:32:21.076+1000] {taskinstance.py:3134} INFO - Exporting env vars: AIRFLOW_CTX_DAG_OWNER='anuragthakur' AIRFLOW_CTX_DAG_ID='executing_multiple_tasks' AIRFLOW_CTX_TASK_ID='taskB' AIRFLOW_CTX_EXECUTION_DATE='2025-04-17T06:31:44.326860+00:00' AIRFLOW_CTX_TRY_NUMBER='1' AIRFLOW_CTX_DAG_RUN_ID='scheduled__2025-04-17T06:31:44.326860+00:00'
[2025-04-18T16:32:21.079+1000] {taskinstance.py:732} INFO - ::endgroup::
[2025-04-18T16:32:21.145+1000] {subprocess.py:78} INFO - Tmp dir root location: /var/folders/05/dgx_ky6d3n9f_vxn26lcln1h0000gn/T
[2025-04-18T16:32:21.149+1000] {subprocess.py:88} INFO - Running command: ['/bin/bash', '-c', 'echo TASK B has executed']
[2025-04-18T16:32:21.172+1000] {subprocess.py:99} INFO - Output:
[2025-04-18T16:32:21.188+1000] {subprocess.py:106} INFO - TASK B has executed
[2025-04-18T16:32:21.191+1000] {subprocess.py:110} INFO - Command exited with return code 0
[2025-04-18T16:32:21.262+1000] {taskinstance.py:341} INFO - ::group::Post task execution logs
[2025-04-18T16:32:21.266+1000] {taskinstance.py:353} INFO - Marking task as SUCCESS. dag_id=executing_multiple_tasks, task_id=taskB, run_id=scheduled__2025-04-17T06:31:44.326860+00:00, execution_date=20250417T063144, start_date=20250418T063220, end_date=20250418T063221
[2025-04-18T16:32:21.344+1000] {local_task_job_runner.py:266} INFO - Task exited with return code 0
[2025-04-18T16:32:21.388+1000] {taskinstance.py:3901} INFO - 0 downstream tasks scheduled from follow-on schedule check
[2025-04-18T16:32:21.390+1000] {local_task_job_runner.py:245} INFO - ::endgroup::
