[2025-04-16T21:26:42.149+1000] {processor.py:186} INFO - Started process (PID=88874) to work on /Users/anurag/Desktop/Self/Coding Projects/learning-airflow/python37/lib/python3.12/site-packages/airflow/example_dags/example_task_group_decorator.py
[2025-04-16T21:26:42.151+1000] {processor.py:914} INFO - Processing file /Users/anurag/Desktop/Self/Coding Projects/learning-airflow/python37/lib/python3.12/site-packages/airflow/example_dags/example_task_group_decorator.py for tasks to queue
[2025-04-16T21:26:42.152+1000] {logging_mixin.py:190} INFO - [2025-04-16T21:26:42.152+1000] {dagbag.py:588} INFO - Filling up the DagBag from /Users/anurag/Desktop/Self/Coding Projects/learning-airflow/python37/lib/python3.12/site-packages/airflow/example_dags/example_task_group_decorator.py
[2025-04-16T21:26:42.192+1000] {processor.py:925} INFO - DAG(s) 'example_task_group_decorator' retrieved from /Users/anurag/Desktop/Self/Coding Projects/learning-airflow/python37/lib/python3.12/site-packages/airflow/example_dags/example_task_group_decorator.py
[2025-04-16T21:26:42.381+1000] {logging_mixin.py:190} INFO - [2025-04-16T21:26:42.381+1000] {override.py:1930} INFO - Created Permission View: can edit on DAG:example_task_group_decorator
[2025-04-16T21:26:42.390+1000] {logging_mixin.py:190} INFO - [2025-04-16T21:26:42.390+1000] {override.py:1930} INFO - Created Permission View: can read on DAG:example_task_group_decorator
[2025-04-16T21:26:42.398+1000] {logging_mixin.py:190} INFO - [2025-04-16T21:26:42.397+1000] {override.py:1930} INFO - Created Permission View: can delete on DAG:example_task_group_decorator
[2025-04-16T21:26:42.408+1000] {logging_mixin.py:190} INFO - [2025-04-16T21:26:42.407+1000] {override.py:1930} INFO - Created Permission View: menu access on DAG Run:example_task_group_decorator
[2025-04-16T21:26:42.417+1000] {logging_mixin.py:190} INFO - [2025-04-16T21:26:42.416+1000] {override.py:1930} INFO - Created Permission View: can delete on DAG Run:example_task_group_decorator
[2025-04-16T21:26:42.424+1000] {logging_mixin.py:190} INFO - [2025-04-16T21:26:42.424+1000] {override.py:1930} INFO - Created Permission View: can read on DAG Run:example_task_group_decorator
[2025-04-16T21:26:42.431+1000] {logging_mixin.py:190} INFO - [2025-04-16T21:26:42.431+1000] {override.py:1930} INFO - Created Permission View: can create on DAG Run:example_task_group_decorator
[2025-04-16T21:26:42.432+1000] {logging_mixin.py:190} INFO - [2025-04-16T21:26:42.432+1000] {dag.py:3239} INFO - Sync 1 DAGs
[2025-04-16T21:26:42.447+1000] {logging_mixin.py:190} INFO - [2025-04-16T21:26:42.446+1000] {dag.py:3262} INFO - Creating ORM DAG for example_task_group_decorator
[2025-04-16T21:26:42.447+1000] {logging_mixin.py:190} INFO - [2025-04-16T21:26:42.447+1000] {dag.py:4180} INFO - Setting next_dagrun for example_task_group_decorator to None, run_after=None
[2025-04-16T21:26:42.543+1000] {processor.py:208} INFO - Processing /Users/anurag/Desktop/Self/Coding Projects/learning-airflow/python37/lib/python3.12/site-packages/airflow/example_dags/example_task_group_decorator.py took 0.398 seconds
[2025-04-16T21:30:03.943+1000] {processor.py:186} INFO - Started process (PID=89460) to work on /Users/anurag/Desktop/Self/Coding Projects/learning-airflow/python37/lib/python3.12/site-packages/airflow/example_dags/example_task_group_decorator.py
[2025-04-16T21:30:03.945+1000] {processor.py:914} INFO - Processing file /Users/anurag/Desktop/Self/Coding Projects/learning-airflow/python37/lib/python3.12/site-packages/airflow/example_dags/example_task_group_decorator.py for tasks to queue
[2025-04-16T21:30:03.946+1000] {logging_mixin.py:190} INFO - [2025-04-16T21:30:03.946+1000] {dagbag.py:588} INFO - Filling up the DagBag from /Users/anurag/Desktop/Self/Coding Projects/learning-airflow/python37/lib/python3.12/site-packages/airflow/example_dags/example_task_group_decorator.py
[2025-04-16T21:30:03.987+1000] {processor.py:925} INFO - DAG(s) 'example_task_group_decorator' retrieved from /Users/anurag/Desktop/Self/Coding Projects/learning-airflow/python37/lib/python3.12/site-packages/airflow/example_dags/example_task_group_decorator.py
[2025-04-16T21:30:04.086+1000] {logging_mixin.py:190} INFO - [2025-04-16T21:30:04.085+1000] {dag.py:3239} INFO - Sync 1 DAGs
[2025-04-16T21:30:04.096+1000] {logging_mixin.py:190} INFO - [2025-04-16T21:30:04.096+1000] {dag.py:4180} INFO - Setting next_dagrun for example_task_group_decorator to None, run_after=None
[2025-04-16T21:30:04.112+1000] {processor.py:208} INFO - Processing /Users/anurag/Desktop/Self/Coding Projects/learning-airflow/python37/lib/python3.12/site-packages/airflow/example_dags/example_task_group_decorator.py took 0.174 seconds
[2025-04-16T21:32:26.695+1000] {processor.py:186} INFO - Started process (PID=89832) to work on /Users/anurag/Desktop/Self/Coding Projects/learning-airflow/python37/lib/python3.12/site-packages/airflow/example_dags/example_task_group_decorator.py
[2025-04-16T21:32:26.696+1000] {processor.py:914} INFO - Processing file /Users/anurag/Desktop/Self/Coding Projects/learning-airflow/python37/lib/python3.12/site-packages/airflow/example_dags/example_task_group_decorator.py for tasks to queue
[2025-04-16T21:32:26.697+1000] {logging_mixin.py:190} INFO - [2025-04-16T21:32:26.696+1000] {dagbag.py:588} INFO - Filling up the DagBag from /Users/anurag/Desktop/Self/Coding Projects/learning-airflow/python37/lib/python3.12/site-packages/airflow/example_dags/example_task_group_decorator.py
[2025-04-16T21:32:26.735+1000] {processor.py:925} INFO - DAG(s) 'example_task_group_decorator' retrieved from /Users/anurag/Desktop/Self/Coding Projects/learning-airflow/python37/lib/python3.12/site-packages/airflow/example_dags/example_task_group_decorator.py
[2025-04-16T21:32:26.824+1000] {logging_mixin.py:190} INFO - [2025-04-16T21:32:26.824+1000] {dag.py:3239} INFO - Sync 1 DAGs
[2025-04-16T21:32:26.834+1000] {logging_mixin.py:190} INFO - [2025-04-16T21:32:26.833+1000] {dag.py:4180} INFO - Setting next_dagrun for example_task_group_decorator to None, run_after=None
[2025-04-16T21:32:26.850+1000] {processor.py:208} INFO - Processing /Users/anurag/Desktop/Self/Coding Projects/learning-airflow/python37/lib/python3.12/site-packages/airflow/example_dags/example_task_group_decorator.py took 0.159 seconds
[2025-04-16T21:36:11.384+1000] {processor.py:186} INFO - Started process (PID=90408) to work on /Users/anurag/Desktop/Self/Coding Projects/learning-airflow/python37/lib/python3.12/site-packages/airflow/example_dags/example_task_group_decorator.py
[2025-04-16T21:36:11.392+1000] {processor.py:914} INFO - Processing file /Users/anurag/Desktop/Self/Coding Projects/learning-airflow/python37/lib/python3.12/site-packages/airflow/example_dags/example_task_group_decorator.py for tasks to queue
[2025-04-16T21:36:11.395+1000] {logging_mixin.py:190} INFO - [2025-04-16T21:36:11.394+1000] {dagbag.py:588} INFO - Filling up the DagBag from /Users/anurag/Desktop/Self/Coding Projects/learning-airflow/python37/lib/python3.12/site-packages/airflow/example_dags/example_task_group_decorator.py
[2025-04-16T21:36:11.494+1000] {processor.py:925} INFO - DAG(s) 'example_task_group_decorator' retrieved from /Users/anurag/Desktop/Self/Coding Projects/learning-airflow/python37/lib/python3.12/site-packages/airflow/example_dags/example_task_group_decorator.py
[2025-04-16T21:36:11.745+1000] {logging_mixin.py:190} INFO - [2025-04-16T21:36:11.744+1000] {dag.py:3239} INFO - Sync 1 DAGs
[2025-04-16T21:36:11.770+1000] {logging_mixin.py:190} INFO - [2025-04-16T21:36:11.770+1000] {dag.py:4180} INFO - Setting next_dagrun for example_task_group_decorator to None, run_after=None
[2025-04-16T21:36:11.815+1000] {processor.py:208} INFO - Processing /Users/anurag/Desktop/Self/Coding Projects/learning-airflow/python37/lib/python3.12/site-packages/airflow/example_dags/example_task_group_decorator.py took 0.442 seconds
[2025-04-16T21:39:43.843+1000] {processor.py:186} INFO - Started process (PID=90925) to work on /Users/anurag/Desktop/Self/Coding Projects/learning-airflow/python37/lib/python3.12/site-packages/airflow/example_dags/example_task_group_decorator.py
[2025-04-16T21:39:43.845+1000] {processor.py:914} INFO - Processing file /Users/anurag/Desktop/Self/Coding Projects/learning-airflow/python37/lib/python3.12/site-packages/airflow/example_dags/example_task_group_decorator.py for tasks to queue
[2025-04-16T21:39:43.847+1000] {logging_mixin.py:190} INFO - [2025-04-16T21:39:43.846+1000] {dagbag.py:588} INFO - Filling up the DagBag from /Users/anurag/Desktop/Self/Coding Projects/learning-airflow/python37/lib/python3.12/site-packages/airflow/example_dags/example_task_group_decorator.py
[2025-04-16T21:39:43.888+1000] {processor.py:925} INFO - DAG(s) 'example_task_group_decorator' retrieved from /Users/anurag/Desktop/Self/Coding Projects/learning-airflow/python37/lib/python3.12/site-packages/airflow/example_dags/example_task_group_decorator.py
[2025-04-16T21:39:43.982+1000] {logging_mixin.py:190} INFO - [2025-04-16T21:39:43.981+1000] {dag.py:3239} INFO - Sync 1 DAGs
[2025-04-16T21:39:43.991+1000] {logging_mixin.py:190} INFO - [2025-04-16T21:39:43.991+1000] {dag.py:4180} INFO - Setting next_dagrun for example_task_group_decorator to None, run_after=None
[2025-04-16T21:39:44.006+1000] {processor.py:208} INFO - Processing /Users/anurag/Desktop/Self/Coding Projects/learning-airflow/python37/lib/python3.12/site-packages/airflow/example_dags/example_task_group_decorator.py took 0.166 seconds
[2025-04-16T21:42:03.124+1000] {processor.py:186} INFO - Started process (PID=91286) to work on /Users/anurag/Desktop/Self/Coding Projects/learning-airflow/python37/lib/python3.12/site-packages/airflow/example_dags/example_task_group_decorator.py
[2025-04-16T21:42:03.125+1000] {processor.py:914} INFO - Processing file /Users/anurag/Desktop/Self/Coding Projects/learning-airflow/python37/lib/python3.12/site-packages/airflow/example_dags/example_task_group_decorator.py for tasks to queue
[2025-04-16T21:42:03.126+1000] {logging_mixin.py:190} INFO - [2025-04-16T21:42:03.126+1000] {dagbag.py:588} INFO - Filling up the DagBag from /Users/anurag/Desktop/Self/Coding Projects/learning-airflow/python37/lib/python3.12/site-packages/airflow/example_dags/example_task_group_decorator.py
[2025-04-16T21:42:03.164+1000] {processor.py:925} INFO - DAG(s) 'example_task_group_decorator' retrieved from /Users/anurag/Desktop/Self/Coding Projects/learning-airflow/python37/lib/python3.12/site-packages/airflow/example_dags/example_task_group_decorator.py
[2025-04-16T21:42:03.256+1000] {logging_mixin.py:190} INFO - [2025-04-16T21:42:03.256+1000] {dag.py:3239} INFO - Sync 1 DAGs
[2025-04-16T21:42:03.267+1000] {logging_mixin.py:190} INFO - [2025-04-16T21:42:03.267+1000] {dag.py:4180} INFO - Setting next_dagrun for example_task_group_decorator to None, run_after=None
[2025-04-16T21:42:03.291+1000] {processor.py:208} INFO - Processing /Users/anurag/Desktop/Self/Coding Projects/learning-airflow/python37/lib/python3.12/site-packages/airflow/example_dags/example_task_group_decorator.py took 0.170 seconds
[2025-04-16T21:44:48.677+1000] {processor.py:186} INFO - Started process (PID=6686) to work on /Users/anurag/Desktop/Self/Coding Projects/learning-airflow/python37/lib/python3.12/site-packages/airflow/example_dags/example_task_group_decorator.py
[2025-04-16T21:44:48.680+1000] {processor.py:914} INFO - Processing file /Users/anurag/Desktop/Self/Coding Projects/learning-airflow/python37/lib/python3.12/site-packages/airflow/example_dags/example_task_group_decorator.py for tasks to queue
[2025-04-16T21:44:48.681+1000] {logging_mixin.py:190} INFO - [2025-04-16T21:44:48.681+1000] {dagbag.py:588} INFO - Filling up the DagBag from /Users/anurag/Desktop/Self/Coding Projects/learning-airflow/python37/lib/python3.12/site-packages/airflow/example_dags/example_task_group_decorator.py
[2025-04-16T21:44:48.735+1000] {processor.py:925} INFO - DAG(s) 'example_task_group_decorator' retrieved from /Users/anurag/Desktop/Self/Coding Projects/learning-airflow/python37/lib/python3.12/site-packages/airflow/example_dags/example_task_group_decorator.py
[2025-04-16T21:44:48.867+1000] {logging_mixin.py:190} INFO - [2025-04-16T21:44:48.867+1000] {dag.py:3239} INFO - Sync 1 DAGs
[2025-04-16T21:44:48.880+1000] {logging_mixin.py:190} INFO - [2025-04-16T21:44:48.880+1000] {dag.py:4180} INFO - Setting next_dagrun for example_task_group_decorator to None, run_after=None
[2025-04-16T21:44:48.905+1000] {processor.py:208} INFO - Processing /Users/anurag/Desktop/Self/Coding Projects/learning-airflow/python37/lib/python3.12/site-packages/airflow/example_dags/example_task_group_decorator.py took 0.233 seconds
