[2025-04-16T21:27:11.990+1000] {processor.py:186} INFO - Started process (PID=88942) to work on /Users/anurag/Desktop/Self/Coding Projects/learning-airflow/python37/lib/python3.12/site-packages/airflow/example_dags/example_short_circuit_decorator.py
[2025-04-16T21:27:11.993+1000] {processor.py:914} INFO - Processing file /Users/anurag/Desktop/Self/Coding Projects/learning-airflow/python37/lib/python3.12/site-packages/airflow/example_dags/example_short_circuit_decorator.py for tasks to queue
[2025-04-16T21:27:11.995+1000] {logging_mixin.py:190} INFO - [2025-04-16T21:27:11.995+1000] {dagbag.py:588} INFO - Filling up the DagBag from /Users/anurag/Desktop/Self/Coding Projects/learning-airflow/python37/lib/python3.12/site-packages/airflow/example_dags/example_short_circuit_decorator.py
[2025-04-16T21:27:12.058+1000] {processor.py:925} INFO - DAG(s) 'example_short_circuit_decorator' retrieved from /Users/anurag/Desktop/Self/Coding Projects/learning-airflow/python37/lib/python3.12/site-packages/airflow/example_dags/example_short_circuit_decorator.py
[2025-04-16T21:27:12.292+1000] {logging_mixin.py:190} INFO - [2025-04-16T21:27:12.291+1000] {override.py:1930} INFO - Created Permission View: can edit on DAG:example_short_circuit_decorator
[2025-04-16T21:27:12.302+1000] {logging_mixin.py:190} INFO - [2025-04-16T21:27:12.301+1000] {override.py:1930} INFO - Created Permission View: can delete on DAG:example_short_circuit_decorator
[2025-04-16T21:27:12.310+1000] {logging_mixin.py:190} INFO - [2025-04-16T21:27:12.309+1000] {override.py:1930} INFO - Created Permission View: can read on DAG:example_short_circuit_decorator
[2025-04-16T21:27:12.318+1000] {logging_mixin.py:190} INFO - [2025-04-16T21:27:12.317+1000] {override.py:1930} INFO - Created Permission View: menu access on DAG Run:example_short_circuit_decorator
[2025-04-16T21:27:12.324+1000] {logging_mixin.py:190} INFO - [2025-04-16T21:27:12.324+1000] {override.py:1930} INFO - Created Permission View: can delete on DAG Run:example_short_circuit_decorator
[2025-04-16T21:27:12.331+1000] {logging_mixin.py:190} INFO - [2025-04-16T21:27:12.331+1000] {override.py:1930} INFO - Created Permission View: can create on DAG Run:example_short_circuit_decorator
[2025-04-16T21:27:12.338+1000] {logging_mixin.py:190} INFO - [2025-04-16T21:27:12.338+1000] {override.py:1930} INFO - Created Permission View: can read on DAG Run:example_short_circuit_decorator
[2025-04-16T21:27:12.339+1000] {logging_mixin.py:190} INFO - [2025-04-16T21:27:12.339+1000] {dag.py:3239} INFO - Sync 1 DAGs
[2025-04-16T21:27:12.351+1000] {logging_mixin.py:190} INFO - [2025-04-16T21:27:12.351+1000] {dag.py:3262} INFO - Creating ORM DAG for example_short_circuit_decorator
[2025-04-16T21:27:12.352+1000] {logging_mixin.py:190} INFO - [2025-04-16T21:27:12.352+1000] {dag.py:4180} INFO - Setting next_dagrun for example_short_circuit_decorator to None, run_after=None
[2025-04-16T21:27:12.449+1000] {processor.py:208} INFO - Processing /Users/anurag/Desktop/Self/Coding Projects/learning-airflow/python37/lib/python3.12/site-packages/airflow/example_dags/example_short_circuit_decorator.py took 0.465 seconds
[2025-04-16T21:30:20.757+1000] {processor.py:186} INFO - Started process (PID=89505) to work on /Users/anurag/Desktop/Self/Coding Projects/learning-airflow/python37/lib/python3.12/site-packages/airflow/example_dags/example_short_circuit_decorator.py
[2025-04-16T21:30:20.758+1000] {processor.py:914} INFO - Processing file /Users/anurag/Desktop/Self/Coding Projects/learning-airflow/python37/lib/python3.12/site-packages/airflow/example_dags/example_short_circuit_decorator.py for tasks to queue
[2025-04-16T21:30:20.759+1000] {logging_mixin.py:190} INFO - [2025-04-16T21:30:20.759+1000] {dagbag.py:588} INFO - Filling up the DagBag from /Users/anurag/Desktop/Self/Coding Projects/learning-airflow/python37/lib/python3.12/site-packages/airflow/example_dags/example_short_circuit_decorator.py
[2025-04-16T21:30:20.793+1000] {processor.py:925} INFO - DAG(s) 'example_short_circuit_decorator' retrieved from /Users/anurag/Desktop/Self/Coding Projects/learning-airflow/python37/lib/python3.12/site-packages/airflow/example_dags/example_short_circuit_decorator.py
[2025-04-16T21:30:20.886+1000] {logging_mixin.py:190} INFO - [2025-04-16T21:30:20.886+1000] {dag.py:3239} INFO - Sync 1 DAGs
[2025-04-16T21:30:20.895+1000] {logging_mixin.py:190} INFO - [2025-04-16T21:30:20.895+1000] {dag.py:4180} INFO - Setting next_dagrun for example_short_circuit_decorator to None, run_after=None
[2025-04-16T21:30:20.912+1000] {processor.py:208} INFO - Processing /Users/anurag/Desktop/Self/Coding Projects/learning-airflow/python37/lib/python3.12/site-packages/airflow/example_dags/example_short_circuit_decorator.py took 0.160 seconds
[2025-04-16T21:32:44.362+1000] {processor.py:186} INFO - Started process (PID=89897) to work on /Users/anurag/Desktop/Self/Coding Projects/learning-airflow/python37/lib/python3.12/site-packages/airflow/example_dags/example_short_circuit_decorator.py
[2025-04-16T21:32:44.363+1000] {processor.py:914} INFO - Processing file /Users/anurag/Desktop/Self/Coding Projects/learning-airflow/python37/lib/python3.12/site-packages/airflow/example_dags/example_short_circuit_decorator.py for tasks to queue
[2025-04-16T21:32:44.364+1000] {logging_mixin.py:190} INFO - [2025-04-16T21:32:44.364+1000] {dagbag.py:588} INFO - Filling up the DagBag from /Users/anurag/Desktop/Self/Coding Projects/learning-airflow/python37/lib/python3.12/site-packages/airflow/example_dags/example_short_circuit_decorator.py
[2025-04-16T21:32:44.397+1000] {processor.py:925} INFO - DAG(s) 'example_short_circuit_decorator' retrieved from /Users/anurag/Desktop/Self/Coding Projects/learning-airflow/python37/lib/python3.12/site-packages/airflow/example_dags/example_short_circuit_decorator.py
[2025-04-16T21:32:44.487+1000] {logging_mixin.py:190} INFO - [2025-04-16T21:32:44.487+1000] {dag.py:3239} INFO - Sync 1 DAGs
[2025-04-16T21:32:44.496+1000] {logging_mixin.py:190} INFO - [2025-04-16T21:32:44.496+1000] {dag.py:4180} INFO - Setting next_dagrun for example_short_circuit_decorator to None, run_after=None
[2025-04-16T21:32:44.513+1000] {processor.py:208} INFO - Processing /Users/anurag/Desktop/Self/Coding Projects/learning-airflow/python37/lib/python3.12/site-packages/airflow/example_dags/example_short_circuit_decorator.py took 0.156 seconds
[2025-04-16T21:36:40.054+1000] {processor.py:186} INFO - Started process (PID=90480) to work on /Users/anurag/Desktop/Self/Coding Projects/learning-airflow/python37/lib/python3.12/site-packages/airflow/example_dags/example_short_circuit_decorator.py
[2025-04-16T21:36:40.059+1000] {processor.py:914} INFO - Processing file /Users/anurag/Desktop/Self/Coding Projects/learning-airflow/python37/lib/python3.12/site-packages/airflow/example_dags/example_short_circuit_decorator.py for tasks to queue
[2025-04-16T21:36:40.062+1000] {logging_mixin.py:190} INFO - [2025-04-16T21:36:40.062+1000] {dagbag.py:588} INFO - Filling up the DagBag from /Users/anurag/Desktop/Self/Coding Projects/learning-airflow/python37/lib/python3.12/site-packages/airflow/example_dags/example_short_circuit_decorator.py
[2025-04-16T21:36:40.217+1000] {processor.py:925} INFO - DAG(s) 'example_short_circuit_decorator' retrieved from /Users/anurag/Desktop/Self/Coding Projects/learning-airflow/python37/lib/python3.12/site-packages/airflow/example_dags/example_short_circuit_decorator.py
[2025-04-16T21:36:40.484+1000] {logging_mixin.py:190} INFO - [2025-04-16T21:36:40.483+1000] {dag.py:3239} INFO - Sync 1 DAGs
[2025-04-16T21:36:40.510+1000] {logging_mixin.py:190} INFO - [2025-04-16T21:36:40.508+1000] {dag.py:4180} INFO - Setting next_dagrun for example_short_circuit_decorator to None, run_after=None
[2025-04-16T21:36:40.561+1000] {processor.py:208} INFO - Processing /Users/anurag/Desktop/Self/Coding Projects/learning-airflow/python37/lib/python3.12/site-packages/airflow/example_dags/example_short_circuit_decorator.py took 0.521 seconds
[2025-04-16T21:40:00.615+1000] {processor.py:186} INFO - Started process (PID=90969) to work on /Users/anurag/Desktop/Self/Coding Projects/learning-airflow/python37/lib/python3.12/site-packages/airflow/example_dags/example_short_circuit_decorator.py
[2025-04-16T21:40:00.617+1000] {processor.py:914} INFO - Processing file /Users/anurag/Desktop/Self/Coding Projects/learning-airflow/python37/lib/python3.12/site-packages/airflow/example_dags/example_short_circuit_decorator.py for tasks to queue
[2025-04-16T21:40:00.618+1000] {logging_mixin.py:190} INFO - [2025-04-16T21:40:00.618+1000] {dagbag.py:588} INFO - Filling up the DagBag from /Users/anurag/Desktop/Self/Coding Projects/learning-airflow/python37/lib/python3.12/site-packages/airflow/example_dags/example_short_circuit_decorator.py
[2025-04-16T21:40:00.652+1000] {processor.py:925} INFO - DAG(s) 'example_short_circuit_decorator' retrieved from /Users/anurag/Desktop/Self/Coding Projects/learning-airflow/python37/lib/python3.12/site-packages/airflow/example_dags/example_short_circuit_decorator.py
[2025-04-16T21:40:00.738+1000] {logging_mixin.py:190} INFO - [2025-04-16T21:40:00.738+1000] {dag.py:3239} INFO - Sync 1 DAGs
[2025-04-16T21:40:00.747+1000] {logging_mixin.py:190} INFO - [2025-04-16T21:40:00.747+1000] {dag.py:4180} INFO - Setting next_dagrun for example_short_circuit_decorator to None, run_after=None
[2025-04-16T21:40:00.762+1000] {processor.py:208} INFO - Processing /Users/anurag/Desktop/Self/Coding Projects/learning-airflow/python37/lib/python3.12/site-packages/airflow/example_dags/example_short_circuit_decorator.py took 0.151 seconds
[2025-04-16T21:42:19.862+1000] {processor.py:186} INFO - Started process (PID=91331) to work on /Users/anurag/Desktop/Self/Coding Projects/learning-airflow/python37/lib/python3.12/site-packages/airflow/example_dags/example_short_circuit_decorator.py
[2025-04-16T21:42:19.863+1000] {processor.py:914} INFO - Processing file /Users/anurag/Desktop/Self/Coding Projects/learning-airflow/python37/lib/python3.12/site-packages/airflow/example_dags/example_short_circuit_decorator.py for tasks to queue
[2025-04-16T21:42:19.864+1000] {logging_mixin.py:190} INFO - [2025-04-16T21:42:19.864+1000] {dagbag.py:588} INFO - Filling up the DagBag from /Users/anurag/Desktop/Self/Coding Projects/learning-airflow/python37/lib/python3.12/site-packages/airflow/example_dags/example_short_circuit_decorator.py
[2025-04-16T21:42:19.901+1000] {processor.py:925} INFO - DAG(s) 'example_short_circuit_decorator' retrieved from /Users/anurag/Desktop/Self/Coding Projects/learning-airflow/python37/lib/python3.12/site-packages/airflow/example_dags/example_short_circuit_decorator.py
[2025-04-16T21:42:19.992+1000] {logging_mixin.py:190} INFO - [2025-04-16T21:42:19.991+1000] {dag.py:3239} INFO - Sync 1 DAGs
[2025-04-16T21:42:20.001+1000] {logging_mixin.py:190} INFO - [2025-04-16T21:42:20.000+1000] {dag.py:4180} INFO - Setting next_dagrun for example_short_circuit_decorator to None, run_after=None
[2025-04-16T21:42:20.016+1000] {processor.py:208} INFO - Processing /Users/anurag/Desktop/Self/Coding Projects/learning-airflow/python37/lib/python3.12/site-packages/airflow/example_dags/example_short_circuit_decorator.py took 0.158 seconds
[2025-04-16T21:45:07.756+1000] {processor.py:186} INFO - Started process (PID=9180) to work on /Users/anurag/Desktop/Self/Coding Projects/learning-airflow/python37/lib/python3.12/site-packages/airflow/example_dags/example_short_circuit_decorator.py
[2025-04-16T21:45:07.759+1000] {processor.py:914} INFO - Processing file /Users/anurag/Desktop/Self/Coding Projects/learning-airflow/python37/lib/python3.12/site-packages/airflow/example_dags/example_short_circuit_decorator.py for tasks to queue
[2025-04-16T21:45:07.760+1000] {logging_mixin.py:190} INFO - [2025-04-16T21:45:07.760+1000] {dagbag.py:588} INFO - Filling up the DagBag from /Users/anurag/Desktop/Self/Coding Projects/learning-airflow/python37/lib/python3.12/site-packages/airflow/example_dags/example_short_circuit_decorator.py
[2025-04-16T21:45:07.798+1000] {processor.py:925} INFO - DAG(s) 'example_short_circuit_decorator' retrieved from /Users/anurag/Desktop/Self/Coding Projects/learning-airflow/python37/lib/python3.12/site-packages/airflow/example_dags/example_short_circuit_decorator.py
[2025-04-16T21:45:07.909+1000] {logging_mixin.py:190} INFO - [2025-04-16T21:45:07.908+1000] {dag.py:3239} INFO - Sync 1 DAGs
[2025-04-16T21:45:07.920+1000] {logging_mixin.py:190} INFO - [2025-04-16T21:45:07.919+1000] {dag.py:4180} INFO - Setting next_dagrun for example_short_circuit_decorator to None, run_after=None
[2025-04-16T21:45:07.937+1000] {processor.py:208} INFO - Processing /Users/anurag/Desktop/Self/Coding Projects/learning-airflow/python37/lib/python3.12/site-packages/airflow/example_dags/example_short_circuit_decorator.py took 0.186 seconds
