[2025-04-16T21:26:53.425+1000] {processor.py:186} INFO - Started process (PID=88902) to work on /Users/anurag/Desktop/Self/Coding Projects/learning-airflow/python37/lib/python3.12/site-packages/airflow/example_dags/example_sla_dag.py
[2025-04-16T21:26:53.426+1000] {processor.py:914} INFO - Processing file /Users/anurag/Desktop/Self/Coding Projects/learning-airflow/python37/lib/python3.12/site-packages/airflow/example_dags/example_sla_dag.py for tasks to queue
[2025-04-16T21:26:53.428+1000] {logging_mixin.py:190} INFO - [2025-04-16T21:26:53.427+1000] {dagbag.py:588} INFO - Filling up the DagBag from /Users/anurag/Desktop/Self/Coding Projects/learning-airflow/python37/lib/python3.12/site-packages/airflow/example_dags/example_sla_dag.py
[2025-04-16T21:26:53.472+1000] {processor.py:925} INFO - DAG(s) 'example_sla_dag' retrieved from /Users/anurag/Desktop/Self/Coding Projects/learning-airflow/python37/lib/python3.12/site-packages/airflow/example_dags/example_sla_dag.py
[2025-04-16T21:26:53.710+1000] {logging_mixin.py:190} INFO - [2025-04-16T21:26:53.710+1000] {override.py:1930} INFO - Created Permission View: can edit on DAG:example_sla_dag
[2025-04-16T21:26:53.718+1000] {logging_mixin.py:190} INFO - [2025-04-16T21:26:53.717+1000] {override.py:1930} INFO - Created Permission View: can delete on DAG:example_sla_dag
[2025-04-16T21:26:53.723+1000] {logging_mixin.py:190} INFO - [2025-04-16T21:26:53.723+1000] {override.py:1930} INFO - Created Permission View: can read on DAG:example_sla_dag
[2025-04-16T21:26:53.731+1000] {logging_mixin.py:190} INFO - [2025-04-16T21:26:53.731+1000] {override.py:1930} INFO - Created Permission View: can create on DAG Run:example_sla_dag
[2025-04-16T21:26:53.737+1000] {logging_mixin.py:190} INFO - [2025-04-16T21:26:53.736+1000] {override.py:1930} INFO - Created Permission View: can delete on DAG Run:example_sla_dag
[2025-04-16T21:26:53.743+1000] {logging_mixin.py:190} INFO - [2025-04-16T21:26:53.742+1000] {override.py:1930} INFO - Created Permission View: menu access on DAG Run:example_sla_dag
[2025-04-16T21:26:53.749+1000] {logging_mixin.py:190} INFO - [2025-04-16T21:26:53.749+1000] {override.py:1930} INFO - Created Permission View: can read on DAG Run:example_sla_dag
[2025-04-16T21:26:53.750+1000] {logging_mixin.py:190} INFO - [2025-04-16T21:26:53.750+1000] {dag.py:3239} INFO - Sync 1 DAGs
[2025-04-16T21:26:53.763+1000] {logging_mixin.py:190} INFO - [2025-04-16T21:26:53.763+1000] {dag.py:3262} INFO - Creating ORM DAG for example_sla_dag
[2025-04-16T21:26:53.854+1000] {logging_mixin.py:190} INFO - [2025-04-16T21:26:53.853+1000] {dag.py:4180} INFO - Setting next_dagrun for example_sla_dag to 2025-04-16 11:24:00+00:00, run_after=2025-04-16 11:26:00+00:00
[2025-04-16T21:26:53.874+1000] {processor.py:208} INFO - Processing /Users/anurag/Desktop/Self/Coding Projects/learning-airflow/python37/lib/python3.12/site-packages/airflow/example_dags/example_sla_dag.py took 0.455 seconds
[2025-04-16T21:30:12.703+1000] {processor.py:186} INFO - Started process (PID=89483) to work on /Users/anurag/Desktop/Self/Coding Projects/learning-airflow/python37/lib/python3.12/site-packages/airflow/example_dags/example_sla_dag.py
[2025-04-16T21:30:12.705+1000] {processor.py:914} INFO - Processing file /Users/anurag/Desktop/Self/Coding Projects/learning-airflow/python37/lib/python3.12/site-packages/airflow/example_dags/example_sla_dag.py for tasks to queue
[2025-04-16T21:30:12.707+1000] {logging_mixin.py:190} INFO - [2025-04-16T21:30:12.706+1000] {dagbag.py:588} INFO - Filling up the DagBag from /Users/anurag/Desktop/Self/Coding Projects/learning-airflow/python37/lib/python3.12/site-packages/airflow/example_dags/example_sla_dag.py
[2025-04-16T21:30:12.743+1000] {processor.py:925} INFO - DAG(s) 'example_sla_dag' retrieved from /Users/anurag/Desktop/Self/Coding Projects/learning-airflow/python37/lib/python3.12/site-packages/airflow/example_dags/example_sla_dag.py
[2025-04-16T21:30:12.832+1000] {logging_mixin.py:190} INFO - [2025-04-16T21:30:12.832+1000] {dag.py:3239} INFO - Sync 1 DAGs
[2025-04-16T21:30:12.849+1000] {logging_mixin.py:190} INFO - [2025-04-16T21:30:12.849+1000] {dag.py:4180} INFO - Setting next_dagrun for example_sla_dag to 2025-04-16 11:28:00+00:00, run_after=2025-04-16 11:30:00+00:00
[2025-04-16T21:30:12.865+1000] {processor.py:208} INFO - Processing /Users/anurag/Desktop/Self/Coding Projects/learning-airflow/python37/lib/python3.12/site-packages/airflow/example_dags/example_sla_dag.py took 0.166 seconds
[2025-04-16T21:32:35.811+1000] {processor.py:186} INFO - Started process (PID=89858) to work on /Users/anurag/Desktop/Self/Coding Projects/learning-airflow/python37/lib/python3.12/site-packages/airflow/example_dags/example_sla_dag.py
[2025-04-16T21:32:35.813+1000] {processor.py:914} INFO - Processing file /Users/anurag/Desktop/Self/Coding Projects/learning-airflow/python37/lib/python3.12/site-packages/airflow/example_dags/example_sla_dag.py for tasks to queue
[2025-04-16T21:32:35.814+1000] {logging_mixin.py:190} INFO - [2025-04-16T21:32:35.814+1000] {dagbag.py:588} INFO - Filling up the DagBag from /Users/anurag/Desktop/Self/Coding Projects/learning-airflow/python37/lib/python3.12/site-packages/airflow/example_dags/example_sla_dag.py
[2025-04-16T21:32:35.861+1000] {processor.py:925} INFO - DAG(s) 'example_sla_dag' retrieved from /Users/anurag/Desktop/Self/Coding Projects/learning-airflow/python37/lib/python3.12/site-packages/airflow/example_dags/example_sla_dag.py
[2025-04-16T21:32:35.974+1000] {logging_mixin.py:190} INFO - [2025-04-16T21:32:35.973+1000] {dag.py:3239} INFO - Sync 1 DAGs
[2025-04-16T21:32:35.993+1000] {logging_mixin.py:190} INFO - [2025-04-16T21:32:35.992+1000] {dag.py:4180} INFO - Setting next_dagrun for example_sla_dag to 2025-04-16 11:30:00+00:00, run_after=2025-04-16 11:32:00+00:00
[2025-04-16T21:32:36.008+1000] {processor.py:208} INFO - Processing /Users/anurag/Desktop/Self/Coding Projects/learning-airflow/python37/lib/python3.12/site-packages/airflow/example_dags/example_sla_dag.py took 0.202 seconds
[2025-04-16T21:36:25.438+1000] {processor.py:186} INFO - Started process (PID=90446) to work on /Users/anurag/Desktop/Self/Coding Projects/learning-airflow/python37/lib/python3.12/site-packages/airflow/example_dags/example_sla_dag.py
[2025-04-16T21:36:25.441+1000] {processor.py:914} INFO - Processing file /Users/anurag/Desktop/Self/Coding Projects/learning-airflow/python37/lib/python3.12/site-packages/airflow/example_dags/example_sla_dag.py for tasks to queue
[2025-04-16T21:36:25.442+1000] {logging_mixin.py:190} INFO - [2025-04-16T21:36:25.442+1000] {dagbag.py:588} INFO - Filling up the DagBag from /Users/anurag/Desktop/Self/Coding Projects/learning-airflow/python37/lib/python3.12/site-packages/airflow/example_dags/example_sla_dag.py
[2025-04-16T21:36:25.499+1000] {processor.py:925} INFO - DAG(s) 'example_sla_dag' retrieved from /Users/anurag/Desktop/Self/Coding Projects/learning-airflow/python37/lib/python3.12/site-packages/airflow/example_dags/example_sla_dag.py
[2025-04-16T21:36:25.652+1000] {logging_mixin.py:190} INFO - [2025-04-16T21:36:25.652+1000] {dag.py:3239} INFO - Sync 1 DAGs
[2025-04-16T21:36:25.681+1000] {logging_mixin.py:190} INFO - [2025-04-16T21:36:25.681+1000] {dag.py:4180} INFO - Setting next_dagrun for example_sla_dag to 2025-04-16 11:34:00+00:00, run_after=2025-04-16 11:36:00+00:00
[2025-04-16T21:36:25.706+1000] {processor.py:208} INFO - Processing /Users/anurag/Desktop/Self/Coding Projects/learning-airflow/python37/lib/python3.12/site-packages/airflow/example_dags/example_sla_dag.py took 0.275 seconds
[2025-04-16T21:39:51.699+1000] {processor.py:186} INFO - Started process (PID=90943) to work on /Users/anurag/Desktop/Self/Coding Projects/learning-airflow/python37/lib/python3.12/site-packages/airflow/example_dags/example_sla_dag.py
[2025-04-16T21:39:51.701+1000] {processor.py:914} INFO - Processing file /Users/anurag/Desktop/Self/Coding Projects/learning-airflow/python37/lib/python3.12/site-packages/airflow/example_dags/example_sla_dag.py for tasks to queue
[2025-04-16T21:39:51.702+1000] {logging_mixin.py:190} INFO - [2025-04-16T21:39:51.702+1000] {dagbag.py:588} INFO - Filling up the DagBag from /Users/anurag/Desktop/Self/Coding Projects/learning-airflow/python37/lib/python3.12/site-packages/airflow/example_dags/example_sla_dag.py
[2025-04-16T21:39:51.735+1000] {processor.py:925} INFO - DAG(s) 'example_sla_dag' retrieved from /Users/anurag/Desktop/Self/Coding Projects/learning-airflow/python37/lib/python3.12/site-packages/airflow/example_dags/example_sla_dag.py
[2025-04-16T21:39:51.819+1000] {logging_mixin.py:190} INFO - [2025-04-16T21:39:51.818+1000] {dag.py:3239} INFO - Sync 1 DAGs
[2025-04-16T21:39:51.837+1000] {logging_mixin.py:190} INFO - [2025-04-16T21:39:51.837+1000] {dag.py:4180} INFO - Setting next_dagrun for example_sla_dag to 2025-04-16 11:36:00+00:00, run_after=2025-04-16 11:38:00+00:00
[2025-04-16T21:39:51.854+1000] {processor.py:208} INFO - Processing /Users/anurag/Desktop/Self/Coding Projects/learning-airflow/python37/lib/python3.12/site-packages/airflow/example_dags/example_sla_dag.py took 0.159 seconds
[2025-04-16T21:42:11.501+1000] {processor.py:186} INFO - Started process (PID=91308) to work on /Users/anurag/Desktop/Self/Coding Projects/learning-airflow/python37/lib/python3.12/site-packages/airflow/example_dags/example_sla_dag.py
[2025-04-16T21:42:11.503+1000] {processor.py:914} INFO - Processing file /Users/anurag/Desktop/Self/Coding Projects/learning-airflow/python37/lib/python3.12/site-packages/airflow/example_dags/example_sla_dag.py for tasks to queue
[2025-04-16T21:42:11.504+1000] {logging_mixin.py:190} INFO - [2025-04-16T21:42:11.504+1000] {dagbag.py:588} INFO - Filling up the DagBag from /Users/anurag/Desktop/Self/Coding Projects/learning-airflow/python37/lib/python3.12/site-packages/airflow/example_dags/example_sla_dag.py
[2025-04-16T21:42:11.546+1000] {processor.py:925} INFO - DAG(s) 'example_sla_dag' retrieved from /Users/anurag/Desktop/Self/Coding Projects/learning-airflow/python37/lib/python3.12/site-packages/airflow/example_dags/example_sla_dag.py
[2025-04-16T21:42:11.653+1000] {logging_mixin.py:190} INFO - [2025-04-16T21:42:11.653+1000] {dag.py:3239} INFO - Sync 1 DAGs
[2025-04-16T21:42:11.673+1000] {logging_mixin.py:190} INFO - [2025-04-16T21:42:11.673+1000] {dag.py:4180} INFO - Setting next_dagrun for example_sla_dag to 2025-04-16 11:40:00+00:00, run_after=2025-04-16 11:42:00+00:00
[2025-04-16T21:42:11.695+1000] {processor.py:208} INFO - Processing /Users/anurag/Desktop/Self/Coding Projects/learning-airflow/python37/lib/python3.12/site-packages/airflow/example_dags/example_sla_dag.py took 0.199 seconds
[2025-04-16T21:44:59.078+1000] {processor.py:186} INFO - Started process (PID=7947) to work on /Users/anurag/Desktop/Self/Coding Projects/learning-airflow/python37/lib/python3.12/site-packages/airflow/example_dags/example_sla_dag.py
[2025-04-16T21:44:59.080+1000] {processor.py:914} INFO - Processing file /Users/anurag/Desktop/Self/Coding Projects/learning-airflow/python37/lib/python3.12/site-packages/airflow/example_dags/example_sla_dag.py for tasks to queue
[2025-04-16T21:44:59.082+1000] {logging_mixin.py:190} INFO - [2025-04-16T21:44:59.082+1000] {dagbag.py:588} INFO - Filling up the DagBag from /Users/anurag/Desktop/Self/Coding Projects/learning-airflow/python37/lib/python3.12/site-packages/airflow/example_dags/example_sla_dag.py
[2025-04-16T21:44:59.132+1000] {processor.py:925} INFO - DAG(s) 'example_sla_dag' retrieved from /Users/anurag/Desktop/Self/Coding Projects/learning-airflow/python37/lib/python3.12/site-packages/airflow/example_dags/example_sla_dag.py
[2025-04-16T21:44:59.271+1000] {logging_mixin.py:190} INFO - [2025-04-16T21:44:59.270+1000] {dag.py:3239} INFO - Sync 1 DAGs
[2025-04-16T21:44:59.297+1000] {logging_mixin.py:190} INFO - [2025-04-16T21:44:59.297+1000] {dag.py:4180} INFO - Setting next_dagrun for example_sla_dag to 2025-04-16 11:42:00+00:00, run_after=2025-04-16 11:44:00+00:00
[2025-04-16T21:44:59.320+1000] {processor.py:208} INFO - Processing /Users/anurag/Desktop/Self/Coding Projects/learning-airflow/python37/lib/python3.12/site-packages/airflow/example_dags/example_sla_dag.py took 0.248 seconds
