[2025-04-16T21:27:07.035+1000] {processor.py:186} INFO - Started process (PID=88922) to work on /Users/anurag/Desktop/Self/Coding Projects/learning-airflow/python37/lib/python3.12/site-packages/airflow/example_dags/example_short_circuit_operator.py
[2025-04-16T21:27:07.038+1000] {processor.py:914} INFO - Processing file /Users/anurag/Desktop/Self/Coding Projects/learning-airflow/python37/lib/python3.12/site-packages/airflow/example_dags/example_short_circuit_operator.py for tasks to queue
[2025-04-16T21:27:07.041+1000] {logging_mixin.py:190} INFO - [2025-04-16T21:27:07.040+1000] {dagbag.py:588} INFO - Filling up the DagBag from /Users/anurag/Desktop/Self/Coding Projects/learning-airflow/python37/lib/python3.12/site-packages/airflow/example_dags/example_short_circuit_operator.py
[2025-04-16T21:27:07.111+1000] {processor.py:925} INFO - DAG(s) 'example_short_circuit_operator' retrieved from /Users/anurag/Desktop/Self/Coding Projects/learning-airflow/python37/lib/python3.12/site-packages/airflow/example_dags/example_short_circuit_operator.py
[2025-04-16T21:27:07.563+1000] {logging_mixin.py:190} INFO - [2025-04-16T21:27:07.562+1000] {override.py:1930} INFO - Created Permission View: can delete on DAG:example_short_circuit_operator
[2025-04-16T21:27:07.584+1000] {logging_mixin.py:190} INFO - [2025-04-16T21:27:07.583+1000] {override.py:1930} INFO - Created Permission View: can read on DAG:example_short_circuit_operator
[2025-04-16T21:27:07.615+1000] {logging_mixin.py:190} INFO - [2025-04-16T21:27:07.614+1000] {override.py:1930} INFO - Created Permission View: can edit on DAG:example_short_circuit_operator
[2025-04-16T21:27:07.632+1000] {logging_mixin.py:190} INFO - [2025-04-16T21:27:07.631+1000] {override.py:1930} INFO - Created Permission View: can delete on DAG Run:example_short_circuit_operator
[2025-04-16T21:27:07.654+1000] {logging_mixin.py:190} INFO - [2025-04-16T21:27:07.653+1000] {override.py:1930} INFO - Created Permission View: can read on DAG Run:example_short_circuit_operator
[2025-04-16T21:27:07.664+1000] {logging_mixin.py:190} INFO - [2025-04-16T21:27:07.663+1000] {override.py:1930} INFO - Created Permission View: can create on DAG Run:example_short_circuit_operator
[2025-04-16T21:27:07.682+1000] {logging_mixin.py:190} INFO - [2025-04-16T21:27:07.681+1000] {override.py:1930} INFO - Created Permission View: menu access on DAG Run:example_short_circuit_operator
[2025-04-16T21:27:07.684+1000] {logging_mixin.py:190} INFO - [2025-04-16T21:27:07.683+1000] {dag.py:3239} INFO - Sync 1 DAGs
[2025-04-16T21:27:07.723+1000] {logging_mixin.py:190} INFO - [2025-04-16T21:27:07.722+1000] {dag.py:3262} INFO - Creating ORM DAG for example_short_circuit_operator
[2025-04-16T21:27:07.725+1000] {logging_mixin.py:190} INFO - [2025-04-16T21:27:07.724+1000] {dag.py:4180} INFO - Setting next_dagrun for example_short_circuit_operator to None, run_after=None
[2025-04-16T21:27:07.806+1000] {processor.py:208} INFO - Processing /Users/anurag/Desktop/Self/Coding Projects/learning-airflow/python37/lib/python3.12/site-packages/airflow/example_dags/example_short_circuit_operator.py took 0.781 seconds
[2025-04-16T21:30:17.788+1000] {processor.py:186} INFO - Started process (PID=89495) to work on /Users/anurag/Desktop/Self/Coding Projects/learning-airflow/python37/lib/python3.12/site-packages/airflow/example_dags/example_short_circuit_operator.py
[2025-04-16T21:30:17.790+1000] {processor.py:914} INFO - Processing file /Users/anurag/Desktop/Self/Coding Projects/learning-airflow/python37/lib/python3.12/site-packages/airflow/example_dags/example_short_circuit_operator.py for tasks to queue
[2025-04-16T21:30:17.791+1000] {logging_mixin.py:190} INFO - [2025-04-16T21:30:17.791+1000] {dagbag.py:588} INFO - Filling up the DagBag from /Users/anurag/Desktop/Self/Coding Projects/learning-airflow/python37/lib/python3.12/site-packages/airflow/example_dags/example_short_circuit_operator.py
[2025-04-16T21:30:17.817+1000] {processor.py:925} INFO - DAG(s) 'example_short_circuit_operator' retrieved from /Users/anurag/Desktop/Self/Coding Projects/learning-airflow/python37/lib/python3.12/site-packages/airflow/example_dags/example_short_circuit_operator.py
[2025-04-16T21:30:17.913+1000] {logging_mixin.py:190} INFO - [2025-04-16T21:30:17.913+1000] {dag.py:3239} INFO - Sync 1 DAGs
[2025-04-16T21:30:17.923+1000] {logging_mixin.py:190} INFO - [2025-04-16T21:30:17.922+1000] {dag.py:4180} INFO - Setting next_dagrun for example_short_circuit_operator to None, run_after=None
[2025-04-16T21:30:17.949+1000] {processor.py:208} INFO - Processing /Users/anurag/Desktop/Self/Coding Projects/learning-airflow/python37/lib/python3.12/site-packages/airflow/example_dags/example_short_circuit_operator.py took 0.166 seconds
[2025-04-16T21:32:41.914+1000] {processor.py:186} INFO - Started process (PID=89887) to work on /Users/anurag/Desktop/Self/Coding Projects/learning-airflow/python37/lib/python3.12/site-packages/airflow/example_dags/example_short_circuit_operator.py
[2025-04-16T21:32:41.916+1000] {processor.py:914} INFO - Processing file /Users/anurag/Desktop/Self/Coding Projects/learning-airflow/python37/lib/python3.12/site-packages/airflow/example_dags/example_short_circuit_operator.py for tasks to queue
[2025-04-16T21:32:41.917+1000] {logging_mixin.py:190} INFO - [2025-04-16T21:32:41.917+1000] {dagbag.py:588} INFO - Filling up the DagBag from /Users/anurag/Desktop/Self/Coding Projects/learning-airflow/python37/lib/python3.12/site-packages/airflow/example_dags/example_short_circuit_operator.py
[2025-04-16T21:32:41.950+1000] {processor.py:925} INFO - DAG(s) 'example_short_circuit_operator' retrieved from /Users/anurag/Desktop/Self/Coding Projects/learning-airflow/python37/lib/python3.12/site-packages/airflow/example_dags/example_short_circuit_operator.py
[2025-04-16T21:32:42.042+1000] {logging_mixin.py:190} INFO - [2025-04-16T21:32:42.042+1000] {dag.py:3239} INFO - Sync 1 DAGs
[2025-04-16T21:32:42.051+1000] {logging_mixin.py:190} INFO - [2025-04-16T21:32:42.051+1000] {dag.py:4180} INFO - Setting next_dagrun for example_short_circuit_operator to None, run_after=None
[2025-04-16T21:32:42.067+1000] {processor.py:208} INFO - Processing /Users/anurag/Desktop/Self/Coding Projects/learning-airflow/python37/lib/python3.12/site-packages/airflow/example_dags/example_short_circuit_operator.py took 0.158 seconds
[2025-04-16T21:36:35.549+1000] {processor.py:186} INFO - Started process (PID=90470) to work on /Users/anurag/Desktop/Self/Coding Projects/learning-airflow/python37/lib/python3.12/site-packages/airflow/example_dags/example_short_circuit_operator.py
[2025-04-16T21:36:35.554+1000] {processor.py:914} INFO - Processing file /Users/anurag/Desktop/Self/Coding Projects/learning-airflow/python37/lib/python3.12/site-packages/airflow/example_dags/example_short_circuit_operator.py for tasks to queue
[2025-04-16T21:36:35.557+1000] {logging_mixin.py:190} INFO - [2025-04-16T21:36:35.556+1000] {dagbag.py:588} INFO - Filling up the DagBag from /Users/anurag/Desktop/Self/Coding Projects/learning-airflow/python37/lib/python3.12/site-packages/airflow/example_dags/example_short_circuit_operator.py
[2025-04-16T21:36:35.617+1000] {processor.py:925} INFO - DAG(s) 'example_short_circuit_operator' retrieved from /Users/anurag/Desktop/Self/Coding Projects/learning-airflow/python37/lib/python3.12/site-packages/airflow/example_dags/example_short_circuit_operator.py
[2025-04-16T21:36:35.871+1000] {logging_mixin.py:190} INFO - [2025-04-16T21:36:35.870+1000] {dag.py:3239} INFO - Sync 1 DAGs
[2025-04-16T21:36:35.905+1000] {logging_mixin.py:190} INFO - [2025-04-16T21:36:35.905+1000] {dag.py:4180} INFO - Setting next_dagrun for example_short_circuit_operator to None, run_after=None
[2025-04-16T21:36:35.961+1000] {processor.py:208} INFO - Processing /Users/anurag/Desktop/Self/Coding Projects/learning-airflow/python37/lib/python3.12/site-packages/airflow/example_dags/example_short_circuit_operator.py took 0.423 seconds
[2025-04-16T21:39:57.592+1000] {processor.py:186} INFO - Started process (PID=90959) to work on /Users/anurag/Desktop/Self/Coding Projects/learning-airflow/python37/lib/python3.12/site-packages/airflow/example_dags/example_short_circuit_operator.py
[2025-04-16T21:39:57.594+1000] {processor.py:914} INFO - Processing file /Users/anurag/Desktop/Self/Coding Projects/learning-airflow/python37/lib/python3.12/site-packages/airflow/example_dags/example_short_circuit_operator.py for tasks to queue
[2025-04-16T21:39:57.595+1000] {logging_mixin.py:190} INFO - [2025-04-16T21:39:57.595+1000] {dagbag.py:588} INFO - Filling up the DagBag from /Users/anurag/Desktop/Self/Coding Projects/learning-airflow/python37/lib/python3.12/site-packages/airflow/example_dags/example_short_circuit_operator.py
[2025-04-16T21:39:57.619+1000] {processor.py:925} INFO - DAG(s) 'example_short_circuit_operator' retrieved from /Users/anurag/Desktop/Self/Coding Projects/learning-airflow/python37/lib/python3.12/site-packages/airflow/example_dags/example_short_circuit_operator.py
[2025-04-16T21:39:57.705+1000] {logging_mixin.py:190} INFO - [2025-04-16T21:39:57.704+1000] {dag.py:3239} INFO - Sync 1 DAGs
[2025-04-16T21:39:57.714+1000] {logging_mixin.py:190} INFO - [2025-04-16T21:39:57.714+1000] {dag.py:4180} INFO - Setting next_dagrun for example_short_circuit_operator to None, run_after=None
[2025-04-16T21:39:57.737+1000] {processor.py:208} INFO - Processing /Users/anurag/Desktop/Self/Coding Projects/learning-airflow/python37/lib/python3.12/site-packages/airflow/example_dags/example_short_circuit_operator.py took 0.149 seconds
[2025-04-16T21:42:16.817+1000] {processor.py:186} INFO - Started process (PID=91321) to work on /Users/anurag/Desktop/Self/Coding Projects/learning-airflow/python37/lib/python3.12/site-packages/airflow/example_dags/example_short_circuit_operator.py
[2025-04-16T21:42:16.818+1000] {processor.py:914} INFO - Processing file /Users/anurag/Desktop/Self/Coding Projects/learning-airflow/python37/lib/python3.12/site-packages/airflow/example_dags/example_short_circuit_operator.py for tasks to queue
[2025-04-16T21:42:16.820+1000] {logging_mixin.py:190} INFO - [2025-04-16T21:42:16.819+1000] {dagbag.py:588} INFO - Filling up the DagBag from /Users/anurag/Desktop/Self/Coding Projects/learning-airflow/python37/lib/python3.12/site-packages/airflow/example_dags/example_short_circuit_operator.py
[2025-04-16T21:42:16.854+1000] {processor.py:925} INFO - DAG(s) 'example_short_circuit_operator' retrieved from /Users/anurag/Desktop/Self/Coding Projects/learning-airflow/python37/lib/python3.12/site-packages/airflow/example_dags/example_short_circuit_operator.py
[2025-04-16T21:42:16.970+1000] {logging_mixin.py:190} INFO - [2025-04-16T21:42:16.969+1000] {dag.py:3239} INFO - Sync 1 DAGs
[2025-04-16T21:42:16.982+1000] {logging_mixin.py:190} INFO - [2025-04-16T21:42:16.982+1000] {dag.py:4180} INFO - Setting next_dagrun for example_short_circuit_operator to None, run_after=None
[2025-04-16T21:42:17.001+1000] {processor.py:208} INFO - Processing /Users/anurag/Desktop/Self/Coding Projects/learning-airflow/python37/lib/python3.12/site-packages/airflow/example_dags/example_short_circuit_operator.py took 0.190 seconds
[2025-04-16T21:45:05.287+1000] {processor.py:186} INFO - Started process (PID=8867) to work on /Users/anurag/Desktop/Self/Coding Projects/learning-airflow/python37/lib/python3.12/site-packages/airflow/example_dags/example_short_circuit_operator.py
[2025-04-16T21:45:05.289+1000] {processor.py:914} INFO - Processing file /Users/anurag/Desktop/Self/Coding Projects/learning-airflow/python37/lib/python3.12/site-packages/airflow/example_dags/example_short_circuit_operator.py for tasks to queue
[2025-04-16T21:45:05.290+1000] {logging_mixin.py:190} INFO - [2025-04-16T21:45:05.290+1000] {dagbag.py:588} INFO - Filling up the DagBag from /Users/anurag/Desktop/Self/Coding Projects/learning-airflow/python37/lib/python3.12/site-packages/airflow/example_dags/example_short_circuit_operator.py
[2025-04-16T21:45:05.324+1000] {processor.py:925} INFO - DAG(s) 'example_short_circuit_operator' retrieved from /Users/anurag/Desktop/Self/Coding Projects/learning-airflow/python37/lib/python3.12/site-packages/airflow/example_dags/example_short_circuit_operator.py
[2025-04-16T21:45:05.454+1000] {logging_mixin.py:190} INFO - [2025-04-16T21:45:05.454+1000] {dag.py:3239} INFO - Sync 1 DAGs
[2025-04-16T21:45:05.468+1000] {logging_mixin.py:190} INFO - [2025-04-16T21:45:05.467+1000] {dag.py:4180} INFO - Setting next_dagrun for example_short_circuit_operator to None, run_after=None
[2025-04-16T21:45:05.489+1000] {processor.py:208} INFO - Processing /Users/anurag/Desktop/Self/Coding Projects/learning-airflow/python37/lib/python3.12/site-packages/airflow/example_dags/example_short_circuit_operator.py took 0.209 seconds
