[2025-04-16T21:27:55.457+1000] {processor.py:186} INFO - Started process (PID=89082) to work on /Users/anurag/Desktop/Self/Coding Projects/learning-airflow/python37/lib/python3.12/site-packages/airflow/example_dags/example_local_kubernetes_executor.py
[2025-04-16T21:27:55.459+1000] {processor.py:914} INFO - Processing file /Users/anurag/Desktop/Self/Coding Projects/learning-airflow/python37/lib/python3.12/site-packages/airflow/example_dags/example_local_kubernetes_executor.py for tasks to queue
[2025-04-16T21:27:55.462+1000] {logging_mixin.py:190} INFO - [2025-04-16T21:27:55.461+1000] {dagbag.py:588} INFO - Filling up the DagBag from /Users/anurag/Desktop/Self/Coding Projects/learning-airflow/python37/lib/python3.12/site-packages/airflow/example_dags/example_local_kubernetes_executor.py
[2025-04-16T21:27:55.547+1000] {logging_mixin.py:190} INFO - [2025-04-16T21:27:55.545+1000] {example_local_kubernetes_executor.py:40} WARNING - Could not import DAGs in example_local_kubernetes_executor.py
Traceback (most recent call last):
  File "/Users/anurag/Desktop/Self/Coding Projects/learning-airflow/python37/lib/python3.12/site-packages/airflow/example_dags/example_local_kubernetes_executor.py", line 38, in <module>
    from kubernetes.client import models as k8s
ModuleNotFoundError: No module named 'kubernetes'
[2025-04-16T21:27:55.548+1000] {logging_mixin.py:190} INFO - [2025-04-16T21:27:55.548+1000] {example_local_kubernetes_executor.py:41} WARNING - Install Kubernetes dependencies with: pip install apache-airflow[cncf.kubernetes]
[2025-04-16T21:27:55.549+1000] {processor.py:927} WARNING - No viable dags retrieved from /Users/anurag/Desktop/Self/Coding Projects/learning-airflow/python37/lib/python3.12/site-packages/airflow/example_dags/example_local_kubernetes_executor.py
[2025-04-16T21:27:55.741+1000] {processor.py:208} INFO - Processing /Users/anurag/Desktop/Self/Coding Projects/learning-airflow/python37/lib/python3.12/site-packages/airflow/example_dags/example_local_kubernetes_executor.py took 0.291 seconds
[2025-04-16T21:30:53.589+1000] {processor.py:186} INFO - Started process (PID=89593) to work on /Users/anurag/Desktop/Self/Coding Projects/learning-airflow/python37/lib/python3.12/site-packages/airflow/example_dags/example_local_kubernetes_executor.py
[2025-04-16T21:30:53.591+1000] {processor.py:914} INFO - Processing file /Users/anurag/Desktop/Self/Coding Projects/learning-airflow/python37/lib/python3.12/site-packages/airflow/example_dags/example_local_kubernetes_executor.py for tasks to queue
[2025-04-16T21:30:53.593+1000] {logging_mixin.py:190} INFO - [2025-04-16T21:30:53.592+1000] {dagbag.py:588} INFO - Filling up the DagBag from /Users/anurag/Desktop/Self/Coding Projects/learning-airflow/python37/lib/python3.12/site-packages/airflow/example_dags/example_local_kubernetes_executor.py
[2025-04-16T21:30:53.627+1000] {logging_mixin.py:190} INFO - [2025-04-16T21:30:53.627+1000] {example_local_kubernetes_executor.py:40} WARNING - Could not import DAGs in example_local_kubernetes_executor.py
Traceback (most recent call last):
  File "/Users/anurag/Desktop/Self/Coding Projects/learning-airflow/python37/lib/python3.12/site-packages/airflow/example_dags/example_local_kubernetes_executor.py", line 38, in <module>
    from kubernetes.client import models as k8s
ModuleNotFoundError: No module named 'kubernetes'
[2025-04-16T21:30:53.628+1000] {logging_mixin.py:190} INFO - [2025-04-16T21:30:53.628+1000] {example_local_kubernetes_executor.py:41} WARNING - Install Kubernetes dependencies with: pip install apache-airflow[cncf.kubernetes]
[2025-04-16T21:30:53.628+1000] {processor.py:927} WARNING - No viable dags retrieved from /Users/anurag/Desktop/Self/Coding Projects/learning-airflow/python37/lib/python3.12/site-packages/airflow/example_dags/example_local_kubernetes_executor.py
[2025-04-16T21:30:53.710+1000] {processor.py:208} INFO - Processing /Users/anurag/Desktop/Self/Coding Projects/learning-airflow/python37/lib/python3.12/site-packages/airflow/example_dags/example_local_kubernetes_executor.py took 0.125 seconds
[2025-04-16T21:33:26.097+1000] {processor.py:186} INFO - Started process (PID=89998) to work on /Users/anurag/Desktop/Self/Coding Projects/learning-airflow/python37/lib/python3.12/site-packages/airflow/example_dags/example_local_kubernetes_executor.py
[2025-04-16T21:33:26.100+1000] {processor.py:914} INFO - Processing file /Users/anurag/Desktop/Self/Coding Projects/learning-airflow/python37/lib/python3.12/site-packages/airflow/example_dags/example_local_kubernetes_executor.py for tasks to queue
[2025-04-16T21:33:26.101+1000] {logging_mixin.py:190} INFO - [2025-04-16T21:33:26.101+1000] {dagbag.py:588} INFO - Filling up the DagBag from /Users/anurag/Desktop/Self/Coding Projects/learning-airflow/python37/lib/python3.12/site-packages/airflow/example_dags/example_local_kubernetes_executor.py
[2025-04-16T21:33:26.147+1000] {logging_mixin.py:190} INFO - [2025-04-16T21:33:26.146+1000] {example_local_kubernetes_executor.py:40} WARNING - Could not import DAGs in example_local_kubernetes_executor.py
Traceback (most recent call last):
  File "/Users/anurag/Desktop/Self/Coding Projects/learning-airflow/python37/lib/python3.12/site-packages/airflow/example_dags/example_local_kubernetes_executor.py", line 38, in <module>
    from kubernetes.client import models as k8s
ModuleNotFoundError: No module named 'kubernetes'
[2025-04-16T21:33:26.147+1000] {logging_mixin.py:190} INFO - [2025-04-16T21:33:26.147+1000] {example_local_kubernetes_executor.py:41} WARNING - Install Kubernetes dependencies with: pip install apache-airflow[cncf.kubernetes]
[2025-04-16T21:33:26.148+1000] {processor.py:927} WARNING - No viable dags retrieved from /Users/anurag/Desktop/Self/Coding Projects/learning-airflow/python37/lib/python3.12/site-packages/airflow/example_dags/example_local_kubernetes_executor.py
[2025-04-16T21:33:26.268+1000] {processor.py:208} INFO - Processing /Users/anurag/Desktop/Self/Coding Projects/learning-airflow/python37/lib/python3.12/site-packages/airflow/example_dags/example_local_kubernetes_executor.py took 0.178 seconds
[2025-04-16T21:37:41.794+1000] {processor.py:186} INFO - Started process (PID=90618) to work on /Users/anurag/Desktop/Self/Coding Projects/learning-airflow/python37/lib/python3.12/site-packages/airflow/example_dags/example_local_kubernetes_executor.py
[2025-04-16T21:37:41.797+1000] {processor.py:914} INFO - Processing file /Users/anurag/Desktop/Self/Coding Projects/learning-airflow/python37/lib/python3.12/site-packages/airflow/example_dags/example_local_kubernetes_executor.py for tasks to queue
[2025-04-16T21:37:41.802+1000] {logging_mixin.py:190} INFO - [2025-04-16T21:37:41.801+1000] {dagbag.py:588} INFO - Filling up the DagBag from /Users/anurag/Desktop/Self/Coding Projects/learning-airflow/python37/lib/python3.12/site-packages/airflow/example_dags/example_local_kubernetes_executor.py
[2025-04-16T21:37:41.905+1000] {logging_mixin.py:190} INFO - [2025-04-16T21:37:41.902+1000] {example_local_kubernetes_executor.py:40} WARNING - Could not import DAGs in example_local_kubernetes_executor.py
Traceback (most recent call last):
  File "/Users/anurag/Desktop/Self/Coding Projects/learning-airflow/python37/lib/python3.12/site-packages/airflow/example_dags/example_local_kubernetes_executor.py", line 38, in <module>
    from kubernetes.client import models as k8s
ModuleNotFoundError: No module named 'kubernetes'
[2025-04-16T21:37:41.906+1000] {logging_mixin.py:190} INFO - [2025-04-16T21:37:41.906+1000] {example_local_kubernetes_executor.py:41} WARNING - Install Kubernetes dependencies with: pip install apache-airflow[cncf.kubernetes]
[2025-04-16T21:37:41.906+1000] {processor.py:927} WARNING - No viable dags retrieved from /Users/anurag/Desktop/Self/Coding Projects/learning-airflow/python37/lib/python3.12/site-packages/airflow/example_dags/example_local_kubernetes_executor.py
[2025-04-16T21:37:42.154+1000] {processor.py:208} INFO - Processing /Users/anurag/Desktop/Self/Coding Projects/learning-airflow/python37/lib/python3.12/site-packages/airflow/example_dags/example_local_kubernetes_executor.py took 0.373 seconds
[2025-04-16T21:40:35.321+1000] {processor.py:186} INFO - Started process (PID=91057) to work on /Users/anurag/Desktop/Self/Coding Projects/learning-airflow/python37/lib/python3.12/site-packages/airflow/example_dags/example_local_kubernetes_executor.py
[2025-04-16T21:40:35.324+1000] {processor.py:914} INFO - Processing file /Users/anurag/Desktop/Self/Coding Projects/learning-airflow/python37/lib/python3.12/site-packages/airflow/example_dags/example_local_kubernetes_executor.py for tasks to queue
[2025-04-16T21:40:35.325+1000] {logging_mixin.py:190} INFO - [2025-04-16T21:40:35.325+1000] {dagbag.py:588} INFO - Filling up the DagBag from /Users/anurag/Desktop/Self/Coding Projects/learning-airflow/python37/lib/python3.12/site-packages/airflow/example_dags/example_local_kubernetes_executor.py
[2025-04-16T21:40:35.366+1000] {logging_mixin.py:190} INFO - [2025-04-16T21:40:35.365+1000] {example_local_kubernetes_executor.py:40} WARNING - Could not import DAGs in example_local_kubernetes_executor.py
Traceback (most recent call last):
  File "/Users/anurag/Desktop/Self/Coding Projects/learning-airflow/python37/lib/python3.12/site-packages/airflow/example_dags/example_local_kubernetes_executor.py", line 38, in <module>
    from kubernetes.client import models as k8s
ModuleNotFoundError: No module named 'kubernetes'
[2025-04-16T21:40:35.366+1000] {logging_mixin.py:190} INFO - [2025-04-16T21:40:35.366+1000] {example_local_kubernetes_executor.py:41} WARNING - Install Kubernetes dependencies with: pip install apache-airflow[cncf.kubernetes]
[2025-04-16T21:40:35.367+1000] {processor.py:927} WARNING - No viable dags retrieved from /Users/anurag/Desktop/Self/Coding Projects/learning-airflow/python37/lib/python3.12/site-packages/airflow/example_dags/example_local_kubernetes_executor.py
[2025-04-16T21:40:35.461+1000] {processor.py:208} INFO - Processing /Users/anurag/Desktop/Self/Coding Projects/learning-airflow/python37/lib/python3.12/site-packages/airflow/example_dags/example_local_kubernetes_executor.py took 0.146 seconds
[2025-04-16T21:42:57.666+1000] {processor.py:186} INFO - Started process (PID=91428) to work on /Users/anurag/Desktop/Self/Coding Projects/learning-airflow/python37/lib/python3.12/site-packages/airflow/example_dags/example_local_kubernetes_executor.py
[2025-04-16T21:42:57.669+1000] {processor.py:914} INFO - Processing file /Users/anurag/Desktop/Self/Coding Projects/learning-airflow/python37/lib/python3.12/site-packages/airflow/example_dags/example_local_kubernetes_executor.py for tasks to queue
[2025-04-16T21:42:57.670+1000] {logging_mixin.py:190} INFO - [2025-04-16T21:42:57.670+1000] {dagbag.py:588} INFO - Filling up the DagBag from /Users/anurag/Desktop/Self/Coding Projects/learning-airflow/python37/lib/python3.12/site-packages/airflow/example_dags/example_local_kubernetes_executor.py
[2025-04-16T21:42:57.707+1000] {logging_mixin.py:190} INFO - [2025-04-16T21:42:57.706+1000] {example_local_kubernetes_executor.py:40} WARNING - Could not import DAGs in example_local_kubernetes_executor.py
Traceback (most recent call last):
  File "/Users/anurag/Desktop/Self/Coding Projects/learning-airflow/python37/lib/python3.12/site-packages/airflow/example_dags/example_local_kubernetes_executor.py", line 38, in <module>
    from kubernetes.client import models as k8s
ModuleNotFoundError: No module named 'kubernetes'
[2025-04-16T21:42:57.707+1000] {logging_mixin.py:190} INFO - [2025-04-16T21:42:57.707+1000] {example_local_kubernetes_executor.py:41} WARNING - Install Kubernetes dependencies with: pip install apache-airflow[cncf.kubernetes]
[2025-04-16T21:42:57.707+1000] {processor.py:927} WARNING - No viable dags retrieved from /Users/anurag/Desktop/Self/Coding Projects/learning-airflow/python37/lib/python3.12/site-packages/airflow/example_dags/example_local_kubernetes_executor.py
[2025-04-16T21:42:57.796+1000] {processor.py:208} INFO - Processing /Users/anurag/Desktop/Self/Coding Projects/learning-airflow/python37/lib/python3.12/site-packages/airflow/example_dags/example_local_kubernetes_executor.py took 0.134 seconds
[2025-04-16T21:45:59.087+1000] {processor.py:186} INFO - Started process (PID=9845) to work on /Users/anurag/Desktop/Self/Coding Projects/learning-airflow/python37/lib/python3.12/site-packages/airflow/example_dags/example_local_kubernetes_executor.py
[2025-04-16T21:45:59.090+1000] {processor.py:914} INFO - Processing file /Users/anurag/Desktop/Self/Coding Projects/learning-airflow/python37/lib/python3.12/site-packages/airflow/example_dags/example_local_kubernetes_executor.py for tasks to queue
[2025-04-16T21:45:59.091+1000] {logging_mixin.py:190} INFO - [2025-04-16T21:45:59.091+1000] {dagbag.py:588} INFO - Filling up the DagBag from /Users/anurag/Desktop/Self/Coding Projects/learning-airflow/python37/lib/python3.12/site-packages/airflow/example_dags/example_local_kubernetes_executor.py
[2025-04-16T21:45:59.174+1000] {logging_mixin.py:190} INFO - [2025-04-16T21:45:59.173+1000] {example_local_kubernetes_executor.py:40} WARNING - Could not import DAGs in example_local_kubernetes_executor.py
Traceback (most recent call last):
  File "/Users/anurag/Desktop/Self/Coding Projects/learning-airflow/python37/lib/python3.12/site-packages/airflow/example_dags/example_local_kubernetes_executor.py", line 38, in <module>
    from kubernetes.client import models as k8s
ModuleNotFoundError: No module named 'kubernetes'
[2025-04-16T21:45:59.175+1000] {logging_mixin.py:190} INFO - [2025-04-16T21:45:59.175+1000] {example_local_kubernetes_executor.py:41} WARNING - Install Kubernetes dependencies with: pip install apache-airflow[cncf.kubernetes]
[2025-04-16T21:45:59.175+1000] {processor.py:927} WARNING - No viable dags retrieved from /Users/anurag/Desktop/Self/Coding Projects/learning-airflow/python37/lib/python3.12/site-packages/airflow/example_dags/example_local_kubernetes_executor.py
[2025-04-16T21:45:59.397+1000] {processor.py:208} INFO - Processing /Users/anurag/Desktop/Self/Coding Projects/learning-airflow/python37/lib/python3.12/site-packages/airflow/example_dags/example_local_kubernetes_executor.py took 0.319 seconds
