[2025-04-16T21:26:49.914+1000] {processor.py:186} INFO - Started process (PID=88896) to work on /Users/anurag/Desktop/Self/Coding Projects/learning-airflow/python37/lib/python3.12/site-packages/airflow/example_dags/example_subdag_operator.py
[2025-04-16T21:26:49.915+1000] {processor.py:914} INFO - Processing file /Users/anurag/Desktop/Self/Coding Projects/learning-airflow/python37/lib/python3.12/site-packages/airflow/example_dags/example_subdag_operator.py for tasks to queue
[2025-04-16T21:26:49.916+1000] {logging_mixin.py:190} INFO - [2025-04-16T21:26:49.916+1000] {dagbag.py:588} INFO - Filling up the DagBag from /Users/anurag/Desktop/Self/Coding Projects/learning-airflow/python37/lib/python3.12/site-packages/airflow/example_dags/example_subdag_operator.py
[2025-04-16T21:26:50.063+1000] {processor.py:925} INFO - DAG(s) 'example_subdag_operator.section-1', 'example_subdag_operator.section-2', 'example_subdag_operator' retrieved from /Users/anurag/Desktop/Self/Coding Projects/learning-airflow/python37/lib/python3.12/site-packages/airflow/example_dags/example_subdag_operator.py
[2025-04-16T21:26:50.081+1000] {logging_mixin.py:190} INFO - [2025-04-16T21:26:50.081+1000] {workday.py:41} WARNING - Could not import pandas. Holidays will not be considered.
[2025-04-16T21:26:50.195+1000] {logging_mixin.py:190} INFO - [2025-04-16T21:26:50.194+1000] {override.py:1930} INFO - Created Permission View: can read on DAG:example_subdag_operator
[2025-04-16T21:26:50.205+1000] {logging_mixin.py:190} INFO - [2025-04-16T21:26:50.204+1000] {override.py:1930} INFO - Created Permission View: can delete on DAG:example_subdag_operator
[2025-04-16T21:26:50.212+1000] {logging_mixin.py:190} INFO - [2025-04-16T21:26:50.212+1000] {override.py:1930} INFO - Created Permission View: can edit on DAG:example_subdag_operator
[2025-04-16T21:26:50.220+1000] {logging_mixin.py:190} INFO - [2025-04-16T21:26:50.220+1000] {override.py:1930} INFO - Created Permission View: can read on DAG Run:example_subdag_operator
[2025-04-16T21:26:50.228+1000] {logging_mixin.py:190} INFO - [2025-04-16T21:26:50.227+1000] {override.py:1930} INFO - Created Permission View: can delete on DAG Run:example_subdag_operator
[2025-04-16T21:26:50.234+1000] {logging_mixin.py:190} INFO - [2025-04-16T21:26:50.234+1000] {override.py:1930} INFO - Created Permission View: menu access on DAG Run:example_subdag_operator
[2025-04-16T21:26:50.242+1000] {logging_mixin.py:190} INFO - [2025-04-16T21:26:50.242+1000] {override.py:1930} INFO - Created Permission View: can create on DAG Run:example_subdag_operator
[2025-04-16T21:26:50.243+1000] {logging_mixin.py:190} INFO - [2025-04-16T21:26:50.243+1000] {dag.py:3239} INFO - Sync 3 DAGs
[2025-04-16T21:26:50.258+1000] {logging_mixin.py:190} INFO - [2025-04-16T21:26:50.257+1000] {dag.py:3262} INFO - Creating ORM DAG for example_subdag_operator
[2025-04-16T21:26:50.259+1000] {logging_mixin.py:190} INFO - [2025-04-16T21:26:50.259+1000] {dag.py:3262} INFO - Creating ORM DAG for example_subdag_operator.section-2
[2025-04-16T21:26:50.259+1000] {logging_mixin.py:190} INFO - [2025-04-16T21:26:50.259+1000] {dag.py:3262} INFO - Creating ORM DAG for example_subdag_operator.section-1
[2025-04-16T21:26:50.268+1000] {logging_mixin.py:190} INFO - [2025-04-16T21:26:50.268+1000] {dag.py:4180} INFO - Setting next_dagrun for example_subdag_operator to 2022-01-01 00:00:00+00:00, run_after=2022-01-01 00:00:00+00:00
[2025-04-16T21:26:50.269+1000] {logging_mixin.py:190} INFO - [2025-04-16T21:26:50.269+1000] {dag.py:4180} INFO - Setting next_dagrun for example_subdag_operator.section-1 to None, run_after=None
[2025-04-16T21:26:50.269+1000] {logging_mixin.py:190} INFO - [2025-04-16T21:26:50.269+1000] {dag.py:4180} INFO - Setting next_dagrun for example_subdag_operator.section-2 to None, run_after=None
[2025-04-16T21:26:50.276+1000] {logging_mixin.py:190} INFO - [2025-04-16T21:26:50.276+1000] {dag.py:3239} INFO - Sync 2 DAGs
[2025-04-16T21:26:50.280+1000] {logging_mixin.py:190} INFO - [2025-04-16T21:26:50.279+1000] {dag.py:4180} INFO - Setting next_dagrun for example_subdag_operator.section-1 to None, run_after=None
[2025-04-16T21:26:50.282+1000] {logging_mixin.py:190} INFO - [2025-04-16T21:26:50.282+1000] {dag.py:4180} INFO - Setting next_dagrun for example_subdag_operator.section-2 to None, run_after=None
[2025-04-16T21:26:50.293+1000] {processor.py:208} INFO - Processing /Users/anurag/Desktop/Self/Coding Projects/learning-airflow/python37/lib/python3.12/site-packages/airflow/example_dags/example_subdag_operator.py took 0.383 seconds
[2025-04-16T21:30:09.715+1000] {processor.py:186} INFO - Started process (PID=89477) to work on /Users/anurag/Desktop/Self/Coding Projects/learning-airflow/python37/lib/python3.12/site-packages/airflow/example_dags/example_subdag_operator.py
[2025-04-16T21:30:09.716+1000] {processor.py:914} INFO - Processing file /Users/anurag/Desktop/Self/Coding Projects/learning-airflow/python37/lib/python3.12/site-packages/airflow/example_dags/example_subdag_operator.py for tasks to queue
[2025-04-16T21:30:09.717+1000] {logging_mixin.py:190} INFO - [2025-04-16T21:30:09.717+1000] {dagbag.py:588} INFO - Filling up the DagBag from /Users/anurag/Desktop/Self/Coding Projects/learning-airflow/python37/lib/python3.12/site-packages/airflow/example_dags/example_subdag_operator.py
[2025-04-16T21:30:09.816+1000] {processor.py:925} INFO - DAG(s) 'example_subdag_operator.section-1', 'example_subdag_operator.section-2', 'example_subdag_operator' retrieved from /Users/anurag/Desktop/Self/Coding Projects/learning-airflow/python37/lib/python3.12/site-packages/airflow/example_dags/example_subdag_operator.py
[2025-04-16T21:30:09.828+1000] {logging_mixin.py:190} INFO - [2025-04-16T21:30:09.828+1000] {workday.py:41} WARNING - Could not import pandas. Holidays will not be considered.
[2025-04-16T21:30:09.845+1000] {logging_mixin.py:190} INFO - [2025-04-16T21:30:09.845+1000] {dag.py:3239} INFO - Sync 3 DAGs
[2025-04-16T21:30:09.861+1000] {logging_mixin.py:190} INFO - [2025-04-16T21:30:09.861+1000] {dag.py:4180} INFO - Setting next_dagrun for example_subdag_operator to 2022-01-01 00:00:00+00:00, run_after=2022-01-01 00:00:00+00:00
[2025-04-16T21:30:09.864+1000] {logging_mixin.py:190} INFO - [2025-04-16T21:30:09.864+1000] {dag.py:4180} INFO - Setting next_dagrun for example_subdag_operator.section-1 to None, run_after=None
[2025-04-16T21:30:09.865+1000] {logging_mixin.py:190} INFO - [2025-04-16T21:30:09.865+1000] {dag.py:4180} INFO - Setting next_dagrun for example_subdag_operator.section-2 to None, run_after=None
[2025-04-16T21:30:09.870+1000] {logging_mixin.py:190} INFO - [2025-04-16T21:30:09.869+1000] {dag.py:3239} INFO - Sync 2 DAGs
[2025-04-16T21:30:09.873+1000] {logging_mixin.py:190} INFO - [2025-04-16T21:30:09.872+1000] {dag.py:4180} INFO - Setting next_dagrun for example_subdag_operator.section-1 to None, run_after=None
[2025-04-16T21:30:09.873+1000] {logging_mixin.py:190} INFO - [2025-04-16T21:30:09.873+1000] {dag.py:4180} INFO - Setting next_dagrun for example_subdag_operator.section-2 to None, run_after=None
[2025-04-16T21:30:09.883+1000] {processor.py:208} INFO - Processing /Users/anurag/Desktop/Self/Coding Projects/learning-airflow/python37/lib/python3.12/site-packages/airflow/example_dags/example_subdag_operator.py took 0.172 seconds
[2025-04-16T21:32:32.570+1000] {processor.py:186} INFO - Started process (PID=89848) to work on /Users/anurag/Desktop/Self/Coding Projects/learning-airflow/python37/lib/python3.12/site-packages/airflow/example_dags/example_subdag_operator.py
[2025-04-16T21:32:32.571+1000] {processor.py:914} INFO - Processing file /Users/anurag/Desktop/Self/Coding Projects/learning-airflow/python37/lib/python3.12/site-packages/airflow/example_dags/example_subdag_operator.py for tasks to queue
[2025-04-16T21:32:32.572+1000] {logging_mixin.py:190} INFO - [2025-04-16T21:32:32.572+1000] {dagbag.py:588} INFO - Filling up the DagBag from /Users/anurag/Desktop/Self/Coding Projects/learning-airflow/python37/lib/python3.12/site-packages/airflow/example_dags/example_subdag_operator.py
[2025-04-16T21:32:32.665+1000] {processor.py:925} INFO - DAG(s) 'example_subdag_operator.section-1', 'example_subdag_operator.section-2', 'example_subdag_operator' retrieved from /Users/anurag/Desktop/Self/Coding Projects/learning-airflow/python37/lib/python3.12/site-packages/airflow/example_dags/example_subdag_operator.py
[2025-04-16T21:32:32.676+1000] {logging_mixin.py:190} INFO - [2025-04-16T21:32:32.676+1000] {workday.py:41} WARNING - Could not import pandas. Holidays will not be considered.
[2025-04-16T21:32:32.692+1000] {logging_mixin.py:190} INFO - [2025-04-16T21:32:32.692+1000] {dag.py:3239} INFO - Sync 3 DAGs
[2025-04-16T21:32:32.708+1000] {logging_mixin.py:190} INFO - [2025-04-16T21:32:32.708+1000] {dag.py:4180} INFO - Setting next_dagrun for example_subdag_operator to 2022-01-01 00:00:00+00:00, run_after=2022-01-01 00:00:00+00:00
[2025-04-16T21:32:32.711+1000] {logging_mixin.py:190} INFO - [2025-04-16T21:32:32.711+1000] {dag.py:4180} INFO - Setting next_dagrun for example_subdag_operator.section-1 to None, run_after=None
[2025-04-16T21:32:32.712+1000] {logging_mixin.py:190} INFO - [2025-04-16T21:32:32.712+1000] {dag.py:4180} INFO - Setting next_dagrun for example_subdag_operator.section-2 to None, run_after=None
[2025-04-16T21:32:32.717+1000] {logging_mixin.py:190} INFO - [2025-04-16T21:32:32.717+1000] {dag.py:3239} INFO - Sync 2 DAGs
[2025-04-16T21:32:32.720+1000] {logging_mixin.py:190} INFO - [2025-04-16T21:32:32.720+1000] {dag.py:4180} INFO - Setting next_dagrun for example_subdag_operator.section-1 to None, run_after=None
[2025-04-16T21:32:32.720+1000] {logging_mixin.py:190} INFO - [2025-04-16T21:32:32.720+1000] {dag.py:4180} INFO - Setting next_dagrun for example_subdag_operator.section-2 to None, run_after=None
[2025-04-16T21:32:32.731+1000] {processor.py:208} INFO - Processing /Users/anurag/Desktop/Self/Coding Projects/learning-airflow/python37/lib/python3.12/site-packages/airflow/example_dags/example_subdag_operator.py took 0.165 seconds
[2025-04-16T21:36:20.217+1000] {processor.py:186} INFO - Started process (PID=90436) to work on /Users/anurag/Desktop/Self/Coding Projects/learning-airflow/python37/lib/python3.12/site-packages/airflow/example_dags/example_subdag_operator.py
[2025-04-16T21:36:20.220+1000] {processor.py:914} INFO - Processing file /Users/anurag/Desktop/Self/Coding Projects/learning-airflow/python37/lib/python3.12/site-packages/airflow/example_dags/example_subdag_operator.py for tasks to queue
[2025-04-16T21:36:20.221+1000] {logging_mixin.py:190} INFO - [2025-04-16T21:36:20.221+1000] {dagbag.py:588} INFO - Filling up the DagBag from /Users/anurag/Desktop/Self/Coding Projects/learning-airflow/python37/lib/python3.12/site-packages/airflow/example_dags/example_subdag_operator.py
[2025-04-16T21:36:20.388+1000] {processor.py:925} INFO - DAG(s) 'example_subdag_operator.section-1', 'example_subdag_operator.section-2', 'example_subdag_operator' retrieved from /Users/anurag/Desktop/Self/Coding Projects/learning-airflow/python37/lib/python3.12/site-packages/airflow/example_dags/example_subdag_operator.py
[2025-04-16T21:36:20.407+1000] {logging_mixin.py:190} INFO - [2025-04-16T21:36:20.407+1000] {workday.py:41} WARNING - Could not import pandas. Holidays will not be considered.
[2025-04-16T21:36:20.436+1000] {logging_mixin.py:190} INFO - [2025-04-16T21:36:20.435+1000] {dag.py:3239} INFO - Sync 3 DAGs
[2025-04-16T21:36:20.466+1000] {logging_mixin.py:190} INFO - [2025-04-16T21:36:20.466+1000] {dag.py:4180} INFO - Setting next_dagrun for example_subdag_operator to 2022-01-01 00:00:00+00:00, run_after=2022-01-01 00:00:00+00:00
[2025-04-16T21:36:20.471+1000] {logging_mixin.py:190} INFO - [2025-04-16T21:36:20.470+1000] {dag.py:4180} INFO - Setting next_dagrun for example_subdag_operator.section-1 to None, run_after=None
[2025-04-16T21:36:20.472+1000] {logging_mixin.py:190} INFO - [2025-04-16T21:36:20.472+1000] {dag.py:4180} INFO - Setting next_dagrun for example_subdag_operator.section-2 to None, run_after=None
[2025-04-16T21:36:20.480+1000] {logging_mixin.py:190} INFO - [2025-04-16T21:36:20.479+1000] {dag.py:3239} INFO - Sync 2 DAGs
[2025-04-16T21:36:20.486+1000] {logging_mixin.py:190} INFO - [2025-04-16T21:36:20.485+1000] {dag.py:4180} INFO - Setting next_dagrun for example_subdag_operator.section-1 to None, run_after=None
[2025-04-16T21:36:20.486+1000] {logging_mixin.py:190} INFO - [2025-04-16T21:36:20.486+1000] {dag.py:4180} INFO - Setting next_dagrun for example_subdag_operator.section-2 to None, run_after=None
[2025-04-16T21:36:20.502+1000] {processor.py:208} INFO - Processing /Users/anurag/Desktop/Self/Coding Projects/learning-airflow/python37/lib/python3.12/site-packages/airflow/example_dags/example_subdag_operator.py took 0.292 seconds
[2025-04-16T21:39:48.898+1000] {processor.py:186} INFO - Started process (PID=90937) to work on /Users/anurag/Desktop/Self/Coding Projects/learning-airflow/python37/lib/python3.12/site-packages/airflow/example_dags/example_subdag_operator.py
[2025-04-16T21:39:48.900+1000] {processor.py:914} INFO - Processing file /Users/anurag/Desktop/Self/Coding Projects/learning-airflow/python37/lib/python3.12/site-packages/airflow/example_dags/example_subdag_operator.py for tasks to queue
[2025-04-16T21:39:48.902+1000] {logging_mixin.py:190} INFO - [2025-04-16T21:39:48.901+1000] {dagbag.py:588} INFO - Filling up the DagBag from /Users/anurag/Desktop/Self/Coding Projects/learning-airflow/python37/lib/python3.12/site-packages/airflow/example_dags/example_subdag_operator.py
[2025-04-16T21:39:48.998+1000] {processor.py:925} INFO - DAG(s) 'example_subdag_operator.section-1', 'example_subdag_operator.section-2', 'example_subdag_operator' retrieved from /Users/anurag/Desktop/Self/Coding Projects/learning-airflow/python37/lib/python3.12/site-packages/airflow/example_dags/example_subdag_operator.py
[2025-04-16T21:39:49.010+1000] {logging_mixin.py:190} INFO - [2025-04-16T21:39:49.009+1000] {workday.py:41} WARNING - Could not import pandas. Holidays will not be considered.
[2025-04-16T21:39:49.026+1000] {logging_mixin.py:190} INFO - [2025-04-16T21:39:49.026+1000] {dag.py:3239} INFO - Sync 3 DAGs
[2025-04-16T21:39:49.042+1000] {logging_mixin.py:190} INFO - [2025-04-16T21:39:49.042+1000] {dag.py:4180} INFO - Setting next_dagrun for example_subdag_operator to 2022-01-01 00:00:00+00:00, run_after=2022-01-01 00:00:00+00:00
[2025-04-16T21:39:49.045+1000] {logging_mixin.py:190} INFO - [2025-04-16T21:39:49.045+1000] {dag.py:4180} INFO - Setting next_dagrun for example_subdag_operator.section-1 to None, run_after=None
[2025-04-16T21:39:49.046+1000] {logging_mixin.py:190} INFO - [2025-04-16T21:39:49.046+1000] {dag.py:4180} INFO - Setting next_dagrun for example_subdag_operator.section-2 to None, run_after=None
[2025-04-16T21:39:49.051+1000] {logging_mixin.py:190} INFO - [2025-04-16T21:39:49.051+1000] {dag.py:3239} INFO - Sync 2 DAGs
[2025-04-16T21:39:49.054+1000] {logging_mixin.py:190} INFO - [2025-04-16T21:39:49.054+1000] {dag.py:4180} INFO - Setting next_dagrun for example_subdag_operator.section-1 to None, run_after=None
[2025-04-16T21:39:49.054+1000] {logging_mixin.py:190} INFO - [2025-04-16T21:39:49.054+1000] {dag.py:4180} INFO - Setting next_dagrun for example_subdag_operator.section-2 to None, run_after=None
[2025-04-16T21:39:49.064+1000] {processor.py:208} INFO - Processing /Users/anurag/Desktop/Self/Coding Projects/learning-airflow/python37/lib/python3.12/site-packages/airflow/example_dags/example_subdag_operator.py took 0.170 seconds
[2025-04-16T21:42:08.392+1000] {processor.py:186} INFO - Started process (PID=91298) to work on /Users/anurag/Desktop/Self/Coding Projects/learning-airflow/python37/lib/python3.12/site-packages/airflow/example_dags/example_subdag_operator.py
[2025-04-16T21:42:08.393+1000] {processor.py:914} INFO - Processing file /Users/anurag/Desktop/Self/Coding Projects/learning-airflow/python37/lib/python3.12/site-packages/airflow/example_dags/example_subdag_operator.py for tasks to queue
[2025-04-16T21:42:08.394+1000] {logging_mixin.py:190} INFO - [2025-04-16T21:42:08.394+1000] {dagbag.py:588} INFO - Filling up the DagBag from /Users/anurag/Desktop/Self/Coding Projects/learning-airflow/python37/lib/python3.12/site-packages/airflow/example_dags/example_subdag_operator.py
[2025-04-16T21:42:08.484+1000] {processor.py:925} INFO - DAG(s) 'example_subdag_operator.section-1', 'example_subdag_operator.section-2', 'example_subdag_operator' retrieved from /Users/anurag/Desktop/Self/Coding Projects/learning-airflow/python37/lib/python3.12/site-packages/airflow/example_dags/example_subdag_operator.py
[2025-04-16T21:42:08.496+1000] {logging_mixin.py:190} INFO - [2025-04-16T21:42:08.496+1000] {workday.py:41} WARNING - Could not import pandas. Holidays will not be considered.
[2025-04-16T21:42:08.512+1000] {logging_mixin.py:190} INFO - [2025-04-16T21:42:08.512+1000] {dag.py:3239} INFO - Sync 3 DAGs
[2025-04-16T21:42:08.528+1000] {logging_mixin.py:190} INFO - [2025-04-16T21:42:08.528+1000] {dag.py:4180} INFO - Setting next_dagrun for example_subdag_operator to 2022-01-01 00:00:00+00:00, run_after=2022-01-01 00:00:00+00:00
[2025-04-16T21:42:08.531+1000] {logging_mixin.py:190} INFO - [2025-04-16T21:42:08.531+1000] {dag.py:4180} INFO - Setting next_dagrun for example_subdag_operator.section-1 to None, run_after=None
[2025-04-16T21:42:08.532+1000] {logging_mixin.py:190} INFO - [2025-04-16T21:42:08.531+1000] {dag.py:4180} INFO - Setting next_dagrun for example_subdag_operator.section-2 to None, run_after=None
[2025-04-16T21:42:08.536+1000] {logging_mixin.py:190} INFO - [2025-04-16T21:42:08.536+1000] {dag.py:3239} INFO - Sync 2 DAGs
[2025-04-16T21:42:08.539+1000] {logging_mixin.py:190} INFO - [2025-04-16T21:42:08.539+1000] {dag.py:4180} INFO - Setting next_dagrun for example_subdag_operator.section-1 to None, run_after=None
[2025-04-16T21:42:08.539+1000] {logging_mixin.py:190} INFO - [2025-04-16T21:42:08.539+1000] {dag.py:4180} INFO - Setting next_dagrun for example_subdag_operator.section-2 to None, run_after=None
[2025-04-16T21:42:08.558+1000] {processor.py:208} INFO - Processing /Users/anurag/Desktop/Self/Coding Projects/learning-airflow/python37/lib/python3.12/site-packages/airflow/example_dags/example_subdag_operator.py took 0.169 seconds
[2025-04-16T21:44:55.651+1000] {processor.py:186} INFO - Started process (PID=7586) to work on /Users/anurag/Desktop/Self/Coding Projects/learning-airflow/python37/lib/python3.12/site-packages/airflow/example_dags/example_subdag_operator.py
[2025-04-16T21:44:55.653+1000] {processor.py:914} INFO - Processing file /Users/anurag/Desktop/Self/Coding Projects/learning-airflow/python37/lib/python3.12/site-packages/airflow/example_dags/example_subdag_operator.py for tasks to queue
[2025-04-16T21:44:55.655+1000] {logging_mixin.py:190} INFO - [2025-04-16T21:44:55.654+1000] {dagbag.py:588} INFO - Filling up the DagBag from /Users/anurag/Desktop/Self/Coding Projects/learning-airflow/python37/lib/python3.12/site-packages/airflow/example_dags/example_subdag_operator.py
[2025-04-16T21:44:55.774+1000] {processor.py:925} INFO - DAG(s) 'example_subdag_operator.section-1', 'example_subdag_operator.section-2', 'example_subdag_operator' retrieved from /Users/anurag/Desktop/Self/Coding Projects/learning-airflow/python37/lib/python3.12/site-packages/airflow/example_dags/example_subdag_operator.py
[2025-04-16T21:44:55.790+1000] {logging_mixin.py:190} INFO - [2025-04-16T21:44:55.790+1000] {workday.py:41} WARNING - Could not import pandas. Holidays will not be considered.
[2025-04-16T21:44:55.811+1000] {logging_mixin.py:190} INFO - [2025-04-16T21:44:55.811+1000] {dag.py:3239} INFO - Sync 3 DAGs
[2025-04-16T21:44:55.832+1000] {logging_mixin.py:190} INFO - [2025-04-16T21:44:55.832+1000] {dag.py:4180} INFO - Setting next_dagrun for example_subdag_operator to 2022-01-01 00:00:00+00:00, run_after=2022-01-01 00:00:00+00:00
[2025-04-16T21:44:55.836+1000] {logging_mixin.py:190} INFO - [2025-04-16T21:44:55.835+1000] {dag.py:4180} INFO - Setting next_dagrun for example_subdag_operator.section-1 to None, run_after=None
[2025-04-16T21:44:55.837+1000] {logging_mixin.py:190} INFO - [2025-04-16T21:44:55.836+1000] {dag.py:4180} INFO - Setting next_dagrun for example_subdag_operator.section-2 to None, run_after=None
[2025-04-16T21:44:55.843+1000] {logging_mixin.py:190} INFO - [2025-04-16T21:44:55.842+1000] {dag.py:3239} INFO - Sync 2 DAGs
[2025-04-16T21:44:55.847+1000] {logging_mixin.py:190} INFO - [2025-04-16T21:44:55.846+1000] {dag.py:4180} INFO - Setting next_dagrun for example_subdag_operator.section-1 to None, run_after=None
[2025-04-16T21:44:55.847+1000] {logging_mixin.py:190} INFO - [2025-04-16T21:44:55.847+1000] {dag.py:4180} INFO - Setting next_dagrun for example_subdag_operator.section-2 to None, run_after=None
[2025-04-16T21:44:55.859+1000] {processor.py:208} INFO - Processing /Users/anurag/Desktop/Self/Coding Projects/learning-airflow/python37/lib/python3.12/site-packages/airflow/example_dags/example_subdag_operator.py took 0.213 seconds
