[2025-04-16T21:26:31.717+1000] {processor.py:186} INFO - Started process (PID=88838) to work on /Users/anurag/Desktop/Self/Coding Projects/learning-airflow/python37/lib/python3.12/site-packages/airflow/example_dags/example_trigger_target_dag.py
[2025-04-16T21:26:31.720+1000] {processor.py:914} INFO - Processing file /Users/anurag/Desktop/Self/Coding Projects/learning-airflow/python37/lib/python3.12/site-packages/airflow/example_dags/example_trigger_target_dag.py for tasks to queue
[2025-04-16T21:26:31.722+1000] {logging_mixin.py:190} INFO - [2025-04-16T21:26:31.722+1000] {dagbag.py:588} INFO - Filling up the DagBag from /Users/anurag/Desktop/Self/Coding Projects/learning-airflow/python37/lib/python3.12/site-packages/airflow/example_dags/example_trigger_target_dag.py
[2025-04-16T21:26:31.770+1000] {processor.py:925} INFO - DAG(s) 'example_trigger_target_dag' retrieved from /Users/anurag/Desktop/Self/Coding Projects/learning-airflow/python37/lib/python3.12/site-packages/airflow/example_dags/example_trigger_target_dag.py
[2025-04-16T21:26:32.048+1000] {logging_mixin.py:190} INFO - [2025-04-16T21:26:32.048+1000] {override.py:1930} INFO - Created Permission View: can edit on DAG:example_trigger_target_dag
[2025-04-16T21:26:32.065+1000] {logging_mixin.py:190} INFO - [2025-04-16T21:26:32.065+1000] {override.py:1930} INFO - Created Permission View: can read on DAG:example_trigger_target_dag
[2025-04-16T21:26:32.076+1000] {logging_mixin.py:190} INFO - [2025-04-16T21:26:32.075+1000] {override.py:1930} INFO - Created Permission View: can delete on DAG:example_trigger_target_dag
[2025-04-16T21:26:32.087+1000] {logging_mixin.py:190} INFO - [2025-04-16T21:26:32.087+1000] {override.py:1930} INFO - Created Permission View: menu access on DAG Run:example_trigger_target_dag
[2025-04-16T21:26:32.096+1000] {logging_mixin.py:190} INFO - [2025-04-16T21:26:32.095+1000] {override.py:1930} INFO - Created Permission View: can create on DAG Run:example_trigger_target_dag
[2025-04-16T21:26:32.104+1000] {logging_mixin.py:190} INFO - [2025-04-16T21:26:32.103+1000] {override.py:1930} INFO - Created Permission View: can read on DAG Run:example_trigger_target_dag
[2025-04-16T21:26:32.112+1000] {logging_mixin.py:190} INFO - [2025-04-16T21:26:32.112+1000] {override.py:1930} INFO - Created Permission View: can delete on DAG Run:example_trigger_target_dag
[2025-04-16T21:26:32.112+1000] {logging_mixin.py:190} INFO - [2025-04-16T21:26:32.112+1000] {dag.py:3239} INFO - Sync 1 DAGs
[2025-04-16T21:26:32.129+1000] {logging_mixin.py:190} INFO - [2025-04-16T21:26:32.128+1000] {dag.py:3262} INFO - Creating ORM DAG for example_trigger_target_dag
[2025-04-16T21:26:32.129+1000] {logging_mixin.py:190} INFO - [2025-04-16T21:26:32.129+1000] {dag.py:4180} INFO - Setting next_dagrun for example_trigger_target_dag to None, run_after=None
[2025-04-16T21:26:32.234+1000] {processor.py:208} INFO - Processing /Users/anurag/Desktop/Self/Coding Projects/learning-airflow/python37/lib/python3.12/site-packages/airflow/example_dags/example_trigger_target_dag.py took 0.522 seconds
[2025-04-16T21:29:54.894+1000] {processor.py:186} INFO - Started process (PID=89432) to work on /Users/anurag/Desktop/Self/Coding Projects/learning-airflow/python37/lib/python3.12/site-packages/airflow/example_dags/example_trigger_target_dag.py
[2025-04-16T21:29:54.897+1000] {processor.py:914} INFO - Processing file /Users/anurag/Desktop/Self/Coding Projects/learning-airflow/python37/lib/python3.12/site-packages/airflow/example_dags/example_trigger_target_dag.py for tasks to queue
[2025-04-16T21:29:54.901+1000] {logging_mixin.py:190} INFO - [2025-04-16T21:29:54.900+1000] {dagbag.py:588} INFO - Filling up the DagBag from /Users/anurag/Desktop/Self/Coding Projects/learning-airflow/python37/lib/python3.12/site-packages/airflow/example_dags/example_trigger_target_dag.py
[2025-04-16T21:29:54.949+1000] {processor.py:925} INFO - DAG(s) 'example_trigger_target_dag' retrieved from /Users/anurag/Desktop/Self/Coding Projects/learning-airflow/python37/lib/python3.12/site-packages/airflow/example_dags/example_trigger_target_dag.py
[2025-04-16T21:29:55.067+1000] {logging_mixin.py:190} INFO - [2025-04-16T21:29:55.067+1000] {dag.py:3239} INFO - Sync 1 DAGs
[2025-04-16T21:29:55.081+1000] {logging_mixin.py:190} INFO - [2025-04-16T21:29:55.081+1000] {dag.py:4180} INFO - Setting next_dagrun for example_trigger_target_dag to None, run_after=None
[2025-04-16T21:29:55.108+1000] {processor.py:208} INFO - Processing /Users/anurag/Desktop/Self/Coding Projects/learning-airflow/python37/lib/python3.12/site-packages/airflow/example_dags/example_trigger_target_dag.py took 0.220 seconds
[2025-04-16T21:32:17.936+1000] {processor.py:186} INFO - Started process (PID=89806) to work on /Users/anurag/Desktop/Self/Coding Projects/learning-airflow/python37/lib/python3.12/site-packages/airflow/example_dags/example_trigger_target_dag.py
[2025-04-16T21:32:17.938+1000] {processor.py:914} INFO - Processing file /Users/anurag/Desktop/Self/Coding Projects/learning-airflow/python37/lib/python3.12/site-packages/airflow/example_dags/example_trigger_target_dag.py for tasks to queue
[2025-04-16T21:32:17.939+1000] {logging_mixin.py:190} INFO - [2025-04-16T21:32:17.939+1000] {dagbag.py:588} INFO - Filling up the DagBag from /Users/anurag/Desktop/Self/Coding Projects/learning-airflow/python37/lib/python3.12/site-packages/airflow/example_dags/example_trigger_target_dag.py
[2025-04-16T21:32:17.983+1000] {processor.py:925} INFO - DAG(s) 'example_trigger_target_dag' retrieved from /Users/anurag/Desktop/Self/Coding Projects/learning-airflow/python37/lib/python3.12/site-packages/airflow/example_dags/example_trigger_target_dag.py
[2025-04-16T21:32:18.073+1000] {logging_mixin.py:190} INFO - [2025-04-16T21:32:18.073+1000] {dag.py:3239} INFO - Sync 1 DAGs
[2025-04-16T21:32:18.083+1000] {logging_mixin.py:190} INFO - [2025-04-16T21:32:18.083+1000] {dag.py:4180} INFO - Setting next_dagrun for example_trigger_target_dag to None, run_after=None
[2025-04-16T21:32:18.099+1000] {processor.py:208} INFO - Processing /Users/anurag/Desktop/Self/Coding Projects/learning-airflow/python37/lib/python3.12/site-packages/airflow/example_dags/example_trigger_target_dag.py took 0.168 seconds
[2025-04-16T21:35:55.544+1000] {processor.py:186} INFO - Started process (PID=90370) to work on /Users/anurag/Desktop/Self/Coding Projects/learning-airflow/python37/lib/python3.12/site-packages/airflow/example_dags/example_trigger_target_dag.py
[2025-04-16T21:35:55.547+1000] {processor.py:914} INFO - Processing file /Users/anurag/Desktop/Self/Coding Projects/learning-airflow/python37/lib/python3.12/site-packages/airflow/example_dags/example_trigger_target_dag.py for tasks to queue
[2025-04-16T21:35:55.549+1000] {logging_mixin.py:190} INFO - [2025-04-16T21:35:55.548+1000] {dagbag.py:588} INFO - Filling up the DagBag from /Users/anurag/Desktop/Self/Coding Projects/learning-airflow/python37/lib/python3.12/site-packages/airflow/example_dags/example_trigger_target_dag.py
[2025-04-16T21:35:55.604+1000] {processor.py:925} INFO - DAG(s) 'example_trigger_target_dag' retrieved from /Users/anurag/Desktop/Self/Coding Projects/learning-airflow/python37/lib/python3.12/site-packages/airflow/example_dags/example_trigger_target_dag.py
[2025-04-16T21:35:55.766+1000] {logging_mixin.py:190} INFO - [2025-04-16T21:35:55.765+1000] {dag.py:3239} INFO - Sync 1 DAGs
[2025-04-16T21:35:55.783+1000] {logging_mixin.py:190} INFO - [2025-04-16T21:35:55.782+1000] {dag.py:4180} INFO - Setting next_dagrun for example_trigger_target_dag to None, run_after=None
[2025-04-16T21:35:55.811+1000] {processor.py:208} INFO - Processing /Users/anurag/Desktop/Self/Coding Projects/learning-airflow/python37/lib/python3.12/site-packages/airflow/example_dags/example_trigger_target_dag.py took 0.275 seconds
[2025-04-16T21:39:35.047+1000] {processor.py:186} INFO - Started process (PID=90902) to work on /Users/anurag/Desktop/Self/Coding Projects/learning-airflow/python37/lib/python3.12/site-packages/airflow/example_dags/example_trigger_target_dag.py
[2025-04-16T21:39:35.050+1000] {processor.py:914} INFO - Processing file /Users/anurag/Desktop/Self/Coding Projects/learning-airflow/python37/lib/python3.12/site-packages/airflow/example_dags/example_trigger_target_dag.py for tasks to queue
[2025-04-16T21:39:35.052+1000] {logging_mixin.py:190} INFO - [2025-04-16T21:39:35.052+1000] {dagbag.py:588} INFO - Filling up the DagBag from /Users/anurag/Desktop/Self/Coding Projects/learning-airflow/python37/lib/python3.12/site-packages/airflow/example_dags/example_trigger_target_dag.py
[2025-04-16T21:39:35.090+1000] {processor.py:925} INFO - DAG(s) 'example_trigger_target_dag' retrieved from /Users/anurag/Desktop/Self/Coding Projects/learning-airflow/python37/lib/python3.12/site-packages/airflow/example_dags/example_trigger_target_dag.py
[2025-04-16T21:39:35.189+1000] {logging_mixin.py:190} INFO - [2025-04-16T21:39:35.189+1000] {dag.py:3239} INFO - Sync 1 DAGs
[2025-04-16T21:39:35.199+1000] {logging_mixin.py:190} INFO - [2025-04-16T21:39:35.199+1000] {dag.py:4180} INFO - Setting next_dagrun for example_trigger_target_dag to None, run_after=None
[2025-04-16T21:39:35.219+1000] {processor.py:208} INFO - Processing /Users/anurag/Desktop/Self/Coding Projects/learning-airflow/python37/lib/python3.12/site-packages/airflow/example_dags/example_trigger_target_dag.py took 0.176 seconds
[2025-04-16T21:41:54.943+1000] {processor.py:186} INFO - Started process (PID=91264) to work on /Users/anurag/Desktop/Self/Coding Projects/learning-airflow/python37/lib/python3.12/site-packages/airflow/example_dags/example_trigger_target_dag.py
[2025-04-16T21:41:54.944+1000] {processor.py:914} INFO - Processing file /Users/anurag/Desktop/Self/Coding Projects/learning-airflow/python37/lib/python3.12/site-packages/airflow/example_dags/example_trigger_target_dag.py for tasks to queue
[2025-04-16T21:41:54.945+1000] {logging_mixin.py:190} INFO - [2025-04-16T21:41:54.945+1000] {dagbag.py:588} INFO - Filling up the DagBag from /Users/anurag/Desktop/Self/Coding Projects/learning-airflow/python37/lib/python3.12/site-packages/airflow/example_dags/example_trigger_target_dag.py
[2025-04-16T21:41:54.976+1000] {processor.py:925} INFO - DAG(s) 'example_trigger_target_dag' retrieved from /Users/anurag/Desktop/Self/Coding Projects/learning-airflow/python37/lib/python3.12/site-packages/airflow/example_dags/example_trigger_target_dag.py
[2025-04-16T21:41:55.061+1000] {logging_mixin.py:190} INFO - [2025-04-16T21:41:55.061+1000] {dag.py:3239} INFO - Sync 1 DAGs
[2025-04-16T21:41:55.070+1000] {logging_mixin.py:190} INFO - [2025-04-16T21:41:55.070+1000] {dag.py:4180} INFO - Setting next_dagrun for example_trigger_target_dag to None, run_after=None
[2025-04-16T21:41:55.085+1000] {processor.py:208} INFO - Processing /Users/anurag/Desktop/Self/Coding Projects/learning-airflow/python37/lib/python3.12/site-packages/airflow/example_dags/example_trigger_target_dag.py took 0.147 seconds
[2025-04-16T21:44:37.121+1000] {processor.py:186} INFO - Started process (PID=4626) to work on /Users/anurag/Desktop/Self/Coding Projects/learning-airflow/python37/lib/python3.12/site-packages/airflow/example_dags/example_trigger_target_dag.py
[2025-04-16T21:44:37.123+1000] {processor.py:914} INFO - Processing file /Users/anurag/Desktop/Self/Coding Projects/learning-airflow/python37/lib/python3.12/site-packages/airflow/example_dags/example_trigger_target_dag.py for tasks to queue
[2025-04-16T21:44:37.125+1000] {logging_mixin.py:190} INFO - [2025-04-16T21:44:37.125+1000] {dagbag.py:588} INFO - Filling up the DagBag from /Users/anurag/Desktop/Self/Coding Projects/learning-airflow/python37/lib/python3.12/site-packages/airflow/example_dags/example_trigger_target_dag.py
[2025-04-16T21:44:37.178+1000] {processor.py:925} INFO - DAG(s) 'example_trigger_target_dag' retrieved from /Users/anurag/Desktop/Self/Coding Projects/learning-airflow/python37/lib/python3.12/site-packages/airflow/example_dags/example_trigger_target_dag.py
[2025-04-16T21:44:37.329+1000] {logging_mixin.py:190} INFO - [2025-04-16T21:44:37.329+1000] {dag.py:3239} INFO - Sync 1 DAGs
[2025-04-16T21:44:37.344+1000] {logging_mixin.py:190} INFO - [2025-04-16T21:44:37.343+1000] {dag.py:4180} INFO - Setting next_dagrun for example_trigger_target_dag to None, run_after=None
[2025-04-16T21:44:37.367+1000] {processor.py:208} INFO - Processing /Users/anurag/Desktop/Self/Coding Projects/learning-airflow/python37/lib/python3.12/site-packages/airflow/example_dags/example_trigger_target_dag.py took 0.252 seconds
[2025-04-16T21:47:34.969+1000] {processor.py:186} INFO - Started process (PID=20743) to work on /Users/anurag/Desktop/Self/Coding Projects/learning-airflow/python37/lib/python3.12/site-packages/airflow/example_dags/example_trigger_target_dag.py
[2025-04-16T21:47:34.971+1000] {processor.py:914} INFO - Processing file /Users/anurag/Desktop/Self/Coding Projects/learning-airflow/python37/lib/python3.12/site-packages/airflow/example_dags/example_trigger_target_dag.py for tasks to queue
[2025-04-16T21:47:34.973+1000] {logging_mixin.py:190} INFO - [2025-04-16T21:47:34.973+1000] {dagbag.py:588} INFO - Filling up the DagBag from /Users/anurag/Desktop/Self/Coding Projects/learning-airflow/python37/lib/python3.12/site-packages/airflow/example_dags/example_trigger_target_dag.py
[2025-04-16T21:47:35.034+1000] {processor.py:925} INFO - DAG(s) 'example_trigger_target_dag' retrieved from /Users/anurag/Desktop/Self/Coding Projects/learning-airflow/python37/lib/python3.12/site-packages/airflow/example_dags/example_trigger_target_dag.py
[2025-04-16T21:47:35.214+1000] {logging_mixin.py:190} INFO - [2025-04-16T21:47:35.213+1000] {dag.py:3239} INFO - Sync 1 DAGs
[2025-04-16T21:47:35.229+1000] {logging_mixin.py:190} INFO - [2025-04-16T21:47:35.229+1000] {dag.py:4180} INFO - Setting next_dagrun for example_trigger_target_dag to None, run_after=None
[2025-04-16T21:47:35.250+1000] {processor.py:208} INFO - Processing /Users/anurag/Desktop/Self/Coding Projects/learning-airflow/python37/lib/python3.12/site-packages/airflow/example_dags/example_trigger_target_dag.py took 0.288 seconds
