[2025-04-16T21:29:01.621+1000] {processor.py:186} INFO - Started process (PID=89256) to work on /Users/anurag/Desktop/Self/Coding Projects/learning-airflow/python37/lib/python3.12/site-packages/airflow/example_dags/example_branch_day_of_week_operator.py
[2025-04-16T21:29:01.622+1000] {processor.py:914} INFO - Processing file /Users/anurag/Desktop/Self/Coding Projects/learning-airflow/python37/lib/python3.12/site-packages/airflow/example_dags/example_branch_day_of_week_operator.py for tasks to queue
[2025-04-16T21:29:01.623+1000] {logging_mixin.py:190} INFO - [2025-04-16T21:29:01.622+1000] {dagbag.py:588} INFO - Filling up the DagBag from /Users/anurag/Desktop/Self/Coding Projects/learning-airflow/python37/lib/python3.12/site-packages/airflow/example_dags/example_branch_day_of_week_operator.py
[2025-04-16T21:29:01.633+1000] {processor.py:925} INFO - DAG(s) 'example_weekday_branch_operator' retrieved from /Users/anurag/Desktop/Self/Coding Projects/learning-airflow/python37/lib/python3.12/site-packages/airflow/example_dags/example_branch_day_of_week_operator.py
[2025-04-16T21:29:01.798+1000] {logging_mixin.py:190} INFO - [2025-04-16T21:29:01.797+1000] {override.py:1930} INFO - Created Permission View: can delete on DAG:example_weekday_branch_operator
[2025-04-16T21:29:01.807+1000] {logging_mixin.py:190} INFO - [2025-04-16T21:29:01.806+1000] {override.py:1930} INFO - Created Permission View: can read on DAG:example_weekday_branch_operator
[2025-04-16T21:29:01.812+1000] {logging_mixin.py:190} INFO - [2025-04-16T21:29:01.812+1000] {override.py:1930} INFO - Created Permission View: can edit on DAG:example_weekday_branch_operator
[2025-04-16T21:29:01.819+1000] {logging_mixin.py:190} INFO - [2025-04-16T21:29:01.819+1000] {override.py:1930} INFO - Created Permission View: can delete on DAG Run:example_weekday_branch_operator
[2025-04-16T21:29:01.824+1000] {logging_mixin.py:190} INFO - [2025-04-16T21:29:01.824+1000] {override.py:1930} INFO - Created Permission View: can create on DAG Run:example_weekday_branch_operator
[2025-04-16T21:29:01.830+1000] {logging_mixin.py:190} INFO - [2025-04-16T21:29:01.829+1000] {override.py:1930} INFO - Created Permission View: can read on DAG Run:example_weekday_branch_operator
[2025-04-16T21:29:01.835+1000] {logging_mixin.py:190} INFO - [2025-04-16T21:29:01.834+1000] {override.py:1930} INFO - Created Permission View: menu access on DAG Run:example_weekday_branch_operator
[2025-04-16T21:29:01.835+1000] {logging_mixin.py:190} INFO - [2025-04-16T21:29:01.835+1000] {dag.py:3239} INFO - Sync 1 DAGs
[2025-04-16T21:29:01.845+1000] {logging_mixin.py:190} INFO - [2025-04-16T21:29:01.845+1000] {dag.py:3262} INFO - Creating ORM DAG for example_weekday_branch_operator
[2025-04-16T21:29:01.853+1000] {logging_mixin.py:190} INFO - [2025-04-16T21:29:01.853+1000] {dag.py:4180} INFO - Setting next_dagrun for example_weekday_branch_operator to 2025-04-15 00:00:00+00:00, run_after=2025-04-16 00:00:00+00:00
[2025-04-16T21:29:01.866+1000] {processor.py:208} INFO - Processing /Users/anurag/Desktop/Self/Coding Projects/learning-airflow/python37/lib/python3.12/site-packages/airflow/example_dags/example_branch_day_of_week_operator.py took 0.250 seconds
[2025-04-16T21:34:07.715+1000] {processor.py:186} INFO - Started process (PID=90092) to work on /Users/anurag/Desktop/Self/Coding Projects/learning-airflow/python37/lib/python3.12/site-packages/airflow/example_dags/example_branch_day_of_week_operator.py
[2025-04-16T21:34:07.718+1000] {processor.py:914} INFO - Processing file /Users/anurag/Desktop/Self/Coding Projects/learning-airflow/python37/lib/python3.12/site-packages/airflow/example_dags/example_branch_day_of_week_operator.py for tasks to queue
[2025-04-16T21:34:07.720+1000] {logging_mixin.py:190} INFO - [2025-04-16T21:34:07.720+1000] {dagbag.py:588} INFO - Filling up the DagBag from /Users/anurag/Desktop/Self/Coding Projects/learning-airflow/python37/lib/python3.12/site-packages/airflow/example_dags/example_branch_day_of_week_operator.py
[2025-04-16T21:34:07.740+1000] {processor.py:925} INFO - DAG(s) 'example_weekday_branch_operator' retrieved from /Users/anurag/Desktop/Self/Coding Projects/learning-airflow/python37/lib/python3.12/site-packages/airflow/example_dags/example_branch_day_of_week_operator.py
[2025-04-16T21:34:07.895+1000] {logging_mixin.py:190} INFO - [2025-04-16T21:34:07.894+1000] {dag.py:3239} INFO - Sync 1 DAGs
[2025-04-16T21:34:07.925+1000] {logging_mixin.py:190} INFO - [2025-04-16T21:34:07.925+1000] {dag.py:4180} INFO - Setting next_dagrun for example_weekday_branch_operator to 2025-04-15 00:00:00+00:00, run_after=2025-04-16 00:00:00+00:00
[2025-04-16T21:34:07.955+1000] {processor.py:208} INFO - Processing /Users/anurag/Desktop/Self/Coding Projects/learning-airflow/python37/lib/python3.12/site-packages/airflow/example_dags/example_branch_day_of_week_operator.py took 0.248 seconds
[2025-04-16T21:41:02.829+1000] {processor.py:186} INFO - Started process (PID=91131) to work on /Users/anurag/Desktop/Self/Coding Projects/learning-airflow/python37/lib/python3.12/site-packages/airflow/example_dags/example_branch_day_of_week_operator.py
[2025-04-16T21:41:02.831+1000] {processor.py:914} INFO - Processing file /Users/anurag/Desktop/Self/Coding Projects/learning-airflow/python37/lib/python3.12/site-packages/airflow/example_dags/example_branch_day_of_week_operator.py for tasks to queue
[2025-04-16T21:41:02.832+1000] {logging_mixin.py:190} INFO - [2025-04-16T21:41:02.832+1000] {dagbag.py:588} INFO - Filling up the DagBag from /Users/anurag/Desktop/Self/Coding Projects/learning-airflow/python37/lib/python3.12/site-packages/airflow/example_dags/example_branch_day_of_week_operator.py
[2025-04-16T21:41:02.844+1000] {processor.py:925} INFO - DAG(s) 'example_weekday_branch_operator' retrieved from /Users/anurag/Desktop/Self/Coding Projects/learning-airflow/python37/lib/python3.12/site-packages/airflow/example_dags/example_branch_day_of_week_operator.py
[2025-04-16T21:41:02.939+1000] {logging_mixin.py:190} INFO - [2025-04-16T21:41:02.939+1000] {dag.py:3239} INFO - Sync 1 DAGs
[2025-04-16T21:41:02.956+1000] {logging_mixin.py:190} INFO - [2025-04-16T21:41:02.956+1000] {dag.py:4180} INFO - Setting next_dagrun for example_weekday_branch_operator to 2025-04-15 00:00:00+00:00, run_after=2025-04-16 00:00:00+00:00
[2025-04-16T21:41:02.971+1000] {processor.py:208} INFO - Processing /Users/anurag/Desktop/Self/Coding Projects/learning-airflow/python37/lib/python3.12/site-packages/airflow/example_dags/example_branch_day_of_week_operator.py took 0.146 seconds
[2025-04-16T21:46:37.680+1000] {processor.py:186} INFO - Started process (PID=12683) to work on /Users/anurag/Desktop/Self/Coding Projects/learning-airflow/python37/lib/python3.12/site-packages/airflow/example_dags/example_branch_day_of_week_operator.py
[2025-04-16T21:46:37.681+1000] {processor.py:914} INFO - Processing file /Users/anurag/Desktop/Self/Coding Projects/learning-airflow/python37/lib/python3.12/site-packages/airflow/example_dags/example_branch_day_of_week_operator.py for tasks to queue
[2025-04-16T21:46:37.682+1000] {logging_mixin.py:190} INFO - [2025-04-16T21:46:37.682+1000] {dagbag.py:588} INFO - Filling up the DagBag from /Users/anurag/Desktop/Self/Coding Projects/learning-airflow/python37/lib/python3.12/site-packages/airflow/example_dags/example_branch_day_of_week_operator.py
[2025-04-16T21:46:37.694+1000] {processor.py:925} INFO - DAG(s) 'example_weekday_branch_operator' retrieved from /Users/anurag/Desktop/Self/Coding Projects/learning-airflow/python37/lib/python3.12/site-packages/airflow/example_dags/example_branch_day_of_week_operator.py
[2025-04-16T21:46:37.805+1000] {logging_mixin.py:190} INFO - [2025-04-16T21:46:37.805+1000] {dag.py:3239} INFO - Sync 1 DAGs
[2025-04-16T21:46:37.826+1000] {logging_mixin.py:190} INFO - [2025-04-16T21:46:37.826+1000] {dag.py:4180} INFO - Setting next_dagrun for example_weekday_branch_operator to 2025-04-15 00:00:00+00:00, run_after=2025-04-16 00:00:00+00:00
[2025-04-16T21:46:37.844+1000] {processor.py:208} INFO - Processing /Users/anurag/Desktop/Self/Coding Projects/learning-airflow/python37/lib/python3.12/site-packages/airflow/example_dags/example_branch_day_of_week_operator.py took 0.169 seconds
