[2025-04-16T21:28:58.501+1000] {processor.py:186} INFO - Started process (PID=89243) to work on /Users/anurag/Desktop/Self/Coding Projects/learning-airflow/python37/lib/python3.12/site-packages/airflow/example_dags/example_branch_labels.py
[2025-04-16T21:28:58.502+1000] {processor.py:914} INFO - Processing file /Users/anurag/Desktop/Self/Coding Projects/learning-airflow/python37/lib/python3.12/site-packages/airflow/example_dags/example_branch_labels.py for tasks to queue
[2025-04-16T21:28:58.504+1000] {logging_mixin.py:190} INFO - [2025-04-16T21:28:58.503+1000] {dagbag.py:588} INFO - Filling up the DagBag from /Users/anurag/Desktop/Self/Coding Projects/learning-airflow/python37/lib/python3.12/site-packages/airflow/example_dags/example_branch_labels.py
[2025-04-16T21:28:58.514+1000] {processor.py:925} INFO - DAG(s) 'example_branch_labels' retrieved from /Users/anurag/Desktop/Self/Coding Projects/learning-airflow/python37/lib/python3.12/site-packages/airflow/example_dags/example_branch_labels.py
[2025-04-16T21:28:58.689+1000] {logging_mixin.py:190} INFO - [2025-04-16T21:28:58.689+1000] {override.py:1930} INFO - Created Permission View: can read on DAG:example_branch_labels
[2025-04-16T21:28:58.699+1000] {logging_mixin.py:190} INFO - [2025-04-16T21:28:58.699+1000] {override.py:1930} INFO - Created Permission View: can delete on DAG:example_branch_labels
[2025-04-16T21:28:58.704+1000] {logging_mixin.py:190} INFO - [2025-04-16T21:28:58.704+1000] {override.py:1930} INFO - Created Permission View: can edit on DAG:example_branch_labels
[2025-04-16T21:28:58.712+1000] {logging_mixin.py:190} INFO - [2025-04-16T21:28:58.711+1000] {override.py:1930} INFO - Created Permission View: can read on DAG Run:example_branch_labels
[2025-04-16T21:28:58.717+1000] {logging_mixin.py:190} INFO - [2025-04-16T21:28:58.716+1000] {override.py:1930} INFO - Created Permission View: can delete on DAG Run:example_branch_labels
[2025-04-16T21:28:58.722+1000] {logging_mixin.py:190} INFO - [2025-04-16T21:28:58.722+1000] {override.py:1930} INFO - Created Permission View: can create on DAG Run:example_branch_labels
[2025-04-16T21:28:58.727+1000] {logging_mixin.py:190} INFO - [2025-04-16T21:28:58.727+1000] {override.py:1930} INFO - Created Permission View: menu access on DAG Run:example_branch_labels
[2025-04-16T21:28:58.728+1000] {logging_mixin.py:190} INFO - [2025-04-16T21:28:58.728+1000] {dag.py:3239} INFO - Sync 1 DAGs
[2025-04-16T21:28:58.738+1000] {logging_mixin.py:190} INFO - [2025-04-16T21:28:58.738+1000] {dag.py:3262} INFO - Creating ORM DAG for example_branch_labels
[2025-04-16T21:28:58.746+1000] {logging_mixin.py:190} INFO - [2025-04-16T21:28:58.745+1000] {dag.py:4180} INFO - Setting next_dagrun for example_branch_labels to 2025-04-15 00:00:00+00:00, run_after=2025-04-16 00:00:00+00:00
[2025-04-16T21:28:58.760+1000] {processor.py:208} INFO - Processing /Users/anurag/Desktop/Self/Coding Projects/learning-airflow/python37/lib/python3.12/site-packages/airflow/example_dags/example_branch_labels.py took 0.263 seconds
[2025-04-16T21:33:57.834+1000] {processor.py:186} INFO - Started process (PID=90066) to work on /Users/anurag/Desktop/Self/Coding Projects/learning-airflow/python37/lib/python3.12/site-packages/airflow/example_dags/example_branch_labels.py
[2025-04-16T21:33:57.840+1000] {processor.py:914} INFO - Processing file /Users/anurag/Desktop/Self/Coding Projects/learning-airflow/python37/lib/python3.12/site-packages/airflow/example_dags/example_branch_labels.py for tasks to queue
[2025-04-16T21:33:57.845+1000] {logging_mixin.py:190} INFO - [2025-04-16T21:33:57.845+1000] {dagbag.py:588} INFO - Filling up the DagBag from /Users/anurag/Desktop/Self/Coding Projects/learning-airflow/python37/lib/python3.12/site-packages/airflow/example_dags/example_branch_labels.py
[2025-04-16T21:33:57.937+1000] {processor.py:925} INFO - DAG(s) 'example_branch_labels' retrieved from /Users/anurag/Desktop/Self/Coding Projects/learning-airflow/python37/lib/python3.12/site-packages/airflow/example_dags/example_branch_labels.py
[2025-04-16T21:33:58.486+1000] {logging_mixin.py:190} INFO - [2025-04-16T21:33:58.484+1000] {dag.py:3239} INFO - Sync 1 DAGs
[2025-04-16T21:33:58.642+1000] {logging_mixin.py:190} INFO - [2025-04-16T21:33:58.641+1000] {dag.py:4180} INFO - Setting next_dagrun for example_branch_labels to 2025-04-15 00:00:00+00:00, run_after=2025-04-16 00:00:00+00:00
[2025-04-16T21:33:58.735+1000] {processor.py:208} INFO - Processing /Users/anurag/Desktop/Self/Coding Projects/learning-airflow/python37/lib/python3.12/site-packages/airflow/example_dags/example_branch_labels.py took 0.919 seconds
[2025-04-16T21:41:00.014+1000] {processor.py:186} INFO - Started process (PID=91121) to work on /Users/anurag/Desktop/Self/Coding Projects/learning-airflow/python37/lib/python3.12/site-packages/airflow/example_dags/example_branch_labels.py
[2025-04-16T21:41:00.016+1000] {processor.py:914} INFO - Processing file /Users/anurag/Desktop/Self/Coding Projects/learning-airflow/python37/lib/python3.12/site-packages/airflow/example_dags/example_branch_labels.py for tasks to queue
[2025-04-16T21:41:00.017+1000] {logging_mixin.py:190} INFO - [2025-04-16T21:41:00.017+1000] {dagbag.py:588} INFO - Filling up the DagBag from /Users/anurag/Desktop/Self/Coding Projects/learning-airflow/python37/lib/python3.12/site-packages/airflow/example_dags/example_branch_labels.py
[2025-04-16T21:41:00.025+1000] {processor.py:925} INFO - DAG(s) 'example_branch_labels' retrieved from /Users/anurag/Desktop/Self/Coding Projects/learning-airflow/python37/lib/python3.12/site-packages/airflow/example_dags/example_branch_labels.py
[2025-04-16T21:41:00.114+1000] {logging_mixin.py:190} INFO - [2025-04-16T21:41:00.114+1000] {dag.py:3239} INFO - Sync 1 DAGs
[2025-04-16T21:41:00.130+1000] {logging_mixin.py:190} INFO - [2025-04-16T21:41:00.130+1000] {dag.py:4180} INFO - Setting next_dagrun for example_branch_labels to 2025-04-15 00:00:00+00:00, run_after=2025-04-16 00:00:00+00:00
[2025-04-16T21:41:00.145+1000] {processor.py:208} INFO - Processing /Users/anurag/Desktop/Self/Coding Projects/learning-airflow/python37/lib/python3.12/site-packages/airflow/example_dags/example_branch_labels.py took 0.135 seconds
[2025-04-16T21:46:34.452+1000] {processor.py:186} INFO - Started process (PID=11942) to work on /Users/anurag/Desktop/Self/Coding Projects/learning-airflow/python37/lib/python3.12/site-packages/airflow/example_dags/example_branch_labels.py
[2025-04-16T21:46:34.454+1000] {processor.py:914} INFO - Processing file /Users/anurag/Desktop/Self/Coding Projects/learning-airflow/python37/lib/python3.12/site-packages/airflow/example_dags/example_branch_labels.py for tasks to queue
[2025-04-16T21:46:34.456+1000] {logging_mixin.py:190} INFO - [2025-04-16T21:46:34.455+1000] {dagbag.py:588} INFO - Filling up the DagBag from /Users/anurag/Desktop/Self/Coding Projects/learning-airflow/python37/lib/python3.12/site-packages/airflow/example_dags/example_branch_labels.py
[2025-04-16T21:46:34.468+1000] {processor.py:925} INFO - DAG(s) 'example_branch_labels' retrieved from /Users/anurag/Desktop/Self/Coding Projects/learning-airflow/python37/lib/python3.12/site-packages/airflow/example_dags/example_branch_labels.py
[2025-04-16T21:46:34.600+1000] {logging_mixin.py:190} INFO - [2025-04-16T21:46:34.599+1000] {dag.py:3239} INFO - Sync 1 DAGs
[2025-04-16T21:46:34.625+1000] {logging_mixin.py:190} INFO - [2025-04-16T21:46:34.624+1000] {dag.py:4180} INFO - Setting next_dagrun for example_branch_labels to 2025-04-15 00:00:00+00:00, run_after=2025-04-16 00:00:00+00:00
[2025-04-16T21:46:34.646+1000] {processor.py:208} INFO - Processing /Users/anurag/Desktop/Self/Coding Projects/learning-airflow/python37/lib/python3.12/site-packages/airflow/example_dags/example_branch_labels.py took 0.200 seconds
