[2025-04-16T21:28:47.172+1000] {processor.py:186} INFO - Started process (PID=89214) to work on /Users/anurag/Desktop/Self/Coding Projects/learning-airflow/python37/lib/python3.12/site-packages/airflow/example_dags/example_complex.py
[2025-04-16T21:28:47.173+1000] {processor.py:914} INFO - Processing file /Users/anurag/Desktop/Self/Coding Projects/learning-airflow/python37/lib/python3.12/site-packages/airflow/example_dags/example_complex.py for tasks to queue
[2025-04-16T21:28:47.174+1000] {logging_mixin.py:190} INFO - [2025-04-16T21:28:47.173+1000] {dagbag.py:588} INFO - Filling up the DagBag from /Users/anurag/Desktop/Self/Coding Projects/learning-airflow/python37/lib/python3.12/site-packages/airflow/example_dags/example_complex.py
[2025-04-16T21:28:47.187+1000] {processor.py:925} INFO - DAG(s) 'example_complex' retrieved from /Users/anurag/Desktop/Self/Coding Projects/learning-airflow/python37/lib/python3.12/site-packages/airflow/example_dags/example_complex.py
[2025-04-16T21:28:47.388+1000] {logging_mixin.py:190} INFO - [2025-04-16T21:28:47.388+1000] {override.py:1930} INFO - Created Permission View: can delete on DAG:example_complex
[2025-04-16T21:28:47.396+1000] {logging_mixin.py:190} INFO - [2025-04-16T21:28:47.395+1000] {override.py:1930} INFO - Created Permission View: can read on DAG:example_complex
[2025-04-16T21:28:47.401+1000] {logging_mixin.py:190} INFO - [2025-04-16T21:28:47.401+1000] {override.py:1930} INFO - Created Permission View: can edit on DAG:example_complex
[2025-04-16T21:28:47.410+1000] {logging_mixin.py:190} INFO - [2025-04-16T21:28:47.409+1000] {override.py:1930} INFO - Created Permission View: can create on DAG Run:example_complex
[2025-04-16T21:28:47.415+1000] {logging_mixin.py:190} INFO - [2025-04-16T21:28:47.415+1000] {override.py:1930} INFO - Created Permission View: can delete on DAG Run:example_complex
[2025-04-16T21:28:47.421+1000] {logging_mixin.py:190} INFO - [2025-04-16T21:28:47.420+1000] {override.py:1930} INFO - Created Permission View: can read on DAG Run:example_complex
[2025-04-16T21:28:47.429+1000] {logging_mixin.py:190} INFO - [2025-04-16T21:28:47.429+1000] {override.py:1930} INFO - Created Permission View: menu access on DAG Run:example_complex
[2025-04-16T21:28:47.429+1000] {logging_mixin.py:190} INFO - [2025-04-16T21:28:47.429+1000] {dag.py:3239} INFO - Sync 1 DAGs
[2025-04-16T21:28:47.441+1000] {logging_mixin.py:190} INFO - [2025-04-16T21:28:47.441+1000] {dag.py:3262} INFO - Creating ORM DAG for example_complex
[2025-04-16T21:28:47.442+1000] {logging_mixin.py:190} INFO - [2025-04-16T21:28:47.442+1000] {dag.py:4180} INFO - Setting next_dagrun for example_complex to None, run_after=None
[2025-04-16T21:28:47.457+1000] {processor.py:208} INFO - Processing /Users/anurag/Desktop/Self/Coding Projects/learning-airflow/python37/lib/python3.12/site-packages/airflow/example_dags/example_complex.py took 0.290 seconds
[2025-04-16T21:33:34.826+1000] {processor.py:186} INFO - Started process (PID=90022) to work on /Users/anurag/Desktop/Self/Coding Projects/learning-airflow/python37/lib/python3.12/site-packages/airflow/example_dags/example_complex.py
[2025-04-16T21:33:34.828+1000] {processor.py:914} INFO - Processing file /Users/anurag/Desktop/Self/Coding Projects/learning-airflow/python37/lib/python3.12/site-packages/airflow/example_dags/example_complex.py for tasks to queue
[2025-04-16T21:33:34.829+1000] {logging_mixin.py:190} INFO - [2025-04-16T21:33:34.829+1000] {dagbag.py:588} INFO - Filling up the DagBag from /Users/anurag/Desktop/Self/Coding Projects/learning-airflow/python37/lib/python3.12/site-packages/airflow/example_dags/example_complex.py
[2025-04-16T21:33:34.844+1000] {processor.py:925} INFO - DAG(s) 'example_complex' retrieved from /Users/anurag/Desktop/Self/Coding Projects/learning-airflow/python37/lib/python3.12/site-packages/airflow/example_dags/example_complex.py
[2025-04-16T21:33:34.975+1000] {logging_mixin.py:190} INFO - [2025-04-16T21:33:34.975+1000] {dag.py:3239} INFO - Sync 1 DAGs
[2025-04-16T21:33:34.988+1000] {logging_mixin.py:190} INFO - [2025-04-16T21:33:34.987+1000] {dag.py:4180} INFO - Setting next_dagrun for example_complex to None, run_after=None
[2025-04-16T21:33:35.006+1000] {processor.py:208} INFO - Processing /Users/anurag/Desktop/Self/Coding Projects/learning-airflow/python37/lib/python3.12/site-packages/airflow/example_dags/example_complex.py took 0.186 seconds
[2025-04-16T21:38:42.746+1000] {processor.py:186} INFO - Started process (PID=90765) to work on /Users/anurag/Desktop/Self/Coding Projects/learning-airflow/python37/lib/python3.12/site-packages/airflow/example_dags/example_complex.py
[2025-04-16T21:38:42.748+1000] {processor.py:914} INFO - Processing file /Users/anurag/Desktop/Self/Coding Projects/learning-airflow/python37/lib/python3.12/site-packages/airflow/example_dags/example_complex.py for tasks to queue
[2025-04-16T21:38:42.750+1000] {logging_mixin.py:190} INFO - [2025-04-16T21:38:42.750+1000] {dagbag.py:588} INFO - Filling up the DagBag from /Users/anurag/Desktop/Self/Coding Projects/learning-airflow/python37/lib/python3.12/site-packages/airflow/example_dags/example_complex.py
[2025-04-16T21:38:42.766+1000] {processor.py:925} INFO - DAG(s) 'example_complex' retrieved from /Users/anurag/Desktop/Self/Coding Projects/learning-airflow/python37/lib/python3.12/site-packages/airflow/example_dags/example_complex.py
[2025-04-16T21:38:42.919+1000] {logging_mixin.py:190} INFO - [2025-04-16T21:38:42.919+1000] {dag.py:3239} INFO - Sync 1 DAGs
[2025-04-16T21:38:42.934+1000] {logging_mixin.py:190} INFO - [2025-04-16T21:38:42.934+1000] {dag.py:4180} INFO - Setting next_dagrun for example_complex to None, run_after=None
[2025-04-16T21:38:42.956+1000] {processor.py:208} INFO - Processing /Users/anurag/Desktop/Self/Coding Projects/learning-airflow/python37/lib/python3.12/site-packages/airflow/example_dags/example_complex.py took 0.216 seconds
[2025-04-16T21:43:26.723+1000] {processor.py:186} INFO - Started process (PID=92184) to work on /Users/anurag/Desktop/Self/Coding Projects/learning-airflow/python37/lib/python3.12/site-packages/airflow/example_dags/example_complex.py
[2025-04-16T21:43:26.724+1000] {processor.py:914} INFO - Processing file /Users/anurag/Desktop/Self/Coding Projects/learning-airflow/python37/lib/python3.12/site-packages/airflow/example_dags/example_complex.py for tasks to queue
[2025-04-16T21:43:26.725+1000] {logging_mixin.py:190} INFO - [2025-04-16T21:43:26.725+1000] {dagbag.py:588} INFO - Filling up the DagBag from /Users/anurag/Desktop/Self/Coding Projects/learning-airflow/python37/lib/python3.12/site-packages/airflow/example_dags/example_complex.py
[2025-04-16T21:43:26.740+1000] {processor.py:925} INFO - DAG(s) 'example_complex' retrieved from /Users/anurag/Desktop/Self/Coding Projects/learning-airflow/python37/lib/python3.12/site-packages/airflow/example_dags/example_complex.py
[2025-04-16T21:43:26.876+1000] {logging_mixin.py:190} INFO - [2025-04-16T21:43:26.876+1000] {dag.py:3239} INFO - Sync 1 DAGs
[2025-04-16T21:43:26.892+1000] {logging_mixin.py:190} INFO - [2025-04-16T21:43:26.892+1000] {dag.py:4180} INFO - Setting next_dagrun for example_complex to None, run_after=None
[2025-04-16T21:43:26.914+1000] {processor.py:208} INFO - Processing /Users/anurag/Desktop/Self/Coding Projects/learning-airflow/python37/lib/python3.12/site-packages/airflow/example_dags/example_complex.py took 0.197 seconds
