[2025-04-16T21:26:46.612+1000] {processor.py:186} INFO - Started process (PID=88886) to work on /Users/anurag/Desktop/Self/Coding Projects/learning-airflow/python37/lib/python3.12/site-packages/airflow/example_dags/example_task_group.py
[2025-04-16T21:26:46.614+1000] {processor.py:914} INFO - Processing file /Users/anurag/Desktop/Self/Coding Projects/learning-airflow/python37/lib/python3.12/site-packages/airflow/example_dags/example_task_group.py for tasks to queue
[2025-04-16T21:26:46.615+1000] {logging_mixin.py:190} INFO - [2025-04-16T21:26:46.615+1000] {dagbag.py:588} INFO - Filling up the DagBag from /Users/anurag/Desktop/Self/Coding Projects/learning-airflow/python37/lib/python3.12/site-packages/airflow/example_dags/example_task_group.py
[2025-04-16T21:26:46.627+1000] {processor.py:925} INFO - DAG(s) 'example_task_group' retrieved from /Users/anurag/Desktop/Self/Coding Projects/learning-airflow/python37/lib/python3.12/site-packages/airflow/example_dags/example_task_group.py
[2025-04-16T21:26:46.832+1000] {logging_mixin.py:190} INFO - [2025-04-16T21:26:46.831+1000] {override.py:1930} INFO - Created Permission View: can edit on DAG:example_task_group
[2025-04-16T21:26:46.840+1000] {logging_mixin.py:190} INFO - [2025-04-16T21:26:46.840+1000] {override.py:1930} INFO - Created Permission View: can read on DAG:example_task_group
[2025-04-16T21:26:46.849+1000] {logging_mixin.py:190} INFO - [2025-04-16T21:26:46.848+1000] {override.py:1930} INFO - Created Permission View: can delete on DAG:example_task_group
[2025-04-16T21:26:46.860+1000] {logging_mixin.py:190} INFO - [2025-04-16T21:26:46.859+1000] {override.py:1930} INFO - Created Permission View: menu access on DAG Run:example_task_group
[2025-04-16T21:26:46.869+1000] {logging_mixin.py:190} INFO - [2025-04-16T21:26:46.869+1000] {override.py:1930} INFO - Created Permission View: can read on DAG Run:example_task_group
[2025-04-16T21:26:46.876+1000] {logging_mixin.py:190} INFO - [2025-04-16T21:26:46.876+1000] {override.py:1930} INFO - Created Permission View: can delete on DAG Run:example_task_group
[2025-04-16T21:26:46.884+1000] {logging_mixin.py:190} INFO - [2025-04-16T21:26:46.883+1000] {override.py:1930} INFO - Created Permission View: can create on DAG Run:example_task_group
[2025-04-16T21:26:46.884+1000] {logging_mixin.py:190} INFO - [2025-04-16T21:26:46.884+1000] {dag.py:3239} INFO - Sync 1 DAGs
[2025-04-16T21:26:46.895+1000] {logging_mixin.py:190} INFO - [2025-04-16T21:26:46.895+1000] {dag.py:3262} INFO - Creating ORM DAG for example_task_group
[2025-04-16T21:26:46.896+1000] {logging_mixin.py:190} INFO - [2025-04-16T21:26:46.896+1000] {dag.py:4180} INFO - Setting next_dagrun for example_task_group to None, run_after=None
[2025-04-16T21:26:46.916+1000] {processor.py:208} INFO - Processing /Users/anurag/Desktop/Self/Coding Projects/learning-airflow/python37/lib/python3.12/site-packages/airflow/example_dags/example_task_group.py took 0.308 seconds
[2025-04-16T21:30:06.857+1000] {processor.py:186} INFO - Started process (PID=89467) to work on /Users/anurag/Desktop/Self/Coding Projects/learning-airflow/python37/lib/python3.12/site-packages/airflow/example_dags/example_task_group.py
[2025-04-16T21:30:06.859+1000] {processor.py:914} INFO - Processing file /Users/anurag/Desktop/Self/Coding Projects/learning-airflow/python37/lib/python3.12/site-packages/airflow/example_dags/example_task_group.py for tasks to queue
[2025-04-16T21:30:06.860+1000] {logging_mixin.py:190} INFO - [2025-04-16T21:30:06.859+1000] {dagbag.py:588} INFO - Filling up the DagBag from /Users/anurag/Desktop/Self/Coding Projects/learning-airflow/python37/lib/python3.12/site-packages/airflow/example_dags/example_task_group.py
[2025-04-16T21:30:06.869+1000] {processor.py:925} INFO - DAG(s) 'example_task_group' retrieved from /Users/anurag/Desktop/Self/Coding Projects/learning-airflow/python37/lib/python3.12/site-packages/airflow/example_dags/example_task_group.py
[2025-04-16T21:30:06.965+1000] {logging_mixin.py:190} INFO - [2025-04-16T21:30:06.965+1000] {dag.py:3239} INFO - Sync 1 DAGs
[2025-04-16T21:30:06.976+1000] {logging_mixin.py:190} INFO - [2025-04-16T21:30:06.976+1000] {dag.py:4180} INFO - Setting next_dagrun for example_task_group to None, run_after=None
[2025-04-16T21:30:06.993+1000] {processor.py:208} INFO - Processing /Users/anurag/Desktop/Self/Coding Projects/learning-airflow/python37/lib/python3.12/site-packages/airflow/example_dags/example_task_group.py took 0.141 seconds
[2025-04-16T21:32:29.885+1000] {processor.py:186} INFO - Started process (PID=89842) to work on /Users/anurag/Desktop/Self/Coding Projects/learning-airflow/python37/lib/python3.12/site-packages/airflow/example_dags/example_task_group.py
[2025-04-16T21:32:29.887+1000] {processor.py:914} INFO - Processing file /Users/anurag/Desktop/Self/Coding Projects/learning-airflow/python37/lib/python3.12/site-packages/airflow/example_dags/example_task_group.py for tasks to queue
[2025-04-16T21:32:29.889+1000] {logging_mixin.py:190} INFO - [2025-04-16T21:32:29.888+1000] {dagbag.py:588} INFO - Filling up the DagBag from /Users/anurag/Desktop/Self/Coding Projects/learning-airflow/python37/lib/python3.12/site-packages/airflow/example_dags/example_task_group.py
[2025-04-16T21:32:29.902+1000] {processor.py:925} INFO - DAG(s) 'example_task_group' retrieved from /Users/anurag/Desktop/Self/Coding Projects/learning-airflow/python37/lib/python3.12/site-packages/airflow/example_dags/example_task_group.py
[2025-04-16T21:32:30.014+1000] {logging_mixin.py:190} INFO - [2025-04-16T21:32:30.013+1000] {dag.py:3239} INFO - Sync 1 DAGs
[2025-04-16T21:32:30.024+1000] {logging_mixin.py:190} INFO - [2025-04-16T21:32:30.023+1000] {dag.py:4180} INFO - Setting next_dagrun for example_task_group to None, run_after=None
[2025-04-16T21:32:30.041+1000] {processor.py:208} INFO - Processing /Users/anurag/Desktop/Self/Coding Projects/learning-airflow/python37/lib/python3.12/site-packages/airflow/example_dags/example_task_group.py took 0.163 seconds
[2025-04-16T21:36:15.920+1000] {processor.py:186} INFO - Started process (PID=90426) to work on /Users/anurag/Desktop/Self/Coding Projects/learning-airflow/python37/lib/python3.12/site-packages/airflow/example_dags/example_task_group.py
[2025-04-16T21:36:15.924+1000] {processor.py:914} INFO - Processing file /Users/anurag/Desktop/Self/Coding Projects/learning-airflow/python37/lib/python3.12/site-packages/airflow/example_dags/example_task_group.py for tasks to queue
[2025-04-16T21:36:15.928+1000] {logging_mixin.py:190} INFO - [2025-04-16T21:36:15.927+1000] {dagbag.py:588} INFO - Filling up the DagBag from /Users/anurag/Desktop/Self/Coding Projects/learning-airflow/python37/lib/python3.12/site-packages/airflow/example_dags/example_task_group.py
[2025-04-16T21:36:15.965+1000] {processor.py:925} INFO - DAG(s) 'example_task_group' retrieved from /Users/anurag/Desktop/Self/Coding Projects/learning-airflow/python37/lib/python3.12/site-packages/airflow/example_dags/example_task_group.py
[2025-04-16T21:36:16.292+1000] {logging_mixin.py:190} INFO - [2025-04-16T21:36:16.291+1000] {dag.py:3239} INFO - Sync 1 DAGs
[2025-04-16T21:36:16.330+1000] {logging_mixin.py:190} INFO - [2025-04-16T21:36:16.329+1000] {dag.py:4180} INFO - Setting next_dagrun for example_task_group to None, run_after=None
[2025-04-16T21:36:16.370+1000] {processor.py:208} INFO - Processing /Users/anurag/Desktop/Self/Coding Projects/learning-airflow/python37/lib/python3.12/site-packages/airflow/example_dags/example_task_group.py took 0.464 seconds
[2025-04-16T21:39:46.886+1000] {processor.py:186} INFO - Started process (PID=90931) to work on /Users/anurag/Desktop/Self/Coding Projects/learning-airflow/python37/lib/python3.12/site-packages/airflow/example_dags/example_task_group.py
[2025-04-16T21:39:46.888+1000] {processor.py:914} INFO - Processing file /Users/anurag/Desktop/Self/Coding Projects/learning-airflow/python37/lib/python3.12/site-packages/airflow/example_dags/example_task_group.py for tasks to queue
[2025-04-16T21:39:46.889+1000] {logging_mixin.py:190} INFO - [2025-04-16T21:39:46.889+1000] {dagbag.py:588} INFO - Filling up the DagBag from /Users/anurag/Desktop/Self/Coding Projects/learning-airflow/python37/lib/python3.12/site-packages/airflow/example_dags/example_task_group.py
[2025-04-16T21:39:46.902+1000] {processor.py:925} INFO - DAG(s) 'example_task_group' retrieved from /Users/anurag/Desktop/Self/Coding Projects/learning-airflow/python37/lib/python3.12/site-packages/airflow/example_dags/example_task_group.py
[2025-04-16T21:39:47.018+1000] {logging_mixin.py:190} INFO - [2025-04-16T21:39:47.018+1000] {dag.py:3239} INFO - Sync 1 DAGs
[2025-04-16T21:39:47.030+1000] {logging_mixin.py:190} INFO - [2025-04-16T21:39:47.030+1000] {dag.py:4180} INFO - Setting next_dagrun for example_task_group to None, run_after=None
[2025-04-16T21:39:47.051+1000] {processor.py:208} INFO - Processing /Users/anurag/Desktop/Self/Coding Projects/learning-airflow/python37/lib/python3.12/site-packages/airflow/example_dags/example_task_group.py took 0.170 seconds
[2025-04-16T21:42:05.542+1000] {processor.py:186} INFO - Started process (PID=91292) to work on /Users/anurag/Desktop/Self/Coding Projects/learning-airflow/python37/lib/python3.12/site-packages/airflow/example_dags/example_task_group.py
[2025-04-16T21:42:05.545+1000] {processor.py:914} INFO - Processing file /Users/anurag/Desktop/Self/Coding Projects/learning-airflow/python37/lib/python3.12/site-packages/airflow/example_dags/example_task_group.py for tasks to queue
[2025-04-16T21:42:05.547+1000] {logging_mixin.py:190} INFO - [2025-04-16T21:42:05.546+1000] {dagbag.py:588} INFO - Filling up the DagBag from /Users/anurag/Desktop/Self/Coding Projects/learning-airflow/python37/lib/python3.12/site-packages/airflow/example_dags/example_task_group.py
[2025-04-16T21:42:05.556+1000] {processor.py:925} INFO - DAG(s) 'example_task_group' retrieved from /Users/anurag/Desktop/Self/Coding Projects/learning-airflow/python37/lib/python3.12/site-packages/airflow/example_dags/example_task_group.py
[2025-04-16T21:42:05.661+1000] {logging_mixin.py:190} INFO - [2025-04-16T21:42:05.661+1000] {dag.py:3239} INFO - Sync 1 DAGs
[2025-04-16T21:42:05.673+1000] {logging_mixin.py:190} INFO - [2025-04-16T21:42:05.673+1000] {dag.py:4180} INFO - Setting next_dagrun for example_task_group to None, run_after=None
[2025-04-16T21:42:05.693+1000] {processor.py:208} INFO - Processing /Users/anurag/Desktop/Self/Coding Projects/learning-airflow/python37/lib/python3.12/site-packages/airflow/example_dags/example_task_group.py took 0.156 seconds
[2025-04-16T21:44:52.194+1000] {processor.py:186} INFO - Started process (PID=6887) to work on /Users/anurag/Desktop/Self/Coding Projects/learning-airflow/python37/lib/python3.12/site-packages/airflow/example_dags/example_task_group.py
[2025-04-16T21:44:52.197+1000] {processor.py:914} INFO - Processing file /Users/anurag/Desktop/Self/Coding Projects/learning-airflow/python37/lib/python3.12/site-packages/airflow/example_dags/example_task_group.py for tasks to queue
[2025-04-16T21:44:52.199+1000] {logging_mixin.py:190} INFO - [2025-04-16T21:44:52.198+1000] {dagbag.py:588} INFO - Filling up the DagBag from /Users/anurag/Desktop/Self/Coding Projects/learning-airflow/python37/lib/python3.12/site-packages/airflow/example_dags/example_task_group.py
[2025-04-16T21:44:52.213+1000] {processor.py:925} INFO - DAG(s) 'example_task_group' retrieved from /Users/anurag/Desktop/Self/Coding Projects/learning-airflow/python37/lib/python3.12/site-packages/airflow/example_dags/example_task_group.py
[2025-04-16T21:44:52.372+1000] {logging_mixin.py:190} INFO - [2025-04-16T21:44:52.372+1000] {dag.py:3239} INFO - Sync 1 DAGs
[2025-04-16T21:44:52.390+1000] {logging_mixin.py:190} INFO - [2025-04-16T21:44:52.390+1000] {dag.py:4180} INFO - Setting next_dagrun for example_task_group to None, run_after=None
[2025-04-16T21:44:52.417+1000] {processor.py:208} INFO - Processing /Users/anurag/Desktop/Self/Coding Projects/learning-airflow/python37/lib/python3.12/site-packages/airflow/example_dags/example_task_group.py took 0.230 seconds
