[2025-04-16T21:28:53.492+1000] {processor.py:186} INFO - Started process (PID=89231) to work on /Users/anurag/Desktop/Self/Coding Projects/learning-airflow/python37/lib/python3.12/site-packages/airflow/example_dags/example_branch_operator_decorator.py
[2025-04-16T21:28:53.493+1000] {processor.py:914} INFO - Processing file /Users/anurag/Desktop/Self/Coding Projects/learning-airflow/python37/lib/python3.12/site-packages/airflow/example_dags/example_branch_operator_decorator.py for tasks to queue
[2025-04-16T21:28:53.494+1000] {logging_mixin.py:190} INFO - [2025-04-16T21:28:53.494+1000] {dagbag.py:588} INFO - Filling up the DagBag from /Users/anurag/Desktop/Self/Coding Projects/learning-airflow/python37/lib/python3.12/site-packages/airflow/example_dags/example_branch_operator_decorator.py
[2025-04-16T21:28:53.517+1000] {processor.py:927} WARNING - No viable dags retrieved from /Users/anurag/Desktop/Self/Coding Projects/learning-airflow/python37/lib/python3.12/site-packages/airflow/example_dags/example_branch_operator_decorator.py
[2025-04-16T21:28:53.605+1000] {processor.py:208} INFO - Processing /Users/anurag/Desktop/Self/Coding Projects/learning-airflow/python37/lib/python3.12/site-packages/airflow/example_dags/example_branch_operator_decorator.py took 0.118 seconds
[2025-04-16T21:33:43.569+1000] {processor.py:186} INFO - Started process (PID=90038) to work on /Users/anurag/Desktop/Self/Coding Projects/learning-airflow/python37/lib/python3.12/site-packages/airflow/example_dags/example_branch_operator_decorator.py
[2025-04-16T21:33:43.571+1000] {processor.py:914} INFO - Processing file /Users/anurag/Desktop/Self/Coding Projects/learning-airflow/python37/lib/python3.12/site-packages/airflow/example_dags/example_branch_operator_decorator.py for tasks to queue
[2025-04-16T21:33:43.573+1000] {logging_mixin.py:190} INFO - [2025-04-16T21:33:43.572+1000] {dagbag.py:588} INFO - Filling up the DagBag from /Users/anurag/Desktop/Self/Coding Projects/learning-airflow/python37/lib/python3.12/site-packages/airflow/example_dags/example_branch_operator_decorator.py
[2025-04-16T21:33:43.605+1000] {processor.py:927} WARNING - No viable dags retrieved from /Users/anurag/Desktop/Self/Coding Projects/learning-airflow/python37/lib/python3.12/site-packages/airflow/example_dags/example_branch_operator_decorator.py
[2025-04-16T21:33:43.726+1000] {processor.py:208} INFO - Processing /Users/anurag/Desktop/Self/Coding Projects/learning-airflow/python37/lib/python3.12/site-packages/airflow/example_dags/example_branch_operator_decorator.py took 0.163 seconds
[2025-04-16T21:38:49.617+1000] {processor.py:186} INFO - Started process (PID=90781) to work on /Users/anurag/Desktop/Self/Coding Projects/learning-airflow/python37/lib/python3.12/site-packages/airflow/example_dags/example_branch_operator_decorator.py
[2025-04-16T21:38:49.619+1000] {processor.py:914} INFO - Processing file /Users/anurag/Desktop/Self/Coding Projects/learning-airflow/python37/lib/python3.12/site-packages/airflow/example_dags/example_branch_operator_decorator.py for tasks to queue
[2025-04-16T21:38:49.620+1000] {logging_mixin.py:190} INFO - [2025-04-16T21:38:49.620+1000] {dagbag.py:588} INFO - Filling up the DagBag from /Users/anurag/Desktop/Self/Coding Projects/learning-airflow/python37/lib/python3.12/site-packages/airflow/example_dags/example_branch_operator_decorator.py
[2025-04-16T21:38:49.642+1000] {processor.py:927} WARNING - No viable dags retrieved from /Users/anurag/Desktop/Self/Coding Projects/learning-airflow/python37/lib/python3.12/site-packages/airflow/example_dags/example_branch_operator_decorator.py
[2025-04-16T21:38:49.740+1000] {processor.py:208} INFO - Processing /Users/anurag/Desktop/Self/Coding Projects/learning-airflow/python37/lib/python3.12/site-packages/airflow/example_dags/example_branch_operator_decorator.py took 0.128 seconds
[2025-04-16T21:43:34.023+1000] {processor.py:186} INFO - Started process (PID=93755) to work on /Users/anurag/Desktop/Self/Coding Projects/learning-airflow/python37/lib/python3.12/site-packages/airflow/example_dags/example_branch_operator_decorator.py
[2025-04-16T21:43:34.046+1000] {processor.py:914} INFO - Processing file /Users/anurag/Desktop/Self/Coding Projects/learning-airflow/python37/lib/python3.12/site-packages/airflow/example_dags/example_branch_operator_decorator.py for tasks to queue
[2025-04-16T21:43:34.050+1000] {logging_mixin.py:190} INFO - [2025-04-16T21:43:34.049+1000] {dagbag.py:588} INFO - Filling up the DagBag from /Users/anurag/Desktop/Self/Coding Projects/learning-airflow/python37/lib/python3.12/site-packages/airflow/example_dags/example_branch_operator_decorator.py
[2025-04-16T21:43:34.101+1000] {processor.py:927} WARNING - No viable dags retrieved from /Users/anurag/Desktop/Self/Coding Projects/learning-airflow/python37/lib/python3.12/site-packages/airflow/example_dags/example_branch_operator_decorator.py
[2025-04-16T21:43:34.229+1000] {processor.py:208} INFO - Processing /Users/anurag/Desktop/Self/Coding Projects/learning-airflow/python37/lib/python3.12/site-packages/airflow/example_dags/example_branch_operator_decorator.py took 0.212 seconds
