[2025-04-16T21:27:30.197+1000] {processor.py:186} INFO - Started process (PID=88993) to work on /Users/anurag/Desktop/Self/Coding Projects/learning-airflow/python37/lib/python3.12/site-packages/airflow/example_dags/example_sensor_decorator.py
[2025-04-16T21:27:30.199+1000] {processor.py:914} INFO - Processing file /Users/anurag/Desktop/Self/Coding Projects/learning-airflow/python37/lib/python3.12/site-packages/airflow/example_dags/example_sensor_decorator.py for tasks to queue
[2025-04-16T21:27:30.200+1000] {logging_mixin.py:190} INFO - [2025-04-16T21:27:30.200+1000] {dagbag.py:588} INFO - Filling up the DagBag from /Users/anurag/Desktop/Self/Coding Projects/learning-airflow/python37/lib/python3.12/site-packages/airflow/example_dags/example_sensor_decorator.py
[2025-04-16T21:27:30.249+1000] {processor.py:925} INFO - DAG(s) 'example_sensor_decorator' retrieved from /Users/anurag/Desktop/Self/Coding Projects/learning-airflow/python37/lib/python3.12/site-packages/airflow/example_dags/example_sensor_decorator.py
[2025-04-16T21:27:30.347+1000] {logging_mixin.py:190} INFO - [2025-04-16T21:27:30.347+1000] {workday.py:41} WARNING - Could not import pandas. Holidays will not be considered.
[2025-04-16T21:27:30.458+1000] {logging_mixin.py:190} INFO - [2025-04-16T21:27:30.458+1000] {override.py:1930} INFO - Created Permission View: can edit on DAG:example_sensor_decorator
[2025-04-16T21:27:30.468+1000] {logging_mixin.py:190} INFO - [2025-04-16T21:27:30.467+1000] {override.py:1930} INFO - Created Permission View: can delete on DAG:example_sensor_decorator
[2025-04-16T21:27:30.473+1000] {logging_mixin.py:190} INFO - [2025-04-16T21:27:30.473+1000] {override.py:1930} INFO - Created Permission View: can read on DAG:example_sensor_decorator
[2025-04-16T21:27:30.481+1000] {logging_mixin.py:190} INFO - [2025-04-16T21:27:30.481+1000] {override.py:1930} INFO - Created Permission View: can create on DAG Run:example_sensor_decorator
[2025-04-16T21:27:30.487+1000] {logging_mixin.py:190} INFO - [2025-04-16T21:27:30.487+1000] {override.py:1930} INFO - Created Permission View: menu access on DAG Run:example_sensor_decorator
[2025-04-16T21:27:30.493+1000] {logging_mixin.py:190} INFO - [2025-04-16T21:27:30.493+1000] {override.py:1930} INFO - Created Permission View: can delete on DAG Run:example_sensor_decorator
[2025-04-16T21:27:30.499+1000] {logging_mixin.py:190} INFO - [2025-04-16T21:27:30.498+1000] {override.py:1930} INFO - Created Permission View: can read on DAG Run:example_sensor_decorator
[2025-04-16T21:27:30.499+1000] {logging_mixin.py:190} INFO - [2025-04-16T21:27:30.499+1000] {dag.py:3239} INFO - Sync 1 DAGs
[2025-04-16T21:27:30.514+1000] {logging_mixin.py:190} INFO - [2025-04-16T21:27:30.514+1000] {dag.py:3262} INFO - Creating ORM DAG for example_sensor_decorator
[2025-04-16T21:27:30.514+1000] {logging_mixin.py:190} INFO - [2025-04-16T21:27:30.514+1000] {dag.py:4180} INFO - Setting next_dagrun for example_sensor_decorator to None, run_after=None
[2025-04-16T21:27:30.590+1000] {processor.py:208} INFO - Processing /Users/anurag/Desktop/Self/Coding Projects/learning-airflow/python37/lib/python3.12/site-packages/airflow/example_dags/example_sensor_decorator.py took 0.397 seconds
[2025-04-16T21:30:32.340+1000] {processor.py:186} INFO - Started process (PID=89533) to work on /Users/anurag/Desktop/Self/Coding Projects/learning-airflow/python37/lib/python3.12/site-packages/airflow/example_dags/example_sensor_decorator.py
[2025-04-16T21:30:32.342+1000] {processor.py:914} INFO - Processing file /Users/anurag/Desktop/Self/Coding Projects/learning-airflow/python37/lib/python3.12/site-packages/airflow/example_dags/example_sensor_decorator.py for tasks to queue
[2025-04-16T21:30:32.343+1000] {logging_mixin.py:190} INFO - [2025-04-16T21:30:32.343+1000] {dagbag.py:588} INFO - Filling up the DagBag from /Users/anurag/Desktop/Self/Coding Projects/learning-airflow/python37/lib/python3.12/site-packages/airflow/example_dags/example_sensor_decorator.py
[2025-04-16T21:30:32.375+1000] {processor.py:925} INFO - DAG(s) 'example_sensor_decorator' retrieved from /Users/anurag/Desktop/Self/Coding Projects/learning-airflow/python37/lib/python3.12/site-packages/airflow/example_dags/example_sensor_decorator.py
[2025-04-16T21:30:32.455+1000] {logging_mixin.py:190} INFO - [2025-04-16T21:30:32.455+1000] {workday.py:41} WARNING - Could not import pandas. Holidays will not be considered.
[2025-04-16T21:30:32.475+1000] {logging_mixin.py:190} INFO - [2025-04-16T21:30:32.474+1000] {dag.py:3239} INFO - Sync 1 DAGs
[2025-04-16T21:30:32.484+1000] {logging_mixin.py:190} INFO - [2025-04-16T21:30:32.483+1000] {dag.py:4180} INFO - Setting next_dagrun for example_sensor_decorator to None, run_after=None
[2025-04-16T21:30:32.499+1000] {processor.py:208} INFO - Processing /Users/anurag/Desktop/Self/Coding Projects/learning-airflow/python37/lib/python3.12/site-packages/airflow/example_dags/example_sensor_decorator.py took 0.163 seconds
[2025-04-16T21:32:55.447+1000] {processor.py:186} INFO - Started process (PID=89926) to work on /Users/anurag/Desktop/Self/Coding Projects/learning-airflow/python37/lib/python3.12/site-packages/airflow/example_dags/example_sensor_decorator.py
[2025-04-16T21:32:55.449+1000] {processor.py:914} INFO - Processing file /Users/anurag/Desktop/Self/Coding Projects/learning-airflow/python37/lib/python3.12/site-packages/airflow/example_dags/example_sensor_decorator.py for tasks to queue
[2025-04-16T21:32:55.450+1000] {logging_mixin.py:190} INFO - [2025-04-16T21:32:55.450+1000] {dagbag.py:588} INFO - Filling up the DagBag from /Users/anurag/Desktop/Self/Coding Projects/learning-airflow/python37/lib/python3.12/site-packages/airflow/example_dags/example_sensor_decorator.py
[2025-04-16T21:32:55.482+1000] {processor.py:925} INFO - DAG(s) 'example_sensor_decorator' retrieved from /Users/anurag/Desktop/Self/Coding Projects/learning-airflow/python37/lib/python3.12/site-packages/airflow/example_dags/example_sensor_decorator.py
[2025-04-16T21:32:55.558+1000] {logging_mixin.py:190} INFO - [2025-04-16T21:32:55.558+1000] {workday.py:41} WARNING - Could not import pandas. Holidays will not be considered.
[2025-04-16T21:32:55.582+1000] {logging_mixin.py:190} INFO - [2025-04-16T21:32:55.581+1000] {dag.py:3239} INFO - Sync 1 DAGs
[2025-04-16T21:32:55.591+1000] {logging_mixin.py:190} INFO - [2025-04-16T21:32:55.591+1000] {dag.py:4180} INFO - Setting next_dagrun for example_sensor_decorator to None, run_after=None
[2025-04-16T21:32:55.608+1000] {processor.py:208} INFO - Processing /Users/anurag/Desktop/Self/Coding Projects/learning-airflow/python37/lib/python3.12/site-packages/airflow/example_dags/example_sensor_decorator.py took 0.165 seconds
[2025-04-16T21:36:59.937+1000] {processor.py:186} INFO - Started process (PID=90524) to work on /Users/anurag/Desktop/Self/Coding Projects/learning-airflow/python37/lib/python3.12/site-packages/airflow/example_dags/example_sensor_decorator.py
[2025-04-16T21:36:59.943+1000] {processor.py:914} INFO - Processing file /Users/anurag/Desktop/Self/Coding Projects/learning-airflow/python37/lib/python3.12/site-packages/airflow/example_dags/example_sensor_decorator.py for tasks to queue
[2025-04-16T21:36:59.948+1000] {logging_mixin.py:190} INFO - [2025-04-16T21:36:59.947+1000] {dagbag.py:588} INFO - Filling up the DagBag from /Users/anurag/Desktop/Self/Coding Projects/learning-airflow/python37/lib/python3.12/site-packages/airflow/example_dags/example_sensor_decorator.py
[2025-04-16T21:37:00.024+1000] {processor.py:925} INFO - DAG(s) 'example_sensor_decorator' retrieved from /Users/anurag/Desktop/Self/Coding Projects/learning-airflow/python37/lib/python3.12/site-packages/airflow/example_dags/example_sensor_decorator.py
[2025-04-16T21:37:00.160+1000] {logging_mixin.py:190} INFO - [2025-04-16T21:37:00.160+1000] {workday.py:41} WARNING - Could not import pandas. Holidays will not be considered.
[2025-04-16T21:37:00.219+1000] {logging_mixin.py:190} INFO - [2025-04-16T21:37:00.219+1000] {dag.py:3239} INFO - Sync 1 DAGs
[2025-04-16T21:37:00.244+1000] {logging_mixin.py:190} INFO - [2025-04-16T21:37:00.244+1000] {dag.py:4180} INFO - Setting next_dagrun for example_sensor_decorator to None, run_after=None
[2025-04-16T21:37:00.285+1000] {processor.py:208} INFO - Processing /Users/anurag/Desktop/Self/Coding Projects/learning-airflow/python37/lib/python3.12/site-packages/airflow/example_dags/example_sensor_decorator.py took 0.357 seconds
[2025-04-16T21:40:11.646+1000] {processor.py:186} INFO - Started process (PID=90997) to work on /Users/anurag/Desktop/Self/Coding Projects/learning-airflow/python37/lib/python3.12/site-packages/airflow/example_dags/example_sensor_decorator.py
[2025-04-16T21:40:11.649+1000] {processor.py:914} INFO - Processing file /Users/anurag/Desktop/Self/Coding Projects/learning-airflow/python37/lib/python3.12/site-packages/airflow/example_dags/example_sensor_decorator.py for tasks to queue
[2025-04-16T21:40:11.650+1000] {logging_mixin.py:190} INFO - [2025-04-16T21:40:11.650+1000] {dagbag.py:588} INFO - Filling up the DagBag from /Users/anurag/Desktop/Self/Coding Projects/learning-airflow/python37/lib/python3.12/site-packages/airflow/example_dags/example_sensor_decorator.py
[2025-04-16T21:40:11.691+1000] {processor.py:925} INFO - DAG(s) 'example_sensor_decorator' retrieved from /Users/anurag/Desktop/Self/Coding Projects/learning-airflow/python37/lib/python3.12/site-packages/airflow/example_dags/example_sensor_decorator.py
[2025-04-16T21:40:11.789+1000] {logging_mixin.py:190} INFO - [2025-04-16T21:40:11.788+1000] {workday.py:41} WARNING - Could not import pandas. Holidays will not be considered.
[2025-04-16T21:40:11.813+1000] {logging_mixin.py:190} INFO - [2025-04-16T21:40:11.812+1000] {dag.py:3239} INFO - Sync 1 DAGs
[2025-04-16T21:40:11.825+1000] {logging_mixin.py:190} INFO - [2025-04-16T21:40:11.824+1000] {dag.py:4180} INFO - Setting next_dagrun for example_sensor_decorator to None, run_after=None
[2025-04-16T21:40:11.843+1000] {processor.py:208} INFO - Processing /Users/anurag/Desktop/Self/Coding Projects/learning-airflow/python37/lib/python3.12/site-packages/airflow/example_dags/example_sensor_decorator.py took 0.201 seconds
[2025-04-16T21:42:32.068+1000] {processor.py:186} INFO - Started process (PID=91362) to work on /Users/anurag/Desktop/Self/Coding Projects/learning-airflow/python37/lib/python3.12/site-packages/airflow/example_dags/example_sensor_decorator.py
[2025-04-16T21:42:32.069+1000] {processor.py:914} INFO - Processing file /Users/anurag/Desktop/Self/Coding Projects/learning-airflow/python37/lib/python3.12/site-packages/airflow/example_dags/example_sensor_decorator.py for tasks to queue
[2025-04-16T21:42:32.070+1000] {logging_mixin.py:190} INFO - [2025-04-16T21:42:32.069+1000] {dagbag.py:588} INFO - Filling up the DagBag from /Users/anurag/Desktop/Self/Coding Projects/learning-airflow/python37/lib/python3.12/site-packages/airflow/example_dags/example_sensor_decorator.py
[2025-04-16T21:42:32.101+1000] {processor.py:925} INFO - DAG(s) 'example_sensor_decorator' retrieved from /Users/anurag/Desktop/Self/Coding Projects/learning-airflow/python37/lib/python3.12/site-packages/airflow/example_dags/example_sensor_decorator.py
[2025-04-16T21:42:32.182+1000] {logging_mixin.py:190} INFO - [2025-04-16T21:42:32.182+1000] {workday.py:41} WARNING - Could not import pandas. Holidays will not be considered.
[2025-04-16T21:42:32.202+1000] {logging_mixin.py:190} INFO - [2025-04-16T21:42:32.202+1000] {dag.py:3239} INFO - Sync 1 DAGs
[2025-04-16T21:42:32.211+1000] {logging_mixin.py:190} INFO - [2025-04-16T21:42:32.211+1000] {dag.py:4180} INFO - Setting next_dagrun for example_sensor_decorator to None, run_after=None
[2025-04-16T21:42:32.226+1000] {processor.py:208} INFO - Processing /Users/anurag/Desktop/Self/Coding Projects/learning-airflow/python37/lib/python3.12/site-packages/airflow/example_dags/example_sensor_decorator.py took 0.163 seconds
[2025-04-16T21:45:19.890+1000] {processor.py:186} INFO - Started process (PID=9744) to work on /Users/anurag/Desktop/Self/Coding Projects/learning-airflow/python37/lib/python3.12/site-packages/airflow/example_dags/example_sensor_decorator.py
[2025-04-16T21:45:19.892+1000] {processor.py:914} INFO - Processing file /Users/anurag/Desktop/Self/Coding Projects/learning-airflow/python37/lib/python3.12/site-packages/airflow/example_dags/example_sensor_decorator.py for tasks to queue
[2025-04-16T21:45:19.893+1000] {logging_mixin.py:190} INFO - [2025-04-16T21:45:19.893+1000] {dagbag.py:588} INFO - Filling up the DagBag from /Users/anurag/Desktop/Self/Coding Projects/learning-airflow/python37/lib/python3.12/site-packages/airflow/example_dags/example_sensor_decorator.py
[2025-04-16T21:45:19.942+1000] {processor.py:925} INFO - DAG(s) 'example_sensor_decorator' retrieved from /Users/anurag/Desktop/Self/Coding Projects/learning-airflow/python37/lib/python3.12/site-packages/airflow/example_dags/example_sensor_decorator.py
[2025-04-16T21:45:20.050+1000] {logging_mixin.py:190} INFO - [2025-04-16T21:45:20.050+1000] {workday.py:41} WARNING - Could not import pandas. Holidays will not be considered.
[2025-04-16T21:45:20.073+1000] {logging_mixin.py:190} INFO - [2025-04-16T21:45:20.073+1000] {dag.py:3239} INFO - Sync 1 DAGs
[2025-04-16T21:45:20.083+1000] {logging_mixin.py:190} INFO - [2025-04-16T21:45:20.083+1000] {dag.py:4180} INFO - Setting next_dagrun for example_sensor_decorator to None, run_after=None
[2025-04-16T21:45:20.100+1000] {processor.py:208} INFO - Processing /Users/anurag/Desktop/Self/Coding Projects/learning-airflow/python37/lib/python3.12/site-packages/airflow/example_dags/example_sensor_decorator.py took 0.214 seconds
