[2025-04-16T21:28:03.078+1000] {processor.py:186} INFO - Started process (PID=89098) to work on /Users/anurag/Desktop/Self/Coding Projects/learning-airflow/python37/lib/python3.12/site-packages/airflow/example_dags/example_latest_only.py
[2025-04-16T21:28:03.080+1000] {processor.py:914} INFO - Processing file /Users/anurag/Desktop/Self/Coding Projects/learning-airflow/python37/lib/python3.12/site-packages/airflow/example_dags/example_latest_only.py for tasks to queue
[2025-04-16T21:28:03.081+1000] {logging_mixin.py:190} INFO - [2025-04-16T21:28:03.081+1000] {dagbag.py:588} INFO - Filling up the DagBag from /Users/anurag/Desktop/Self/Coding Projects/learning-airflow/python37/lib/python3.12/site-packages/airflow/example_dags/example_latest_only.py
[2025-04-16T21:28:03.094+1000] {processor.py:925} INFO - DAG(s) 'latest_only' retrieved from /Users/anurag/Desktop/Self/Coding Projects/learning-airflow/python37/lib/python3.12/site-packages/airflow/example_dags/example_latest_only.py
[2025-04-16T21:28:03.358+1000] {logging_mixin.py:190} INFO - [2025-04-16T21:28:03.357+1000] {override.py:1930} INFO - Created Permission View: can delete on DAG:latest_only
[2025-04-16T21:28:03.371+1000] {logging_mixin.py:190} INFO - [2025-04-16T21:28:03.371+1000] {override.py:1930} INFO - Created Permission View: can read on DAG:latest_only
[2025-04-16T21:28:03.378+1000] {logging_mixin.py:190} INFO - [2025-04-16T21:28:03.378+1000] {override.py:1930} INFO - Created Permission View: can edit on DAG:latest_only
[2025-04-16T21:28:03.387+1000] {logging_mixin.py:190} INFO - [2025-04-16T21:28:03.387+1000] {override.py:1930} INFO - Created Permission View: can create on DAG Run:latest_only
[2025-04-16T21:28:03.395+1000] {logging_mixin.py:190} INFO - [2025-04-16T21:28:03.395+1000] {override.py:1930} INFO - Created Permission View: can read on DAG Run:latest_only
[2025-04-16T21:28:03.401+1000] {logging_mixin.py:190} INFO - [2025-04-16T21:28:03.400+1000] {override.py:1930} INFO - Created Permission View: menu access on DAG Run:latest_only
[2025-04-16T21:28:03.406+1000] {logging_mixin.py:190} INFO - [2025-04-16T21:28:03.406+1000] {override.py:1930} INFO - Created Permission View: can delete on DAG Run:latest_only
[2025-04-16T21:28:03.406+1000] {logging_mixin.py:190} INFO - [2025-04-16T21:28:03.406+1000] {dag.py:3239} INFO - Sync 1 DAGs
[2025-04-16T21:28:03.421+1000] {logging_mixin.py:190} INFO - [2025-04-16T21:28:03.420+1000] {dag.py:3262} INFO - Creating ORM DAG for latest_only
[2025-04-16T21:28:03.430+1000] {logging_mixin.py:190} INFO - [2025-04-16T21:28:03.430+1000] {dag.py:4180} INFO - Setting next_dagrun for latest_only to 2025-04-16 04:00:00+00:00, run_after=2025-04-16 08:00:00+00:00
[2025-04-16T21:28:03.449+1000] {processor.py:208} INFO - Processing /Users/anurag/Desktop/Self/Coding Projects/learning-airflow/python37/lib/python3.12/site-packages/airflow/example_dags/example_latest_only.py took 0.378 seconds
[2025-04-16T21:30:58.867+1000] {processor.py:186} INFO - Started process (PID=89609) to work on /Users/anurag/Desktop/Self/Coding Projects/learning-airflow/python37/lib/python3.12/site-packages/airflow/example_dags/example_latest_only.py
[2025-04-16T21:30:58.869+1000] {processor.py:914} INFO - Processing file /Users/anurag/Desktop/Self/Coding Projects/learning-airflow/python37/lib/python3.12/site-packages/airflow/example_dags/example_latest_only.py for tasks to queue
[2025-04-16T21:30:58.870+1000] {logging_mixin.py:190} INFO - [2025-04-16T21:30:58.870+1000] {dagbag.py:588} INFO - Filling up the DagBag from /Users/anurag/Desktop/Self/Coding Projects/learning-airflow/python37/lib/python3.12/site-packages/airflow/example_dags/example_latest_only.py
[2025-04-16T21:30:58.877+1000] {processor.py:925} INFO - DAG(s) 'latest_only' retrieved from /Users/anurag/Desktop/Self/Coding Projects/learning-airflow/python37/lib/python3.12/site-packages/airflow/example_dags/example_latest_only.py
[2025-04-16T21:30:58.973+1000] {logging_mixin.py:190} INFO - [2025-04-16T21:30:58.973+1000] {dag.py:3239} INFO - Sync 1 DAGs
[2025-04-16T21:30:58.990+1000] {logging_mixin.py:190} INFO - [2025-04-16T21:30:58.990+1000] {dag.py:4180} INFO - Setting next_dagrun for latest_only to 2025-04-16 04:00:00+00:00, run_after=2025-04-16 08:00:00+00:00
[2025-04-16T21:30:59.007+1000] {processor.py:208} INFO - Processing /Users/anurag/Desktop/Self/Coding Projects/learning-airflow/python37/lib/python3.12/site-packages/airflow/example_dags/example_latest_only.py took 0.145 seconds
[2025-04-16T21:37:52.979+1000] {processor.py:186} INFO - Started process (PID=90642) to work on /Users/anurag/Desktop/Self/Coding Projects/learning-airflow/python37/lib/python3.12/site-packages/airflow/example_dags/example_latest_only.py
[2025-04-16T21:37:52.984+1000] {processor.py:914} INFO - Processing file /Users/anurag/Desktop/Self/Coding Projects/learning-airflow/python37/lib/python3.12/site-packages/airflow/example_dags/example_latest_only.py for tasks to queue
[2025-04-16T21:37:52.987+1000] {logging_mixin.py:190} INFO - [2025-04-16T21:37:52.987+1000] {dagbag.py:588} INFO - Filling up the DagBag from /Users/anurag/Desktop/Self/Coding Projects/learning-airflow/python37/lib/python3.12/site-packages/airflow/example_dags/example_latest_only.py
[2025-04-16T21:37:53.008+1000] {processor.py:925} INFO - DAG(s) 'latest_only' retrieved from /Users/anurag/Desktop/Self/Coding Projects/learning-airflow/python37/lib/python3.12/site-packages/airflow/example_dags/example_latest_only.py
[2025-04-16T21:37:53.361+1000] {logging_mixin.py:190} INFO - [2025-04-16T21:37:53.359+1000] {dag.py:3239} INFO - Sync 1 DAGs
[2025-04-16T21:37:53.408+1000] {logging_mixin.py:190} INFO - [2025-04-16T21:37:53.407+1000] {dag.py:4180} INFO - Setting next_dagrun for latest_only to 2025-04-16 04:00:00+00:00, run_after=2025-04-16 08:00:00+00:00
[2025-04-16T21:37:53.463+1000] {processor.py:208} INFO - Processing /Users/anurag/Desktop/Self/Coding Projects/learning-airflow/python37/lib/python3.12/site-packages/airflow/example_dags/example_latest_only.py took 0.497 seconds
[2025-04-16T21:40:40.103+1000] {processor.py:186} INFO - Started process (PID=91069) to work on /Users/anurag/Desktop/Self/Coding Projects/learning-airflow/python37/lib/python3.12/site-packages/airflow/example_dags/example_latest_only.py
[2025-04-16T21:40:40.106+1000] {processor.py:914} INFO - Processing file /Users/anurag/Desktop/Self/Coding Projects/learning-airflow/python37/lib/python3.12/site-packages/airflow/example_dags/example_latest_only.py for tasks to queue
[2025-04-16T21:40:40.107+1000] {logging_mixin.py:190} INFO - [2025-04-16T21:40:40.107+1000] {dagbag.py:588} INFO - Filling up the DagBag from /Users/anurag/Desktop/Self/Coding Projects/learning-airflow/python37/lib/python3.12/site-packages/airflow/example_dags/example_latest_only.py
[2025-04-16T21:40:40.116+1000] {processor.py:925} INFO - DAG(s) 'latest_only' retrieved from /Users/anurag/Desktop/Self/Coding Projects/learning-airflow/python37/lib/python3.12/site-packages/airflow/example_dags/example_latest_only.py
[2025-04-16T21:40:40.225+1000] {logging_mixin.py:190} INFO - [2025-04-16T21:40:40.224+1000] {dag.py:3239} INFO - Sync 1 DAGs
[2025-04-16T21:40:40.244+1000] {logging_mixin.py:190} INFO - [2025-04-16T21:40:40.244+1000] {dag.py:4180} INFO - Setting next_dagrun for latest_only to 2025-04-16 04:00:00+00:00, run_after=2025-04-16 08:00:00+00:00
[2025-04-16T21:40:40.264+1000] {processor.py:208} INFO - Processing /Users/anurag/Desktop/Self/Coding Projects/learning-airflow/python37/lib/python3.12/site-packages/airflow/example_dags/example_latest_only.py took 0.167 seconds
[2025-04-16T21:43:03.605+1000] {processor.py:186} INFO - Started process (PID=91446) to work on /Users/anurag/Desktop/Self/Coding Projects/learning-airflow/python37/lib/python3.12/site-packages/airflow/example_dags/example_latest_only.py
[2025-04-16T21:43:03.607+1000] {processor.py:914} INFO - Processing file /Users/anurag/Desktop/Self/Coding Projects/learning-airflow/python37/lib/python3.12/site-packages/airflow/example_dags/example_latest_only.py for tasks to queue
[2025-04-16T21:43:03.609+1000] {logging_mixin.py:190} INFO - [2025-04-16T21:43:03.608+1000] {dagbag.py:588} INFO - Filling up the DagBag from /Users/anurag/Desktop/Self/Coding Projects/learning-airflow/python37/lib/python3.12/site-packages/airflow/example_dags/example_latest_only.py
[2025-04-16T21:43:03.618+1000] {processor.py:925} INFO - DAG(s) 'latest_only' retrieved from /Users/anurag/Desktop/Self/Coding Projects/learning-airflow/python37/lib/python3.12/site-packages/airflow/example_dags/example_latest_only.py
[2025-04-16T21:43:03.731+1000] {logging_mixin.py:190} INFO - [2025-04-16T21:43:03.730+1000] {dag.py:3239} INFO - Sync 1 DAGs
[2025-04-16T21:43:03.752+1000] {logging_mixin.py:190} INFO - [2025-04-16T21:43:03.752+1000] {dag.py:4180} INFO - Setting next_dagrun for latest_only to 2025-04-16 04:00:00+00:00, run_after=2025-04-16 08:00:00+00:00
[2025-04-16T21:43:03.774+1000] {processor.py:208} INFO - Processing /Users/anurag/Desktop/Self/Coding Projects/learning-airflow/python37/lib/python3.12/site-packages/airflow/example_dags/example_latest_only.py took 0.173 seconds
[2025-04-16T21:46:07.977+1000] {processor.py:186} INFO - Started process (PID=9876) to work on /Users/anurag/Desktop/Self/Coding Projects/learning-airflow/python37/lib/python3.12/site-packages/airflow/example_dags/example_latest_only.py
[2025-04-16T21:46:07.979+1000] {processor.py:914} INFO - Processing file /Users/anurag/Desktop/Self/Coding Projects/learning-airflow/python37/lib/python3.12/site-packages/airflow/example_dags/example_latest_only.py for tasks to queue
[2025-04-16T21:46:07.981+1000] {logging_mixin.py:190} INFO - [2025-04-16T21:46:07.980+1000] {dagbag.py:588} INFO - Filling up the DagBag from /Users/anurag/Desktop/Self/Coding Projects/learning-airflow/python37/lib/python3.12/site-packages/airflow/example_dags/example_latest_only.py
[2025-04-16T21:46:07.992+1000] {processor.py:925} INFO - DAG(s) 'latest_only' retrieved from /Users/anurag/Desktop/Self/Coding Projects/learning-airflow/python37/lib/python3.12/site-packages/airflow/example_dags/example_latest_only.py
[2025-04-16T21:46:08.165+1000] {logging_mixin.py:190} INFO - [2025-04-16T21:46:08.164+1000] {dag.py:3239} INFO - Sync 1 DAGs
[2025-04-16T21:46:08.191+1000] {logging_mixin.py:190} INFO - [2025-04-16T21:46:08.191+1000] {dag.py:4180} INFO - Setting next_dagrun for latest_only to 2025-04-16 04:00:00+00:00, run_after=2025-04-16 08:00:00+00:00
[2025-04-16T21:46:08.221+1000] {processor.py:208} INFO - Processing /Users/anurag/Desktop/Self/Coding Projects/learning-airflow/python37/lib/python3.12/site-packages/airflow/example_dags/example_latest_only.py took 0.251 seconds
