[2025-04-16T21:28:26.897+1000] {processor.py:186} INFO - Started process (PID=89156) to work on /Users/anurag/Desktop/Self/Coding Projects/learning-airflow/python37/lib/python3.12/site-packages/airflow/example_dags/example_display_name.py
[2025-04-16T21:28:26.900+1000] {processor.py:914} INFO - Processing file /Users/anurag/Desktop/Self/Coding Projects/learning-airflow/python37/lib/python3.12/site-packages/airflow/example_dags/example_display_name.py for tasks to queue
[2025-04-16T21:28:26.902+1000] {logging_mixin.py:190} INFO - [2025-04-16T21:28:26.902+1000] {dagbag.py:588} INFO - Filling up the DagBag from /Users/anurag/Desktop/Self/Coding Projects/learning-airflow/python37/lib/python3.12/site-packages/airflow/example_dags/example_display_name.py
[2025-04-16T21:28:27.033+1000] {processor.py:925} INFO - DAG(s) 'example_display_name' retrieved from /Users/anurag/Desktop/Self/Coding Projects/learning-airflow/python37/lib/python3.12/site-packages/airflow/example_dags/example_display_name.py
[2025-04-16T21:28:27.338+1000] {logging_mixin.py:190} INFO - [2025-04-16T21:28:27.337+1000] {override.py:1930} INFO - Created Permission View: can read on DAG:example_display_name
[2025-04-16T21:28:27.353+1000] {logging_mixin.py:190} INFO - [2025-04-16T21:28:27.352+1000] {override.py:1930} INFO - Created Permission View: can delete on DAG:example_display_name
[2025-04-16T21:28:27.359+1000] {logging_mixin.py:190} INFO - [2025-04-16T21:28:27.359+1000] {override.py:1930} INFO - Created Permission View: can edit on DAG:example_display_name
[2025-04-16T21:28:27.367+1000] {logging_mixin.py:190} INFO - [2025-04-16T21:28:27.367+1000] {override.py:1930} INFO - Created Permission View: menu access on DAG Run:example_display_name
[2025-04-16T21:28:27.373+1000] {logging_mixin.py:190} INFO - [2025-04-16T21:28:27.373+1000] {override.py:1930} INFO - Created Permission View: can create on DAG Run:example_display_name
[2025-04-16T21:28:27.383+1000] {logging_mixin.py:190} INFO - [2025-04-16T21:28:27.382+1000] {override.py:1930} INFO - Created Permission View: can read on DAG Run:example_display_name
[2025-04-16T21:28:27.389+1000] {logging_mixin.py:190} INFO - [2025-04-16T21:28:27.389+1000] {override.py:1930} INFO - Created Permission View: can delete on DAG Run:example_display_name
[2025-04-16T21:28:27.390+1000] {logging_mixin.py:190} INFO - [2025-04-16T21:28:27.389+1000] {dag.py:3239} INFO - Sync 1 DAGs
[2025-04-16T21:28:27.403+1000] {logging_mixin.py:190} INFO - [2025-04-16T21:28:27.403+1000] {dag.py:3262} INFO - Creating ORM DAG for example_display_name
[2025-04-16T21:28:27.404+1000] {logging_mixin.py:190} INFO - [2025-04-16T21:28:27.404+1000] {dag.py:4180} INFO - Setting next_dagrun for example_display_name to None, run_after=None
[2025-04-16T21:28:27.499+1000] {processor.py:208} INFO - Processing /Users/anurag/Desktop/Self/Coding Projects/learning-airflow/python37/lib/python3.12/site-packages/airflow/example_dags/example_display_name.py took 0.611 seconds
[2025-04-16T21:31:14.317+1000] {processor.py:186} INFO - Started process (PID=89651) to work on /Users/anurag/Desktop/Self/Coding Projects/learning-airflow/python37/lib/python3.12/site-packages/airflow/example_dags/example_display_name.py
[2025-04-16T21:31:14.319+1000] {processor.py:914} INFO - Processing file /Users/anurag/Desktop/Self/Coding Projects/learning-airflow/python37/lib/python3.12/site-packages/airflow/example_dags/example_display_name.py for tasks to queue
[2025-04-16T21:31:14.320+1000] {logging_mixin.py:190} INFO - [2025-04-16T21:31:14.320+1000] {dagbag.py:588} INFO - Filling up the DagBag from /Users/anurag/Desktop/Self/Coding Projects/learning-airflow/python37/lib/python3.12/site-packages/airflow/example_dags/example_display_name.py
[2025-04-16T21:31:14.353+1000] {processor.py:925} INFO - DAG(s) 'example_display_name' retrieved from /Users/anurag/Desktop/Self/Coding Projects/learning-airflow/python37/lib/python3.12/site-packages/airflow/example_dags/example_display_name.py
[2025-04-16T21:31:14.441+1000] {logging_mixin.py:190} INFO - [2025-04-16T21:31:14.441+1000] {dag.py:3239} INFO - Sync 1 DAGs
[2025-04-16T21:31:14.452+1000] {logging_mixin.py:190} INFO - [2025-04-16T21:31:14.452+1000] {dag.py:4180} INFO - Setting next_dagrun for example_display_name to None, run_after=None
[2025-04-16T21:31:14.470+1000] {processor.py:208} INFO - Processing /Users/anurag/Desktop/Self/Coding Projects/learning-airflow/python37/lib/python3.12/site-packages/airflow/example_dags/example_display_name.py took 0.157 seconds
[2025-04-16T21:38:18.734+1000] {processor.py:186} INFO - Started process (PID=90709) to work on /Users/anurag/Desktop/Self/Coding Projects/learning-airflow/python37/lib/python3.12/site-packages/airflow/example_dags/example_display_name.py
[2025-04-16T21:38:18.736+1000] {processor.py:914} INFO - Processing file /Users/anurag/Desktop/Self/Coding Projects/learning-airflow/python37/lib/python3.12/site-packages/airflow/example_dags/example_display_name.py for tasks to queue
[2025-04-16T21:38:18.737+1000] {logging_mixin.py:190} INFO - [2025-04-16T21:38:18.737+1000] {dagbag.py:588} INFO - Filling up the DagBag from /Users/anurag/Desktop/Self/Coding Projects/learning-airflow/python37/lib/python3.12/site-packages/airflow/example_dags/example_display_name.py
[2025-04-16T21:38:18.793+1000] {processor.py:925} INFO - DAG(s) 'example_display_name' retrieved from /Users/anurag/Desktop/Self/Coding Projects/learning-airflow/python37/lib/python3.12/site-packages/airflow/example_dags/example_display_name.py
[2025-04-16T21:38:18.967+1000] {logging_mixin.py:190} INFO - [2025-04-16T21:38:18.966+1000] {dag.py:3239} INFO - Sync 1 DAGs
[2025-04-16T21:38:18.999+1000] {logging_mixin.py:190} INFO - [2025-04-16T21:38:18.998+1000] {dag.py:4180} INFO - Setting next_dagrun for example_display_name to None, run_after=None
[2025-04-16T21:38:19.041+1000] {processor.py:208} INFO - Processing /Users/anurag/Desktop/Self/Coding Projects/learning-airflow/python37/lib/python3.12/site-packages/airflow/example_dags/example_display_name.py took 0.315 seconds
[2025-04-16T21:40:56.947+1000] {processor.py:186} INFO - Started process (PID=91115) to work on /Users/anurag/Desktop/Self/Coding Projects/learning-airflow/python37/lib/python3.12/site-packages/airflow/example_dags/example_display_name.py
[2025-04-16T21:40:56.949+1000] {processor.py:914} INFO - Processing file /Users/anurag/Desktop/Self/Coding Projects/learning-airflow/python37/lib/python3.12/site-packages/airflow/example_dags/example_display_name.py for tasks to queue
[2025-04-16T21:40:56.950+1000] {logging_mixin.py:190} INFO - [2025-04-16T21:40:56.949+1000] {dagbag.py:588} INFO - Filling up the DagBag from /Users/anurag/Desktop/Self/Coding Projects/learning-airflow/python37/lib/python3.12/site-packages/airflow/example_dags/example_display_name.py
[2025-04-16T21:40:56.981+1000] {processor.py:925} INFO - DAG(s) 'example_display_name' retrieved from /Users/anurag/Desktop/Self/Coding Projects/learning-airflow/python37/lib/python3.12/site-packages/airflow/example_dags/example_display_name.py
[2025-04-16T21:40:57.065+1000] {logging_mixin.py:190} INFO - [2025-04-16T21:40:57.064+1000] {dag.py:3239} INFO - Sync 1 DAGs
[2025-04-16T21:40:57.074+1000] {logging_mixin.py:190} INFO - [2025-04-16T21:40:57.074+1000] {dag.py:4180} INFO - Setting next_dagrun for example_display_name to None, run_after=None
[2025-04-16T21:40:57.090+1000] {processor.py:208} INFO - Processing /Users/anurag/Desktop/Self/Coding Projects/learning-airflow/python37/lib/python3.12/site-packages/airflow/example_dags/example_display_name.py took 0.147 seconds
[2025-04-16T21:46:31.128+1000] {processor.py:186} INFO - Started process (PID=11206) to work on /Users/anurag/Desktop/Self/Coding Projects/learning-airflow/python37/lib/python3.12/site-packages/airflow/example_dags/example_display_name.py
[2025-04-16T21:46:31.130+1000] {processor.py:914} INFO - Processing file /Users/anurag/Desktop/Self/Coding Projects/learning-airflow/python37/lib/python3.12/site-packages/airflow/example_dags/example_display_name.py for tasks to queue
[2025-04-16T21:46:31.131+1000] {logging_mixin.py:190} INFO - [2025-04-16T21:46:31.131+1000] {dagbag.py:588} INFO - Filling up the DagBag from /Users/anurag/Desktop/Self/Coding Projects/learning-airflow/python37/lib/python3.12/site-packages/airflow/example_dags/example_display_name.py
[2025-04-16T21:46:31.178+1000] {processor.py:925} INFO - DAG(s) 'example_display_name' retrieved from /Users/anurag/Desktop/Self/Coding Projects/learning-airflow/python37/lib/python3.12/site-packages/airflow/example_dags/example_display_name.py
[2025-04-16T21:46:31.296+1000] {logging_mixin.py:190} INFO - [2025-04-16T21:46:31.296+1000] {dag.py:3239} INFO - Sync 1 DAGs
[2025-04-16T21:46:31.309+1000] {logging_mixin.py:190} INFO - [2025-04-16T21:46:31.309+1000] {dag.py:4180} INFO - Setting next_dagrun for example_display_name to None, run_after=None
[2025-04-16T21:46:31.328+1000] {processor.py:208} INFO - Processing /Users/anurag/Desktop/Self/Coding Projects/learning-airflow/python37/lib/python3.12/site-packages/airflow/example_dags/example_display_name.py took 0.206 seconds
