[2025-04-16T21:28:10.688+1000] {processor.py:186} INFO - Started process (PID=89120) to work on /Users/anurag/Desktop/Self/Coding Projects/learning-airflow/python37/lib/python3.12/site-packages/airflow/example_dags/example_inlet_event_extra.py
[2025-04-16T21:28:10.690+1000] {processor.py:914} INFO - Processing file /Users/anurag/Desktop/Self/Coding Projects/learning-airflow/python37/lib/python3.12/site-packages/airflow/example_dags/example_inlet_event_extra.py for tasks to queue
[2025-04-16T21:28:10.692+1000] {logging_mixin.py:190} INFO - [2025-04-16T21:28:10.691+1000] {dagbag.py:588} INFO - Filling up the DagBag from /Users/anurag/Desktop/Self/Coding Projects/learning-airflow/python37/lib/python3.12/site-packages/airflow/example_dags/example_inlet_event_extra.py
[2025-04-16T21:28:10.839+1000] {processor.py:925} INFO - DAG(s) 'read_dataset_event_from_classic', 'read_dataset_event' retrieved from /Users/anurag/Desktop/Self/Coding Projects/learning-airflow/python37/lib/python3.12/site-packages/airflow/example_dags/example_inlet_event_extra.py
[2025-04-16T21:28:11.137+1000] {logging_mixin.py:190} INFO - [2025-04-16T21:28:11.136+1000] {override.py:1930} INFO - Created Permission View: can delete on DAG:read_dataset_event_from_classic
[2025-04-16T21:28:11.148+1000] {logging_mixin.py:190} INFO - [2025-04-16T21:28:11.148+1000] {override.py:1930} INFO - Created Permission View: can read on DAG:read_dataset_event_from_classic
[2025-04-16T21:28:11.154+1000] {logging_mixin.py:190} INFO - [2025-04-16T21:28:11.154+1000] {override.py:1930} INFO - Created Permission View: can edit on DAG:read_dataset_event_from_classic
[2025-04-16T21:28:11.162+1000] {logging_mixin.py:190} INFO - [2025-04-16T21:28:11.162+1000] {override.py:1930} INFO - Created Permission View: can read on DAG Run:read_dataset_event_from_classic
[2025-04-16T21:28:11.169+1000] {logging_mixin.py:190} INFO - [2025-04-16T21:28:11.169+1000] {override.py:1930} INFO - Created Permission View: can delete on DAG Run:read_dataset_event_from_classic
[2025-04-16T21:28:11.176+1000] {logging_mixin.py:190} INFO - [2025-04-16T21:28:11.176+1000] {override.py:1930} INFO - Created Permission View: menu access on DAG Run:read_dataset_event_from_classic
[2025-04-16T21:28:11.187+1000] {logging_mixin.py:190} INFO - [2025-04-16T21:28:11.185+1000] {override.py:1930} INFO - Created Permission View: can create on DAG Run:read_dataset_event_from_classic
[2025-04-16T21:28:11.206+1000] {logging_mixin.py:190} INFO - [2025-04-16T21:28:11.206+1000] {override.py:1930} INFO - Created Permission View: can delete on DAG:read_dataset_event
[2025-04-16T21:28:11.219+1000] {logging_mixin.py:190} INFO - [2025-04-16T21:28:11.219+1000] {override.py:1930} INFO - Created Permission View: can read on DAG:read_dataset_event
[2025-04-16T21:28:11.231+1000] {logging_mixin.py:190} INFO - [2025-04-16T21:28:11.231+1000] {override.py:1930} INFO - Created Permission View: can edit on DAG:read_dataset_event
[2025-04-16T21:28:11.248+1000] {logging_mixin.py:190} INFO - [2025-04-16T21:28:11.248+1000] {override.py:1930} INFO - Created Permission View: can read on DAG Run:read_dataset_event
[2025-04-16T21:28:11.257+1000] {logging_mixin.py:190} INFO - [2025-04-16T21:28:11.257+1000] {override.py:1930} INFO - Created Permission View: can delete on DAG Run:read_dataset_event
[2025-04-16T21:28:11.271+1000] {logging_mixin.py:190} INFO - [2025-04-16T21:28:11.271+1000] {override.py:1930} INFO - Created Permission View: menu access on DAG Run:read_dataset_event
[2025-04-16T21:28:11.281+1000] {logging_mixin.py:190} INFO - [2025-04-16T21:28:11.281+1000] {override.py:1930} INFO - Created Permission View: can create on DAG Run:read_dataset_event
[2025-04-16T21:28:11.282+1000] {logging_mixin.py:190} INFO - [2025-04-16T21:28:11.282+1000] {dag.py:3239} INFO - Sync 2 DAGs
[2025-04-16T21:28:11.403+1000] {logging_mixin.py:190} INFO - [2025-04-16T21:28:11.402+1000] {dag.py:3262} INFO - Creating ORM DAG for read_dataset_event
[2025-04-16T21:28:11.404+1000] {logging_mixin.py:190} INFO - [2025-04-16T21:28:11.403+1000] {dag.py:3262} INFO - Creating ORM DAG for read_dataset_event_from_classic
[2025-04-16T21:28:11.424+1000] {logging_mixin.py:190} INFO - [2025-04-16T21:28:11.423+1000] {dag.py:4180} INFO - Setting next_dagrun for read_dataset_event to 2025-04-15 00:00:00+00:00, run_after=2025-04-16 00:00:00+00:00
[2025-04-16T21:28:11.432+1000] {logging_mixin.py:190} INFO - [2025-04-16T21:28:11.432+1000] {dag.py:4180} INFO - Setting next_dagrun for read_dataset_event_from_classic to 2025-04-15 00:00:00+00:00, run_after=2025-04-16 00:00:00+00:00
[2025-04-16T21:28:11.467+1000] {processor.py:208} INFO - Processing /Users/anurag/Desktop/Self/Coding Projects/learning-airflow/python37/lib/python3.12/site-packages/airflow/example_dags/example_inlet_event_extra.py took 0.783 seconds
[2025-04-16T21:31:03.016+1000] {processor.py:186} INFO - Started process (PID=89617) to work on /Users/anurag/Desktop/Self/Coding Projects/learning-airflow/python37/lib/python3.12/site-packages/airflow/example_dags/example_inlet_event_extra.py
[2025-04-16T21:31:03.018+1000] {processor.py:914} INFO - Processing file /Users/anurag/Desktop/Self/Coding Projects/learning-airflow/python37/lib/python3.12/site-packages/airflow/example_dags/example_inlet_event_extra.py for tasks to queue
[2025-04-16T21:31:03.019+1000] {logging_mixin.py:190} INFO - [2025-04-16T21:31:03.018+1000] {dagbag.py:588} INFO - Filling up the DagBag from /Users/anurag/Desktop/Self/Coding Projects/learning-airflow/python37/lib/python3.12/site-packages/airflow/example_dags/example_inlet_event_extra.py
[2025-04-16T21:31:03.082+1000] {processor.py:925} INFO - DAG(s) 'read_dataset_event', 'read_dataset_event_from_classic' retrieved from /Users/anurag/Desktop/Self/Coding Projects/learning-airflow/python37/lib/python3.12/site-packages/airflow/example_dags/example_inlet_event_extra.py
[2025-04-16T21:31:03.173+1000] {logging_mixin.py:190} INFO - [2025-04-16T21:31:03.173+1000] {dag.py:3239} INFO - Sync 2 DAGs
[2025-04-16T21:31:03.191+1000] {logging_mixin.py:190} INFO - [2025-04-16T21:31:03.191+1000] {dag.py:4180} INFO - Setting next_dagrun for read_dataset_event to 2025-04-15 00:00:00+00:00, run_after=2025-04-16 00:00:00+00:00
[2025-04-16T21:31:03.195+1000] {logging_mixin.py:190} INFO - [2025-04-16T21:31:03.195+1000] {dag.py:4180} INFO - Setting next_dagrun for read_dataset_event_from_classic to 2025-04-15 00:00:00+00:00, run_after=2025-04-16 00:00:00+00:00
[2025-04-16T21:31:03.209+1000] {processor.py:208} INFO - Processing /Users/anurag/Desktop/Self/Coding Projects/learning-airflow/python37/lib/python3.12/site-packages/airflow/example_dags/example_inlet_event_extra.py took 0.197 seconds
[2025-04-16T21:38:02.330+1000] {processor.py:186} INFO - Started process (PID=90667) to work on /Users/anurag/Desktop/Self/Coding Projects/learning-airflow/python37/lib/python3.12/site-packages/airflow/example_dags/example_inlet_event_extra.py
[2025-04-16T21:38:02.333+1000] {processor.py:914} INFO - Processing file /Users/anurag/Desktop/Self/Coding Projects/learning-airflow/python37/lib/python3.12/site-packages/airflow/example_dags/example_inlet_event_extra.py for tasks to queue
[2025-04-16T21:38:02.335+1000] {logging_mixin.py:190} INFO - [2025-04-16T21:38:02.335+1000] {dagbag.py:588} INFO - Filling up the DagBag from /Users/anurag/Desktop/Self/Coding Projects/learning-airflow/python37/lib/python3.12/site-packages/airflow/example_dags/example_inlet_event_extra.py
[2025-04-16T21:38:02.465+1000] {processor.py:925} INFO - DAG(s) 'read_dataset_event_from_classic', 'read_dataset_event' retrieved from /Users/anurag/Desktop/Self/Coding Projects/learning-airflow/python37/lib/python3.12/site-packages/airflow/example_dags/example_inlet_event_extra.py
[2025-04-16T21:38:02.637+1000] {logging_mixin.py:190} INFO - [2025-04-16T21:38:02.636+1000] {dag.py:3239} INFO - Sync 2 DAGs
[2025-04-16T21:38:02.669+1000] {logging_mixin.py:190} INFO - [2025-04-16T21:38:02.669+1000] {dag.py:4180} INFO - Setting next_dagrun for read_dataset_event to 2025-04-15 00:00:00+00:00, run_after=2025-04-16 00:00:00+00:00
[2025-04-16T21:38:02.676+1000] {logging_mixin.py:190} INFO - [2025-04-16T21:38:02.676+1000] {dag.py:4180} INFO - Setting next_dagrun for read_dataset_event_from_classic to 2025-04-15 00:00:00+00:00, run_after=2025-04-16 00:00:00+00:00
[2025-04-16T21:38:02.702+1000] {processor.py:208} INFO - Processing /Users/anurag/Desktop/Self/Coding Projects/learning-airflow/python37/lib/python3.12/site-packages/airflow/example_dags/example_inlet_event_extra.py took 0.382 seconds
[2025-04-16T21:40:45.175+1000] {processor.py:186} INFO - Started process (PID=91081) to work on /Users/anurag/Desktop/Self/Coding Projects/learning-airflow/python37/lib/python3.12/site-packages/airflow/example_dags/example_inlet_event_extra.py
[2025-04-16T21:40:45.177+1000] {processor.py:914} INFO - Processing file /Users/anurag/Desktop/Self/Coding Projects/learning-airflow/python37/lib/python3.12/site-packages/airflow/example_dags/example_inlet_event_extra.py for tasks to queue
[2025-04-16T21:40:45.178+1000] {logging_mixin.py:190} INFO - [2025-04-16T21:40:45.178+1000] {dagbag.py:588} INFO - Filling up the DagBag from /Users/anurag/Desktop/Self/Coding Projects/learning-airflow/python37/lib/python3.12/site-packages/airflow/example_dags/example_inlet_event_extra.py
[2025-04-16T21:40:45.244+1000] {processor.py:925} INFO - DAG(s) 'read_dataset_event', 'read_dataset_event_from_classic' retrieved from /Users/anurag/Desktop/Self/Coding Projects/learning-airflow/python37/lib/python3.12/site-packages/airflow/example_dags/example_inlet_event_extra.py
[2025-04-16T21:40:45.332+1000] {logging_mixin.py:190} INFO - [2025-04-16T21:40:45.332+1000] {dag.py:3239} INFO - Sync 2 DAGs
[2025-04-16T21:40:45.350+1000] {logging_mixin.py:190} INFO - [2025-04-16T21:40:45.349+1000] {dag.py:4180} INFO - Setting next_dagrun for read_dataset_event to 2025-04-15 00:00:00+00:00, run_after=2025-04-16 00:00:00+00:00
[2025-04-16T21:40:45.353+1000] {logging_mixin.py:190} INFO - [2025-04-16T21:40:45.353+1000] {dag.py:4180} INFO - Setting next_dagrun for read_dataset_event_from_classic to 2025-04-15 00:00:00+00:00, run_after=2025-04-16 00:00:00+00:00
[2025-04-16T21:40:45.367+1000] {processor.py:208} INFO - Processing /Users/anurag/Desktop/Self/Coding Projects/learning-airflow/python37/lib/python3.12/site-packages/airflow/example_dags/example_inlet_event_extra.py took 0.196 seconds
[2025-04-16T21:46:16.123+1000] {processor.py:186} INFO - Started process (PID=9911) to work on /Users/anurag/Desktop/Self/Coding Projects/learning-airflow/python37/lib/python3.12/site-packages/airflow/example_dags/example_inlet_event_extra.py
[2025-04-16T21:46:16.126+1000] {processor.py:914} INFO - Processing file /Users/anurag/Desktop/Self/Coding Projects/learning-airflow/python37/lib/python3.12/site-packages/airflow/example_dags/example_inlet_event_extra.py for tasks to queue
[2025-04-16T21:46:16.128+1000] {logging_mixin.py:190} INFO - [2025-04-16T21:46:16.128+1000] {dagbag.py:588} INFO - Filling up the DagBag from /Users/anurag/Desktop/Self/Coding Projects/learning-airflow/python37/lib/python3.12/site-packages/airflow/example_dags/example_inlet_event_extra.py
[2025-04-16T21:46:16.282+1000] {processor.py:925} INFO - DAG(s) 'read_dataset_event_from_classic', 'read_dataset_event' retrieved from /Users/anurag/Desktop/Self/Coding Projects/learning-airflow/python37/lib/python3.12/site-packages/airflow/example_dags/example_inlet_event_extra.py
[2025-04-16T21:46:16.462+1000] {logging_mixin.py:190} INFO - [2025-04-16T21:46:16.461+1000] {dag.py:3239} INFO - Sync 2 DAGs
[2025-04-16T21:46:16.497+1000] {logging_mixin.py:190} INFO - [2025-04-16T21:46:16.496+1000] {dag.py:4180} INFO - Setting next_dagrun for read_dataset_event to 2025-04-15 00:00:00+00:00, run_after=2025-04-16 00:00:00+00:00
[2025-04-16T21:46:16.507+1000] {logging_mixin.py:190} INFO - [2025-04-16T21:46:16.507+1000] {dag.py:4180} INFO - Setting next_dagrun for read_dataset_event_from_classic to 2025-04-15 00:00:00+00:00, run_after=2025-04-16 00:00:00+00:00
[2025-04-16T21:46:16.536+1000] {processor.py:208} INFO - Processing /Users/anurag/Desktop/Self/Coding Projects/learning-airflow/python37/lib/python3.12/site-packages/airflow/example_dags/example_inlet_event_extra.py took 0.420 seconds
