[2025-04-16T21:27:21.204+1000] {processor.py:186} INFO - Started process (PID=88968) to work on /Users/anurag/Desktop/Self/Coding Projects/learning-airflow/python37/lib/python3.12/site-packages/airflow/example_dags/example_setup_teardown.py
[2025-04-16T21:27:21.206+1000] {processor.py:914} INFO - Processing file /Users/anurag/Desktop/Self/Coding Projects/learning-airflow/python37/lib/python3.12/site-packages/airflow/example_dags/example_setup_teardown.py for tasks to queue
[2025-04-16T21:27:21.208+1000] {logging_mixin.py:190} INFO - [2025-04-16T21:27:21.208+1000] {dagbag.py:588} INFO - Filling up the DagBag from /Users/anurag/Desktop/Self/Coding Projects/learning-airflow/python37/lib/python3.12/site-packages/airflow/example_dags/example_setup_teardown.py
[2025-04-16T21:27:21.220+1000] {processor.py:925} INFO - DAG(s) 'example_setup_teardown' retrieved from /Users/anurag/Desktop/Self/Coding Projects/learning-airflow/python37/lib/python3.12/site-packages/airflow/example_dags/example_setup_teardown.py
[2025-04-16T21:27:21.504+1000] {logging_mixin.py:190} INFO - [2025-04-16T21:27:21.503+1000] {override.py:1930} INFO - Created Permission View: can edit on DAG:example_setup_teardown
[2025-04-16T21:27:21.519+1000] {logging_mixin.py:190} INFO - [2025-04-16T21:27:21.519+1000] {override.py:1930} INFO - Created Permission View: can read on DAG:example_setup_teardown
[2025-04-16T21:27:21.526+1000] {logging_mixin.py:190} INFO - [2025-04-16T21:27:21.526+1000] {override.py:1930} INFO - Created Permission View: can delete on DAG:example_setup_teardown
[2025-04-16T21:27:21.537+1000] {logging_mixin.py:190} INFO - [2025-04-16T21:27:21.536+1000] {override.py:1930} INFO - Created Permission View: can create on DAG Run:example_setup_teardown
[2025-04-16T21:27:21.545+1000] {logging_mixin.py:190} INFO - [2025-04-16T21:27:21.544+1000] {override.py:1930} INFO - Created Permission View: can read on DAG Run:example_setup_teardown
[2025-04-16T21:27:21.554+1000] {logging_mixin.py:190} INFO - [2025-04-16T21:27:21.553+1000] {override.py:1930} INFO - Created Permission View: menu access on DAG Run:example_setup_teardown
[2025-04-16T21:27:21.564+1000] {logging_mixin.py:190} INFO - [2025-04-16T21:27:21.563+1000] {override.py:1930} INFO - Created Permission View: can delete on DAG Run:example_setup_teardown
[2025-04-16T21:27:21.565+1000] {logging_mixin.py:190} INFO - [2025-04-16T21:27:21.564+1000] {dag.py:3239} INFO - Sync 1 DAGs
[2025-04-16T21:27:21.581+1000] {logging_mixin.py:190} INFO - [2025-04-16T21:27:21.581+1000] {dag.py:3262} INFO - Creating ORM DAG for example_setup_teardown
[2025-04-16T21:27:21.582+1000] {logging_mixin.py:190} INFO - [2025-04-16T21:27:21.582+1000] {dag.py:4180} INFO - Setting next_dagrun for example_setup_teardown to None, run_after=None
[2025-04-16T21:27:21.602+1000] {processor.py:208} INFO - Processing /Users/anurag/Desktop/Self/Coding Projects/learning-airflow/python37/lib/python3.12/site-packages/airflow/example_dags/example_setup_teardown.py took 0.404 seconds
[2025-04-16T21:30:26.555+1000] {processor.py:186} INFO - Started process (PID=89517) to work on /Users/anurag/Desktop/Self/Coding Projects/learning-airflow/python37/lib/python3.12/site-packages/airflow/example_dags/example_setup_teardown.py
[2025-04-16T21:30:26.557+1000] {processor.py:914} INFO - Processing file /Users/anurag/Desktop/Self/Coding Projects/learning-airflow/python37/lib/python3.12/site-packages/airflow/example_dags/example_setup_teardown.py for tasks to queue
[2025-04-16T21:30:26.558+1000] {logging_mixin.py:190} INFO - [2025-04-16T21:30:26.558+1000] {dagbag.py:588} INFO - Filling up the DagBag from /Users/anurag/Desktop/Self/Coding Projects/learning-airflow/python37/lib/python3.12/site-packages/airflow/example_dags/example_setup_teardown.py
[2025-04-16T21:30:26.567+1000] {processor.py:925} INFO - DAG(s) 'example_setup_teardown' retrieved from /Users/anurag/Desktop/Self/Coding Projects/learning-airflow/python37/lib/python3.12/site-packages/airflow/example_dags/example_setup_teardown.py
[2025-04-16T21:30:26.664+1000] {logging_mixin.py:190} INFO - [2025-04-16T21:30:26.664+1000] {dag.py:3239} INFO - Sync 1 DAGs
[2025-04-16T21:30:26.674+1000] {logging_mixin.py:190} INFO - [2025-04-16T21:30:26.674+1000] {dag.py:4180} INFO - Setting next_dagrun for example_setup_teardown to None, run_after=None
[2025-04-16T21:30:26.690+1000] {processor.py:208} INFO - Processing /Users/anurag/Desktop/Self/Coding Projects/learning-airflow/python37/lib/python3.12/site-packages/airflow/example_dags/example_setup_teardown.py took 0.140 seconds
[2025-04-16T21:32:49.909+1000] {processor.py:186} INFO - Started process (PID=89910) to work on /Users/anurag/Desktop/Self/Coding Projects/learning-airflow/python37/lib/python3.12/site-packages/airflow/example_dags/example_setup_teardown.py
[2025-04-16T21:32:49.910+1000] {processor.py:914} INFO - Processing file /Users/anurag/Desktop/Self/Coding Projects/learning-airflow/python37/lib/python3.12/site-packages/airflow/example_dags/example_setup_teardown.py for tasks to queue
[2025-04-16T21:32:49.911+1000] {logging_mixin.py:190} INFO - [2025-04-16T21:32:49.911+1000] {dagbag.py:588} INFO - Filling up the DagBag from /Users/anurag/Desktop/Self/Coding Projects/learning-airflow/python37/lib/python3.12/site-packages/airflow/example_dags/example_setup_teardown.py
[2025-04-16T21:32:49.919+1000] {processor.py:925} INFO - DAG(s) 'example_setup_teardown' retrieved from /Users/anurag/Desktop/Self/Coding Projects/learning-airflow/python37/lib/python3.12/site-packages/airflow/example_dags/example_setup_teardown.py
[2025-04-16T21:32:50.008+1000] {logging_mixin.py:190} INFO - [2025-04-16T21:32:50.008+1000] {dag.py:3239} INFO - Sync 1 DAGs
[2025-04-16T21:32:50.017+1000] {logging_mixin.py:190} INFO - [2025-04-16T21:32:50.017+1000] {dag.py:4180} INFO - Setting next_dagrun for example_setup_teardown to None, run_after=None
[2025-04-16T21:32:50.033+1000] {processor.py:208} INFO - Processing /Users/anurag/Desktop/Self/Coding Projects/learning-airflow/python37/lib/python3.12/site-packages/airflow/example_dags/example_setup_teardown.py took 0.128 seconds
[2025-04-16T21:36:49.621+1000] {processor.py:186} INFO - Started process (PID=90500) to work on /Users/anurag/Desktop/Self/Coding Projects/learning-airflow/python37/lib/python3.12/site-packages/airflow/example_dags/example_setup_teardown.py
[2025-04-16T21:36:49.624+1000] {processor.py:914} INFO - Processing file /Users/anurag/Desktop/Self/Coding Projects/learning-airflow/python37/lib/python3.12/site-packages/airflow/example_dags/example_setup_teardown.py for tasks to queue
[2025-04-16T21:36:49.625+1000] {logging_mixin.py:190} INFO - [2025-04-16T21:36:49.625+1000] {dagbag.py:588} INFO - Filling up the DagBag from /Users/anurag/Desktop/Self/Coding Projects/learning-airflow/python37/lib/python3.12/site-packages/airflow/example_dags/example_setup_teardown.py
[2025-04-16T21:36:49.637+1000] {processor.py:925} INFO - DAG(s) 'example_setup_teardown' retrieved from /Users/anurag/Desktop/Self/Coding Projects/learning-airflow/python37/lib/python3.12/site-packages/airflow/example_dags/example_setup_teardown.py
[2025-04-16T21:36:49.795+1000] {logging_mixin.py:190} INFO - [2025-04-16T21:36:49.794+1000] {dag.py:3239} INFO - Sync 1 DAGs
[2025-04-16T21:36:49.811+1000] {logging_mixin.py:190} INFO - [2025-04-16T21:36:49.811+1000] {dag.py:4180} INFO - Setting next_dagrun for example_setup_teardown to None, run_after=None
[2025-04-16T21:36:49.840+1000] {processor.py:208} INFO - Processing /Users/anurag/Desktop/Self/Coding Projects/learning-airflow/python37/lib/python3.12/site-packages/airflow/example_dags/example_setup_teardown.py took 0.227 seconds
[2025-04-16T21:40:06.033+1000] {processor.py:186} INFO - Started process (PID=90981) to work on /Users/anurag/Desktop/Self/Coding Projects/learning-airflow/python37/lib/python3.12/site-packages/airflow/example_dags/example_setup_teardown.py
[2025-04-16T21:40:06.034+1000] {processor.py:914} INFO - Processing file /Users/anurag/Desktop/Self/Coding Projects/learning-airflow/python37/lib/python3.12/site-packages/airflow/example_dags/example_setup_teardown.py for tasks to queue
[2025-04-16T21:40:06.036+1000] {logging_mixin.py:190} INFO - [2025-04-16T21:40:06.035+1000] {dagbag.py:588} INFO - Filling up the DagBag from /Users/anurag/Desktop/Self/Coding Projects/learning-airflow/python37/lib/python3.12/site-packages/airflow/example_dags/example_setup_teardown.py
[2025-04-16T21:40:06.044+1000] {processor.py:925} INFO - DAG(s) 'example_setup_teardown' retrieved from /Users/anurag/Desktop/Self/Coding Projects/learning-airflow/python37/lib/python3.12/site-packages/airflow/example_dags/example_setup_teardown.py
[2025-04-16T21:40:06.132+1000] {logging_mixin.py:190} INFO - [2025-04-16T21:40:06.132+1000] {dag.py:3239} INFO - Sync 1 DAGs
[2025-04-16T21:40:06.142+1000] {logging_mixin.py:190} INFO - [2025-04-16T21:40:06.141+1000] {dag.py:4180} INFO - Setting next_dagrun for example_setup_teardown to None, run_after=None
[2025-04-16T21:40:06.157+1000] {processor.py:208} INFO - Processing /Users/anurag/Desktop/Self/Coding Projects/learning-airflow/python37/lib/python3.12/site-packages/airflow/example_dags/example_setup_teardown.py took 0.129 seconds
[2025-04-16T21:42:25.976+1000] {processor.py:186} INFO - Started process (PID=91350) to work on /Users/anurag/Desktop/Self/Coding Projects/learning-airflow/python37/lib/python3.12/site-packages/airflow/example_dags/example_setup_teardown.py
[2025-04-16T21:42:25.977+1000] {processor.py:914} INFO - Processing file /Users/anurag/Desktop/Self/Coding Projects/learning-airflow/python37/lib/python3.12/site-packages/airflow/example_dags/example_setup_teardown.py for tasks to queue
[2025-04-16T21:42:25.978+1000] {logging_mixin.py:190} INFO - [2025-04-16T21:42:25.978+1000] {dagbag.py:588} INFO - Filling up the DagBag from /Users/anurag/Desktop/Self/Coding Projects/learning-airflow/python37/lib/python3.12/site-packages/airflow/example_dags/example_setup_teardown.py
[2025-04-16T21:42:25.986+1000] {processor.py:925} INFO - DAG(s) 'example_setup_teardown' retrieved from /Users/anurag/Desktop/Self/Coding Projects/learning-airflow/python37/lib/python3.12/site-packages/airflow/example_dags/example_setup_teardown.py
[2025-04-16T21:42:26.075+1000] {logging_mixin.py:190} INFO - [2025-04-16T21:42:26.075+1000] {dag.py:3239} INFO - Sync 1 DAGs
[2025-04-16T21:42:26.084+1000] {logging_mixin.py:190} INFO - [2025-04-16T21:42:26.084+1000] {dag.py:4180} INFO - Setting next_dagrun for example_setup_teardown to None, run_after=None
[2025-04-16T21:42:26.100+1000] {processor.py:208} INFO - Processing /Users/anurag/Desktop/Self/Coding Projects/learning-airflow/python37/lib/python3.12/site-packages/airflow/example_dags/example_setup_teardown.py took 0.128 seconds
[2025-04-16T21:45:14.092+1000] {processor.py:186} INFO - Started process (PID=9728) to work on /Users/anurag/Desktop/Self/Coding Projects/learning-airflow/python37/lib/python3.12/site-packages/airflow/example_dags/example_setup_teardown.py
[2025-04-16T21:45:14.093+1000] {processor.py:914} INFO - Processing file /Users/anurag/Desktop/Self/Coding Projects/learning-airflow/python37/lib/python3.12/site-packages/airflow/example_dags/example_setup_teardown.py for tasks to queue
[2025-04-16T21:45:14.094+1000] {logging_mixin.py:190} INFO - [2025-04-16T21:45:14.094+1000] {dagbag.py:588} INFO - Filling up the DagBag from /Users/anurag/Desktop/Self/Coding Projects/learning-airflow/python37/lib/python3.12/site-packages/airflow/example_dags/example_setup_teardown.py
[2025-04-16T21:45:14.104+1000] {processor.py:925} INFO - DAG(s) 'example_setup_teardown' retrieved from /Users/anurag/Desktop/Self/Coding Projects/learning-airflow/python37/lib/python3.12/site-packages/airflow/example_dags/example_setup_teardown.py
[2025-04-16T21:45:14.201+1000] {logging_mixin.py:190} INFO - [2025-04-16T21:45:14.201+1000] {dag.py:3239} INFO - Sync 1 DAGs
[2025-04-16T21:45:14.211+1000] {logging_mixin.py:190} INFO - [2025-04-16T21:45:14.211+1000] {dag.py:4180} INFO - Setting next_dagrun for example_setup_teardown to None, run_after=None
[2025-04-16T21:45:14.229+1000] {processor.py:208} INFO - Processing /Users/anurag/Desktop/Self/Coding Projects/learning-airflow/python37/lib/python3.12/site-packages/airflow/example_dags/example_setup_teardown.py took 0.142 seconds
