[2025-04-16T21:27:15.352+1000] {processor.py:186} INFO - Started process (PID=88953) to work on /Users/anurag/Desktop/Self/Coding Projects/learning-airflow/python37/lib/python3.12/site-packages/airflow/example_dags/example_setup_teardown_taskflow.py
[2025-04-16T21:27:15.354+1000] {processor.py:914} INFO - Processing file /Users/anurag/Desktop/Self/Coding Projects/learning-airflow/python37/lib/python3.12/site-packages/airflow/example_dags/example_setup_teardown_taskflow.py for tasks to queue
[2025-04-16T21:27:15.356+1000] {logging_mixin.py:190} INFO - [2025-04-16T21:27:15.355+1000] {dagbag.py:588} INFO - Filling up the DagBag from /Users/anurag/Desktop/Self/Coding Projects/learning-airflow/python37/lib/python3.12/site-packages/airflow/example_dags/example_setup_teardown_taskflow.py
[2025-04-16T21:27:15.448+1000] {processor.py:925} INFO - DAG(s) 'example_setup_teardown_taskflow' retrieved from /Users/anurag/Desktop/Self/Coding Projects/learning-airflow/python37/lib/python3.12/site-packages/airflow/example_dags/example_setup_teardown_taskflow.py
[2025-04-16T21:27:15.717+1000] {logging_mixin.py:190} INFO - [2025-04-16T21:27:15.716+1000] {override.py:1930} INFO - Created Permission View: can edit on DAG:example_setup_teardown_taskflow
[2025-04-16T21:27:15.726+1000] {logging_mixin.py:190} INFO - [2025-04-16T21:27:15.726+1000] {override.py:1930} INFO - Created Permission View: can delete on DAG:example_setup_teardown_taskflow
[2025-04-16T21:27:15.733+1000] {logging_mixin.py:190} INFO - [2025-04-16T21:27:15.733+1000] {override.py:1930} INFO - Created Permission View: can read on DAG:example_setup_teardown_taskflow
[2025-04-16T21:27:15.743+1000] {logging_mixin.py:190} INFO - [2025-04-16T21:27:15.743+1000] {override.py:1930} INFO - Created Permission View: can create on DAG Run:example_setup_teardown_taskflow
[2025-04-16T21:27:15.750+1000] {logging_mixin.py:190} INFO - [2025-04-16T21:27:15.749+1000] {override.py:1930} INFO - Created Permission View: can delete on DAG Run:example_setup_teardown_taskflow
[2025-04-16T21:27:15.756+1000] {logging_mixin.py:190} INFO - [2025-04-16T21:27:15.755+1000] {override.py:1930} INFO - Created Permission View: can read on DAG Run:example_setup_teardown_taskflow
[2025-04-16T21:27:15.764+1000] {logging_mixin.py:190} INFO - [2025-04-16T21:27:15.764+1000] {override.py:1930} INFO - Created Permission View: menu access on DAG Run:example_setup_teardown_taskflow
[2025-04-16T21:27:15.765+1000] {logging_mixin.py:190} INFO - [2025-04-16T21:27:15.764+1000] {dag.py:3239} INFO - Sync 1 DAGs
[2025-04-16T21:27:15.777+1000] {logging_mixin.py:190} INFO - [2025-04-16T21:27:15.777+1000] {dag.py:3262} INFO - Creating ORM DAG for example_setup_teardown_taskflow
[2025-04-16T21:27:15.778+1000] {logging_mixin.py:190} INFO - [2025-04-16T21:27:15.778+1000] {dag.py:4180} INFO - Setting next_dagrun for example_setup_teardown_taskflow to None, run_after=None
[2025-04-16T21:27:15.878+1000] {processor.py:208} INFO - Processing /Users/anurag/Desktop/Self/Coding Projects/learning-airflow/python37/lib/python3.12/site-packages/airflow/example_dags/example_setup_teardown_taskflow.py took 0.531 seconds
[2025-04-16T21:30:23.678+1000] {processor.py:186} INFO - Started process (PID=89511) to work on /Users/anurag/Desktop/Self/Coding Projects/learning-airflow/python37/lib/python3.12/site-packages/airflow/example_dags/example_setup_teardown_taskflow.py
[2025-04-16T21:30:23.680+1000] {processor.py:914} INFO - Processing file /Users/anurag/Desktop/Self/Coding Projects/learning-airflow/python37/lib/python3.12/site-packages/airflow/example_dags/example_setup_teardown_taskflow.py for tasks to queue
[2025-04-16T21:30:23.681+1000] {logging_mixin.py:190} INFO - [2025-04-16T21:30:23.680+1000] {dagbag.py:588} INFO - Filling up the DagBag from /Users/anurag/Desktop/Self/Coding Projects/learning-airflow/python37/lib/python3.12/site-packages/airflow/example_dags/example_setup_teardown_taskflow.py
[2025-04-16T21:30:23.718+1000] {processor.py:925} INFO - DAG(s) 'example_setup_teardown_taskflow' retrieved from /Users/anurag/Desktop/Self/Coding Projects/learning-airflow/python37/lib/python3.12/site-packages/airflow/example_dags/example_setup_teardown_taskflow.py
[2025-04-16T21:30:23.813+1000] {logging_mixin.py:190} INFO - [2025-04-16T21:30:23.813+1000] {dag.py:3239} INFO - Sync 1 DAGs
[2025-04-16T21:30:23.823+1000] {logging_mixin.py:190} INFO - [2025-04-16T21:30:23.823+1000] {dag.py:4180} INFO - Setting next_dagrun for example_setup_teardown_taskflow to None, run_after=None
[2025-04-16T21:30:23.839+1000] {processor.py:208} INFO - Processing /Users/anurag/Desktop/Self/Coding Projects/learning-airflow/python37/lib/python3.12/site-packages/airflow/example_dags/example_setup_teardown_taskflow.py took 0.165 seconds
[2025-04-16T21:32:46.880+1000] {processor.py:186} INFO - Started process (PID=89903) to work on /Users/anurag/Desktop/Self/Coding Projects/learning-airflow/python37/lib/python3.12/site-packages/airflow/example_dags/example_setup_teardown_taskflow.py
[2025-04-16T21:32:46.882+1000] {processor.py:914} INFO - Processing file /Users/anurag/Desktop/Self/Coding Projects/learning-airflow/python37/lib/python3.12/site-packages/airflow/example_dags/example_setup_teardown_taskflow.py for tasks to queue
[2025-04-16T21:32:46.883+1000] {logging_mixin.py:190} INFO - [2025-04-16T21:32:46.883+1000] {dagbag.py:588} INFO - Filling up the DagBag from /Users/anurag/Desktop/Self/Coding Projects/learning-airflow/python37/lib/python3.12/site-packages/airflow/example_dags/example_setup_teardown_taskflow.py
[2025-04-16T21:32:46.932+1000] {processor.py:925} INFO - DAG(s) 'example_setup_teardown_taskflow' retrieved from /Users/anurag/Desktop/Self/Coding Projects/learning-airflow/python37/lib/python3.12/site-packages/airflow/example_dags/example_setup_teardown_taskflow.py
[2025-04-16T21:32:47.049+1000] {logging_mixin.py:190} INFO - [2025-04-16T21:32:47.049+1000] {dag.py:3239} INFO - Sync 1 DAGs
[2025-04-16T21:32:47.061+1000] {logging_mixin.py:190} INFO - [2025-04-16T21:32:47.061+1000] {dag.py:4180} INFO - Setting next_dagrun for example_setup_teardown_taskflow to None, run_after=None
[2025-04-16T21:32:47.080+1000] {processor.py:208} INFO - Processing /Users/anurag/Desktop/Self/Coding Projects/learning-airflow/python37/lib/python3.12/site-packages/airflow/example_dags/example_setup_teardown_taskflow.py took 0.206 seconds
[2025-04-16T21:36:45.176+1000] {processor.py:186} INFO - Started process (PID=90490) to work on /Users/anurag/Desktop/Self/Coding Projects/learning-airflow/python37/lib/python3.12/site-packages/airflow/example_dags/example_setup_teardown_taskflow.py
[2025-04-16T21:36:45.179+1000] {processor.py:914} INFO - Processing file /Users/anurag/Desktop/Self/Coding Projects/learning-airflow/python37/lib/python3.12/site-packages/airflow/example_dags/example_setup_teardown_taskflow.py for tasks to queue
[2025-04-16T21:36:45.180+1000] {logging_mixin.py:190} INFO - [2025-04-16T21:36:45.180+1000] {dagbag.py:588} INFO - Filling up the DagBag from /Users/anurag/Desktop/Self/Coding Projects/learning-airflow/python37/lib/python3.12/site-packages/airflow/example_dags/example_setup_teardown_taskflow.py
[2025-04-16T21:36:45.237+1000] {processor.py:925} INFO - DAG(s) 'example_setup_teardown_taskflow' retrieved from /Users/anurag/Desktop/Self/Coding Projects/learning-airflow/python37/lib/python3.12/site-packages/airflow/example_dags/example_setup_teardown_taskflow.py
[2025-04-16T21:36:45.402+1000] {logging_mixin.py:190} INFO - [2025-04-16T21:36:45.401+1000] {dag.py:3239} INFO - Sync 1 DAGs
[2025-04-16T21:36:45.417+1000] {logging_mixin.py:190} INFO - [2025-04-16T21:36:45.417+1000] {dag.py:4180} INFO - Setting next_dagrun for example_setup_teardown_taskflow to None, run_after=None
[2025-04-16T21:36:45.444+1000] {processor.py:208} INFO - Processing /Users/anurag/Desktop/Self/Coding Projects/learning-airflow/python37/lib/python3.12/site-packages/airflow/example_dags/example_setup_teardown_taskflow.py took 0.275 seconds
[2025-04-16T21:40:03.446+1000] {processor.py:186} INFO - Started process (PID=90975) to work on /Users/anurag/Desktop/Self/Coding Projects/learning-airflow/python37/lib/python3.12/site-packages/airflow/example_dags/example_setup_teardown_taskflow.py
[2025-04-16T21:40:03.448+1000] {processor.py:914} INFO - Processing file /Users/anurag/Desktop/Self/Coding Projects/learning-airflow/python37/lib/python3.12/site-packages/airflow/example_dags/example_setup_teardown_taskflow.py for tasks to queue
[2025-04-16T21:40:03.449+1000] {logging_mixin.py:190} INFO - [2025-04-16T21:40:03.449+1000] {dagbag.py:588} INFO - Filling up the DagBag from /Users/anurag/Desktop/Self/Coding Projects/learning-airflow/python37/lib/python3.12/site-packages/airflow/example_dags/example_setup_teardown_taskflow.py
[2025-04-16T21:40:03.483+1000] {processor.py:925} INFO - DAG(s) 'example_setup_teardown_taskflow' retrieved from /Users/anurag/Desktop/Self/Coding Projects/learning-airflow/python37/lib/python3.12/site-packages/airflow/example_dags/example_setup_teardown_taskflow.py
[2025-04-16T21:40:03.568+1000] {logging_mixin.py:190} INFO - [2025-04-16T21:40:03.567+1000] {dag.py:3239} INFO - Sync 1 DAGs
[2025-04-16T21:40:03.576+1000] {logging_mixin.py:190} INFO - [2025-04-16T21:40:03.576+1000] {dag.py:4180} INFO - Setting next_dagrun for example_setup_teardown_taskflow to None, run_after=None
[2025-04-16T21:40:03.593+1000] {processor.py:208} INFO - Processing /Users/anurag/Desktop/Self/Coding Projects/learning-airflow/python37/lib/python3.12/site-packages/airflow/example_dags/example_setup_teardown_taskflow.py took 0.151 seconds
[2025-04-16T21:42:22.962+1000] {processor.py:186} INFO - Started process (PID=91340) to work on /Users/anurag/Desktop/Self/Coding Projects/learning-airflow/python37/lib/python3.12/site-packages/airflow/example_dags/example_setup_teardown_taskflow.py
[2025-04-16T21:42:22.964+1000] {processor.py:914} INFO - Processing file /Users/anurag/Desktop/Self/Coding Projects/learning-airflow/python37/lib/python3.12/site-packages/airflow/example_dags/example_setup_teardown_taskflow.py for tasks to queue
[2025-04-16T21:42:22.965+1000] {logging_mixin.py:190} INFO - [2025-04-16T21:42:22.965+1000] {dagbag.py:588} INFO - Filling up the DagBag from /Users/anurag/Desktop/Self/Coding Projects/learning-airflow/python37/lib/python3.12/site-packages/airflow/example_dags/example_setup_teardown_taskflow.py
[2025-04-16T21:42:23.013+1000] {processor.py:925} INFO - DAG(s) 'example_setup_teardown_taskflow' retrieved from /Users/anurag/Desktop/Self/Coding Projects/learning-airflow/python37/lib/python3.12/site-packages/airflow/example_dags/example_setup_teardown_taskflow.py
[2025-04-16T21:42:23.126+1000] {logging_mixin.py:190} INFO - [2025-04-16T21:42:23.126+1000] {dag.py:3239} INFO - Sync 1 DAGs
[2025-04-16T21:42:23.138+1000] {logging_mixin.py:190} INFO - [2025-04-16T21:42:23.138+1000] {dag.py:4180} INFO - Setting next_dagrun for example_setup_teardown_taskflow to None, run_after=None
[2025-04-16T21:42:23.158+1000] {processor.py:208} INFO - Processing /Users/anurag/Desktop/Self/Coding Projects/learning-airflow/python37/lib/python3.12/site-packages/airflow/example_dags/example_setup_teardown_taskflow.py took 0.201 seconds
[2025-04-16T21:45:10.941+1000] {processor.py:186} INFO - Started process (PID=9701) to work on /Users/anurag/Desktop/Self/Coding Projects/learning-airflow/python37/lib/python3.12/site-packages/airflow/example_dags/example_setup_teardown_taskflow.py
[2025-04-16T21:45:10.943+1000] {processor.py:914} INFO - Processing file /Users/anurag/Desktop/Self/Coding Projects/learning-airflow/python37/lib/python3.12/site-packages/airflow/example_dags/example_setup_teardown_taskflow.py for tasks to queue
[2025-04-16T21:45:10.944+1000] {logging_mixin.py:190} INFO - [2025-04-16T21:45:10.944+1000] {dagbag.py:588} INFO - Filling up the DagBag from /Users/anurag/Desktop/Self/Coding Projects/learning-airflow/python37/lib/python3.12/site-packages/airflow/example_dags/example_setup_teardown_taskflow.py
[2025-04-16T21:45:10.990+1000] {processor.py:925} INFO - DAG(s) 'example_setup_teardown_taskflow' retrieved from /Users/anurag/Desktop/Self/Coding Projects/learning-airflow/python37/lib/python3.12/site-packages/airflow/example_dags/example_setup_teardown_taskflow.py
[2025-04-16T21:45:11.105+1000] {logging_mixin.py:190} INFO - [2025-04-16T21:45:11.105+1000] {dag.py:3239} INFO - Sync 1 DAGs
[2025-04-16T21:45:11.117+1000] {logging_mixin.py:190} INFO - [2025-04-16T21:45:11.117+1000] {dag.py:4180} INFO - Setting next_dagrun for example_setup_teardown_taskflow to None, run_after=None
[2025-04-16T21:45:11.137+1000] {processor.py:208} INFO - Processing /Users/anurag/Desktop/Self/Coding Projects/learning-airflow/python37/lib/python3.12/site-packages/airflow/example_dags/example_setup_teardown_taskflow.py took 0.202 seconds
