[2025-04-16T21:27:46.445+1000] {processor.py:186} INFO - Started process (PID=89046) to work on /Users/anurag/Desktop/Self/Coding Projects/learning-airflow/python37/lib/python3.12/site-packages/airflow/example_dags/example_params_trigger_ui.py
[2025-04-16T21:27:46.446+1000] {processor.py:914} INFO - Processing file /Users/anurag/Desktop/Self/Coding Projects/learning-airflow/python37/lib/python3.12/site-packages/airflow/example_dags/example_params_trigger_ui.py for tasks to queue
[2025-04-16T21:27:46.447+1000] {logging_mixin.py:190} INFO - [2025-04-16T21:27:46.447+1000] {dagbag.py:588} INFO - Filling up the DagBag from /Users/anurag/Desktop/Self/Coding Projects/learning-airflow/python37/lib/python3.12/site-packages/airflow/example_dags/example_params_trigger_ui.py
[2025-04-16T21:27:46.482+1000] {processor.py:925} INFO - DAG(s) 'example_params_trigger_ui' retrieved from /Users/anurag/Desktop/Self/Coding Projects/learning-airflow/python37/lib/python3.12/site-packages/airflow/example_dags/example_params_trigger_ui.py
[2025-04-16T21:27:46.756+1000] {logging_mixin.py:190} INFO - [2025-04-16T21:27:46.755+1000] {override.py:1930} INFO - Created Permission View: can read on DAG:example_params_trigger_ui
[2025-04-16T21:27:46.769+1000] {logging_mixin.py:190} INFO - [2025-04-16T21:27:46.769+1000] {override.py:1930} INFO - Created Permission View: can edit on DAG:example_params_trigger_ui
[2025-04-16T21:27:46.777+1000] {logging_mixin.py:190} INFO - [2025-04-16T21:27:46.777+1000] {override.py:1930} INFO - Created Permission View: can delete on DAG:example_params_trigger_ui
[2025-04-16T21:27:46.785+1000] {logging_mixin.py:190} INFO - [2025-04-16T21:27:46.785+1000] {override.py:1930} INFO - Created Permission View: can read on DAG Run:example_params_trigger_ui
[2025-04-16T21:27:46.791+1000] {logging_mixin.py:190} INFO - [2025-04-16T21:27:46.791+1000] {override.py:1930} INFO - Created Permission View: can create on DAG Run:example_params_trigger_ui
[2025-04-16T21:27:46.797+1000] {logging_mixin.py:190} INFO - [2025-04-16T21:27:46.797+1000] {override.py:1930} INFO - Created Permission View: menu access on DAG Run:example_params_trigger_ui
[2025-04-16T21:27:46.802+1000] {logging_mixin.py:190} INFO - [2025-04-16T21:27:46.802+1000] {override.py:1930} INFO - Created Permission View: can delete on DAG Run:example_params_trigger_ui
[2025-04-16T21:27:46.803+1000] {logging_mixin.py:190} INFO - [2025-04-16T21:27:46.803+1000] {dag.py:3239} INFO - Sync 1 DAGs
[2025-04-16T21:27:46.815+1000] {logging_mixin.py:190} INFO - [2025-04-16T21:27:46.815+1000] {dag.py:3262} INFO - Creating ORM DAG for example_params_trigger_ui
[2025-04-16T21:27:46.816+1000] {logging_mixin.py:190} INFO - [2025-04-16T21:27:46.816+1000] {dag.py:4180} INFO - Setting next_dagrun for example_params_trigger_ui to None, run_after=None
[2025-04-16T21:27:46.897+1000] {processor.py:208} INFO - Processing /Users/anurag/Desktop/Self/Coding Projects/learning-airflow/python37/lib/python3.12/site-packages/airflow/example_dags/example_params_trigger_ui.py took 0.456 seconds
[2025-04-16T21:30:45.870+1000] {processor.py:186} INFO - Started process (PID=89568) to work on /Users/anurag/Desktop/Self/Coding Projects/learning-airflow/python37/lib/python3.12/site-packages/airflow/example_dags/example_params_trigger_ui.py
[2025-04-16T21:30:45.872+1000] {processor.py:914} INFO - Processing file /Users/anurag/Desktop/Self/Coding Projects/learning-airflow/python37/lib/python3.12/site-packages/airflow/example_dags/example_params_trigger_ui.py for tasks to queue
[2025-04-16T21:30:45.873+1000] {logging_mixin.py:190} INFO - [2025-04-16T21:30:45.873+1000] {dagbag.py:588} INFO - Filling up the DagBag from /Users/anurag/Desktop/Self/Coding Projects/learning-airflow/python37/lib/python3.12/site-packages/airflow/example_dags/example_params_trigger_ui.py
[2025-04-16T21:30:45.910+1000] {processor.py:925} INFO - DAG(s) 'example_params_trigger_ui' retrieved from /Users/anurag/Desktop/Self/Coding Projects/learning-airflow/python37/lib/python3.12/site-packages/airflow/example_dags/example_params_trigger_ui.py
[2025-04-16T21:30:46.017+1000] {logging_mixin.py:190} INFO - [2025-04-16T21:30:46.017+1000] {dag.py:3239} INFO - Sync 1 DAGs
[2025-04-16T21:30:46.026+1000] {logging_mixin.py:190} INFO - [2025-04-16T21:30:46.026+1000] {dag.py:4180} INFO - Setting next_dagrun for example_params_trigger_ui to None, run_after=None
[2025-04-16T21:30:46.044+1000] {processor.py:208} INFO - Processing /Users/anurag/Desktop/Self/Coding Projects/learning-airflow/python37/lib/python3.12/site-packages/airflow/example_dags/example_params_trigger_ui.py took 0.178 seconds
[2025-04-16T21:33:13.219+1000] {processor.py:186} INFO - Started process (PID=89972) to work on /Users/anurag/Desktop/Self/Coding Projects/learning-airflow/python37/lib/python3.12/site-packages/airflow/example_dags/example_params_trigger_ui.py
[2025-04-16T21:33:13.220+1000] {processor.py:914} INFO - Processing file /Users/anurag/Desktop/Self/Coding Projects/learning-airflow/python37/lib/python3.12/site-packages/airflow/example_dags/example_params_trigger_ui.py for tasks to queue
[2025-04-16T21:33:13.221+1000] {logging_mixin.py:190} INFO - [2025-04-16T21:33:13.221+1000] {dagbag.py:588} INFO - Filling up the DagBag from /Users/anurag/Desktop/Self/Coding Projects/learning-airflow/python37/lib/python3.12/site-packages/airflow/example_dags/example_params_trigger_ui.py
[2025-04-16T21:33:13.273+1000] {processor.py:925} INFO - DAG(s) 'example_params_trigger_ui' retrieved from /Users/anurag/Desktop/Self/Coding Projects/learning-airflow/python37/lib/python3.12/site-packages/airflow/example_dags/example_params_trigger_ui.py
[2025-04-16T21:33:13.426+1000] {logging_mixin.py:190} INFO - [2025-04-16T21:33:13.425+1000] {dag.py:3239} INFO - Sync 1 DAGs
[2025-04-16T21:33:13.438+1000] {logging_mixin.py:190} INFO - [2025-04-16T21:33:13.438+1000] {dag.py:4180} INFO - Setting next_dagrun for example_params_trigger_ui to None, run_after=None
[2025-04-16T21:33:13.459+1000] {processor.py:208} INFO - Processing /Users/anurag/Desktop/Self/Coding Projects/learning-airflow/python37/lib/python3.12/site-packages/airflow/example_dags/example_params_trigger_ui.py took 0.245 seconds
[2025-04-16T21:37:24.945+1000] {processor.py:186} INFO - Started process (PID=90580) to work on /Users/anurag/Desktop/Self/Coding Projects/learning-airflow/python37/lib/python3.12/site-packages/airflow/example_dags/example_params_trigger_ui.py
[2025-04-16T21:37:24.948+1000] {processor.py:914} INFO - Processing file /Users/anurag/Desktop/Self/Coding Projects/learning-airflow/python37/lib/python3.12/site-packages/airflow/example_dags/example_params_trigger_ui.py for tasks to queue
[2025-04-16T21:37:24.951+1000] {logging_mixin.py:190} INFO - [2025-04-16T21:37:24.950+1000] {dagbag.py:588} INFO - Filling up the DagBag from /Users/anurag/Desktop/Self/Coding Projects/learning-airflow/python37/lib/python3.12/site-packages/airflow/example_dags/example_params_trigger_ui.py
[2025-04-16T21:37:25.028+1000] {processor.py:925} INFO - DAG(s) 'example_params_trigger_ui' retrieved from /Users/anurag/Desktop/Self/Coding Projects/learning-airflow/python37/lib/python3.12/site-packages/airflow/example_dags/example_params_trigger_ui.py
[2025-04-16T21:37:25.263+1000] {logging_mixin.py:190} INFO - [2025-04-16T21:37:25.263+1000] {dag.py:3239} INFO - Sync 1 DAGs
[2025-04-16T21:37:25.284+1000] {logging_mixin.py:190} INFO - [2025-04-16T21:37:25.284+1000] {dag.py:4180} INFO - Setting next_dagrun for example_params_trigger_ui to None, run_after=None
[2025-04-16T21:37:25.317+1000] {processor.py:208} INFO - Processing /Users/anurag/Desktop/Self/Coding Projects/learning-airflow/python37/lib/python3.12/site-packages/airflow/example_dags/example_params_trigger_ui.py took 0.381 seconds
[2025-04-16T21:40:26.058+1000] {processor.py:186} INFO - Started process (PID=91035) to work on /Users/anurag/Desktop/Self/Coding Projects/learning-airflow/python37/lib/python3.12/site-packages/airflow/example_dags/example_params_trigger_ui.py
[2025-04-16T21:40:26.060+1000] {processor.py:914} INFO - Processing file /Users/anurag/Desktop/Self/Coding Projects/learning-airflow/python37/lib/python3.12/site-packages/airflow/example_dags/example_params_trigger_ui.py for tasks to queue
[2025-04-16T21:40:26.061+1000] {logging_mixin.py:190} INFO - [2025-04-16T21:40:26.060+1000] {dagbag.py:588} INFO - Filling up the DagBag from /Users/anurag/Desktop/Self/Coding Projects/learning-airflow/python37/lib/python3.12/site-packages/airflow/example_dags/example_params_trigger_ui.py
[2025-04-16T21:40:26.094+1000] {processor.py:925} INFO - DAG(s) 'example_params_trigger_ui' retrieved from /Users/anurag/Desktop/Self/Coding Projects/learning-airflow/python37/lib/python3.12/site-packages/airflow/example_dags/example_params_trigger_ui.py
[2025-04-16T21:40:26.201+1000] {logging_mixin.py:190} INFO - [2025-04-16T21:40:26.201+1000] {dag.py:3239} INFO - Sync 1 DAGs
[2025-04-16T21:40:26.210+1000] {logging_mixin.py:190} INFO - [2025-04-16T21:40:26.210+1000] {dag.py:4180} INFO - Setting next_dagrun for example_params_trigger_ui to None, run_after=None
[2025-04-16T21:40:26.227+1000] {processor.py:208} INFO - Processing /Users/anurag/Desktop/Self/Coding Projects/learning-airflow/python37/lib/python3.12/site-packages/airflow/example_dags/example_params_trigger_ui.py took 0.173 seconds
[2025-04-16T21:42:48.105+1000] {processor.py:186} INFO - Started process (PID=91406) to work on /Users/anurag/Desktop/Self/Coding Projects/learning-airflow/python37/lib/python3.12/site-packages/airflow/example_dags/example_params_trigger_ui.py
[2025-04-16T21:42:48.108+1000] {processor.py:914} INFO - Processing file /Users/anurag/Desktop/Self/Coding Projects/learning-airflow/python37/lib/python3.12/site-packages/airflow/example_dags/example_params_trigger_ui.py for tasks to queue
[2025-04-16T21:42:48.109+1000] {logging_mixin.py:190} INFO - [2025-04-16T21:42:48.109+1000] {dagbag.py:588} INFO - Filling up the DagBag from /Users/anurag/Desktop/Self/Coding Projects/learning-airflow/python37/lib/python3.12/site-packages/airflow/example_dags/example_params_trigger_ui.py
[2025-04-16T21:42:48.156+1000] {processor.py:925} INFO - DAG(s) 'example_params_trigger_ui' retrieved from /Users/anurag/Desktop/Self/Coding Projects/learning-airflow/python37/lib/python3.12/site-packages/airflow/example_dags/example_params_trigger_ui.py
[2025-04-16T21:42:48.297+1000] {logging_mixin.py:190} INFO - [2025-04-16T21:42:48.297+1000] {dag.py:3239} INFO - Sync 1 DAGs
[2025-04-16T21:42:48.309+1000] {logging_mixin.py:190} INFO - [2025-04-16T21:42:48.309+1000] {dag.py:4180} INFO - Setting next_dagrun for example_params_trigger_ui to None, run_after=None
[2025-04-16T21:42:48.327+1000] {processor.py:208} INFO - Processing /Users/anurag/Desktop/Self/Coding Projects/learning-airflow/python37/lib/python3.12/site-packages/airflow/example_dags/example_params_trigger_ui.py took 0.227 seconds
[2025-04-16T21:45:43.518+1000] {processor.py:186} INFO - Started process (PID=9802) to work on /Users/anurag/Desktop/Self/Coding Projects/learning-airflow/python37/lib/python3.12/site-packages/airflow/example_dags/example_params_trigger_ui.py
[2025-04-16T21:45:43.520+1000] {processor.py:914} INFO - Processing file /Users/anurag/Desktop/Self/Coding Projects/learning-airflow/python37/lib/python3.12/site-packages/airflow/example_dags/example_params_trigger_ui.py for tasks to queue
[2025-04-16T21:45:43.523+1000] {logging_mixin.py:190} INFO - [2025-04-16T21:45:43.522+1000] {dagbag.py:588} INFO - Filling up the DagBag from /Users/anurag/Desktop/Self/Coding Projects/learning-airflow/python37/lib/python3.12/site-packages/airflow/example_dags/example_params_trigger_ui.py
[2025-04-16T21:45:43.613+1000] {processor.py:925} INFO - DAG(s) 'example_params_trigger_ui' retrieved from /Users/anurag/Desktop/Self/Coding Projects/learning-airflow/python37/lib/python3.12/site-packages/airflow/example_dags/example_params_trigger_ui.py
[2025-04-16T21:45:44.114+1000] {logging_mixin.py:190} INFO - [2025-04-16T21:45:44.112+1000] {dag.py:3239} INFO - Sync 1 DAGs
[2025-04-16T21:45:44.184+1000] {logging_mixin.py:190} INFO - [2025-04-16T21:45:44.183+1000] {dag.py:4180} INFO - Setting next_dagrun for example_params_trigger_ui to None, run_after=None
[2025-04-16T21:45:44.219+1000] {processor.py:208} INFO - Processing /Users/anurag/Desktop/Self/Coding Projects/learning-airflow/python37/lib/python3.12/site-packages/airflow/example_dags/example_params_trigger_ui.py took 0.708 seconds
