[2025-04-16T21:27:59.805+1000] {processor.py:186} INFO - Started process (PID=89088) to work on /Users/anurag/Desktop/Self/Coding Projects/learning-airflow/python37/lib/python3.12/site-packages/airflow/example_dags/example_latest_only_with_trigger.py
[2025-04-16T21:27:59.807+1000] {processor.py:914} INFO - Processing file /Users/anurag/Desktop/Self/Coding Projects/learning-airflow/python37/lib/python3.12/site-packages/airflow/example_dags/example_latest_only_with_trigger.py for tasks to queue
[2025-04-16T21:27:59.809+1000] {logging_mixin.py:190} INFO - [2025-04-16T21:27:59.809+1000] {dagbag.py:588} INFO - Filling up the DagBag from /Users/anurag/Desktop/Self/Coding Projects/learning-airflow/python37/lib/python3.12/site-packages/airflow/example_dags/example_latest_only_with_trigger.py
[2025-04-16T21:27:59.820+1000] {processor.py:925} INFO - DAG(s) 'latest_only_with_trigger' retrieved from /Users/anurag/Desktop/Self/Coding Projects/learning-airflow/python37/lib/python3.12/site-packages/airflow/example_dags/example_latest_only_with_trigger.py
[2025-04-16T21:28:00.038+1000] {logging_mixin.py:190} INFO - [2025-04-16T21:28:00.038+1000] {override.py:1930} INFO - Created Permission View: can delete on DAG:latest_only_with_trigger
[2025-04-16T21:28:00.051+1000] {logging_mixin.py:190} INFO - [2025-04-16T21:28:00.050+1000] {override.py:1930} INFO - Created Permission View: can edit on DAG:latest_only_with_trigger
[2025-04-16T21:28:00.056+1000] {logging_mixin.py:190} INFO - [2025-04-16T21:28:00.056+1000] {override.py:1930} INFO - Created Permission View: can read on DAG:latest_only_with_trigger
[2025-04-16T21:28:00.066+1000] {logging_mixin.py:190} INFO - [2025-04-16T21:28:00.065+1000] {override.py:1930} INFO - Created Permission View: menu access on DAG Run:latest_only_with_trigger
[2025-04-16T21:28:00.073+1000] {logging_mixin.py:190} INFO - [2025-04-16T21:28:00.072+1000] {override.py:1930} INFO - Created Permission View: can delete on DAG Run:latest_only_with_trigger
[2025-04-16T21:28:00.080+1000] {logging_mixin.py:190} INFO - [2025-04-16T21:28:00.080+1000] {override.py:1930} INFO - Created Permission View: can create on DAG Run:latest_only_with_trigger
[2025-04-16T21:28:00.087+1000] {logging_mixin.py:190} INFO - [2025-04-16T21:28:00.087+1000] {override.py:1930} INFO - Created Permission View: can read on DAG Run:latest_only_with_trigger
[2025-04-16T21:28:00.088+1000] {logging_mixin.py:190} INFO - [2025-04-16T21:28:00.087+1000] {dag.py:3239} INFO - Sync 1 DAGs
[2025-04-16T21:28:00.101+1000] {logging_mixin.py:190} INFO - [2025-04-16T21:28:00.101+1000] {dag.py:3262} INFO - Creating ORM DAG for latest_only_with_trigger
[2025-04-16T21:28:00.112+1000] {logging_mixin.py:190} INFO - [2025-04-16T21:28:00.112+1000] {dag.py:4180} INFO - Setting next_dagrun for latest_only_with_trigger to 2025-04-16 04:00:00+00:00, run_after=2025-04-16 08:00:00+00:00
[2025-04-16T21:28:00.130+1000] {processor.py:208} INFO - Processing /Users/anurag/Desktop/Self/Coding Projects/learning-airflow/python37/lib/python3.12/site-packages/airflow/example_dags/example_latest_only_with_trigger.py took 0.330 seconds
[2025-04-16T21:30:55.863+1000] {processor.py:186} INFO - Started process (PID=89599) to work on /Users/anurag/Desktop/Self/Coding Projects/learning-airflow/python37/lib/python3.12/site-packages/airflow/example_dags/example_latest_only_with_trigger.py
[2025-04-16T21:30:55.867+1000] {processor.py:914} INFO - Processing file /Users/anurag/Desktop/Self/Coding Projects/learning-airflow/python37/lib/python3.12/site-packages/airflow/example_dags/example_latest_only_with_trigger.py for tasks to queue
[2025-04-16T21:30:55.869+1000] {logging_mixin.py:190} INFO - [2025-04-16T21:30:55.869+1000] {dagbag.py:588} INFO - Filling up the DagBag from /Users/anurag/Desktop/Self/Coding Projects/learning-airflow/python37/lib/python3.12/site-packages/airflow/example_dags/example_latest_only_with_trigger.py
[2025-04-16T21:30:55.879+1000] {processor.py:925} INFO - DAG(s) 'latest_only_with_trigger' retrieved from /Users/anurag/Desktop/Self/Coding Projects/learning-airflow/python37/lib/python3.12/site-packages/airflow/example_dags/example_latest_only_with_trigger.py
[2025-04-16T21:30:56.009+1000] {logging_mixin.py:190} INFO - [2025-04-16T21:30:56.009+1000] {dag.py:3239} INFO - Sync 1 DAGs
[2025-04-16T21:30:56.030+1000] {logging_mixin.py:190} INFO - [2025-04-16T21:30:56.029+1000] {dag.py:4180} INFO - Setting next_dagrun for latest_only_with_trigger to 2025-04-16 04:00:00+00:00, run_after=2025-04-16 08:00:00+00:00
[2025-04-16T21:30:56.053+1000] {processor.py:208} INFO - Processing /Users/anurag/Desktop/Self/Coding Projects/learning-airflow/python37/lib/python3.12/site-packages/airflow/example_dags/example_latest_only_with_trigger.py took 0.195 seconds
[2025-04-16T21:37:47.503+1000] {processor.py:186} INFO - Started process (PID=90628) to work on /Users/anurag/Desktop/Self/Coding Projects/learning-airflow/python37/lib/python3.12/site-packages/airflow/example_dags/example_latest_only_with_trigger.py
[2025-04-16T21:37:47.512+1000] {processor.py:914} INFO - Processing file /Users/anurag/Desktop/Self/Coding Projects/learning-airflow/python37/lib/python3.12/site-packages/airflow/example_dags/example_latest_only_with_trigger.py for tasks to queue
[2025-04-16T21:37:47.514+1000] {logging_mixin.py:190} INFO - [2025-04-16T21:37:47.514+1000] {dagbag.py:588} INFO - Filling up the DagBag from /Users/anurag/Desktop/Self/Coding Projects/learning-airflow/python37/lib/python3.12/site-packages/airflow/example_dags/example_latest_only_with_trigger.py
[2025-04-16T21:37:47.535+1000] {processor.py:925} INFO - DAG(s) 'latest_only_with_trigger' retrieved from /Users/anurag/Desktop/Self/Coding Projects/learning-airflow/python37/lib/python3.12/site-packages/airflow/example_dags/example_latest_only_with_trigger.py
[2025-04-16T21:37:47.817+1000] {logging_mixin.py:190} INFO - [2025-04-16T21:37:47.817+1000] {dag.py:3239} INFO - Sync 1 DAGs
[2025-04-16T21:37:47.873+1000] {logging_mixin.py:190} INFO - [2025-04-16T21:37:47.873+1000] {dag.py:4180} INFO - Setting next_dagrun for latest_only_with_trigger to 2025-04-16 04:00:00+00:00, run_after=2025-04-16 08:00:00+00:00
[2025-04-16T21:37:47.927+1000] {processor.py:208} INFO - Processing /Users/anurag/Desktop/Self/Coding Projects/learning-airflow/python37/lib/python3.12/site-packages/airflow/example_dags/example_latest_only_with_trigger.py took 0.437 seconds
[2025-04-16T21:40:38.239+1000] {processor.py:186} INFO - Started process (PID=91063) to work on /Users/anurag/Desktop/Self/Coding Projects/learning-airflow/python37/lib/python3.12/site-packages/airflow/example_dags/example_latest_only_with_trigger.py
[2025-04-16T21:40:38.242+1000] {processor.py:914} INFO - Processing file /Users/anurag/Desktop/Self/Coding Projects/learning-airflow/python37/lib/python3.12/site-packages/airflow/example_dags/example_latest_only_with_trigger.py for tasks to queue
[2025-04-16T21:40:38.243+1000] {logging_mixin.py:190} INFO - [2025-04-16T21:40:38.243+1000] {dagbag.py:588} INFO - Filling up the DagBag from /Users/anurag/Desktop/Self/Coding Projects/learning-airflow/python37/lib/python3.12/site-packages/airflow/example_dags/example_latest_only_with_trigger.py
[2025-04-16T21:40:38.252+1000] {processor.py:925} INFO - DAG(s) 'latest_only_with_trigger' retrieved from /Users/anurag/Desktop/Self/Coding Projects/learning-airflow/python37/lib/python3.12/site-packages/airflow/example_dags/example_latest_only_with_trigger.py
[2025-04-16T21:40:38.342+1000] {logging_mixin.py:190} INFO - [2025-04-16T21:40:38.341+1000] {dag.py:3239} INFO - Sync 1 DAGs
[2025-04-16T21:40:38.357+1000] {logging_mixin.py:190} INFO - [2025-04-16T21:40:38.357+1000] {dag.py:4180} INFO - Setting next_dagrun for latest_only_with_trigger to 2025-04-16 04:00:00+00:00, run_after=2025-04-16 08:00:00+00:00
[2025-04-16T21:40:38.372+1000] {processor.py:208} INFO - Processing /Users/anurag/Desktop/Self/Coding Projects/learning-airflow/python37/lib/python3.12/site-packages/airflow/example_dags/example_latest_only_with_trigger.py took 0.138 seconds
[2025-04-16T21:43:00.444+1000] {processor.py:186} INFO - Started process (PID=91438) to work on /Users/anurag/Desktop/Self/Coding Projects/learning-airflow/python37/lib/python3.12/site-packages/airflow/example_dags/example_latest_only_with_trigger.py
[2025-04-16T21:43:00.446+1000] {processor.py:914} INFO - Processing file /Users/anurag/Desktop/Self/Coding Projects/learning-airflow/python37/lib/python3.12/site-packages/airflow/example_dags/example_latest_only_with_trigger.py for tasks to queue
[2025-04-16T21:43:00.448+1000] {logging_mixin.py:190} INFO - [2025-04-16T21:43:00.447+1000] {dagbag.py:588} INFO - Filling up the DagBag from /Users/anurag/Desktop/Self/Coding Projects/learning-airflow/python37/lib/python3.12/site-packages/airflow/example_dags/example_latest_only_with_trigger.py
[2025-04-16T21:43:00.457+1000] {processor.py:925} INFO - DAG(s) 'latest_only_with_trigger' retrieved from /Users/anurag/Desktop/Self/Coding Projects/learning-airflow/python37/lib/python3.12/site-packages/airflow/example_dags/example_latest_only_with_trigger.py
[2025-04-16T21:43:00.561+1000] {logging_mixin.py:190} INFO - [2025-04-16T21:43:00.561+1000] {dag.py:3239} INFO - Sync 1 DAGs
[2025-04-16T21:43:00.580+1000] {logging_mixin.py:190} INFO - [2025-04-16T21:43:00.580+1000] {dag.py:4180} INFO - Setting next_dagrun for latest_only_with_trigger to 2025-04-16 04:00:00+00:00, run_after=2025-04-16 08:00:00+00:00
[2025-04-16T21:43:00.598+1000] {processor.py:208} INFO - Processing /Users/anurag/Desktop/Self/Coding Projects/learning-airflow/python37/lib/python3.12/site-packages/airflow/example_dags/example_latest_only_with_trigger.py took 0.158 seconds
[2025-04-16T21:46:03.771+1000] {processor.py:186} INFO - Started process (PID=9866) to work on /Users/anurag/Desktop/Self/Coding Projects/learning-airflow/python37/lib/python3.12/site-packages/airflow/example_dags/example_latest_only_with_trigger.py
[2025-04-16T21:46:03.773+1000] {processor.py:914} INFO - Processing file /Users/anurag/Desktop/Self/Coding Projects/learning-airflow/python37/lib/python3.12/site-packages/airflow/example_dags/example_latest_only_with_trigger.py for tasks to queue
[2025-04-16T21:46:03.775+1000] {logging_mixin.py:190} INFO - [2025-04-16T21:46:03.775+1000] {dagbag.py:588} INFO - Filling up the DagBag from /Users/anurag/Desktop/Self/Coding Projects/learning-airflow/python37/lib/python3.12/site-packages/airflow/example_dags/example_latest_only_with_trigger.py
[2025-04-16T21:46:03.788+1000] {processor.py:925} INFO - DAG(s) 'latest_only_with_trigger' retrieved from /Users/anurag/Desktop/Self/Coding Projects/learning-airflow/python37/lib/python3.12/site-packages/airflow/example_dags/example_latest_only_with_trigger.py
[2025-04-16T21:46:04.010+1000] {logging_mixin.py:190} INFO - [2025-04-16T21:46:04.009+1000] {dag.py:3239} INFO - Sync 1 DAGs
[2025-04-16T21:46:04.045+1000] {logging_mixin.py:190} INFO - [2025-04-16T21:46:04.045+1000] {dag.py:4180} INFO - Setting next_dagrun for latest_only_with_trigger to 2025-04-16 04:00:00+00:00, run_after=2025-04-16 08:00:00+00:00
[2025-04-16T21:46:04.080+1000] {processor.py:208} INFO - Processing /Users/anurag/Desktop/Self/Coding Projects/learning-airflow/python37/lib/python3.12/site-packages/airflow/example_dags/example_latest_only_with_trigger.py took 0.317 seconds
