[2025-04-16T21:27:33.542+1000] {processor.py:186} INFO - Started process (PID=89013) to work on /Users/anurag/Desktop/Self/Coding Projects/learning-airflow/python37/lib/python3.12/site-packages/airflow/example_dags/example_python_operator.py
[2025-04-16T21:27:33.544+1000] {processor.py:914} INFO - Processing file /Users/anurag/Desktop/Self/Coding Projects/learning-airflow/python37/lib/python3.12/site-packages/airflow/example_dags/example_python_operator.py for tasks to queue
[2025-04-16T21:27:33.545+1000] {logging_mixin.py:190} INFO - [2025-04-16T21:27:33.544+1000] {dagbag.py:588} INFO - Filling up the DagBag from /Users/anurag/Desktop/Self/Coding Projects/learning-airflow/python37/lib/python3.12/site-packages/airflow/example_dags/example_python_operator.py
[2025-04-16T21:27:33.569+1000] {logging_mixin.py:190} INFO - [2025-04-16T21:27:33.568+1000] {example_python_operator.py:93} WARNING - The virtalenv_python example task requires virtualenv, please install it.
[2025-04-16T21:27:33.572+1000] {processor.py:925} INFO - DAG(s) 'example_python_operator' retrieved from /Users/anurag/Desktop/Self/Coding Projects/learning-airflow/python37/lib/python3.12/site-packages/airflow/example_dags/example_python_operator.py
[2025-04-16T21:27:33.746+1000] {logging_mixin.py:190} INFO - [2025-04-16T21:27:33.745+1000] {override.py:1930} INFO - Created Permission View: can read on DAG:example_python_operator
[2025-04-16T21:27:33.753+1000] {logging_mixin.py:190} INFO - [2025-04-16T21:27:33.753+1000] {override.py:1930} INFO - Created Permission View: can delete on DAG:example_python_operator
[2025-04-16T21:27:33.759+1000] {logging_mixin.py:190} INFO - [2025-04-16T21:27:33.758+1000] {override.py:1930} INFO - Created Permission View: can edit on DAG:example_python_operator
[2025-04-16T21:27:33.766+1000] {logging_mixin.py:190} INFO - [2025-04-16T21:27:33.765+1000] {override.py:1930} INFO - Created Permission View: can read on DAG Run:example_python_operator
[2025-04-16T21:27:33.771+1000] {logging_mixin.py:190} INFO - [2025-04-16T21:27:33.770+1000] {override.py:1930} INFO - Created Permission View: can delete on DAG Run:example_python_operator
[2025-04-16T21:27:33.776+1000] {logging_mixin.py:190} INFO - [2025-04-16T21:27:33.776+1000] {override.py:1930} INFO - Created Permission View: menu access on DAG Run:example_python_operator
[2025-04-16T21:27:33.781+1000] {logging_mixin.py:190} INFO - [2025-04-16T21:27:33.781+1000] {override.py:1930} INFO - Created Permission View: can create on DAG Run:example_python_operator
[2025-04-16T21:27:33.782+1000] {logging_mixin.py:190} INFO - [2025-04-16T21:27:33.782+1000] {dag.py:3239} INFO - Sync 1 DAGs
[2025-04-16T21:27:33.794+1000] {logging_mixin.py:190} INFO - [2025-04-16T21:27:33.794+1000] {dag.py:3262} INFO - Creating ORM DAG for example_python_operator
[2025-04-16T21:27:33.794+1000] {logging_mixin.py:190} INFO - [2025-04-16T21:27:33.794+1000] {dag.py:4180} INFO - Setting next_dagrun for example_python_operator to None, run_after=None
[2025-04-16T21:27:33.809+1000] {processor.py:208} INFO - Processing /Users/anurag/Desktop/Self/Coding Projects/learning-airflow/python37/lib/python3.12/site-packages/airflow/example_dags/example_python_operator.py took 0.270 seconds
[2025-04-16T21:30:34.668+1000] {processor.py:186} INFO - Started process (PID=89539) to work on /Users/anurag/Desktop/Self/Coding Projects/learning-airflow/python37/lib/python3.12/site-packages/airflow/example_dags/example_python_operator.py
[2025-04-16T21:30:34.670+1000] {processor.py:914} INFO - Processing file /Users/anurag/Desktop/Self/Coding Projects/learning-airflow/python37/lib/python3.12/site-packages/airflow/example_dags/example_python_operator.py for tasks to queue
[2025-04-16T21:30:34.671+1000] {logging_mixin.py:190} INFO - [2025-04-16T21:30:34.671+1000] {dagbag.py:588} INFO - Filling up the DagBag from /Users/anurag/Desktop/Self/Coding Projects/learning-airflow/python37/lib/python3.12/site-packages/airflow/example_dags/example_python_operator.py
[2025-04-16T21:30:34.692+1000] {logging_mixin.py:190} INFO - [2025-04-16T21:30:34.692+1000] {example_python_operator.py:93} WARNING - The virtalenv_python example task requires virtualenv, please install it.
[2025-04-16T21:30:34.695+1000] {processor.py:925} INFO - DAG(s) 'example_python_operator' retrieved from /Users/anurag/Desktop/Self/Coding Projects/learning-airflow/python37/lib/python3.12/site-packages/airflow/example_dags/example_python_operator.py
[2025-04-16T21:30:34.790+1000] {logging_mixin.py:190} INFO - [2025-04-16T21:30:34.790+1000] {dag.py:3239} INFO - Sync 1 DAGs
[2025-04-16T21:30:34.800+1000] {logging_mixin.py:190} INFO - [2025-04-16T21:30:34.800+1000] {dag.py:4180} INFO - Setting next_dagrun for example_python_operator to None, run_after=None
[2025-04-16T21:30:34.815+1000] {processor.py:208} INFO - Processing /Users/anurag/Desktop/Self/Coding Projects/learning-airflow/python37/lib/python3.12/site-packages/airflow/example_dags/example_python_operator.py took 0.151 seconds
[2025-04-16T21:32:58.371+1000] {processor.py:186} INFO - Started process (PID=89932) to work on /Users/anurag/Desktop/Self/Coding Projects/learning-airflow/python37/lib/python3.12/site-packages/airflow/example_dags/example_python_operator.py
[2025-04-16T21:32:58.373+1000] {processor.py:914} INFO - Processing file /Users/anurag/Desktop/Self/Coding Projects/learning-airflow/python37/lib/python3.12/site-packages/airflow/example_dags/example_python_operator.py for tasks to queue
[2025-04-16T21:32:58.375+1000] {logging_mixin.py:190} INFO - [2025-04-16T21:32:58.374+1000] {dagbag.py:588} INFO - Filling up the DagBag from /Users/anurag/Desktop/Self/Coding Projects/learning-airflow/python37/lib/python3.12/site-packages/airflow/example_dags/example_python_operator.py
[2025-04-16T21:32:58.404+1000] {logging_mixin.py:190} INFO - [2025-04-16T21:32:58.404+1000] {example_python_operator.py:93} WARNING - The virtalenv_python example task requires virtualenv, please install it.
[2025-04-16T21:32:58.409+1000] {processor.py:925} INFO - DAG(s) 'example_python_operator' retrieved from /Users/anurag/Desktop/Self/Coding Projects/learning-airflow/python37/lib/python3.12/site-packages/airflow/example_dags/example_python_operator.py
[2025-04-16T21:32:58.521+1000] {logging_mixin.py:190} INFO - [2025-04-16T21:32:58.521+1000] {dag.py:3239} INFO - Sync 1 DAGs
[2025-04-16T21:32:58.533+1000] {logging_mixin.py:190} INFO - [2025-04-16T21:32:58.533+1000] {dag.py:4180} INFO - Setting next_dagrun for example_python_operator to None, run_after=None
[2025-04-16T21:32:58.552+1000] {processor.py:208} INFO - Processing /Users/anurag/Desktop/Self/Coding Projects/learning-airflow/python37/lib/python3.12/site-packages/airflow/example_dags/example_python_operator.py took 0.187 seconds
[2025-04-16T21:37:04.612+1000] {processor.py:186} INFO - Started process (PID=90534) to work on /Users/anurag/Desktop/Self/Coding Projects/learning-airflow/python37/lib/python3.12/site-packages/airflow/example_dags/example_python_operator.py
[2025-04-16T21:37:04.616+1000] {processor.py:914} INFO - Processing file /Users/anurag/Desktop/Self/Coding Projects/learning-airflow/python37/lib/python3.12/site-packages/airflow/example_dags/example_python_operator.py for tasks to queue
[2025-04-16T21:37:04.618+1000] {logging_mixin.py:190} INFO - [2025-04-16T21:37:04.618+1000] {dagbag.py:588} INFO - Filling up the DagBag from /Users/anurag/Desktop/Self/Coding Projects/learning-airflow/python37/lib/python3.12/site-packages/airflow/example_dags/example_python_operator.py
[2025-04-16T21:37:04.678+1000] {logging_mixin.py:190} INFO - [2025-04-16T21:37:04.678+1000] {example_python_operator.py:93} WARNING - The virtalenv_python example task requires virtualenv, please install it.
[2025-04-16T21:37:04.685+1000] {processor.py:925} INFO - DAG(s) 'example_python_operator' retrieved from /Users/anurag/Desktop/Self/Coding Projects/learning-airflow/python37/lib/python3.12/site-packages/airflow/example_dags/example_python_operator.py
[2025-04-16T21:37:04.945+1000] {logging_mixin.py:190} INFO - [2025-04-16T21:37:04.943+1000] {dag.py:3239} INFO - Sync 1 DAGs
[2025-04-16T21:37:04.972+1000] {logging_mixin.py:190} INFO - [2025-04-16T21:37:04.969+1000] {dag.py:4180} INFO - Setting next_dagrun for example_python_operator to None, run_after=None
[2025-04-16T21:37:05.007+1000] {processor.py:208} INFO - Processing /Users/anurag/Desktop/Self/Coding Projects/learning-airflow/python37/lib/python3.12/site-packages/airflow/example_dags/example_python_operator.py took 0.408 seconds
[2025-04-16T21:40:14.499+1000] {processor.py:186} INFO - Started process (PID=91003) to work on /Users/anurag/Desktop/Self/Coding Projects/learning-airflow/python37/lib/python3.12/site-packages/airflow/example_dags/example_python_operator.py
[2025-04-16T21:40:14.501+1000] {processor.py:914} INFO - Processing file /Users/anurag/Desktop/Self/Coding Projects/learning-airflow/python37/lib/python3.12/site-packages/airflow/example_dags/example_python_operator.py for tasks to queue
[2025-04-16T21:40:14.502+1000] {logging_mixin.py:190} INFO - [2025-04-16T21:40:14.502+1000] {dagbag.py:588} INFO - Filling up the DagBag from /Users/anurag/Desktop/Self/Coding Projects/learning-airflow/python37/lib/python3.12/site-packages/airflow/example_dags/example_python_operator.py
[2025-04-16T21:40:14.522+1000] {logging_mixin.py:190} INFO - [2025-04-16T21:40:14.522+1000] {example_python_operator.py:93} WARNING - The virtalenv_python example task requires virtualenv, please install it.
[2025-04-16T21:40:14.525+1000] {processor.py:925} INFO - DAG(s) 'example_python_operator' retrieved from /Users/anurag/Desktop/Self/Coding Projects/learning-airflow/python37/lib/python3.12/site-packages/airflow/example_dags/example_python_operator.py
[2025-04-16T21:40:14.612+1000] {logging_mixin.py:190} INFO - [2025-04-16T21:40:14.611+1000] {dag.py:3239} INFO - Sync 1 DAGs
[2025-04-16T21:40:14.621+1000] {logging_mixin.py:190} INFO - [2025-04-16T21:40:14.620+1000] {dag.py:4180} INFO - Setting next_dagrun for example_python_operator to None, run_after=None
[2025-04-16T21:40:14.636+1000] {processor.py:208} INFO - Processing /Users/anurag/Desktop/Self/Coding Projects/learning-airflow/python37/lib/python3.12/site-packages/airflow/example_dags/example_python_operator.py took 0.142 seconds
[2025-04-16T21:42:35.168+1000] {processor.py:186} INFO - Started process (PID=91374) to work on /Users/anurag/Desktop/Self/Coding Projects/learning-airflow/python37/lib/python3.12/site-packages/airflow/example_dags/example_python_operator.py
[2025-04-16T21:42:35.169+1000] {processor.py:914} INFO - Processing file /Users/anurag/Desktop/Self/Coding Projects/learning-airflow/python37/lib/python3.12/site-packages/airflow/example_dags/example_python_operator.py for tasks to queue
[2025-04-16T21:42:35.171+1000] {logging_mixin.py:190} INFO - [2025-04-16T21:42:35.171+1000] {dagbag.py:588} INFO - Filling up the DagBag from /Users/anurag/Desktop/Self/Coding Projects/learning-airflow/python37/lib/python3.12/site-packages/airflow/example_dags/example_python_operator.py
[2025-04-16T21:42:35.199+1000] {logging_mixin.py:190} INFO - [2025-04-16T21:42:35.199+1000] {example_python_operator.py:93} WARNING - The virtalenv_python example task requires virtualenv, please install it.
[2025-04-16T21:42:35.203+1000] {processor.py:925} INFO - DAG(s) 'example_python_operator' retrieved from /Users/anurag/Desktop/Self/Coding Projects/learning-airflow/python37/lib/python3.12/site-packages/airflow/example_dags/example_python_operator.py
[2025-04-16T21:42:35.329+1000] {logging_mixin.py:190} INFO - [2025-04-16T21:42:35.329+1000] {dag.py:3239} INFO - Sync 1 DAGs
[2025-04-16T21:42:35.344+1000] {logging_mixin.py:190} INFO - [2025-04-16T21:42:35.343+1000] {dag.py:4180} INFO - Setting next_dagrun for example_python_operator to None, run_after=None
[2025-04-16T21:42:35.365+1000] {processor.py:208} INFO - Processing /Users/anurag/Desktop/Self/Coding Projects/learning-airflow/python37/lib/python3.12/site-packages/airflow/example_dags/example_python_operator.py took 0.203 seconds
[2025-04-16T21:45:23.489+1000] {processor.py:186} INFO - Started process (PID=9750) to work on /Users/anurag/Desktop/Self/Coding Projects/learning-airflow/python37/lib/python3.12/site-packages/airflow/example_dags/example_python_operator.py
[2025-04-16T21:45:23.491+1000] {processor.py:914} INFO - Processing file /Users/anurag/Desktop/Self/Coding Projects/learning-airflow/python37/lib/python3.12/site-packages/airflow/example_dags/example_python_operator.py for tasks to queue
[2025-04-16T21:45:23.492+1000] {logging_mixin.py:190} INFO - [2025-04-16T21:45:23.492+1000] {dagbag.py:588} INFO - Filling up the DagBag from /Users/anurag/Desktop/Self/Coding Projects/learning-airflow/python37/lib/python3.12/site-packages/airflow/example_dags/example_python_operator.py
[2025-04-16T21:45:23.526+1000] {logging_mixin.py:190} INFO - [2025-04-16T21:45:23.525+1000] {example_python_operator.py:93} WARNING - The virtalenv_python example task requires virtualenv, please install it.
[2025-04-16T21:45:23.533+1000] {processor.py:925} INFO - DAG(s) 'example_python_operator' retrieved from /Users/anurag/Desktop/Self/Coding Projects/learning-airflow/python37/lib/python3.12/site-packages/airflow/example_dags/example_python_operator.py
[2025-04-16T21:45:23.769+1000] {logging_mixin.py:190} INFO - [2025-04-16T21:45:23.768+1000] {dag.py:3239} INFO - Sync 1 DAGs
[2025-04-16T21:45:23.797+1000] {logging_mixin.py:190} INFO - [2025-04-16T21:45:23.797+1000] {dag.py:4180} INFO - Setting next_dagrun for example_python_operator to None, run_after=None
[2025-04-16T21:45:23.831+1000] {processor.py:208} INFO - Processing /Users/anurag/Desktop/Self/Coding Projects/learning-airflow/python37/lib/python3.12/site-packages/airflow/example_dags/example_python_operator.py took 0.348 seconds
