[2025-04-16T21:29:10.365+1000] {processor.py:186} INFO - Started process (PID=89279) to work on /Users/anurag/Desktop/Self/Coding Projects/learning-airflow/python37/lib/python3.12/site-packages/airflow/example_dags/example_bash_decorator.py
[2025-04-16T21:29:10.367+1000] {processor.py:914} INFO - Processing file /Users/anurag/Desktop/Self/Coding Projects/learning-airflow/python37/lib/python3.12/site-packages/airflow/example_dags/example_bash_decorator.py for tasks to queue
[2025-04-16T21:29:10.368+1000] {logging_mixin.py:190} INFO - [2025-04-16T21:29:10.367+1000] {dagbag.py:588} INFO - Filling up the DagBag from /Users/anurag/Desktop/Self/Coding Projects/learning-airflow/python37/lib/python3.12/site-packages/airflow/example_dags/example_bash_decorator.py
[2025-04-16T21:29:10.406+1000] {processor.py:925} INFO - DAG(s) 'example_bash_decorator' retrieved from /Users/anurag/Desktop/Self/Coding Projects/learning-airflow/python37/lib/python3.12/site-packages/airflow/example_dags/example_bash_decorator.py
[2025-04-16T21:29:10.577+1000] {logging_mixin.py:190} INFO - [2025-04-16T21:29:10.576+1000] {override.py:1930} INFO - Created Permission View: can delete on DAG:example_bash_decorator
[2025-04-16T21:29:10.585+1000] {logging_mixin.py:190} INFO - [2025-04-16T21:29:10.585+1000] {override.py:1930} INFO - Created Permission View: can edit on DAG:example_bash_decorator
[2025-04-16T21:29:10.591+1000] {logging_mixin.py:190} INFO - [2025-04-16T21:29:10.590+1000] {override.py:1930} INFO - Created Permission View: can read on DAG:example_bash_decorator
[2025-04-16T21:29:10.598+1000] {logging_mixin.py:190} INFO - [2025-04-16T21:29:10.598+1000] {override.py:1930} INFO - Created Permission View: can delete on DAG Run:example_bash_decorator
[2025-04-16T21:29:10.603+1000] {logging_mixin.py:190} INFO - [2025-04-16T21:29:10.603+1000] {override.py:1930} INFO - Created Permission View: menu access on DAG Run:example_bash_decorator
[2025-04-16T21:29:10.609+1000] {logging_mixin.py:190} INFO - [2025-04-16T21:29:10.609+1000] {override.py:1930} INFO - Created Permission View: can read on DAG Run:example_bash_decorator
[2025-04-16T21:29:10.614+1000] {logging_mixin.py:190} INFO - [2025-04-16T21:29:10.614+1000] {override.py:1930} INFO - Created Permission View: can create on DAG Run:example_bash_decorator
[2025-04-16T21:29:10.615+1000] {logging_mixin.py:190} INFO - [2025-04-16T21:29:10.615+1000] {dag.py:3239} INFO - Sync 1 DAGs
[2025-04-16T21:29:10.626+1000] {logging_mixin.py:190} INFO - [2025-04-16T21:29:10.626+1000] {dag.py:3262} INFO - Creating ORM DAG for example_bash_decorator
[2025-04-16T21:29:10.627+1000] {logging_mixin.py:190} INFO - [2025-04-16T21:29:10.626+1000] {dag.py:4180} INFO - Setting next_dagrun for example_bash_decorator to None, run_after=None
[2025-04-16T21:29:10.700+1000] {processor.py:208} INFO - Processing /Users/anurag/Desktop/Self/Coding Projects/learning-airflow/python37/lib/python3.12/site-packages/airflow/example_dags/example_bash_decorator.py took 0.339 seconds
[2025-04-16T21:34:21.688+1000] {processor.py:186} INFO - Started process (PID=90137) to work on /Users/anurag/Desktop/Self/Coding Projects/learning-airflow/python37/lib/python3.12/site-packages/airflow/example_dags/example_bash_decorator.py
[2025-04-16T21:34:21.691+1000] {processor.py:914} INFO - Processing file /Users/anurag/Desktop/Self/Coding Projects/learning-airflow/python37/lib/python3.12/site-packages/airflow/example_dags/example_bash_decorator.py for tasks to queue
[2025-04-16T21:34:21.692+1000] {logging_mixin.py:190} INFO - [2025-04-16T21:34:21.692+1000] {dagbag.py:588} INFO - Filling up the DagBag from /Users/anurag/Desktop/Self/Coding Projects/learning-airflow/python37/lib/python3.12/site-packages/airflow/example_dags/example_bash_decorator.py
[2025-04-16T21:34:21.773+1000] {processor.py:925} INFO - DAG(s) 'example_bash_decorator' retrieved from /Users/anurag/Desktop/Self/Coding Projects/learning-airflow/python37/lib/python3.12/site-packages/airflow/example_dags/example_bash_decorator.py
[2025-04-16T21:34:22.145+1000] {logging_mixin.py:190} INFO - [2025-04-16T21:34:22.144+1000] {dag.py:3239} INFO - Sync 1 DAGs
[2025-04-16T21:34:22.164+1000] {logging_mixin.py:190} INFO - [2025-04-16T21:34:22.163+1000] {dag.py:4180} INFO - Setting next_dagrun for example_bash_decorator to None, run_after=None
[2025-04-16T21:34:22.267+1000] {processor.py:208} INFO - Processing /Users/anurag/Desktop/Self/Coding Projects/learning-airflow/python37/lib/python3.12/site-packages/airflow/example_dags/example_bash_decorator.py took 0.588 seconds
[2025-04-16T21:41:11.814+1000] {processor.py:186} INFO - Started process (PID=91154) to work on /Users/anurag/Desktop/Self/Coding Projects/learning-airflow/python37/lib/python3.12/site-packages/airflow/example_dags/example_bash_decorator.py
[2025-04-16T21:41:11.816+1000] {processor.py:914} INFO - Processing file /Users/anurag/Desktop/Self/Coding Projects/learning-airflow/python37/lib/python3.12/site-packages/airflow/example_dags/example_bash_decorator.py for tasks to queue
[2025-04-16T21:41:11.817+1000] {logging_mixin.py:190} INFO - [2025-04-16T21:41:11.817+1000] {dagbag.py:588} INFO - Filling up the DagBag from /Users/anurag/Desktop/Self/Coding Projects/learning-airflow/python37/lib/python3.12/site-packages/airflow/example_dags/example_bash_decorator.py
[2025-04-16T21:41:11.860+1000] {processor.py:925} INFO - DAG(s) 'example_bash_decorator' retrieved from /Users/anurag/Desktop/Self/Coding Projects/learning-airflow/python37/lib/python3.12/site-packages/airflow/example_dags/example_bash_decorator.py
[2025-04-16T21:41:12.035+1000] {logging_mixin.py:190} INFO - [2025-04-16T21:41:12.034+1000] {dag.py:3239} INFO - Sync 1 DAGs
[2025-04-16T21:41:12.044+1000] {logging_mixin.py:190} INFO - [2025-04-16T21:41:12.044+1000] {dag.py:4180} INFO - Setting next_dagrun for example_bash_decorator to None, run_after=None
[2025-04-16T21:41:12.127+1000] {processor.py:208} INFO - Processing /Users/anurag/Desktop/Self/Coding Projects/learning-airflow/python37/lib/python3.12/site-packages/airflow/example_dags/example_bash_decorator.py took 0.318 seconds
[2025-04-16T21:46:46.366+1000] {processor.py:186} INFO - Started process (PID=13555) to work on /Users/anurag/Desktop/Self/Coding Projects/learning-airflow/python37/lib/python3.12/site-packages/airflow/example_dags/example_bash_decorator.py
[2025-04-16T21:46:46.368+1000] {processor.py:914} INFO - Processing file /Users/anurag/Desktop/Self/Coding Projects/learning-airflow/python37/lib/python3.12/site-packages/airflow/example_dags/example_bash_decorator.py for tasks to queue
[2025-04-16T21:46:46.370+1000] {logging_mixin.py:190} INFO - [2025-04-16T21:46:46.369+1000] {dagbag.py:588} INFO - Filling up the DagBag from /Users/anurag/Desktop/Self/Coding Projects/learning-airflow/python37/lib/python3.12/site-packages/airflow/example_dags/example_bash_decorator.py
[2025-04-16T21:46:46.422+1000] {processor.py:925} INFO - DAG(s) 'example_bash_decorator' retrieved from /Users/anurag/Desktop/Self/Coding Projects/learning-airflow/python37/lib/python3.12/site-packages/airflow/example_dags/example_bash_decorator.py
[2025-04-16T21:46:46.725+1000] {logging_mixin.py:190} INFO - [2025-04-16T21:46:46.725+1000] {dag.py:3239} INFO - Sync 1 DAGs
[2025-04-16T21:46:46.738+1000] {logging_mixin.py:190} INFO - [2025-04-16T21:46:46.738+1000] {dag.py:4180} INFO - Setting next_dagrun for example_bash_decorator to None, run_after=None
[2025-04-16T21:46:46.836+1000] {processor.py:208} INFO - Processing /Users/anurag/Desktop/Self/Coding Projects/learning-airflow/python37/lib/python3.12/site-packages/airflow/example_dags/example_bash_decorator.py took 0.475 seconds
