[2025-04-16T21:28:14.855+1000] {processor.py:186} INFO - Started process (PID=89130) to work on /Users/anurag/Desktop/Self/Coding Projects/learning-airflow/python37/lib/python3.12/site-packages/airflow/example_dags/example_external_task_marker_dag.py
[2025-04-16T21:28:14.857+1000] {processor.py:914} INFO - Processing file /Users/anurag/Desktop/Self/Coding Projects/learning-airflow/python37/lib/python3.12/site-packages/airflow/example_dags/example_external_task_marker_dag.py for tasks to queue
[2025-04-16T21:28:14.860+1000] {logging_mixin.py:190} INFO - [2025-04-16T21:28:14.859+1000] {dagbag.py:588} INFO - Filling up the DagBag from /Users/anurag/Desktop/Self/Coding Projects/learning-airflow/python37/lib/python3.12/site-packages/airflow/example_dags/example_external_task_marker_dag.py
[2025-04-16T21:28:14.878+1000] {processor.py:925} INFO - DAG(s) 'example_external_task_marker_child', 'example_external_task_marker_parent' retrieved from /Users/anurag/Desktop/Self/Coding Projects/learning-airflow/python37/lib/python3.12/site-packages/airflow/example_dags/example_external_task_marker_dag.py
[2025-04-16T21:28:14.993+1000] {logging_mixin.py:190} INFO - [2025-04-16T21:28:14.993+1000] {workday.py:41} WARNING - Could not import pandas. Holidays will not be considered.
[2025-04-16T21:28:15.112+1000] {logging_mixin.py:190} INFO - [2025-04-16T21:28:15.112+1000] {override.py:1930} INFO - Created Permission View: can read on DAG:example_external_task_marker_child
[2025-04-16T21:28:15.123+1000] {logging_mixin.py:190} INFO - [2025-04-16T21:28:15.123+1000] {override.py:1930} INFO - Created Permission View: can delete on DAG:example_external_task_marker_child
[2025-04-16T21:28:15.131+1000] {logging_mixin.py:190} INFO - [2025-04-16T21:28:15.131+1000] {override.py:1930} INFO - Created Permission View: can edit on DAG:example_external_task_marker_child
[2025-04-16T21:28:15.140+1000] {logging_mixin.py:190} INFO - [2025-04-16T21:28:15.139+1000] {override.py:1930} INFO - Created Permission View: can read on DAG Run:example_external_task_marker_child
[2025-04-16T21:28:15.148+1000] {logging_mixin.py:190} INFO - [2025-04-16T21:28:15.147+1000] {override.py:1930} INFO - Created Permission View: can delete on DAG Run:example_external_task_marker_child
[2025-04-16T21:28:15.154+1000] {logging_mixin.py:190} INFO - [2025-04-16T21:28:15.154+1000] {override.py:1930} INFO - Created Permission View: can create on DAG Run:example_external_task_marker_child
[2025-04-16T21:28:15.162+1000] {logging_mixin.py:190} INFO - [2025-04-16T21:28:15.162+1000] {override.py:1930} INFO - Created Permission View: menu access on DAG Run:example_external_task_marker_child
[2025-04-16T21:28:15.176+1000] {logging_mixin.py:190} INFO - [2025-04-16T21:28:15.176+1000] {override.py:1930} INFO - Created Permission View: can read on DAG:example_external_task_marker_parent
[2025-04-16T21:28:15.184+1000] {logging_mixin.py:190} INFO - [2025-04-16T21:28:15.184+1000] {override.py:1930} INFO - Created Permission View: can delete on DAG:example_external_task_marker_parent
[2025-04-16T21:28:15.190+1000] {logging_mixin.py:190} INFO - [2025-04-16T21:28:15.190+1000] {override.py:1930} INFO - Created Permission View: can edit on DAG:example_external_task_marker_parent
[2025-04-16T21:28:15.202+1000] {logging_mixin.py:190} INFO - [2025-04-16T21:28:15.200+1000] {override.py:1930} INFO - Created Permission View: can read on DAG Run:example_external_task_marker_parent
[2025-04-16T21:28:15.215+1000] {logging_mixin.py:190} INFO - [2025-04-16T21:28:15.215+1000] {override.py:1930} INFO - Created Permission View: can delete on DAG Run:example_external_task_marker_parent
[2025-04-16T21:28:15.223+1000] {logging_mixin.py:190} INFO - [2025-04-16T21:28:15.223+1000] {override.py:1930} INFO - Created Permission View: can create on DAG Run:example_external_task_marker_parent
[2025-04-16T21:28:15.234+1000] {logging_mixin.py:190} INFO - [2025-04-16T21:28:15.234+1000] {override.py:1930} INFO - Created Permission View: menu access on DAG Run:example_external_task_marker_parent
[2025-04-16T21:28:15.235+1000] {logging_mixin.py:190} INFO - [2025-04-16T21:28:15.235+1000] {dag.py:3239} INFO - Sync 2 DAGs
[2025-04-16T21:28:15.252+1000] {logging_mixin.py:190} INFO - [2025-04-16T21:28:15.251+1000] {dag.py:3262} INFO - Creating ORM DAG for example_external_task_marker_parent
[2025-04-16T21:28:15.252+1000] {logging_mixin.py:190} INFO - [2025-04-16T21:28:15.252+1000] {dag.py:3262} INFO - Creating ORM DAG for example_external_task_marker_child
[2025-04-16T21:28:15.253+1000] {logging_mixin.py:190} INFO - [2025-04-16T21:28:15.253+1000] {dag.py:4180} INFO - Setting next_dagrun for example_external_task_marker_child to None, run_after=None
[2025-04-16T21:28:15.253+1000] {logging_mixin.py:190} INFO - [2025-04-16T21:28:15.253+1000] {dag.py:4180} INFO - Setting next_dagrun for example_external_task_marker_parent to None, run_after=None
[2025-04-16T21:28:15.281+1000] {processor.py:208} INFO - Processing /Users/anurag/Desktop/Self/Coding Projects/learning-airflow/python37/lib/python3.12/site-packages/airflow/example_dags/example_external_task_marker_dag.py took 0.431 seconds
[2025-04-16T21:31:05.951+1000] {processor.py:186} INFO - Started process (PID=89629) to work on /Users/anurag/Desktop/Self/Coding Projects/learning-airflow/python37/lib/python3.12/site-packages/airflow/example_dags/example_external_task_marker_dag.py
[2025-04-16T21:31:05.953+1000] {processor.py:914} INFO - Processing file /Users/anurag/Desktop/Self/Coding Projects/learning-airflow/python37/lib/python3.12/site-packages/airflow/example_dags/example_external_task_marker_dag.py for tasks to queue
[2025-04-16T21:31:05.955+1000] {logging_mixin.py:190} INFO - [2025-04-16T21:31:05.954+1000] {dagbag.py:588} INFO - Filling up the DagBag from /Users/anurag/Desktop/Self/Coding Projects/learning-airflow/python37/lib/python3.12/site-packages/airflow/example_dags/example_external_task_marker_dag.py
[2025-04-16T21:31:05.968+1000] {processor.py:925} INFO - DAG(s) 'example_external_task_marker_child', 'example_external_task_marker_parent' retrieved from /Users/anurag/Desktop/Self/Coding Projects/learning-airflow/python37/lib/python3.12/site-packages/airflow/example_dags/example_external_task_marker_dag.py
[2025-04-16T21:31:06.055+1000] {logging_mixin.py:190} INFO - [2025-04-16T21:31:06.055+1000] {workday.py:41} WARNING - Could not import pandas. Holidays will not be considered.
[2025-04-16T21:31:06.074+1000] {logging_mixin.py:190} INFO - [2025-04-16T21:31:06.074+1000] {dag.py:3239} INFO - Sync 2 DAGs
[2025-04-16T21:31:06.086+1000] {logging_mixin.py:190} INFO - [2025-04-16T21:31:06.086+1000] {dag.py:4180} INFO - Setting next_dagrun for example_external_task_marker_child to None, run_after=None
[2025-04-16T21:31:06.089+1000] {logging_mixin.py:190} INFO - [2025-04-16T21:31:06.089+1000] {dag.py:4180} INFO - Setting next_dagrun for example_external_task_marker_parent to None, run_after=None
[2025-04-16T21:31:06.104+1000] {processor.py:208} INFO - Processing /Users/anurag/Desktop/Self/Coding Projects/learning-airflow/python37/lib/python3.12/site-packages/airflow/example_dags/example_external_task_marker_dag.py took 0.157 seconds
[2025-04-16T21:38:07.014+1000] {processor.py:186} INFO - Started process (PID=90677) to work on /Users/anurag/Desktop/Self/Coding Projects/learning-airflow/python37/lib/python3.12/site-packages/airflow/example_dags/example_external_task_marker_dag.py
[2025-04-16T21:38:07.016+1000] {processor.py:914} INFO - Processing file /Users/anurag/Desktop/Self/Coding Projects/learning-airflow/python37/lib/python3.12/site-packages/airflow/example_dags/example_external_task_marker_dag.py for tasks to queue
[2025-04-16T21:38:07.019+1000] {logging_mixin.py:190} INFO - [2025-04-16T21:38:07.018+1000] {dagbag.py:588} INFO - Filling up the DagBag from /Users/anurag/Desktop/Self/Coding Projects/learning-airflow/python37/lib/python3.12/site-packages/airflow/example_dags/example_external_task_marker_dag.py
[2025-04-16T21:38:07.044+1000] {processor.py:925} INFO - DAG(s) 'example_external_task_marker_parent', 'example_external_task_marker_child' retrieved from /Users/anurag/Desktop/Self/Coding Projects/learning-airflow/python37/lib/python3.12/site-packages/airflow/example_dags/example_external_task_marker_dag.py
[2025-04-16T21:38:07.279+1000] {logging_mixin.py:190} INFO - [2025-04-16T21:38:07.278+1000] {workday.py:41} WARNING - Could not import pandas. Holidays will not be considered.
[2025-04-16T21:38:07.327+1000] {logging_mixin.py:190} INFO - [2025-04-16T21:38:07.326+1000] {dag.py:3239} INFO - Sync 2 DAGs
[2025-04-16T21:38:07.359+1000] {logging_mixin.py:190} INFO - [2025-04-16T21:38:07.358+1000] {dag.py:4180} INFO - Setting next_dagrun for example_external_task_marker_child to None, run_after=None
[2025-04-16T21:38:07.367+1000] {logging_mixin.py:190} INFO - [2025-04-16T21:38:07.366+1000] {dag.py:4180} INFO - Setting next_dagrun for example_external_task_marker_parent to None, run_after=None
[2025-04-16T21:38:07.419+1000] {processor.py:208} INFO - Processing /Users/anurag/Desktop/Self/Coding Projects/learning-airflow/python37/lib/python3.12/site-packages/airflow/example_dags/example_external_task_marker_dag.py took 0.416 seconds
[2025-04-16T21:40:48.244+1000] {processor.py:186} INFO - Started process (PID=91091) to work on /Users/anurag/Desktop/Self/Coding Projects/learning-airflow/python37/lib/python3.12/site-packages/airflow/example_dags/example_external_task_marker_dag.py
[2025-04-16T21:40:48.246+1000] {processor.py:914} INFO - Processing file /Users/anurag/Desktop/Self/Coding Projects/learning-airflow/python37/lib/python3.12/site-packages/airflow/example_dags/example_external_task_marker_dag.py for tasks to queue
[2025-04-16T21:40:48.247+1000] {logging_mixin.py:190} INFO - [2025-04-16T21:40:48.247+1000] {dagbag.py:588} INFO - Filling up the DagBag from /Users/anurag/Desktop/Self/Coding Projects/learning-airflow/python37/lib/python3.12/site-packages/airflow/example_dags/example_external_task_marker_dag.py
[2025-04-16T21:40:48.260+1000] {processor.py:925} INFO - DAG(s) 'example_external_task_marker_parent', 'example_external_task_marker_child' retrieved from /Users/anurag/Desktop/Self/Coding Projects/learning-airflow/python37/lib/python3.12/site-packages/airflow/example_dags/example_external_task_marker_dag.py
[2025-04-16T21:40:48.349+1000] {logging_mixin.py:190} INFO - [2025-04-16T21:40:48.348+1000] {workday.py:41} WARNING - Could not import pandas. Holidays will not be considered.
[2025-04-16T21:40:48.362+1000] {logging_mixin.py:190} INFO - [2025-04-16T21:40:48.362+1000] {dag.py:3239} INFO - Sync 2 DAGs
[2025-04-16T21:40:48.372+1000] {logging_mixin.py:190} INFO - [2025-04-16T21:40:48.372+1000] {dag.py:4180} INFO - Setting next_dagrun for example_external_task_marker_child to None, run_after=None
[2025-04-16T21:40:48.375+1000] {logging_mixin.py:190} INFO - [2025-04-16T21:40:48.375+1000] {dag.py:4180} INFO - Setting next_dagrun for example_external_task_marker_parent to None, run_after=None
[2025-04-16T21:40:48.392+1000] {processor.py:208} INFO - Processing /Users/anurag/Desktop/Self/Coding Projects/learning-airflow/python37/lib/python3.12/site-packages/airflow/example_dags/example_external_task_marker_dag.py took 0.153 seconds
[2025-04-16T21:46:20.300+1000] {processor.py:186} INFO - Started process (PID=10012) to work on /Users/anurag/Desktop/Self/Coding Projects/learning-airflow/python37/lib/python3.12/site-packages/airflow/example_dags/example_external_task_marker_dag.py
[2025-04-16T21:46:20.303+1000] {processor.py:914} INFO - Processing file /Users/anurag/Desktop/Self/Coding Projects/learning-airflow/python37/lib/python3.12/site-packages/airflow/example_dags/example_external_task_marker_dag.py for tasks to queue
[2025-04-16T21:46:20.304+1000] {logging_mixin.py:190} INFO - [2025-04-16T21:46:20.304+1000] {dagbag.py:588} INFO - Filling up the DagBag from /Users/anurag/Desktop/Self/Coding Projects/learning-airflow/python37/lib/python3.12/site-packages/airflow/example_dags/example_external_task_marker_dag.py
[2025-04-16T21:46:20.322+1000] {processor.py:925} INFO - DAG(s) 'example_external_task_marker_child', 'example_external_task_marker_parent' retrieved from /Users/anurag/Desktop/Self/Coding Projects/learning-airflow/python37/lib/python3.12/site-packages/airflow/example_dags/example_external_task_marker_dag.py
[2025-04-16T21:46:20.447+1000] {logging_mixin.py:190} INFO - [2025-04-16T21:46:20.446+1000] {workday.py:41} WARNING - Could not import pandas. Holidays will not be considered.
[2025-04-16T21:46:20.474+1000] {logging_mixin.py:190} INFO - [2025-04-16T21:46:20.474+1000] {dag.py:3239} INFO - Sync 2 DAGs
[2025-04-16T21:46:20.490+1000] {logging_mixin.py:190} INFO - [2025-04-16T21:46:20.489+1000] {dag.py:4180} INFO - Setting next_dagrun for example_external_task_marker_child to None, run_after=None
[2025-04-16T21:46:20.494+1000] {logging_mixin.py:190} INFO - [2025-04-16T21:46:20.493+1000] {dag.py:4180} INFO - Setting next_dagrun for example_external_task_marker_parent to None, run_after=None
[2025-04-16T21:46:20.513+1000] {processor.py:208} INFO - Processing /Users/anurag/Desktop/Self/Coding Projects/learning-airflow/python37/lib/python3.12/site-packages/airflow/example_dags/example_external_task_marker_dag.py took 0.218 seconds
