[2025-04-16T21:26:24.584+1000] {processor.py:186} INFO - Started process (PID=88810) to work on /Users/anurag/Desktop/Self/Coding Projects/learning-airflow/python37/lib/python3.12/site-packages/airflow/example_dags/example_xcom.py
[2025-04-16T21:26:24.585+1000] {processor.py:914} INFO - Processing file /Users/anurag/Desktop/Self/Coding Projects/learning-airflow/python37/lib/python3.12/site-packages/airflow/example_dags/example_xcom.py for tasks to queue
[2025-04-16T21:26:24.587+1000] {logging_mixin.py:190} INFO - [2025-04-16T21:26:24.586+1000] {dagbag.py:588} INFO - Filling up the DagBag from /Users/anurag/Desktop/Self/Coding Projects/learning-airflow/python37/lib/python3.12/site-packages/airflow/example_dags/example_xcom.py
[2025-04-16T21:26:24.625+1000] {processor.py:925} INFO - DAG(s) 'example_xcom' retrieved from /Users/anurag/Desktop/Self/Coding Projects/learning-airflow/python37/lib/python3.12/site-packages/airflow/example_dags/example_xcom.py
[2025-04-16T21:26:24.823+1000] {logging_mixin.py:190} INFO - [2025-04-16T21:26:24.822+1000] {override.py:1930} INFO - Created Permission View: can delete on DAG:example_xcom
[2025-04-16T21:26:24.832+1000] {logging_mixin.py:190} INFO - [2025-04-16T21:26:24.832+1000] {override.py:1930} INFO - Created Permission View: can read on DAG:example_xcom
[2025-04-16T21:26:24.851+1000] {logging_mixin.py:190} INFO - [2025-04-16T21:26:24.850+1000] {override.py:1930} INFO - Created Permission View: can edit on DAG:example_xcom
[2025-04-16T21:26:24.867+1000] {logging_mixin.py:190} INFO - [2025-04-16T21:26:24.867+1000] {override.py:1930} INFO - Created Permission View: can delete on DAG Run:example_xcom
[2025-04-16T21:26:24.875+1000] {logging_mixin.py:190} INFO - [2025-04-16T21:26:24.875+1000] {override.py:1930} INFO - Created Permission View: can create on DAG Run:example_xcom
[2025-04-16T21:26:24.880+1000] {logging_mixin.py:190} INFO - [2025-04-16T21:26:24.880+1000] {override.py:1930} INFO - Created Permission View: menu access on DAG Run:example_xcom
[2025-04-16T21:26:24.887+1000] {logging_mixin.py:190} INFO - [2025-04-16T21:26:24.887+1000] {override.py:1930} INFO - Created Permission View: can read on DAG Run:example_xcom
[2025-04-16T21:26:24.887+1000] {logging_mixin.py:190} INFO - [2025-04-16T21:26:24.887+1000] {dag.py:3239} INFO - Sync 1 DAGs
[2025-04-16T21:26:24.900+1000] {logging_mixin.py:190} INFO - [2025-04-16T21:26:24.900+1000] {dag.py:3262} INFO - Creating ORM DAG for example_xcom
[2025-04-16T21:26:24.911+1000] {logging_mixin.py:190} INFO - [2025-04-16T21:26:24.910+1000] {dag.py:4180} INFO - Setting next_dagrun for example_xcom to 2021-01-01 00:00:00+00:00, run_after=2021-01-01 00:00:00+00:00
[2025-04-16T21:26:24.999+1000] {processor.py:208} INFO - Processing /Users/anurag/Desktop/Self/Coding Projects/learning-airflow/python37/lib/python3.12/site-packages/airflow/example_dags/example_xcom.py took 0.419 seconds
[2025-04-16T21:29:48.733+1000] {processor.py:186} INFO - Started process (PID=89420) to work on /Users/anurag/Desktop/Self/Coding Projects/learning-airflow/python37/lib/python3.12/site-packages/airflow/example_dags/example_xcom.py
[2025-04-16T21:29:48.735+1000] {processor.py:914} INFO - Processing file /Users/anurag/Desktop/Self/Coding Projects/learning-airflow/python37/lib/python3.12/site-packages/airflow/example_dags/example_xcom.py for tasks to queue
[2025-04-16T21:29:48.736+1000] {logging_mixin.py:190} INFO - [2025-04-16T21:29:48.736+1000] {dagbag.py:588} INFO - Filling up the DagBag from /Users/anurag/Desktop/Self/Coding Projects/learning-airflow/python37/lib/python3.12/site-packages/airflow/example_dags/example_xcom.py
[2025-04-16T21:29:48.773+1000] {processor.py:925} INFO - DAG(s) 'example_xcom' retrieved from /Users/anurag/Desktop/Self/Coding Projects/learning-airflow/python37/lib/python3.12/site-packages/airflow/example_dags/example_xcom.py
[2025-04-16T21:29:48.874+1000] {logging_mixin.py:190} INFO - [2025-04-16T21:29:48.873+1000] {dag.py:3239} INFO - Sync 1 DAGs
[2025-04-16T21:29:48.890+1000] {logging_mixin.py:190} INFO - [2025-04-16T21:29:48.889+1000] {dag.py:4180} INFO - Setting next_dagrun for example_xcom to 2021-01-01 00:00:00+00:00, run_after=2021-01-01 00:00:00+00:00
[2025-04-16T21:29:48.906+1000] {processor.py:208} INFO - Processing /Users/anurag/Desktop/Self/Coding Projects/learning-airflow/python37/lib/python3.12/site-packages/airflow/example_dags/example_xcom.py took 0.177 seconds
[2025-04-16T21:32:08.914+1000] {processor.py:186} INFO - Started process (PID=89786) to work on /Users/anurag/Desktop/Self/Coding Projects/learning-airflow/python37/lib/python3.12/site-packages/airflow/example_dags/example_xcom.py
[2025-04-16T21:32:08.915+1000] {processor.py:914} INFO - Processing file /Users/anurag/Desktop/Self/Coding Projects/learning-airflow/python37/lib/python3.12/site-packages/airflow/example_dags/example_xcom.py for tasks to queue
[2025-04-16T21:32:08.917+1000] {logging_mixin.py:190} INFO - [2025-04-16T21:32:08.916+1000] {dagbag.py:588} INFO - Filling up the DagBag from /Users/anurag/Desktop/Self/Coding Projects/learning-airflow/python37/lib/python3.12/site-packages/airflow/example_dags/example_xcom.py
[2025-04-16T21:32:08.957+1000] {processor.py:925} INFO - DAG(s) 'example_xcom' retrieved from /Users/anurag/Desktop/Self/Coding Projects/learning-airflow/python37/lib/python3.12/site-packages/airflow/example_dags/example_xcom.py
[2025-04-16T21:32:09.078+1000] {logging_mixin.py:190} INFO - [2025-04-16T21:32:09.077+1000] {dag.py:3239} INFO - Sync 1 DAGs
[2025-04-16T21:32:09.107+1000] {logging_mixin.py:190} INFO - [2025-04-16T21:32:09.104+1000] {dag.py:4180} INFO - Setting next_dagrun for example_xcom to 2021-01-01 00:00:00+00:00, run_after=2021-01-01 00:00:00+00:00
[2025-04-16T21:32:09.140+1000] {processor.py:208} INFO - Processing /Users/anurag/Desktop/Self/Coding Projects/learning-airflow/python37/lib/python3.12/site-packages/airflow/example_dags/example_xcom.py took 0.231 seconds
[2025-04-16T21:35:44.817+1000] {processor.py:186} INFO - Started process (PID=90343) to work on /Users/anurag/Desktop/Self/Coding Projects/learning-airflow/python37/lib/python3.12/site-packages/airflow/example_dags/example_xcom.py
[2025-04-16T21:35:44.820+1000] {processor.py:914} INFO - Processing file /Users/anurag/Desktop/Self/Coding Projects/learning-airflow/python37/lib/python3.12/site-packages/airflow/example_dags/example_xcom.py for tasks to queue
[2025-04-16T21:35:44.822+1000] {logging_mixin.py:190} INFO - [2025-04-16T21:35:44.822+1000] {dagbag.py:588} INFO - Filling up the DagBag from /Users/anurag/Desktop/Self/Coding Projects/learning-airflow/python37/lib/python3.12/site-packages/airflow/example_dags/example_xcom.py
[2025-04-16T21:35:44.891+1000] {processor.py:925} INFO - DAG(s) 'example_xcom' retrieved from /Users/anurag/Desktop/Self/Coding Projects/learning-airflow/python37/lib/python3.12/site-packages/airflow/example_dags/example_xcom.py
[2025-04-16T21:35:45.130+1000] {logging_mixin.py:190} INFO - [2025-04-16T21:35:45.130+1000] {dag.py:3239} INFO - Sync 1 DAGs
[2025-04-16T21:35:45.176+1000] {logging_mixin.py:190} INFO - [2025-04-16T21:35:45.176+1000] {dag.py:4180} INFO - Setting next_dagrun for example_xcom to 2021-01-01 00:00:00+00:00, run_after=2021-01-01 00:00:00+00:00
[2025-04-16T21:35:45.209+1000] {processor.py:208} INFO - Processing /Users/anurag/Desktop/Self/Coding Projects/learning-airflow/python37/lib/python3.12/site-packages/airflow/example_dags/example_xcom.py took 0.401 seconds
[2025-04-16T21:39:29.973+1000] {processor.py:186} INFO - Started process (PID=90886) to work on /Users/anurag/Desktop/Self/Coding Projects/learning-airflow/python37/lib/python3.12/site-packages/airflow/example_dags/example_xcom.py
[2025-04-16T21:39:29.975+1000] {processor.py:914} INFO - Processing file /Users/anurag/Desktop/Self/Coding Projects/learning-airflow/python37/lib/python3.12/site-packages/airflow/example_dags/example_xcom.py for tasks to queue
[2025-04-16T21:39:29.976+1000] {logging_mixin.py:190} INFO - [2025-04-16T21:39:29.975+1000] {dagbag.py:588} INFO - Filling up the DagBag from /Users/anurag/Desktop/Self/Coding Projects/learning-airflow/python37/lib/python3.12/site-packages/airflow/example_dags/example_xcom.py
[2025-04-16T21:39:30.010+1000] {processor.py:925} INFO - DAG(s) 'example_xcom' retrieved from /Users/anurag/Desktop/Self/Coding Projects/learning-airflow/python37/lib/python3.12/site-packages/airflow/example_dags/example_xcom.py
[2025-04-16T21:39:30.095+1000] {logging_mixin.py:190} INFO - [2025-04-16T21:39:30.095+1000] {dag.py:3239} INFO - Sync 1 DAGs
[2025-04-16T21:39:30.109+1000] {logging_mixin.py:190} INFO - [2025-04-16T21:39:30.109+1000] {dag.py:4180} INFO - Setting next_dagrun for example_xcom to 2021-01-01 00:00:00+00:00, run_after=2021-01-01 00:00:00+00:00
[2025-04-16T21:39:30.126+1000] {processor.py:208} INFO - Processing /Users/anurag/Desktop/Self/Coding Projects/learning-airflow/python37/lib/python3.12/site-packages/airflow/example_dags/example_xcom.py took 0.157 seconds
[2025-04-16T21:41:49.143+1000] {processor.py:186} INFO - Started process (PID=91248) to work on /Users/anurag/Desktop/Self/Coding Projects/learning-airflow/python37/lib/python3.12/site-packages/airflow/example_dags/example_xcom.py
[2025-04-16T21:41:49.144+1000] {processor.py:914} INFO - Processing file /Users/anurag/Desktop/Self/Coding Projects/learning-airflow/python37/lib/python3.12/site-packages/airflow/example_dags/example_xcom.py for tasks to queue
[2025-04-16T21:41:49.145+1000] {logging_mixin.py:190} INFO - [2025-04-16T21:41:49.145+1000] {dagbag.py:588} INFO - Filling up the DagBag from /Users/anurag/Desktop/Self/Coding Projects/learning-airflow/python37/lib/python3.12/site-packages/airflow/example_dags/example_xcom.py
[2025-04-16T21:41:49.178+1000] {processor.py:925} INFO - DAG(s) 'example_xcom' retrieved from /Users/anurag/Desktop/Self/Coding Projects/learning-airflow/python37/lib/python3.12/site-packages/airflow/example_dags/example_xcom.py
[2025-04-16T21:41:49.268+1000] {logging_mixin.py:190} INFO - [2025-04-16T21:41:49.268+1000] {dag.py:3239} INFO - Sync 1 DAGs
[2025-04-16T21:41:49.282+1000] {logging_mixin.py:190} INFO - [2025-04-16T21:41:49.282+1000] {dag.py:4180} INFO - Setting next_dagrun for example_xcom to 2021-01-01 00:00:00+00:00, run_after=2021-01-01 00:00:00+00:00
[2025-04-16T21:41:49.307+1000] {processor.py:208} INFO - Processing /Users/anurag/Desktop/Self/Coding Projects/learning-airflow/python37/lib/python3.12/site-packages/airflow/example_dags/example_xcom.py took 0.168 seconds
[2025-04-16T21:44:28.851+1000] {processor.py:186} INFO - Started process (PID=3897) to work on /Users/anurag/Desktop/Self/Coding Projects/learning-airflow/python37/lib/python3.12/site-packages/airflow/example_dags/example_xcom.py
[2025-04-16T21:44:28.853+1000] {processor.py:914} INFO - Processing file /Users/anurag/Desktop/Self/Coding Projects/learning-airflow/python37/lib/python3.12/site-packages/airflow/example_dags/example_xcom.py for tasks to queue
[2025-04-16T21:44:28.855+1000] {logging_mixin.py:190} INFO - [2025-04-16T21:44:28.855+1000] {dagbag.py:588} INFO - Filling up the DagBag from /Users/anurag/Desktop/Self/Coding Projects/learning-airflow/python37/lib/python3.12/site-packages/airflow/example_dags/example_xcom.py
[2025-04-16T21:44:28.925+1000] {processor.py:925} INFO - DAG(s) 'example_xcom' retrieved from /Users/anurag/Desktop/Self/Coding Projects/learning-airflow/python37/lib/python3.12/site-packages/airflow/example_dags/example_xcom.py
[2025-04-16T21:44:29.113+1000] {logging_mixin.py:190} INFO - [2025-04-16T21:44:29.113+1000] {dag.py:3239} INFO - Sync 1 DAGs
[2025-04-16T21:44:29.147+1000] {logging_mixin.py:190} INFO - [2025-04-16T21:44:29.146+1000] {dag.py:4180} INFO - Setting next_dagrun for example_xcom to 2021-01-01 00:00:00+00:00, run_after=2021-01-01 00:00:00+00:00
[2025-04-16T21:44:29.179+1000] {processor.py:208} INFO - Processing /Users/anurag/Desktop/Self/Coding Projects/learning-airflow/python37/lib/python3.12/site-packages/airflow/example_dags/example_xcom.py took 0.337 seconds
[2025-04-16T21:47:27.139+1000] {processor.py:186} INFO - Started process (PID=19800) to work on /Users/anurag/Desktop/Self/Coding Projects/learning-airflow/python37/lib/python3.12/site-packages/airflow/example_dags/example_xcom.py
[2025-04-16T21:47:27.142+1000] {processor.py:914} INFO - Processing file /Users/anurag/Desktop/Self/Coding Projects/learning-airflow/python37/lib/python3.12/site-packages/airflow/example_dags/example_xcom.py for tasks to queue
[2025-04-16T21:47:27.146+1000] {logging_mixin.py:190} INFO - [2025-04-16T21:47:27.145+1000] {dagbag.py:588} INFO - Filling up the DagBag from /Users/anurag/Desktop/Self/Coding Projects/learning-airflow/python37/lib/python3.12/site-packages/airflow/example_dags/example_xcom.py
[2025-04-16T21:47:27.239+1000] {processor.py:925} INFO - DAG(s) 'example_xcom' retrieved from /Users/anurag/Desktop/Self/Coding Projects/learning-airflow/python37/lib/python3.12/site-packages/airflow/example_dags/example_xcom.py
[2025-04-16T21:47:27.459+1000] {logging_mixin.py:190} INFO - [2025-04-16T21:47:27.458+1000] {dag.py:3239} INFO - Sync 1 DAGs
[2025-04-16T21:47:27.490+1000] {logging_mixin.py:190} INFO - [2025-04-16T21:47:27.490+1000] {dag.py:4180} INFO - Setting next_dagrun for example_xcom to 2021-01-01 00:00:00+00:00, run_after=2021-01-01 00:00:00+00:00
[2025-04-16T21:47:27.516+1000] {processor.py:208} INFO - Processing /Users/anurag/Desktop/Self/Coding Projects/learning-airflow/python37/lib/python3.12/site-packages/airflow/example_dags/example_xcom.py took 0.385 seconds
