[2025-04-16T21:26:28.144+1000] {processor.py:186} INFO - Started process (PID=88818) to work on /Users/anurag/Desktop/Self/Coding Projects/learning-airflow/python37/lib/python3.12/site-packages/airflow/example_dags/example_workday_timetable.py
[2025-04-16T21:26:28.146+1000] {processor.py:914} INFO - Processing file /Users/anurag/Desktop/Self/Coding Projects/learning-airflow/python37/lib/python3.12/site-packages/airflow/example_dags/example_workday_timetable.py for tasks to queue
[2025-04-16T21:26:28.147+1000] {logging_mixin.py:190} INFO - [2025-04-16T21:26:28.147+1000] {dagbag.py:588} INFO - Filling up the DagBag from /Users/anurag/Desktop/Self/Coding Projects/learning-airflow/python37/lib/python3.12/site-packages/airflow/example_dags/example_workday_timetable.py
[2025-04-16T21:26:28.151+1000] {logging_mixin.py:190} INFO - [2025-04-16T21:26:28.150+1000] {workday.py:41} WARNING - Could not import pandas. Holidays will not be considered.
[2025-04-16T21:26:28.157+1000] {processor.py:925} INFO - DAG(s) 'example_workday_timetable' retrieved from /Users/anurag/Desktop/Self/Coding Projects/learning-airflow/python37/lib/python3.12/site-packages/airflow/example_dags/example_workday_timetable.py
[2025-04-16T21:26:28.249+1000] {logging_mixin.py:190} INFO - [2025-04-16T21:26:28.249+1000] {workday.py:41} WARNING - Could not import pandas. Holidays will not be considered.
[2025-04-16T21:26:28.358+1000] {logging_mixin.py:190} INFO - [2025-04-16T21:26:28.357+1000] {override.py:1930} INFO - Created Permission View: can read on DAG:example_workday_timetable
[2025-04-16T21:26:28.367+1000] {logging_mixin.py:190} INFO - [2025-04-16T21:26:28.366+1000] {override.py:1930} INFO - Created Permission View: can edit on DAG:example_workday_timetable
[2025-04-16T21:26:28.372+1000] {logging_mixin.py:190} INFO - [2025-04-16T21:26:28.372+1000] {override.py:1930} INFO - Created Permission View: can delete on DAG:example_workday_timetable
[2025-04-16T21:26:28.380+1000] {logging_mixin.py:190} INFO - [2025-04-16T21:26:28.379+1000] {override.py:1930} INFO - Created Permission View: menu access on DAG Run:example_workday_timetable
[2025-04-16T21:26:28.385+1000] {logging_mixin.py:190} INFO - [2025-04-16T21:26:28.385+1000] {override.py:1930} INFO - Created Permission View: can read on DAG Run:example_workday_timetable
[2025-04-16T21:26:28.392+1000] {logging_mixin.py:190} INFO - [2025-04-16T21:26:28.392+1000] {override.py:1930} INFO - Created Permission View: can create on DAG Run:example_workday_timetable
[2025-04-16T21:26:28.397+1000] {logging_mixin.py:190} INFO - [2025-04-16T21:26:28.397+1000] {override.py:1930} INFO - Created Permission View: can delete on DAG Run:example_workday_timetable
[2025-04-16T21:26:28.398+1000] {logging_mixin.py:190} INFO - [2025-04-16T21:26:28.397+1000] {dag.py:3239} INFO - Sync 1 DAGs
[2025-04-16T21:26:28.409+1000] {logging_mixin.py:190} INFO - [2025-04-16T21:26:28.408+1000] {dag.py:3262} INFO - Creating ORM DAG for example_workday_timetable
[2025-04-16T21:26:28.417+1000] {logging_mixin.py:190} INFO - [2025-04-16T21:26:28.416+1000] {dag.py:4180} INFO - Setting next_dagrun for example_workday_timetable to 2021-01-01 00:00:00+00:00, run_after=2021-01-02 00:00:00+00:00
[2025-04-16T21:26:28.431+1000] {processor.py:208} INFO - Processing /Users/anurag/Desktop/Self/Coding Projects/learning-airflow/python37/lib/python3.12/site-packages/airflow/example_dags/example_workday_timetable.py took 0.292 seconds
[2025-04-16T21:29:51.684+1000] {processor.py:186} INFO - Started process (PID=89426) to work on /Users/anurag/Desktop/Self/Coding Projects/learning-airflow/python37/lib/python3.12/site-packages/airflow/example_dags/example_workday_timetable.py
[2025-04-16T21:29:51.686+1000] {processor.py:914} INFO - Processing file /Users/anurag/Desktop/Self/Coding Projects/learning-airflow/python37/lib/python3.12/site-packages/airflow/example_dags/example_workday_timetable.py for tasks to queue
[2025-04-16T21:29:51.687+1000] {logging_mixin.py:190} INFO - [2025-04-16T21:29:51.687+1000] {dagbag.py:588} INFO - Filling up the DagBag from /Users/anurag/Desktop/Self/Coding Projects/learning-airflow/python37/lib/python3.12/site-packages/airflow/example_dags/example_workday_timetable.py
[2025-04-16T21:29:51.690+1000] {logging_mixin.py:190} INFO - [2025-04-16T21:29:51.690+1000] {workday.py:41} WARNING - Could not import pandas. Holidays will not be considered.
[2025-04-16T21:29:51.695+1000] {processor.py:925} INFO - DAG(s) 'example_workday_timetable' retrieved from /Users/anurag/Desktop/Self/Coding Projects/learning-airflow/python37/lib/python3.12/site-packages/airflow/example_dags/example_workday_timetable.py
[2025-04-16T21:29:51.787+1000] {logging_mixin.py:190} INFO - [2025-04-16T21:29:51.787+1000] {workday.py:41} WARNING - Could not import pandas. Holidays will not be considered.
[2025-04-16T21:29:51.808+1000] {logging_mixin.py:190} INFO - [2025-04-16T21:29:51.808+1000] {dag.py:3239} INFO - Sync 1 DAGs
[2025-04-16T21:29:51.825+1000] {logging_mixin.py:190} INFO - [2025-04-16T21:29:51.825+1000] {dag.py:4180} INFO - Setting next_dagrun for example_workday_timetable to 2021-01-01 00:00:00+00:00, run_after=2021-01-02 00:00:00+00:00
[2025-04-16T21:29:51.842+1000] {processor.py:208} INFO - Processing /Users/anurag/Desktop/Self/Coding Projects/learning-airflow/python37/lib/python3.12/site-packages/airflow/example_dags/example_workday_timetable.py took 0.162 seconds
[2025-04-16T21:32:14.262+1000] {processor.py:186} INFO - Started process (PID=89796) to work on /Users/anurag/Desktop/Self/Coding Projects/learning-airflow/python37/lib/python3.12/site-packages/airflow/example_dags/example_workday_timetable.py
[2025-04-16T21:32:14.264+1000] {processor.py:914} INFO - Processing file /Users/anurag/Desktop/Self/Coding Projects/learning-airflow/python37/lib/python3.12/site-packages/airflow/example_dags/example_workday_timetable.py for tasks to queue
[2025-04-16T21:32:14.266+1000] {logging_mixin.py:190} INFO - [2025-04-16T21:32:14.265+1000] {dagbag.py:588} INFO - Filling up the DagBag from /Users/anurag/Desktop/Self/Coding Projects/learning-airflow/python37/lib/python3.12/site-packages/airflow/example_dags/example_workday_timetable.py
[2025-04-16T21:32:14.270+1000] {logging_mixin.py:190} INFO - [2025-04-16T21:32:14.270+1000] {workday.py:41} WARNING - Could not import pandas. Holidays will not be considered.
[2025-04-16T21:32:14.279+1000] {processor.py:925} INFO - DAG(s) 'example_workday_timetable' retrieved from /Users/anurag/Desktop/Self/Coding Projects/learning-airflow/python37/lib/python3.12/site-packages/airflow/example_dags/example_workday_timetable.py
[2025-04-16T21:32:14.428+1000] {logging_mixin.py:190} INFO - [2025-04-16T21:32:14.428+1000] {workday.py:41} WARNING - Could not import pandas. Holidays will not be considered.
[2025-04-16T21:32:14.463+1000] {logging_mixin.py:190} INFO - [2025-04-16T21:32:14.463+1000] {dag.py:3239} INFO - Sync 1 DAGs
[2025-04-16T21:32:14.489+1000] {logging_mixin.py:190} INFO - [2025-04-16T21:32:14.489+1000] {dag.py:4180} INFO - Setting next_dagrun for example_workday_timetable to 2021-01-01 00:00:00+00:00, run_after=2021-01-02 00:00:00+00:00
[2025-04-16T21:32:14.516+1000] {processor.py:208} INFO - Processing /Users/anurag/Desktop/Self/Coding Projects/learning-airflow/python37/lib/python3.12/site-packages/airflow/example_dags/example_workday_timetable.py took 0.263 seconds
[2025-04-16T21:35:49.852+1000] {processor.py:186} INFO - Started process (PID=90357) to work on /Users/anurag/Desktop/Self/Coding Projects/learning-airflow/python37/lib/python3.12/site-packages/airflow/example_dags/example_workday_timetable.py
[2025-04-16T21:35:49.855+1000] {processor.py:914} INFO - Processing file /Users/anurag/Desktop/Self/Coding Projects/learning-airflow/python37/lib/python3.12/site-packages/airflow/example_dags/example_workday_timetable.py for tasks to queue
[2025-04-16T21:35:49.858+1000] {logging_mixin.py:190} INFO - [2025-04-16T21:35:49.857+1000] {dagbag.py:588} INFO - Filling up the DagBag from /Users/anurag/Desktop/Self/Coding Projects/learning-airflow/python37/lib/python3.12/site-packages/airflow/example_dags/example_workday_timetable.py
[2025-04-16T21:35:49.863+1000] {logging_mixin.py:190} INFO - [2025-04-16T21:35:49.862+1000] {workday.py:41} WARNING - Could not import pandas. Holidays will not be considered.
[2025-04-16T21:35:49.872+1000] {processor.py:925} INFO - DAG(s) 'example_workday_timetable' retrieved from /Users/anurag/Desktop/Self/Coding Projects/learning-airflow/python37/lib/python3.12/site-packages/airflow/example_dags/example_workday_timetable.py
[2025-04-16T21:35:50.051+1000] {logging_mixin.py:190} INFO - [2025-04-16T21:35:50.050+1000] {workday.py:41} WARNING - Could not import pandas. Holidays will not be considered.
[2025-04-16T21:35:50.090+1000] {logging_mixin.py:190} INFO - [2025-04-16T21:35:50.090+1000] {dag.py:3239} INFO - Sync 1 DAGs
[2025-04-16T21:35:50.121+1000] {logging_mixin.py:190} INFO - [2025-04-16T21:35:50.121+1000] {dag.py:4180} INFO - Setting next_dagrun for example_workday_timetable to 2021-01-01 00:00:00+00:00, run_after=2021-01-02 00:00:00+00:00
[2025-04-16T21:35:50.159+1000] {processor.py:208} INFO - Processing /Users/anurag/Desktop/Self/Coding Projects/learning-airflow/python37/lib/python3.12/site-packages/airflow/example_dags/example_workday_timetable.py took 0.315 seconds
[2025-04-16T21:39:32.043+1000] {processor.py:186} INFO - Started process (PID=90892) to work on /Users/anurag/Desktop/Self/Coding Projects/learning-airflow/python37/lib/python3.12/site-packages/airflow/example_dags/example_workday_timetable.py
[2025-04-16T21:39:32.045+1000] {processor.py:914} INFO - Processing file /Users/anurag/Desktop/Self/Coding Projects/learning-airflow/python37/lib/python3.12/site-packages/airflow/example_dags/example_workday_timetable.py for tasks to queue
[2025-04-16T21:39:32.046+1000] {logging_mixin.py:190} INFO - [2025-04-16T21:39:32.046+1000] {dagbag.py:588} INFO - Filling up the DagBag from /Users/anurag/Desktop/Self/Coding Projects/learning-airflow/python37/lib/python3.12/site-packages/airflow/example_dags/example_workday_timetable.py
[2025-04-16T21:39:32.049+1000] {logging_mixin.py:190} INFO - [2025-04-16T21:39:32.049+1000] {workday.py:41} WARNING - Could not import pandas. Holidays will not be considered.
[2025-04-16T21:39:32.054+1000] {processor.py:925} INFO - DAG(s) 'example_workday_timetable' retrieved from /Users/anurag/Desktop/Self/Coding Projects/learning-airflow/python37/lib/python3.12/site-packages/airflow/example_dags/example_workday_timetable.py
[2025-04-16T21:39:32.134+1000] {logging_mixin.py:190} INFO - [2025-04-16T21:39:32.133+1000] {workday.py:41} WARNING - Could not import pandas. Holidays will not be considered.
[2025-04-16T21:39:32.152+1000] {logging_mixin.py:190} INFO - [2025-04-16T21:39:32.152+1000] {dag.py:3239} INFO - Sync 1 DAGs
[2025-04-16T21:39:32.168+1000] {logging_mixin.py:190} INFO - [2025-04-16T21:39:32.167+1000] {dag.py:4180} INFO - Setting next_dagrun for example_workday_timetable to 2021-01-01 00:00:00+00:00, run_after=2021-01-02 00:00:00+00:00
[2025-04-16T21:39:32.183+1000] {processor.py:208} INFO - Processing /Users/anurag/Desktop/Self/Coding Projects/learning-airflow/python37/lib/python3.12/site-packages/airflow/example_dags/example_workday_timetable.py took 0.144 seconds
[2025-04-16T21:41:51.975+1000] {processor.py:186} INFO - Started process (PID=91258) to work on /Users/anurag/Desktop/Self/Coding Projects/learning-airflow/python37/lib/python3.12/site-packages/airflow/example_dags/example_workday_timetable.py
[2025-04-16T21:41:51.976+1000] {processor.py:914} INFO - Processing file /Users/anurag/Desktop/Self/Coding Projects/learning-airflow/python37/lib/python3.12/site-packages/airflow/example_dags/example_workday_timetable.py for tasks to queue
[2025-04-16T21:41:51.977+1000] {logging_mixin.py:190} INFO - [2025-04-16T21:41:51.977+1000] {dagbag.py:588} INFO - Filling up the DagBag from /Users/anurag/Desktop/Self/Coding Projects/learning-airflow/python37/lib/python3.12/site-packages/airflow/example_dags/example_workday_timetable.py
[2025-04-16T21:41:51.980+1000] {logging_mixin.py:190} INFO - [2025-04-16T21:41:51.980+1000] {workday.py:41} WARNING - Could not import pandas. Holidays will not be considered.
[2025-04-16T21:41:51.986+1000] {processor.py:925} INFO - DAG(s) 'example_workday_timetable' retrieved from /Users/anurag/Desktop/Self/Coding Projects/learning-airflow/python37/lib/python3.12/site-packages/airflow/example_dags/example_workday_timetable.py
[2025-04-16T21:41:52.083+1000] {logging_mixin.py:190} INFO - [2025-04-16T21:41:52.083+1000] {workday.py:41} WARNING - Could not import pandas. Holidays will not be considered.
[2025-04-16T21:41:52.105+1000] {logging_mixin.py:190} INFO - [2025-04-16T21:41:52.104+1000] {dag.py:3239} INFO - Sync 1 DAGs
[2025-04-16T21:41:52.124+1000] {logging_mixin.py:190} INFO - [2025-04-16T21:41:52.123+1000] {dag.py:4180} INFO - Setting next_dagrun for example_workday_timetable to 2021-01-01 00:00:00+00:00, run_after=2021-01-02 00:00:00+00:00
[2025-04-16T21:41:52.144+1000] {processor.py:208} INFO - Processing /Users/anurag/Desktop/Self/Coding Projects/learning-airflow/python37/lib/python3.12/site-packages/airflow/example_dags/example_workday_timetable.py took 0.174 seconds
[2025-04-16T21:44:32.941+1000] {processor.py:186} INFO - Started process (PID=4531) to work on /Users/anurag/Desktop/Self/Coding Projects/learning-airflow/python37/lib/python3.12/site-packages/airflow/example_dags/example_workday_timetable.py
[2025-04-16T21:44:32.943+1000] {processor.py:914} INFO - Processing file /Users/anurag/Desktop/Self/Coding Projects/learning-airflow/python37/lib/python3.12/site-packages/airflow/example_dags/example_workday_timetable.py for tasks to queue
[2025-04-16T21:44:32.945+1000] {logging_mixin.py:190} INFO - [2025-04-16T21:44:32.944+1000] {dagbag.py:588} INFO - Filling up the DagBag from /Users/anurag/Desktop/Self/Coding Projects/learning-airflow/python37/lib/python3.12/site-packages/airflow/example_dags/example_workday_timetable.py
[2025-04-16T21:44:32.951+1000] {logging_mixin.py:190} INFO - [2025-04-16T21:44:32.950+1000] {workday.py:41} WARNING - Could not import pandas. Holidays will not be considered.
[2025-04-16T21:44:32.959+1000] {processor.py:925} INFO - DAG(s) 'example_workday_timetable' retrieved from /Users/anurag/Desktop/Self/Coding Projects/learning-airflow/python37/lib/python3.12/site-packages/airflow/example_dags/example_workday_timetable.py
[2025-04-16T21:44:33.090+1000] {logging_mixin.py:190} INFO - [2025-04-16T21:44:33.090+1000] {workday.py:41} WARNING - Could not import pandas. Holidays will not be considered.
[2025-04-16T21:44:33.123+1000] {logging_mixin.py:190} INFO - [2025-04-16T21:44:33.122+1000] {dag.py:3239} INFO - Sync 1 DAGs
[2025-04-16T21:44:33.148+1000] {logging_mixin.py:190} INFO - [2025-04-16T21:44:33.148+1000] {dag.py:4180} INFO - Setting next_dagrun for example_workday_timetable to 2021-01-01 00:00:00+00:00, run_after=2021-01-02 00:00:00+00:00
[2025-04-16T21:44:33.171+1000] {processor.py:208} INFO - Processing /Users/anurag/Desktop/Self/Coding Projects/learning-airflow/python37/lib/python3.12/site-packages/airflow/example_dags/example_workday_timetable.py took 0.236 seconds
[2025-04-16T21:47:31.249+1000] {processor.py:186} INFO - Started process (PID=20125) to work on /Users/anurag/Desktop/Self/Coding Projects/learning-airflow/python37/lib/python3.12/site-packages/airflow/example_dags/example_workday_timetable.py
[2025-04-16T21:47:31.251+1000] {processor.py:914} INFO - Processing file /Users/anurag/Desktop/Self/Coding Projects/learning-airflow/python37/lib/python3.12/site-packages/airflow/example_dags/example_workday_timetable.py for tasks to queue
[2025-04-16T21:47:31.253+1000] {logging_mixin.py:190} INFO - [2025-04-16T21:47:31.253+1000] {dagbag.py:588} INFO - Filling up the DagBag from /Users/anurag/Desktop/Self/Coding Projects/learning-airflow/python37/lib/python3.12/site-packages/airflow/example_dags/example_workday_timetable.py
[2025-04-16T21:47:31.257+1000] {logging_mixin.py:190} INFO - [2025-04-16T21:47:31.257+1000] {workday.py:41} WARNING - Could not import pandas. Holidays will not be considered.
[2025-04-16T21:47:31.265+1000] {processor.py:925} INFO - DAG(s) 'example_workday_timetable' retrieved from /Users/anurag/Desktop/Self/Coding Projects/learning-airflow/python37/lib/python3.12/site-packages/airflow/example_dags/example_workday_timetable.py
[2025-04-16T21:47:31.387+1000] {logging_mixin.py:190} INFO - [2025-04-16T21:47:31.387+1000] {workday.py:41} WARNING - Could not import pandas. Holidays will not be considered.
[2025-04-16T21:47:31.415+1000] {logging_mixin.py:190} INFO - [2025-04-16T21:47:31.415+1000] {dag.py:3239} INFO - Sync 1 DAGs
[2025-04-16T21:47:31.438+1000] {logging_mixin.py:190} INFO - [2025-04-16T21:47:31.438+1000] {dag.py:4180} INFO - Setting next_dagrun for example_workday_timetable to 2021-01-01 00:00:00+00:00, run_after=2021-01-02 00:00:00+00:00
[2025-04-16T21:47:31.459+1000] {processor.py:208} INFO - Processing /Users/anurag/Desktop/Self/Coding Projects/learning-airflow/python37/lib/python3.12/site-packages/airflow/example_dags/example_workday_timetable.py took 0.215 seconds
