[2025-04-16T21:28:36.785+1000] {processor.py:186} INFO - Started process (PID=89185) to work on /Users/anurag/Desktop/Self/Coding Projects/learning-airflow/python37/lib/python3.12/site-packages/airflow/example_dags/example_dataset_alias_with_no_taskflow.py
[2025-04-16T21:28:36.786+1000] {processor.py:914} INFO - Processing file /Users/anurag/Desktop/Self/Coding Projects/learning-airflow/python37/lib/python3.12/site-packages/airflow/example_dags/example_dataset_alias_with_no_taskflow.py for tasks to queue
[2025-04-16T21:28:36.787+1000] {logging_mixin.py:190} INFO - [2025-04-16T21:28:36.787+1000] {dagbag.py:588} INFO - Filling up the DagBag from /Users/anurag/Desktop/Self/Coding Projects/learning-airflow/python37/lib/python3.12/site-packages/airflow/example_dags/example_dataset_alias_with_no_taskflow.py
[2025-04-16T21:28:36.937+1000] {processor.py:925} INFO - DAG(s) 'dataset_s3_bucket_producer_with_no_taskflow', 'dataset_alias_example_alias_producer_with_no_taskflow', 'dataset_s3_bucket_consumer_with_no_taskflow', 'dataset_alias_example_alias_consumer_with_no_taskflow' retrieved from /Users/anurag/Desktop/Self/Coding Projects/learning-airflow/python37/lib/python3.12/site-packages/airflow/example_dags/example_dataset_alias_with_no_taskflow.py
[2025-04-16T21:28:37.032+1000] {logging_mixin.py:190} INFO - [2025-04-16T21:28:37.031+1000] {override.py:1930} INFO - Created Permission View: can read on DAG:dataset_s3_bucket_producer_with_no_taskflow
[2025-04-16T21:28:37.040+1000] {logging_mixin.py:190} INFO - [2025-04-16T21:28:37.039+1000] {override.py:1930} INFO - Created Permission View: can delete on DAG:dataset_s3_bucket_producer_with_no_taskflow
[2025-04-16T21:28:37.045+1000] {logging_mixin.py:190} INFO - [2025-04-16T21:28:37.045+1000] {override.py:1930} INFO - Created Permission View: can edit on DAG:dataset_s3_bucket_producer_with_no_taskflow
[2025-04-16T21:28:37.052+1000] {logging_mixin.py:190} INFO - [2025-04-16T21:28:37.052+1000] {override.py:1930} INFO - Created Permission View: can read on DAG Run:dataset_s3_bucket_producer_with_no_taskflow
[2025-04-16T21:28:37.058+1000] {logging_mixin.py:190} INFO - [2025-04-16T21:28:37.058+1000] {override.py:1930} INFO - Created Permission View: can create on DAG Run:dataset_s3_bucket_producer_with_no_taskflow
[2025-04-16T21:28:37.064+1000] {logging_mixin.py:190} INFO - [2025-04-16T21:28:37.064+1000] {override.py:1930} INFO - Created Permission View: menu access on DAG Run:dataset_s3_bucket_producer_with_no_taskflow
[2025-04-16T21:28:37.069+1000] {logging_mixin.py:190} INFO - [2025-04-16T21:28:37.069+1000] {override.py:1930} INFO - Created Permission View: can delete on DAG Run:dataset_s3_bucket_producer_with_no_taskflow
[2025-04-16T21:28:37.085+1000] {logging_mixin.py:190} INFO - [2025-04-16T21:28:37.085+1000] {override.py:1930} INFO - Created Permission View: can read on DAG:dataset_alias_example_alias_producer_with_no_taskflow
[2025-04-16T21:28:37.092+1000] {logging_mixin.py:190} INFO - [2025-04-16T21:28:37.092+1000] {override.py:1930} INFO - Created Permission View: can delete on DAG:dataset_alias_example_alias_producer_with_no_taskflow
[2025-04-16T21:28:37.099+1000] {logging_mixin.py:190} INFO - [2025-04-16T21:28:37.099+1000] {override.py:1930} INFO - Created Permission View: can edit on DAG:dataset_alias_example_alias_producer_with_no_taskflow
[2025-04-16T21:28:37.108+1000] {logging_mixin.py:190} INFO - [2025-04-16T21:28:37.108+1000] {override.py:1930} INFO - Created Permission View: can read on DAG Run:dataset_alias_example_alias_producer_with_no_taskflow
[2025-04-16T21:28:37.116+1000] {logging_mixin.py:190} INFO - [2025-04-16T21:28:37.115+1000] {override.py:1930} INFO - Created Permission View: can create on DAG Run:dataset_alias_example_alias_producer_with_no_taskflow
[2025-04-16T21:28:37.123+1000] {logging_mixin.py:190} INFO - [2025-04-16T21:28:37.123+1000] {override.py:1930} INFO - Created Permission View: menu access on DAG Run:dataset_alias_example_alias_producer_with_no_taskflow
[2025-04-16T21:28:37.130+1000] {logging_mixin.py:190} INFO - [2025-04-16T21:28:37.130+1000] {override.py:1930} INFO - Created Permission View: can delete on DAG Run:dataset_alias_example_alias_producer_with_no_taskflow
[2025-04-16T21:28:37.142+1000] {logging_mixin.py:190} INFO - [2025-04-16T21:28:37.142+1000] {override.py:1930} INFO - Created Permission View: can read on DAG:dataset_s3_bucket_consumer_with_no_taskflow
[2025-04-16T21:28:37.147+1000] {logging_mixin.py:190} INFO - [2025-04-16T21:28:37.147+1000] {override.py:1930} INFO - Created Permission View: can delete on DAG:dataset_s3_bucket_consumer_with_no_taskflow
[2025-04-16T21:28:37.153+1000] {logging_mixin.py:190} INFO - [2025-04-16T21:28:37.153+1000] {override.py:1930} INFO - Created Permission View: can edit on DAG:dataset_s3_bucket_consumer_with_no_taskflow
[2025-04-16T21:28:37.161+1000] {logging_mixin.py:190} INFO - [2025-04-16T21:28:37.161+1000] {override.py:1930} INFO - Created Permission View: can read on DAG Run:dataset_s3_bucket_consumer_with_no_taskflow
[2025-04-16T21:28:37.167+1000] {logging_mixin.py:190} INFO - [2025-04-16T21:28:37.167+1000] {override.py:1930} INFO - Created Permission View: can create on DAG Run:dataset_s3_bucket_consumer_with_no_taskflow
[2025-04-16T21:28:37.174+1000] {logging_mixin.py:190} INFO - [2025-04-16T21:28:37.173+1000] {override.py:1930} INFO - Created Permission View: menu access on DAG Run:dataset_s3_bucket_consumer_with_no_taskflow
[2025-04-16T21:28:37.185+1000] {logging_mixin.py:190} INFO - [2025-04-16T21:28:37.184+1000] {override.py:1930} INFO - Created Permission View: can delete on DAG Run:dataset_s3_bucket_consumer_with_no_taskflow
[2025-04-16T21:28:37.198+1000] {logging_mixin.py:190} INFO - [2025-04-16T21:28:37.197+1000] {override.py:1930} INFO - Created Permission View: can read on DAG:dataset_alias_example_alias_consumer_with_no_taskflow
[2025-04-16T21:28:37.204+1000] {logging_mixin.py:190} INFO - [2025-04-16T21:28:37.203+1000] {override.py:1930} INFO - Created Permission View: can delete on DAG:dataset_alias_example_alias_consumer_with_no_taskflow
[2025-04-16T21:28:37.209+1000] {logging_mixin.py:190} INFO - [2025-04-16T21:28:37.209+1000] {override.py:1930} INFO - Created Permission View: can edit on DAG:dataset_alias_example_alias_consumer_with_no_taskflow
[2025-04-16T21:28:37.217+1000] {logging_mixin.py:190} INFO - [2025-04-16T21:28:37.217+1000] {override.py:1930} INFO - Created Permission View: can read on DAG Run:dataset_alias_example_alias_consumer_with_no_taskflow
[2025-04-16T21:28:37.223+1000] {logging_mixin.py:190} INFO - [2025-04-16T21:28:37.223+1000] {override.py:1930} INFO - Created Permission View: can create on DAG Run:dataset_alias_example_alias_consumer_with_no_taskflow
[2025-04-16T21:28:37.230+1000] {logging_mixin.py:190} INFO - [2025-04-16T21:28:37.229+1000] {override.py:1930} INFO - Created Permission View: menu access on DAG Run:dataset_alias_example_alias_consumer_with_no_taskflow
[2025-04-16T21:28:37.235+1000] {logging_mixin.py:190} INFO - [2025-04-16T21:28:37.235+1000] {override.py:1930} INFO - Created Permission View: can delete on DAG Run:dataset_alias_example_alias_consumer_with_no_taskflow
[2025-04-16T21:28:37.236+1000] {logging_mixin.py:190} INFO - [2025-04-16T21:28:37.235+1000] {dag.py:3239} INFO - Sync 4 DAGs
[2025-04-16T21:28:37.303+1000] {logging_mixin.py:190} INFO - [2025-04-16T21:28:37.302+1000] {dag.py:3262} INFO - Creating ORM DAG for dataset_alias_example_alias_producer_with_no_taskflow
[2025-04-16T21:28:37.303+1000] {logging_mixin.py:190} INFO - [2025-04-16T21:28:37.303+1000] {dag.py:3262} INFO - Creating ORM DAG for dataset_s3_bucket_producer_with_no_taskflow
[2025-04-16T21:28:37.304+1000] {logging_mixin.py:190} INFO - [2025-04-16T21:28:37.304+1000] {dag.py:3262} INFO - Creating ORM DAG for dataset_s3_bucket_consumer_with_no_taskflow
[2025-04-16T21:28:37.305+1000] {logging_mixin.py:190} INFO - [2025-04-16T21:28:37.304+1000] {dag.py:3262} INFO - Creating ORM DAG for dataset_alias_example_alias_consumer_with_no_taskflow
[2025-04-16T21:28:37.313+1000] {logging_mixin.py:190} INFO - [2025-04-16T21:28:37.313+1000] {dag.py:4180} INFO - Setting next_dagrun for dataset_alias_example_alias_consumer_with_no_taskflow to None, run_after=None
[2025-04-16T21:28:37.314+1000] {logging_mixin.py:190} INFO - [2025-04-16T21:28:37.314+1000] {dag.py:4180} INFO - Setting next_dagrun for dataset_alias_example_alias_producer_with_no_taskflow to None, run_after=None
[2025-04-16T21:28:37.315+1000] {logging_mixin.py:190} INFO - [2025-04-16T21:28:37.315+1000] {dag.py:4180} INFO - Setting next_dagrun for dataset_s3_bucket_consumer_with_no_taskflow to None, run_after=None
[2025-04-16T21:28:37.316+1000] {logging_mixin.py:190} INFO - [2025-04-16T21:28:37.315+1000] {dag.py:4180} INFO - Setting next_dagrun for dataset_s3_bucket_producer_with_no_taskflow to None, run_after=None
[2025-04-16T21:28:37.330+1000] {logging_mixin.py:190} INFO - [2025-04-16T21:28:37.329+1000] {workday.py:41} WARNING - Could not import pandas. Holidays will not be considered.
[2025-04-16T21:28:37.346+1000] {processor.py:208} INFO - Processing /Users/anurag/Desktop/Self/Coding Projects/learning-airflow/python37/lib/python3.12/site-packages/airflow/example_dags/example_dataset_alias_with_no_taskflow.py took 0.566 seconds
[2025-04-16T21:31:20.167+1000] {processor.py:186} INFO - Started process (PID=89667) to work on /Users/anurag/Desktop/Self/Coding Projects/learning-airflow/python37/lib/python3.12/site-packages/airflow/example_dags/example_dataset_alias_with_no_taskflow.py
[2025-04-16T21:31:20.169+1000] {processor.py:914} INFO - Processing file /Users/anurag/Desktop/Self/Coding Projects/learning-airflow/python37/lib/python3.12/site-packages/airflow/example_dags/example_dataset_alias_with_no_taskflow.py for tasks to queue
[2025-04-16T21:31:20.171+1000] {logging_mixin.py:190} INFO - [2025-04-16T21:31:20.170+1000] {dagbag.py:588} INFO - Filling up the DagBag from /Users/anurag/Desktop/Self/Coding Projects/learning-airflow/python37/lib/python3.12/site-packages/airflow/example_dags/example_dataset_alias_with_no_taskflow.py
[2025-04-16T21:31:20.315+1000] {processor.py:925} INFO - DAG(s) 'dataset_s3_bucket_consumer_with_no_taskflow', 'dataset_alias_example_alias_consumer_with_no_taskflow', 'dataset_s3_bucket_producer_with_no_taskflow', 'dataset_alias_example_alias_producer_with_no_taskflow' retrieved from /Users/anurag/Desktop/Self/Coding Projects/learning-airflow/python37/lib/python3.12/site-packages/airflow/example_dags/example_dataset_alias_with_no_taskflow.py
[2025-04-16T21:31:20.336+1000] {logging_mixin.py:190} INFO - [2025-04-16T21:31:20.336+1000] {dag.py:3239} INFO - Sync 4 DAGs
[2025-04-16T21:31:20.351+1000] {logging_mixin.py:190} INFO - [2025-04-16T21:31:20.351+1000] {dag.py:4180} INFO - Setting next_dagrun for dataset_alias_example_alias_consumer_with_no_taskflow to None, run_after=None
[2025-04-16T21:31:20.353+1000] {logging_mixin.py:190} INFO - [2025-04-16T21:31:20.353+1000] {dag.py:4180} INFO - Setting next_dagrun for dataset_alias_example_alias_producer_with_no_taskflow to None, run_after=None
[2025-04-16T21:31:20.354+1000] {logging_mixin.py:190} INFO - [2025-04-16T21:31:20.354+1000] {dag.py:4180} INFO - Setting next_dagrun for dataset_s3_bucket_consumer_with_no_taskflow to None, run_after=None
[2025-04-16T21:31:20.355+1000] {logging_mixin.py:190} INFO - [2025-04-16T21:31:20.355+1000] {dag.py:4180} INFO - Setting next_dagrun for dataset_s3_bucket_producer_with_no_taskflow to None, run_after=None
[2025-04-16T21:31:20.376+1000] {processor.py:208} INFO - Processing /Users/anurag/Desktop/Self/Coding Projects/learning-airflow/python37/lib/python3.12/site-packages/airflow/example_dags/example_dataset_alias_with_no_taskflow.py took 0.213 seconds
[2025-04-16T21:38:29.995+1000] {processor.py:186} INFO - Started process (PID=90731) to work on /Users/anurag/Desktop/Self/Coding Projects/learning-airflow/python37/lib/python3.12/site-packages/airflow/example_dags/example_dataset_alias_with_no_taskflow.py
[2025-04-16T21:38:29.998+1000] {processor.py:914} INFO - Processing file /Users/anurag/Desktop/Self/Coding Projects/learning-airflow/python37/lib/python3.12/site-packages/airflow/example_dags/example_dataset_alias_with_no_taskflow.py for tasks to queue
[2025-04-16T21:38:30.000+1000] {logging_mixin.py:190} INFO - [2025-04-16T21:38:29.999+1000] {dagbag.py:588} INFO - Filling up the DagBag from /Users/anurag/Desktop/Self/Coding Projects/learning-airflow/python37/lib/python3.12/site-packages/airflow/example_dags/example_dataset_alias_with_no_taskflow.py
[2025-04-16T21:38:30.237+1000] {processor.py:925} INFO - DAG(s) 'dataset_s3_bucket_producer_with_no_taskflow', 'dataset_alias_example_alias_producer_with_no_taskflow', 'dataset_s3_bucket_consumer_with_no_taskflow', 'dataset_alias_example_alias_consumer_with_no_taskflow' retrieved from /Users/anurag/Desktop/Self/Coding Projects/learning-airflow/python37/lib/python3.12/site-packages/airflow/example_dags/example_dataset_alias_with_no_taskflow.py
[2025-04-16T21:38:30.276+1000] {logging_mixin.py:190} INFO - [2025-04-16T21:38:30.275+1000] {dag.py:3239} INFO - Sync 4 DAGs
[2025-04-16T21:38:30.306+1000] {logging_mixin.py:190} INFO - [2025-04-16T21:38:30.305+1000] {dag.py:4180} INFO - Setting next_dagrun for dataset_alias_example_alias_consumer_with_no_taskflow to None, run_after=None
[2025-04-16T21:38:30.309+1000] {logging_mixin.py:190} INFO - [2025-04-16T21:38:30.308+1000] {dag.py:4180} INFO - Setting next_dagrun for dataset_alias_example_alias_producer_with_no_taskflow to None, run_after=None
[2025-04-16T21:38:30.310+1000] {logging_mixin.py:190} INFO - [2025-04-16T21:38:30.310+1000] {dag.py:4180} INFO - Setting next_dagrun for dataset_s3_bucket_consumer_with_no_taskflow to None, run_after=None
[2025-04-16T21:38:30.311+1000] {logging_mixin.py:190} INFO - [2025-04-16T21:38:30.311+1000] {dag.py:4180} INFO - Setting next_dagrun for dataset_s3_bucket_producer_with_no_taskflow to None, run_after=None
[2025-04-16T21:38:30.342+1000] {processor.py:208} INFO - Processing /Users/anurag/Desktop/Self/Coding Projects/learning-airflow/python37/lib/python3.12/site-packages/airflow/example_dags/example_dataset_alias_with_no_taskflow.py took 0.353 seconds
[2025-04-16T21:43:15.263+1000] {processor.py:186} INFO - Started process (PID=91480) to work on /Users/anurag/Desktop/Self/Coding Projects/learning-airflow/python37/lib/python3.12/site-packages/airflow/example_dags/example_dataset_alias_with_no_taskflow.py
[2025-04-16T21:43:15.265+1000] {processor.py:914} INFO - Processing file /Users/anurag/Desktop/Self/Coding Projects/learning-airflow/python37/lib/python3.12/site-packages/airflow/example_dags/example_dataset_alias_with_no_taskflow.py for tasks to queue
[2025-04-16T21:43:15.266+1000] {logging_mixin.py:190} INFO - [2025-04-16T21:43:15.266+1000] {dagbag.py:588} INFO - Filling up the DagBag from /Users/anurag/Desktop/Self/Coding Projects/learning-airflow/python37/lib/python3.12/site-packages/airflow/example_dags/example_dataset_alias_with_no_taskflow.py
[2025-04-16T21:43:15.477+1000] {processor.py:925} INFO - DAG(s) 'dataset_s3_bucket_consumer_with_no_taskflow', 'dataset_alias_example_alias_consumer_with_no_taskflow', 'dataset_s3_bucket_producer_with_no_taskflow', 'dataset_alias_example_alias_producer_with_no_taskflow' retrieved from /Users/anurag/Desktop/Self/Coding Projects/learning-airflow/python37/lib/python3.12/site-packages/airflow/example_dags/example_dataset_alias_with_no_taskflow.py
[2025-04-16T21:43:15.509+1000] {logging_mixin.py:190} INFO - [2025-04-16T21:43:15.509+1000] {dag.py:3239} INFO - Sync 4 DAGs
[2025-04-16T21:43:15.533+1000] {logging_mixin.py:190} INFO - [2025-04-16T21:43:15.533+1000] {dag.py:4180} INFO - Setting next_dagrun for dataset_alias_example_alias_consumer_with_no_taskflow to None, run_after=None
[2025-04-16T21:43:15.536+1000] {logging_mixin.py:190} INFO - [2025-04-16T21:43:15.536+1000] {dag.py:4180} INFO - Setting next_dagrun for dataset_alias_example_alias_producer_with_no_taskflow to None, run_after=None
[2025-04-16T21:43:15.537+1000] {logging_mixin.py:190} INFO - [2025-04-16T21:43:15.537+1000] {dag.py:4180} INFO - Setting next_dagrun for dataset_s3_bucket_consumer_with_no_taskflow to None, run_after=None
[2025-04-16T21:43:15.539+1000] {logging_mixin.py:190} INFO - [2025-04-16T21:43:15.538+1000] {dag.py:4180} INFO - Setting next_dagrun for dataset_s3_bucket_producer_with_no_taskflow to None, run_after=None
[2025-04-16T21:43:15.564+1000] {processor.py:208} INFO - Processing /Users/anurag/Desktop/Self/Coding Projects/learning-airflow/python37/lib/python3.12/site-packages/airflow/example_dags/example_dataset_alias_with_no_taskflow.py took 0.307 seconds
