[2025-04-16T21:29:08.308+1000] {processor.py:186} INFO - Started process (PID=89273) to work on /Users/anurag/Desktop/Self/Coding Projects/learning-airflow/python37/lib/python3.12/site-packages/airflow/example_dags/example_bash_operator.py
[2025-04-16T21:29:08.310+1000] {processor.py:914} INFO - Processing file /Users/anurag/Desktop/Self/Coding Projects/learning-airflow/python37/lib/python3.12/site-packages/airflow/example_dags/example_bash_operator.py for tasks to queue
[2025-04-16T21:29:08.311+1000] {logging_mixin.py:190} INFO - [2025-04-16T21:29:08.311+1000] {dagbag.py:588} INFO - Filling up the DagBag from /Users/anurag/Desktop/Self/Coding Projects/learning-airflow/python37/lib/python3.12/site-packages/airflow/example_dags/example_bash_operator.py
[2025-04-16T21:29:08.324+1000] {processor.py:925} INFO - DAG(s) 'example_bash_operator' retrieved from /Users/anurag/Desktop/Self/Coding Projects/learning-airflow/python37/lib/python3.12/site-packages/airflow/example_dags/example_bash_operator.py
[2025-04-16T21:29:08.500+1000] {logging_mixin.py:190} INFO - [2025-04-16T21:29:08.499+1000] {override.py:1930} INFO - Created Permission View: can delete on DAG:example_bash_operator
[2025-04-16T21:29:08.508+1000] {logging_mixin.py:190} INFO - [2025-04-16T21:29:08.508+1000] {override.py:1930} INFO - Created Permission View: can read on DAG:example_bash_operator
[2025-04-16T21:29:08.513+1000] {logging_mixin.py:190} INFO - [2025-04-16T21:29:08.513+1000] {override.py:1930} INFO - Created Permission View: can edit on DAG:example_bash_operator
[2025-04-16T21:29:08.521+1000] {logging_mixin.py:190} INFO - [2025-04-16T21:29:08.520+1000] {override.py:1930} INFO - Created Permission View: can delete on DAG Run:example_bash_operator
[2025-04-16T21:29:08.526+1000] {logging_mixin.py:190} INFO - [2025-04-16T21:29:08.526+1000] {override.py:1930} INFO - Created Permission View: can create on DAG Run:example_bash_operator
[2025-04-16T21:29:08.531+1000] {logging_mixin.py:190} INFO - [2025-04-16T21:29:08.531+1000] {override.py:1930} INFO - Created Permission View: can read on DAG Run:example_bash_operator
[2025-04-16T21:29:08.536+1000] {logging_mixin.py:190} INFO - [2025-04-16T21:29:08.536+1000] {override.py:1930} INFO - Created Permission View: menu access on DAG Run:example_bash_operator
[2025-04-16T21:29:08.537+1000] {logging_mixin.py:190} INFO - [2025-04-16T21:29:08.537+1000] {dag.py:3239} INFO - Sync 1 DAGs
[2025-04-16T21:29:08.547+1000] {logging_mixin.py:190} INFO - [2025-04-16T21:29:08.547+1000] {dag.py:3262} INFO - Creating ORM DAG for example_bash_operator
[2025-04-16T21:29:08.555+1000] {logging_mixin.py:190} INFO - [2025-04-16T21:29:08.554+1000] {dag.py:4180} INFO - Setting next_dagrun for example_bash_operator to 2025-04-15 00:00:00+00:00, run_after=2025-04-16 00:00:00+00:00
[2025-04-16T21:29:08.568+1000] {processor.py:208} INFO - Processing /Users/anurag/Desktop/Self/Coding Projects/learning-airflow/python37/lib/python3.12/site-packages/airflow/example_dags/example_bash_operator.py took 0.265 seconds
[2025-04-16T21:34:15.909+1000] {processor.py:186} INFO - Started process (PID=90124) to work on /Users/anurag/Desktop/Self/Coding Projects/learning-airflow/python37/lib/python3.12/site-packages/airflow/example_dags/example_bash_operator.py
[2025-04-16T21:34:15.913+1000] {processor.py:914} INFO - Processing file /Users/anurag/Desktop/Self/Coding Projects/learning-airflow/python37/lib/python3.12/site-packages/airflow/example_dags/example_bash_operator.py for tasks to queue
[2025-04-16T21:34:15.916+1000] {logging_mixin.py:190} INFO - [2025-04-16T21:34:15.915+1000] {dagbag.py:588} INFO - Filling up the DagBag from /Users/anurag/Desktop/Self/Coding Projects/learning-airflow/python37/lib/python3.12/site-packages/airflow/example_dags/example_bash_operator.py
[2025-04-16T21:34:15.949+1000] {processor.py:925} INFO - DAG(s) 'example_bash_operator' retrieved from /Users/anurag/Desktop/Self/Coding Projects/learning-airflow/python37/lib/python3.12/site-packages/airflow/example_dags/example_bash_operator.py
[2025-04-16T21:34:16.248+1000] {logging_mixin.py:190} INFO - [2025-04-16T21:34:16.248+1000] {dag.py:3239} INFO - Sync 1 DAGs
[2025-04-16T21:34:16.289+1000] {logging_mixin.py:190} INFO - [2025-04-16T21:34:16.289+1000] {dag.py:4180} INFO - Setting next_dagrun for example_bash_operator to 2025-04-15 00:00:00+00:00, run_after=2025-04-16 00:00:00+00:00
[2025-04-16T21:34:16.340+1000] {processor.py:208} INFO - Processing /Users/anurag/Desktop/Self/Coding Projects/learning-airflow/python37/lib/python3.12/site-packages/airflow/example_dags/example_bash_operator.py took 0.438 seconds
[2025-04-16T21:41:08.687+1000] {processor.py:186} INFO - Started process (PID=91148) to work on /Users/anurag/Desktop/Self/Coding Projects/learning-airflow/python37/lib/python3.12/site-packages/airflow/example_dags/example_bash_operator.py
[2025-04-16T21:41:08.689+1000] {processor.py:914} INFO - Processing file /Users/anurag/Desktop/Self/Coding Projects/learning-airflow/python37/lib/python3.12/site-packages/airflow/example_dags/example_bash_operator.py for tasks to queue
[2025-04-16T21:41:08.690+1000] {logging_mixin.py:190} INFO - [2025-04-16T21:41:08.690+1000] {dagbag.py:588} INFO - Filling up the DagBag from /Users/anurag/Desktop/Self/Coding Projects/learning-airflow/python37/lib/python3.12/site-packages/airflow/example_dags/example_bash_operator.py
[2025-04-16T21:41:08.702+1000] {processor.py:925} INFO - DAG(s) 'example_bash_operator' retrieved from /Users/anurag/Desktop/Self/Coding Projects/learning-airflow/python37/lib/python3.12/site-packages/airflow/example_dags/example_bash_operator.py
[2025-04-16T21:41:08.795+1000] {logging_mixin.py:190} INFO - [2025-04-16T21:41:08.795+1000] {dag.py:3239} INFO - Sync 1 DAGs
[2025-04-16T21:41:08.812+1000] {logging_mixin.py:190} INFO - [2025-04-16T21:41:08.812+1000] {dag.py:4180} INFO - Setting next_dagrun for example_bash_operator to 2025-04-15 00:00:00+00:00, run_after=2025-04-16 00:00:00+00:00
[2025-04-16T21:41:08.827+1000] {processor.py:208} INFO - Processing /Users/anurag/Desktop/Self/Coding Projects/learning-airflow/python37/lib/python3.12/site-packages/airflow/example_dags/example_bash_operator.py took 0.144 seconds
[2025-04-16T21:46:43.250+1000] {processor.py:186} INFO - Started process (PID=13332) to work on /Users/anurag/Desktop/Self/Coding Projects/learning-airflow/python37/lib/python3.12/site-packages/airflow/example_dags/example_bash_operator.py
[2025-04-16T21:46:43.251+1000] {processor.py:914} INFO - Processing file /Users/anurag/Desktop/Self/Coding Projects/learning-airflow/python37/lib/python3.12/site-packages/airflow/example_dags/example_bash_operator.py for tasks to queue
[2025-04-16T21:46:43.253+1000] {logging_mixin.py:190} INFO - [2025-04-16T21:46:43.253+1000] {dagbag.py:588} INFO - Filling up the DagBag from /Users/anurag/Desktop/Self/Coding Projects/learning-airflow/python37/lib/python3.12/site-packages/airflow/example_dags/example_bash_operator.py
[2025-04-16T21:46:43.268+1000] {processor.py:925} INFO - DAG(s) 'example_bash_operator' retrieved from /Users/anurag/Desktop/Self/Coding Projects/learning-airflow/python37/lib/python3.12/site-packages/airflow/example_dags/example_bash_operator.py
[2025-04-16T21:46:43.379+1000] {logging_mixin.py:190} INFO - [2025-04-16T21:46:43.378+1000] {dag.py:3239} INFO - Sync 1 DAGs
[2025-04-16T21:46:43.398+1000] {logging_mixin.py:190} INFO - [2025-04-16T21:46:43.398+1000] {dag.py:4180} INFO - Setting next_dagrun for example_bash_operator to 2025-04-15 00:00:00+00:00, run_after=2025-04-16 00:00:00+00:00
[2025-04-16T21:46:43.415+1000] {processor.py:208} INFO - Processing /Users/anurag/Desktop/Self/Coding Projects/learning-airflow/python37/lib/python3.12/site-packages/airflow/example_dags/example_bash_operator.py took 0.171 seconds
