[2025-04-16T21:29:05.017+1000] {processor.py:186} INFO - Started process (PID=89263) to work on /Users/anurag/Desktop/Self/Coding Projects/learning-airflow/python37/lib/python3.12/site-packages/airflow/example_dags/example_branch_datetime_operator.py
[2025-04-16T21:29:05.019+1000] {processor.py:914} INFO - Processing file /Users/anurag/Desktop/Self/Coding Projects/learning-airflow/python37/lib/python3.12/site-packages/airflow/example_dags/example_branch_datetime_operator.py for tasks to queue
[2025-04-16T21:29:05.020+1000] {logging_mixin.py:190} INFO - [2025-04-16T21:29:05.020+1000] {dagbag.py:588} INFO - Filling up the DagBag from /Users/anurag/Desktop/Self/Coding Projects/learning-airflow/python37/lib/python3.12/site-packages/airflow/example_dags/example_branch_datetime_operator.py
[2025-04-16T21:29:05.034+1000] {processor.py:925} INFO - DAG(s) 'example_branch_datetime_operator_2', 'example_branch_datetime_operator', 'example_branch_datetime_operator_3' retrieved from /Users/anurag/Desktop/Self/Coding Projects/learning-airflow/python37/lib/python3.12/site-packages/airflow/example_dags/example_branch_datetime_operator.py
[2025-04-16T21:29:05.229+1000] {logging_mixin.py:190} INFO - [2025-04-16T21:29:05.228+1000] {override.py:1930} INFO - Created Permission View: can read on DAG:example_branch_datetime_operator_2
[2025-04-16T21:29:05.242+1000] {logging_mixin.py:190} INFO - [2025-04-16T21:29:05.241+1000] {override.py:1930} INFO - Created Permission View: can delete on DAG:example_branch_datetime_operator_2
[2025-04-16T21:29:05.252+1000] {logging_mixin.py:190} INFO - [2025-04-16T21:29:05.251+1000] {override.py:1930} INFO - Created Permission View: can edit on DAG:example_branch_datetime_operator_2
[2025-04-16T21:29:05.260+1000] {logging_mixin.py:190} INFO - [2025-04-16T21:29:05.260+1000] {override.py:1930} INFO - Created Permission View: can read on DAG Run:example_branch_datetime_operator_2
[2025-04-16T21:29:05.266+1000] {logging_mixin.py:190} INFO - [2025-04-16T21:29:05.266+1000] {override.py:1930} INFO - Created Permission View: menu access on DAG Run:example_branch_datetime_operator_2
[2025-04-16T21:29:05.274+1000] {logging_mixin.py:190} INFO - [2025-04-16T21:29:05.273+1000] {override.py:1930} INFO - Created Permission View: can delete on DAG Run:example_branch_datetime_operator_2
[2025-04-16T21:29:05.280+1000] {logging_mixin.py:190} INFO - [2025-04-16T21:29:05.280+1000] {override.py:1930} INFO - Created Permission View: can create on DAG Run:example_branch_datetime_operator_2
[2025-04-16T21:29:05.294+1000] {logging_mixin.py:190} INFO - [2025-04-16T21:29:05.294+1000] {override.py:1930} INFO - Created Permission View: can read on DAG:example_branch_datetime_operator
[2025-04-16T21:29:05.300+1000] {logging_mixin.py:190} INFO - [2025-04-16T21:29:05.300+1000] {override.py:1930} INFO - Created Permission View: can delete on DAG:example_branch_datetime_operator
[2025-04-16T21:29:05.308+1000] {logging_mixin.py:190} INFO - [2025-04-16T21:29:05.308+1000] {override.py:1930} INFO - Created Permission View: can edit on DAG:example_branch_datetime_operator
[2025-04-16T21:29:05.316+1000] {logging_mixin.py:190} INFO - [2025-04-16T21:29:05.315+1000] {override.py:1930} INFO - Created Permission View: can read on DAG Run:example_branch_datetime_operator
[2025-04-16T21:29:05.321+1000] {logging_mixin.py:190} INFO - [2025-04-16T21:29:05.321+1000] {override.py:1930} INFO - Created Permission View: menu access on DAG Run:example_branch_datetime_operator
[2025-04-16T21:29:05.326+1000] {logging_mixin.py:190} INFO - [2025-04-16T21:29:05.326+1000] {override.py:1930} INFO - Created Permission View: can delete on DAG Run:example_branch_datetime_operator
[2025-04-16T21:29:05.332+1000] {logging_mixin.py:190} INFO - [2025-04-16T21:29:05.331+1000] {override.py:1930} INFO - Created Permission View: can create on DAG Run:example_branch_datetime_operator
[2025-04-16T21:29:05.344+1000] {logging_mixin.py:190} INFO - [2025-04-16T21:29:05.343+1000] {override.py:1930} INFO - Created Permission View: can read on DAG:example_branch_datetime_operator_3
[2025-04-16T21:29:05.371+1000] {logging_mixin.py:190} INFO - [2025-04-16T21:29:05.371+1000] {override.py:1930} INFO - Created Permission View: can delete on DAG:example_branch_datetime_operator_3
[2025-04-16T21:29:05.434+1000] {logging_mixin.py:190} INFO - [2025-04-16T21:29:05.433+1000] {override.py:1930} INFO - Created Permission View: can edit on DAG:example_branch_datetime_operator_3
[2025-04-16T21:29:05.447+1000] {logging_mixin.py:190} INFO - [2025-04-16T21:29:05.447+1000] {override.py:1930} INFO - Created Permission View: can read on DAG Run:example_branch_datetime_operator_3
[2025-04-16T21:29:05.455+1000] {logging_mixin.py:190} INFO - [2025-04-16T21:29:05.455+1000] {override.py:1930} INFO - Created Permission View: menu access on DAG Run:example_branch_datetime_operator_3
[2025-04-16T21:29:05.463+1000] {logging_mixin.py:190} INFO - [2025-04-16T21:29:05.462+1000] {override.py:1930} INFO - Created Permission View: can delete on DAG Run:example_branch_datetime_operator_3
[2025-04-16T21:29:05.472+1000] {logging_mixin.py:190} INFO - [2025-04-16T21:29:05.472+1000] {override.py:1930} INFO - Created Permission View: can create on DAG Run:example_branch_datetime_operator_3
[2025-04-16T21:29:05.473+1000] {logging_mixin.py:190} INFO - [2025-04-16T21:29:05.472+1000] {dag.py:3239} INFO - Sync 3 DAGs
[2025-04-16T21:29:05.486+1000] {logging_mixin.py:190} INFO - [2025-04-16T21:29:05.486+1000] {dag.py:3262} INFO - Creating ORM DAG for example_branch_datetime_operator
[2025-04-16T21:29:05.487+1000] {logging_mixin.py:190} INFO - [2025-04-16T21:29:05.487+1000] {dag.py:3262} INFO - Creating ORM DAG for example_branch_datetime_operator_3
[2025-04-16T21:29:05.488+1000] {logging_mixin.py:190} INFO - [2025-04-16T21:29:05.488+1000] {dag.py:3262} INFO - Creating ORM DAG for example_branch_datetime_operator_2
[2025-04-16T21:29:05.496+1000] {logging_mixin.py:190} INFO - [2025-04-16T21:29:05.496+1000] {dag.py:4180} INFO - Setting next_dagrun for example_branch_datetime_operator to 2025-04-15 00:00:00+00:00, run_after=2025-04-16 00:00:00+00:00
[2025-04-16T21:29:05.498+1000] {logging_mixin.py:190} INFO - [2025-04-16T21:29:05.497+1000] {dag.py:4180} INFO - Setting next_dagrun for example_branch_datetime_operator_2 to 2025-04-15 00:00:00+00:00, run_after=2025-04-16 00:00:00+00:00
[2025-04-16T21:29:05.499+1000] {logging_mixin.py:190} INFO - [2025-04-16T21:29:05.499+1000] {dag.py:4180} INFO - Setting next_dagrun for example_branch_datetime_operator_3 to 2025-04-15 00:00:00+00:00, run_after=2025-04-16 00:00:00+00:00
[2025-04-16T21:29:05.517+1000] {processor.py:208} INFO - Processing /Users/anurag/Desktop/Self/Coding Projects/learning-airflow/python37/lib/python3.12/site-packages/airflow/example_dags/example_branch_datetime_operator.py took 0.504 seconds
[2025-04-16T21:34:11.970+1000] {processor.py:186} INFO - Started process (PID=90111) to work on /Users/anurag/Desktop/Self/Coding Projects/learning-airflow/python37/lib/python3.12/site-packages/airflow/example_dags/example_branch_datetime_operator.py
[2025-04-16T21:34:11.973+1000] {processor.py:914} INFO - Processing file /Users/anurag/Desktop/Self/Coding Projects/learning-airflow/python37/lib/python3.12/site-packages/airflow/example_dags/example_branch_datetime_operator.py for tasks to queue
[2025-04-16T21:34:11.975+1000] {logging_mixin.py:190} INFO - [2025-04-16T21:34:11.975+1000] {dagbag.py:588} INFO - Filling up the DagBag from /Users/anurag/Desktop/Self/Coding Projects/learning-airflow/python37/lib/python3.12/site-packages/airflow/example_dags/example_branch_datetime_operator.py
[2025-04-16T21:34:12.004+1000] {processor.py:925} INFO - DAG(s) 'example_branch_datetime_operator_3', 'example_branch_datetime_operator', 'example_branch_datetime_operator_2' retrieved from /Users/anurag/Desktop/Self/Coding Projects/learning-airflow/python37/lib/python3.12/site-packages/airflow/example_dags/example_branch_datetime_operator.py
[2025-04-16T21:34:12.144+1000] {logging_mixin.py:190} INFO - [2025-04-16T21:34:12.144+1000] {dag.py:3239} INFO - Sync 3 DAGs
[2025-04-16T21:34:12.170+1000] {logging_mixin.py:190} INFO - [2025-04-16T21:34:12.170+1000] {dag.py:4180} INFO - Setting next_dagrun for example_branch_datetime_operator to 2025-04-15 00:00:00+00:00, run_after=2025-04-16 00:00:00+00:00
[2025-04-16T21:34:12.176+1000] {logging_mixin.py:190} INFO - [2025-04-16T21:34:12.176+1000] {dag.py:4180} INFO - Setting next_dagrun for example_branch_datetime_operator_2 to 2025-04-15 00:00:00+00:00, run_after=2025-04-16 00:00:00+00:00
[2025-04-16T21:34:12.179+1000] {logging_mixin.py:190} INFO - [2025-04-16T21:34:12.179+1000] {dag.py:4180} INFO - Setting next_dagrun for example_branch_datetime_operator_3 to 2025-04-15 00:00:00+00:00, run_after=2025-04-16 00:00:00+00:00
[2025-04-16T21:34:12.196+1000] {processor.py:208} INFO - Processing /Users/anurag/Desktop/Self/Coding Projects/learning-airflow/python37/lib/python3.12/site-packages/airflow/example_dags/example_branch_datetime_operator.py took 0.239 seconds
[2025-04-16T21:41:05.910+1000] {processor.py:186} INFO - Started process (PID=91138) to work on /Users/anurag/Desktop/Self/Coding Projects/learning-airflow/python37/lib/python3.12/site-packages/airflow/example_dags/example_branch_datetime_operator.py
[2025-04-16T21:41:05.912+1000] {processor.py:914} INFO - Processing file /Users/anurag/Desktop/Self/Coding Projects/learning-airflow/python37/lib/python3.12/site-packages/airflow/example_dags/example_branch_datetime_operator.py for tasks to queue
[2025-04-16T21:41:05.913+1000] {logging_mixin.py:190} INFO - [2025-04-16T21:41:05.913+1000] {dagbag.py:588} INFO - Filling up the DagBag from /Users/anurag/Desktop/Self/Coding Projects/learning-airflow/python37/lib/python3.12/site-packages/airflow/example_dags/example_branch_datetime_operator.py
[2025-04-16T21:41:05.925+1000] {processor.py:925} INFO - DAG(s) 'example_branch_datetime_operator_2', 'example_branch_datetime_operator', 'example_branch_datetime_operator_3' retrieved from /Users/anurag/Desktop/Self/Coding Projects/learning-airflow/python37/lib/python3.12/site-packages/airflow/example_dags/example_branch_datetime_operator.py
[2025-04-16T21:41:06.018+1000] {logging_mixin.py:190} INFO - [2025-04-16T21:41:06.018+1000] {dag.py:3239} INFO - Sync 3 DAGs
[2025-04-16T21:41:06.035+1000] {logging_mixin.py:190} INFO - [2025-04-16T21:41:06.035+1000] {dag.py:4180} INFO - Setting next_dagrun for example_branch_datetime_operator to 2025-04-15 00:00:00+00:00, run_after=2025-04-16 00:00:00+00:00
[2025-04-16T21:41:06.039+1000] {logging_mixin.py:190} INFO - [2025-04-16T21:41:06.039+1000] {dag.py:4180} INFO - Setting next_dagrun for example_branch_datetime_operator_2 to 2025-04-15 00:00:00+00:00, run_after=2025-04-16 00:00:00+00:00
[2025-04-16T21:41:06.041+1000] {logging_mixin.py:190} INFO - [2025-04-16T21:41:06.041+1000] {dag.py:4180} INFO - Setting next_dagrun for example_branch_datetime_operator_3 to 2025-04-15 00:00:00+00:00, run_after=2025-04-16 00:00:00+00:00
[2025-04-16T21:41:06.055+1000] {processor.py:208} INFO - Processing /Users/anurag/Desktop/Self/Coding Projects/learning-airflow/python37/lib/python3.12/site-packages/airflow/example_dags/example_branch_datetime_operator.py took 0.149 seconds
[2025-04-16T21:46:40.949+1000] {processor.py:186} INFO - Started process (PID=13270) to work on /Users/anurag/Desktop/Self/Coding Projects/learning-airflow/python37/lib/python3.12/site-packages/airflow/example_dags/example_branch_datetime_operator.py
[2025-04-16T21:46:40.952+1000] {processor.py:914} INFO - Processing file /Users/anurag/Desktop/Self/Coding Projects/learning-airflow/python37/lib/python3.12/site-packages/airflow/example_dags/example_branch_datetime_operator.py for tasks to queue
[2025-04-16T21:46:40.954+1000] {logging_mixin.py:190} INFO - [2025-04-16T21:46:40.954+1000] {dagbag.py:588} INFO - Filling up the DagBag from /Users/anurag/Desktop/Self/Coding Projects/learning-airflow/python37/lib/python3.12/site-packages/airflow/example_dags/example_branch_datetime_operator.py
[2025-04-16T21:46:40.971+1000] {processor.py:925} INFO - DAG(s) 'example_branch_datetime_operator_3', 'example_branch_datetime_operator', 'example_branch_datetime_operator_2' retrieved from /Users/anurag/Desktop/Self/Coding Projects/learning-airflow/python37/lib/python3.12/site-packages/airflow/example_dags/example_branch_datetime_operator.py
[2025-04-16T21:46:41.102+1000] {logging_mixin.py:190} INFO - [2025-04-16T21:46:41.102+1000] {dag.py:3239} INFO - Sync 3 DAGs
[2025-04-16T21:46:41.129+1000] {logging_mixin.py:190} INFO - [2025-04-16T21:46:41.129+1000] {dag.py:4180} INFO - Setting next_dagrun for example_branch_datetime_operator to 2025-04-15 00:00:00+00:00, run_after=2025-04-16 00:00:00+00:00
[2025-04-16T21:46:41.135+1000] {logging_mixin.py:190} INFO - [2025-04-16T21:46:41.134+1000] {dag.py:4180} INFO - Setting next_dagrun for example_branch_datetime_operator_2 to 2025-04-15 00:00:00+00:00, run_after=2025-04-16 00:00:00+00:00
[2025-04-16T21:46:41.138+1000] {logging_mixin.py:190} INFO - [2025-04-16T21:46:41.138+1000] {dag.py:4180} INFO - Setting next_dagrun for example_branch_datetime_operator_3 to 2025-04-15 00:00:00+00:00, run_after=2025-04-16 00:00:00+00:00
[2025-04-16T21:46:41.155+1000] {processor.py:208} INFO - Processing /Users/anurag/Desktop/Self/Coding Projects/learning-airflow/python37/lib/python3.12/site-packages/airflow/example_dags/example_branch_datetime_operator.py took 0.211 seconds
