[2025-04-16T21:28:39.947+1000] {processor.py:186} INFO - Started process (PID=89197) to work on /Users/anurag/Desktop/Self/Coding Projects/learning-airflow/python37/lib/python3.12/site-packages/airflow/example_dags/example_dataset_alias.py
[2025-04-16T21:28:39.948+1000] {processor.py:914} INFO - Processing file /Users/anurag/Desktop/Self/Coding Projects/learning-airflow/python37/lib/python3.12/site-packages/airflow/example_dags/example_dataset_alias.py for tasks to queue
[2025-04-16T21:28:39.949+1000] {logging_mixin.py:190} INFO - [2025-04-16T21:28:39.949+1000] {dagbag.py:588} INFO - Filling up the DagBag from /Users/anurag/Desktop/Self/Coding Projects/learning-airflow/python37/lib/python3.12/site-packages/airflow/example_dags/example_dataset_alias.py
[2025-04-16T21:28:40.097+1000] {processor.py:925} INFO - DAG(s) 'dataset_alias_example_alias_consumer', 'dataset_s3_bucket_consumer', 'dataset_s3_bucket_producer', 'dataset_alias_example_alias_producer' retrieved from /Users/anurag/Desktop/Self/Coding Projects/learning-airflow/python37/lib/python3.12/site-packages/airflow/example_dags/example_dataset_alias.py
[2025-04-16T21:28:40.182+1000] {logging_mixin.py:190} INFO - [2025-04-16T21:28:40.182+1000] {override.py:1930} INFO - Created Permission View: can read on DAG:dataset_alias_example_alias_consumer
[2025-04-16T21:28:40.190+1000] {logging_mixin.py:190} INFO - [2025-04-16T21:28:40.190+1000] {override.py:1930} INFO - Created Permission View: can delete on DAG:dataset_alias_example_alias_consumer
[2025-04-16T21:28:40.195+1000] {logging_mixin.py:190} INFO - [2025-04-16T21:28:40.195+1000] {override.py:1930} INFO - Created Permission View: can edit on DAG:dataset_alias_example_alias_consumer
[2025-04-16T21:28:40.202+1000] {logging_mixin.py:190} INFO - [2025-04-16T21:28:40.202+1000] {override.py:1930} INFO - Created Permission View: can read on DAG Run:dataset_alias_example_alias_consumer
[2025-04-16T21:28:40.208+1000] {logging_mixin.py:190} INFO - [2025-04-16T21:28:40.207+1000] {override.py:1930} INFO - Created Permission View: menu access on DAG Run:dataset_alias_example_alias_consumer
[2025-04-16T21:28:40.213+1000] {logging_mixin.py:190} INFO - [2025-04-16T21:28:40.213+1000] {override.py:1930} INFO - Created Permission View: can delete on DAG Run:dataset_alias_example_alias_consumer
[2025-04-16T21:28:40.218+1000] {logging_mixin.py:190} INFO - [2025-04-16T21:28:40.218+1000] {override.py:1930} INFO - Created Permission View: can create on DAG Run:dataset_alias_example_alias_consumer
[2025-04-16T21:28:40.228+1000] {logging_mixin.py:190} INFO - [2025-04-16T21:28:40.228+1000] {override.py:1930} INFO - Created Permission View: can read on DAG:dataset_s3_bucket_consumer
[2025-04-16T21:28:40.233+1000] {logging_mixin.py:190} INFO - [2025-04-16T21:28:40.233+1000] {override.py:1930} INFO - Created Permission View: can delete on DAG:dataset_s3_bucket_consumer
[2025-04-16T21:28:40.238+1000] {logging_mixin.py:190} INFO - [2025-04-16T21:28:40.238+1000] {override.py:1930} INFO - Created Permission View: can edit on DAG:dataset_s3_bucket_consumer
[2025-04-16T21:28:40.245+1000] {logging_mixin.py:190} INFO - [2025-04-16T21:28:40.245+1000] {override.py:1930} INFO - Created Permission View: can read on DAG Run:dataset_s3_bucket_consumer
[2025-04-16T21:28:40.250+1000] {logging_mixin.py:190} INFO - [2025-04-16T21:28:40.250+1000] {override.py:1930} INFO - Created Permission View: menu access on DAG Run:dataset_s3_bucket_consumer
[2025-04-16T21:28:40.255+1000] {logging_mixin.py:190} INFO - [2025-04-16T21:28:40.255+1000] {override.py:1930} INFO - Created Permission View: can delete on DAG Run:dataset_s3_bucket_consumer
[2025-04-16T21:28:40.260+1000] {logging_mixin.py:190} INFO - [2025-04-16T21:28:40.260+1000] {override.py:1930} INFO - Created Permission View: can create on DAG Run:dataset_s3_bucket_consumer
[2025-04-16T21:28:40.276+1000] {logging_mixin.py:190} INFO - [2025-04-16T21:28:40.276+1000] {override.py:1930} INFO - Created Permission View: can read on DAG:dataset_s3_bucket_producer
[2025-04-16T21:28:40.284+1000] {logging_mixin.py:190} INFO - [2025-04-16T21:28:40.284+1000] {override.py:1930} INFO - Created Permission View: can delete on DAG:dataset_s3_bucket_producer
[2025-04-16T21:28:40.291+1000] {logging_mixin.py:190} INFO - [2025-04-16T21:28:40.291+1000] {override.py:1930} INFO - Created Permission View: can edit on DAG:dataset_s3_bucket_producer
[2025-04-16T21:28:40.299+1000] {logging_mixin.py:190} INFO - [2025-04-16T21:28:40.299+1000] {override.py:1930} INFO - Created Permission View: can read on DAG Run:dataset_s3_bucket_producer
[2025-04-16T21:28:40.305+1000] {logging_mixin.py:190} INFO - [2025-04-16T21:28:40.305+1000] {override.py:1930} INFO - Created Permission View: menu access on DAG Run:dataset_s3_bucket_producer
[2025-04-16T21:28:40.310+1000] {logging_mixin.py:190} INFO - [2025-04-16T21:28:40.310+1000] {override.py:1930} INFO - Created Permission View: can delete on DAG Run:dataset_s3_bucket_producer
[2025-04-16T21:28:40.315+1000] {logging_mixin.py:190} INFO - [2025-04-16T21:28:40.315+1000] {override.py:1930} INFO - Created Permission View: can create on DAG Run:dataset_s3_bucket_producer
[2025-04-16T21:28:40.327+1000] {logging_mixin.py:190} INFO - [2025-04-16T21:28:40.327+1000] {override.py:1930} INFO - Created Permission View: can read on DAG:dataset_alias_example_alias_producer
[2025-04-16T21:28:40.332+1000] {logging_mixin.py:190} INFO - [2025-04-16T21:28:40.332+1000] {override.py:1930} INFO - Created Permission View: can delete on DAG:dataset_alias_example_alias_producer
[2025-04-16T21:28:40.337+1000] {logging_mixin.py:190} INFO - [2025-04-16T21:28:40.337+1000] {override.py:1930} INFO - Created Permission View: can edit on DAG:dataset_alias_example_alias_producer
[2025-04-16T21:28:40.344+1000] {logging_mixin.py:190} INFO - [2025-04-16T21:28:40.344+1000] {override.py:1930} INFO - Created Permission View: can read on DAG Run:dataset_alias_example_alias_producer
[2025-04-16T21:28:40.349+1000] {logging_mixin.py:190} INFO - [2025-04-16T21:28:40.349+1000] {override.py:1930} INFO - Created Permission View: menu access on DAG Run:dataset_alias_example_alias_producer
[2025-04-16T21:28:40.354+1000] {logging_mixin.py:190} INFO - [2025-04-16T21:28:40.354+1000] {override.py:1930} INFO - Created Permission View: can delete on DAG Run:dataset_alias_example_alias_producer
[2025-04-16T21:28:40.359+1000] {logging_mixin.py:190} INFO - [2025-04-16T21:28:40.359+1000] {override.py:1930} INFO - Created Permission View: can create on DAG Run:dataset_alias_example_alias_producer
[2025-04-16T21:28:40.360+1000] {logging_mixin.py:190} INFO - [2025-04-16T21:28:40.360+1000] {dag.py:3239} INFO - Sync 4 DAGs
[2025-04-16T21:28:40.427+1000] {logging_mixin.py:190} INFO - [2025-04-16T21:28:40.426+1000] {dag.py:3262} INFO - Creating ORM DAG for dataset_s3_bucket_producer
[2025-04-16T21:28:40.427+1000] {logging_mixin.py:190} INFO - [2025-04-16T21:28:40.427+1000] {dag.py:3262} INFO - Creating ORM DAG for dataset_alias_example_alias_consumer
[2025-04-16T21:28:40.428+1000] {logging_mixin.py:190} INFO - [2025-04-16T21:28:40.428+1000] {dag.py:3262} INFO - Creating ORM DAG for dataset_s3_bucket_consumer
[2025-04-16T21:28:40.428+1000] {logging_mixin.py:190} INFO - [2025-04-16T21:28:40.428+1000] {dag.py:3262} INFO - Creating ORM DAG for dataset_alias_example_alias_producer
[2025-04-16T21:28:40.436+1000] {logging_mixin.py:190} INFO - [2025-04-16T21:28:40.436+1000] {dag.py:4180} INFO - Setting next_dagrun for dataset_alias_example_alias_consumer to None, run_after=None
[2025-04-16T21:28:40.437+1000] {logging_mixin.py:190} INFO - [2025-04-16T21:28:40.436+1000] {dag.py:4180} INFO - Setting next_dagrun for dataset_alias_example_alias_producer to None, run_after=None
[2025-04-16T21:28:40.437+1000] {logging_mixin.py:190} INFO - [2025-04-16T21:28:40.437+1000] {dag.py:4180} INFO - Setting next_dagrun for dataset_s3_bucket_consumer to None, run_after=None
[2025-04-16T21:28:40.438+1000] {logging_mixin.py:190} INFO - [2025-04-16T21:28:40.437+1000] {dag.py:4180} INFO - Setting next_dagrun for dataset_s3_bucket_producer to None, run_after=None
[2025-04-16T21:28:40.451+1000] {logging_mixin.py:190} INFO - [2025-04-16T21:28:40.451+1000] {workday.py:41} WARNING - Could not import pandas. Holidays will not be considered.
[2025-04-16T21:28:40.464+1000] {processor.py:208} INFO - Processing /Users/anurag/Desktop/Self/Coding Projects/learning-airflow/python37/lib/python3.12/site-packages/airflow/example_dags/example_dataset_alias.py took 0.522 seconds
[2025-04-16T21:31:23.956+1000] {processor.py:186} INFO - Started process (PID=89673) to work on /Users/anurag/Desktop/Self/Coding Projects/learning-airflow/python37/lib/python3.12/site-packages/airflow/example_dags/example_dataset_alias.py
[2025-04-16T21:31:23.958+1000] {processor.py:914} INFO - Processing file /Users/anurag/Desktop/Self/Coding Projects/learning-airflow/python37/lib/python3.12/site-packages/airflow/example_dags/example_dataset_alias.py for tasks to queue
[2025-04-16T21:31:23.959+1000] {logging_mixin.py:190} INFO - [2025-04-16T21:31:23.959+1000] {dagbag.py:588} INFO - Filling up the DagBag from /Users/anurag/Desktop/Self/Coding Projects/learning-airflow/python37/lib/python3.12/site-packages/airflow/example_dags/example_dataset_alias.py
[2025-04-16T21:31:24.154+1000] {processor.py:925} INFO - DAG(s) 'dataset_alias_example_alias_producer', 'dataset_s3_bucket_producer', 'dataset_s3_bucket_consumer', 'dataset_alias_example_alias_consumer' retrieved from /Users/anurag/Desktop/Self/Coding Projects/learning-airflow/python37/lib/python3.12/site-packages/airflow/example_dags/example_dataset_alias.py
[2025-04-16T21:31:24.180+1000] {logging_mixin.py:190} INFO - [2025-04-16T21:31:24.180+1000] {dag.py:3239} INFO - Sync 4 DAGs
[2025-04-16T21:31:24.199+1000] {logging_mixin.py:190} INFO - [2025-04-16T21:31:24.199+1000] {dag.py:4180} INFO - Setting next_dagrun for dataset_alias_example_alias_consumer to None, run_after=None
[2025-04-16T21:31:24.202+1000] {logging_mixin.py:190} INFO - [2025-04-16T21:31:24.201+1000] {dag.py:4180} INFO - Setting next_dagrun for dataset_alias_example_alias_producer to None, run_after=None
[2025-04-16T21:31:24.204+1000] {logging_mixin.py:190} INFO - [2025-04-16T21:31:24.203+1000] {dag.py:4180} INFO - Setting next_dagrun for dataset_s3_bucket_consumer to None, run_after=None
[2025-04-16T21:31:24.205+1000] {logging_mixin.py:190} INFO - [2025-04-16T21:31:24.205+1000] {dag.py:4180} INFO - Setting next_dagrun for dataset_s3_bucket_producer to None, run_after=None
[2025-04-16T21:31:24.230+1000] {processor.py:208} INFO - Processing /Users/anurag/Desktop/Self/Coding Projects/learning-airflow/python37/lib/python3.12/site-packages/airflow/example_dags/example_dataset_alias.py took 0.280 seconds
[2025-04-16T21:38:34.752+1000] {processor.py:186} INFO - Started process (PID=90745) to work on /Users/anurag/Desktop/Self/Coding Projects/learning-airflow/python37/lib/python3.12/site-packages/airflow/example_dags/example_dataset_alias.py
[2025-04-16T21:38:34.755+1000] {processor.py:914} INFO - Processing file /Users/anurag/Desktop/Self/Coding Projects/learning-airflow/python37/lib/python3.12/site-packages/airflow/example_dags/example_dataset_alias.py for tasks to queue
[2025-04-16T21:38:34.757+1000] {logging_mixin.py:190} INFO - [2025-04-16T21:38:34.756+1000] {dagbag.py:588} INFO - Filling up the DagBag from /Users/anurag/Desktop/Self/Coding Projects/learning-airflow/python37/lib/python3.12/site-packages/airflow/example_dags/example_dataset_alias.py
[2025-04-16T21:38:35.033+1000] {processor.py:925} INFO - DAG(s) 'dataset_alias_example_alias_producer', 'dataset_s3_bucket_consumer', 'dataset_alias_example_alias_consumer', 'dataset_s3_bucket_producer' retrieved from /Users/anurag/Desktop/Self/Coding Projects/learning-airflow/python37/lib/python3.12/site-packages/airflow/example_dags/example_dataset_alias.py
[2025-04-16T21:38:35.069+1000] {logging_mixin.py:190} INFO - [2025-04-16T21:38:35.069+1000] {dag.py:3239} INFO - Sync 4 DAGs
[2025-04-16T21:38:35.099+1000] {logging_mixin.py:190} INFO - [2025-04-16T21:38:35.099+1000] {dag.py:4180} INFO - Setting next_dagrun for dataset_alias_example_alias_consumer to None, run_after=None
[2025-04-16T21:38:35.102+1000] {logging_mixin.py:190} INFO - [2025-04-16T21:38:35.102+1000] {dag.py:4180} INFO - Setting next_dagrun for dataset_alias_example_alias_producer to None, run_after=None
[2025-04-16T21:38:35.103+1000] {logging_mixin.py:190} INFO - [2025-04-16T21:38:35.103+1000] {dag.py:4180} INFO - Setting next_dagrun for dataset_s3_bucket_consumer to None, run_after=None
[2025-04-16T21:38:35.105+1000] {logging_mixin.py:190} INFO - [2025-04-16T21:38:35.105+1000] {dag.py:4180} INFO - Setting next_dagrun for dataset_s3_bucket_producer to None, run_after=None
[2025-04-16T21:38:35.139+1000] {processor.py:208} INFO - Processing /Users/anurag/Desktop/Self/Coding Projects/learning-airflow/python37/lib/python3.12/site-packages/airflow/example_dags/example_dataset_alias.py took 0.393 seconds
[2025-04-16T21:43:19.210+1000] {processor.py:186} INFO - Started process (PID=91562) to work on /Users/anurag/Desktop/Self/Coding Projects/learning-airflow/python37/lib/python3.12/site-packages/airflow/example_dags/example_dataset_alias.py
[2025-04-16T21:43:19.212+1000] {processor.py:914} INFO - Processing file /Users/anurag/Desktop/Self/Coding Projects/learning-airflow/python37/lib/python3.12/site-packages/airflow/example_dags/example_dataset_alias.py for tasks to queue
[2025-04-16T21:43:19.213+1000] {logging_mixin.py:190} INFO - [2025-04-16T21:43:19.213+1000] {dagbag.py:588} INFO - Filling up the DagBag from /Users/anurag/Desktop/Self/Coding Projects/learning-airflow/python37/lib/python3.12/site-packages/airflow/example_dags/example_dataset_alias.py
[2025-04-16T21:43:19.422+1000] {processor.py:925} INFO - DAG(s) 'dataset_alias_example_alias_producer', 'dataset_s3_bucket_producer', 'dataset_alias_example_alias_consumer', 'dataset_s3_bucket_consumer' retrieved from /Users/anurag/Desktop/Self/Coding Projects/learning-airflow/python37/lib/python3.12/site-packages/airflow/example_dags/example_dataset_alias.py
[2025-04-16T21:43:19.451+1000] {logging_mixin.py:190} INFO - [2025-04-16T21:43:19.450+1000] {dag.py:3239} INFO - Sync 4 DAGs
[2025-04-16T21:43:19.473+1000] {logging_mixin.py:190} INFO - [2025-04-16T21:43:19.473+1000] {dag.py:4180} INFO - Setting next_dagrun for dataset_alias_example_alias_consumer to None, run_after=None
[2025-04-16T21:43:19.475+1000] {logging_mixin.py:190} INFO - [2025-04-16T21:43:19.475+1000] {dag.py:4180} INFO - Setting next_dagrun for dataset_alias_example_alias_producer to None, run_after=None
[2025-04-16T21:43:19.476+1000] {logging_mixin.py:190} INFO - [2025-04-16T21:43:19.476+1000] {dag.py:4180} INFO - Setting next_dagrun for dataset_s3_bucket_consumer to None, run_after=None
[2025-04-16T21:43:19.477+1000] {logging_mixin.py:190} INFO - [2025-04-16T21:43:19.477+1000] {dag.py:4180} INFO - Setting next_dagrun for dataset_s3_bucket_producer to None, run_after=None
[2025-04-16T21:43:19.501+1000] {processor.py:208} INFO - Processing /Users/anurag/Desktop/Self/Coding Projects/learning-airflow/python37/lib/python3.12/site-packages/airflow/example_dags/example_dataset_alias.py took 0.297 seconds
