[2025-04-16T21:26:39.205+1000] {processor.py:186} INFO - Started process (PID=88868) to work on /Users/anurag/Desktop/Self/Coding Projects/learning-airflow/python37/lib/python3.12/site-packages/airflow/example_dags/example_time_delta_sensor_async.py
[2025-04-16T21:26:39.207+1000] {processor.py:914} INFO - Processing file /Users/anurag/Desktop/Self/Coding Projects/learning-airflow/python37/lib/python3.12/site-packages/airflow/example_dags/example_time_delta_sensor_async.py for tasks to queue
[2025-04-16T21:26:39.208+1000] {logging_mixin.py:190} INFO - [2025-04-16T21:26:39.208+1000] {dagbag.py:588} INFO - Filling up the DagBag from /Users/anurag/Desktop/Self/Coding Projects/learning-airflow/python37/lib/python3.12/site-packages/airflow/example_dags/example_time_delta_sensor_async.py
[2025-04-16T21:26:39.216+1000] {processor.py:925} INFO - DAG(s) 'example_time_delta_sensor_async' retrieved from /Users/anurag/Desktop/Self/Coding Projects/learning-airflow/python37/lib/python3.12/site-packages/airflow/example_dags/example_time_delta_sensor_async.py
[2025-04-16T21:26:39.298+1000] {logging_mixin.py:190} INFO - [2025-04-16T21:26:39.298+1000] {workday.py:41} WARNING - Could not import pandas. Holidays will not be considered.
[2025-04-16T21:26:39.393+1000] {logging_mixin.py:190} INFO - [2025-04-16T21:26:39.393+1000] {override.py:1930} INFO - Created Permission View: can delete on DAG:example_time_delta_sensor_async
[2025-04-16T21:26:39.401+1000] {logging_mixin.py:190} INFO - [2025-04-16T21:26:39.401+1000] {override.py:1930} INFO - Created Permission View: can edit on DAG:example_time_delta_sensor_async
[2025-04-16T21:26:39.406+1000] {logging_mixin.py:190} INFO - [2025-04-16T21:26:39.406+1000] {override.py:1930} INFO - Created Permission View: can read on DAG:example_time_delta_sensor_async
[2025-04-16T21:26:39.413+1000] {logging_mixin.py:190} INFO - [2025-04-16T21:26:39.413+1000] {override.py:1930} INFO - Created Permission View: menu access on DAG Run:example_time_delta_sensor_async
[2025-04-16T21:26:39.418+1000] {logging_mixin.py:190} INFO - [2025-04-16T21:26:39.418+1000] {override.py:1930} INFO - Created Permission View: can create on DAG Run:example_time_delta_sensor_async
[2025-04-16T21:26:39.423+1000] {logging_mixin.py:190} INFO - [2025-04-16T21:26:39.423+1000] {override.py:1930} INFO - Created Permission View: can delete on DAG Run:example_time_delta_sensor_async
[2025-04-16T21:26:39.429+1000] {logging_mixin.py:190} INFO - [2025-04-16T21:26:39.428+1000] {override.py:1930} INFO - Created Permission View: can read on DAG Run:example_time_delta_sensor_async
[2025-04-16T21:26:39.429+1000] {logging_mixin.py:190} INFO - [2025-04-16T21:26:39.429+1000] {dag.py:3239} INFO - Sync 1 DAGs
[2025-04-16T21:26:39.439+1000] {logging_mixin.py:190} INFO - [2025-04-16T21:26:39.438+1000] {dag.py:3262} INFO - Creating ORM DAG for example_time_delta_sensor_async
[2025-04-16T21:26:39.439+1000] {logging_mixin.py:190} INFO - [2025-04-16T21:26:39.439+1000] {dag.py:4180} INFO - Setting next_dagrun for example_time_delta_sensor_async to None, run_after=None
[2025-04-16T21:26:39.452+1000] {processor.py:208} INFO - Processing /Users/anurag/Desktop/Self/Coding Projects/learning-airflow/python37/lib/python3.12/site-packages/airflow/example_dags/example_time_delta_sensor_async.py took 0.251 seconds
[2025-04-16T21:30:00.773+1000] {processor.py:186} INFO - Started process (PID=89449) to work on /Users/anurag/Desktop/Self/Coding Projects/learning-airflow/python37/lib/python3.12/site-packages/airflow/example_dags/example_time_delta_sensor_async.py
[2025-04-16T21:30:00.779+1000] {processor.py:914} INFO - Processing file /Users/anurag/Desktop/Self/Coding Projects/learning-airflow/python37/lib/python3.12/site-packages/airflow/example_dags/example_time_delta_sensor_async.py for tasks to queue
[2025-04-16T21:30:00.782+1000] {logging_mixin.py:190} INFO - [2025-04-16T21:30:00.781+1000] {dagbag.py:588} INFO - Filling up the DagBag from /Users/anurag/Desktop/Self/Coding Projects/learning-airflow/python37/lib/python3.12/site-packages/airflow/example_dags/example_time_delta_sensor_async.py
[2025-04-16T21:30:00.807+1000] {processor.py:925} INFO - DAG(s) 'example_time_delta_sensor_async' retrieved from /Users/anurag/Desktop/Self/Coding Projects/learning-airflow/python37/lib/python3.12/site-packages/airflow/example_dags/example_time_delta_sensor_async.py
[2025-04-16T21:30:00.930+1000] {logging_mixin.py:190} INFO - [2025-04-16T21:30:00.929+1000] {workday.py:41} WARNING - Could not import pandas. Holidays will not be considered.
[2025-04-16T21:30:00.964+1000] {logging_mixin.py:190} INFO - [2025-04-16T21:30:00.964+1000] {dag.py:3239} INFO - Sync 1 DAGs
[2025-04-16T21:30:00.981+1000] {logging_mixin.py:190} INFO - [2025-04-16T21:30:00.981+1000] {dag.py:4180} INFO - Setting next_dagrun for example_time_delta_sensor_async to None, run_after=None
[2025-04-16T21:30:01.003+1000] {processor.py:208} INFO - Processing /Users/anurag/Desktop/Self/Coding Projects/learning-airflow/python37/lib/python3.12/site-packages/airflow/example_dags/example_time_delta_sensor_async.py took 0.240 seconds
[2025-04-16T21:32:23.901+1000] {processor.py:186} INFO - Started process (PID=89826) to work on /Users/anurag/Desktop/Self/Coding Projects/learning-airflow/python37/lib/python3.12/site-packages/airflow/example_dags/example_time_delta_sensor_async.py
[2025-04-16T21:32:23.903+1000] {processor.py:914} INFO - Processing file /Users/anurag/Desktop/Self/Coding Projects/learning-airflow/python37/lib/python3.12/site-packages/airflow/example_dags/example_time_delta_sensor_async.py for tasks to queue
[2025-04-16T21:32:23.905+1000] {logging_mixin.py:190} INFO - [2025-04-16T21:32:23.905+1000] {dagbag.py:588} INFO - Filling up the DagBag from /Users/anurag/Desktop/Self/Coding Projects/learning-airflow/python37/lib/python3.12/site-packages/airflow/example_dags/example_time_delta_sensor_async.py
[2025-04-16T21:32:23.915+1000] {processor.py:925} INFO - DAG(s) 'example_time_delta_sensor_async' retrieved from /Users/anurag/Desktop/Self/Coding Projects/learning-airflow/python37/lib/python3.12/site-packages/airflow/example_dags/example_time_delta_sensor_async.py
[2025-04-16T21:32:24.009+1000] {logging_mixin.py:190} INFO - [2025-04-16T21:32:24.009+1000] {workday.py:41} WARNING - Could not import pandas. Holidays will not be considered.
[2025-04-16T21:32:24.029+1000] {logging_mixin.py:190} INFO - [2025-04-16T21:32:24.028+1000] {dag.py:3239} INFO - Sync 1 DAGs
[2025-04-16T21:32:24.039+1000] {logging_mixin.py:190} INFO - [2025-04-16T21:32:24.039+1000] {dag.py:4180} INFO - Setting next_dagrun for example_time_delta_sensor_async to None, run_after=None
[2025-04-16T21:32:24.054+1000] {processor.py:208} INFO - Processing /Users/anurag/Desktop/Self/Coding Projects/learning-airflow/python37/lib/python3.12/site-packages/airflow/example_dags/example_time_delta_sensor_async.py took 0.158 seconds
[2025-04-16T21:36:06.338+1000] {processor.py:186} INFO - Started process (PID=90394) to work on /Users/anurag/Desktop/Self/Coding Projects/learning-airflow/python37/lib/python3.12/site-packages/airflow/example_dags/example_time_delta_sensor_async.py
[2025-04-16T21:36:06.341+1000] {processor.py:914} INFO - Processing file /Users/anurag/Desktop/Self/Coding Projects/learning-airflow/python37/lib/python3.12/site-packages/airflow/example_dags/example_time_delta_sensor_async.py for tasks to queue
[2025-04-16T21:36:06.343+1000] {logging_mixin.py:190} INFO - [2025-04-16T21:36:06.342+1000] {dagbag.py:588} INFO - Filling up the DagBag from /Users/anurag/Desktop/Self/Coding Projects/learning-airflow/python37/lib/python3.12/site-packages/airflow/example_dags/example_time_delta_sensor_async.py
[2025-04-16T21:36:06.357+1000] {processor.py:925} INFO - DAG(s) 'example_time_delta_sensor_async' retrieved from /Users/anurag/Desktop/Self/Coding Projects/learning-airflow/python37/lib/python3.12/site-packages/airflow/example_dags/example_time_delta_sensor_async.py
[2025-04-16T21:36:06.510+1000] {logging_mixin.py:190} INFO - [2025-04-16T21:36:06.510+1000] {workday.py:41} WARNING - Could not import pandas. Holidays will not be considered.
[2025-04-16T21:36:06.545+1000] {logging_mixin.py:190} INFO - [2025-04-16T21:36:06.545+1000] {dag.py:3239} INFO - Sync 1 DAGs
[2025-04-16T21:36:06.563+1000] {logging_mixin.py:190} INFO - [2025-04-16T21:36:06.563+1000] {dag.py:4180} INFO - Setting next_dagrun for example_time_delta_sensor_async to None, run_after=None
[2025-04-16T21:36:06.591+1000] {processor.py:208} INFO - Processing /Users/anurag/Desktop/Self/Coding Projects/learning-airflow/python37/lib/python3.12/site-packages/airflow/example_dags/example_time_delta_sensor_async.py took 0.260 seconds
[2025-04-16T21:39:40.998+1000] {processor.py:186} INFO - Started process (PID=90914) to work on /Users/anurag/Desktop/Self/Coding Projects/learning-airflow/python37/lib/python3.12/site-packages/airflow/example_dags/example_time_delta_sensor_async.py
[2025-04-16T21:39:41.001+1000] {processor.py:914} INFO - Processing file /Users/anurag/Desktop/Self/Coding Projects/learning-airflow/python37/lib/python3.12/site-packages/airflow/example_dags/example_time_delta_sensor_async.py for tasks to queue
[2025-04-16T21:39:41.003+1000] {logging_mixin.py:190} INFO - [2025-04-16T21:39:41.003+1000] {dagbag.py:588} INFO - Filling up the DagBag from /Users/anurag/Desktop/Self/Coding Projects/learning-airflow/python37/lib/python3.12/site-packages/airflow/example_dags/example_time_delta_sensor_async.py
[2025-04-16T21:39:41.013+1000] {processor.py:925} INFO - DAG(s) 'example_time_delta_sensor_async' retrieved from /Users/anurag/Desktop/Self/Coding Projects/learning-airflow/python37/lib/python3.12/site-packages/airflow/example_dags/example_time_delta_sensor_async.py
[2025-04-16T21:39:41.109+1000] {logging_mixin.py:190} INFO - [2025-04-16T21:39:41.109+1000] {workday.py:41} WARNING - Could not import pandas. Holidays will not be considered.
[2025-04-16T21:39:41.132+1000] {logging_mixin.py:190} INFO - [2025-04-16T21:39:41.131+1000] {dag.py:3239} INFO - Sync 1 DAGs
[2025-04-16T21:39:41.144+1000] {logging_mixin.py:190} INFO - [2025-04-16T21:39:41.144+1000] {dag.py:4180} INFO - Setting next_dagrun for example_time_delta_sensor_async to None, run_after=None
[2025-04-16T21:39:41.162+1000] {processor.py:208} INFO - Processing /Users/anurag/Desktop/Self/Coding Projects/learning-airflow/python37/lib/python3.12/site-packages/airflow/example_dags/example_time_delta_sensor_async.py took 0.169 seconds
[2025-04-16T21:42:00.802+1000] {processor.py:186} INFO - Started process (PID=91280) to work on /Users/anurag/Desktop/Self/Coding Projects/learning-airflow/python37/lib/python3.12/site-packages/airflow/example_dags/example_time_delta_sensor_async.py
[2025-04-16T21:42:00.803+1000] {processor.py:914} INFO - Processing file /Users/anurag/Desktop/Self/Coding Projects/learning-airflow/python37/lib/python3.12/site-packages/airflow/example_dags/example_time_delta_sensor_async.py for tasks to queue
[2025-04-16T21:42:00.805+1000] {logging_mixin.py:190} INFO - [2025-04-16T21:42:00.804+1000] {dagbag.py:588} INFO - Filling up the DagBag from /Users/anurag/Desktop/Self/Coding Projects/learning-airflow/python37/lib/python3.12/site-packages/airflow/example_dags/example_time_delta_sensor_async.py
[2025-04-16T21:42:00.813+1000] {processor.py:925} INFO - DAG(s) 'example_time_delta_sensor_async' retrieved from /Users/anurag/Desktop/Self/Coding Projects/learning-airflow/python37/lib/python3.12/site-packages/airflow/example_dags/example_time_delta_sensor_async.py
[2025-04-16T21:42:00.902+1000] {logging_mixin.py:190} INFO - [2025-04-16T21:42:00.901+1000] {workday.py:41} WARNING - Could not import pandas. Holidays will not be considered.
[2025-04-16T21:42:00.926+1000] {logging_mixin.py:190} INFO - [2025-04-16T21:42:00.925+1000] {dag.py:3239} INFO - Sync 1 DAGs
[2025-04-16T21:42:00.938+1000] {logging_mixin.py:190} INFO - [2025-04-16T21:42:00.938+1000] {dag.py:4180} INFO - Setting next_dagrun for example_time_delta_sensor_async to None, run_after=None
[2025-04-16T21:42:00.958+1000] {processor.py:208} INFO - Processing /Users/anurag/Desktop/Self/Coding Projects/learning-airflow/python37/lib/python3.12/site-packages/airflow/example_dags/example_time_delta_sensor_async.py took 0.160 seconds
[2025-04-16T21:44:44.759+1000] {processor.py:186} INFO - Started process (PID=5896) to work on /Users/anurag/Desktop/Self/Coding Projects/learning-airflow/python37/lib/python3.12/site-packages/airflow/example_dags/example_time_delta_sensor_async.py
[2025-04-16T21:44:44.761+1000] {processor.py:914} INFO - Processing file /Users/anurag/Desktop/Self/Coding Projects/learning-airflow/python37/lib/python3.12/site-packages/airflow/example_dags/example_time_delta_sensor_async.py for tasks to queue
[2025-04-16T21:44:44.762+1000] {logging_mixin.py:190} INFO - [2025-04-16T21:44:44.762+1000] {dagbag.py:588} INFO - Filling up the DagBag from /Users/anurag/Desktop/Self/Coding Projects/learning-airflow/python37/lib/python3.12/site-packages/airflow/example_dags/example_time_delta_sensor_async.py
[2025-04-16T21:44:44.774+1000] {processor.py:925} INFO - DAG(s) 'example_time_delta_sensor_async' retrieved from /Users/anurag/Desktop/Self/Coding Projects/learning-airflow/python37/lib/python3.12/site-packages/airflow/example_dags/example_time_delta_sensor_async.py
[2025-04-16T21:44:44.906+1000] {logging_mixin.py:190} INFO - [2025-04-16T21:44:44.906+1000] {workday.py:41} WARNING - Could not import pandas. Holidays will not be considered.
[2025-04-16T21:44:44.936+1000] {logging_mixin.py:190} INFO - [2025-04-16T21:44:44.936+1000] {dag.py:3239} INFO - Sync 1 DAGs
[2025-04-16T21:44:44.952+1000] {logging_mixin.py:190} INFO - [2025-04-16T21:44:44.952+1000] {dag.py:4180} INFO - Setting next_dagrun for example_time_delta_sensor_async to None, run_after=None
[2025-04-16T21:44:44.975+1000] {processor.py:208} INFO - Processing /Users/anurag/Desktop/Self/Coding Projects/learning-airflow/python37/lib/python3.12/site-packages/airflow/example_dags/example_time_delta_sensor_async.py took 0.222 seconds
[2025-04-16T21:47:44.520+1000] {processor.py:186} INFO - Started process (PID=21491) to work on /Users/anurag/Desktop/Self/Coding Projects/learning-airflow/python37/lib/python3.12/site-packages/airflow/example_dags/example_time_delta_sensor_async.py
[2025-04-16T21:47:44.523+1000] {processor.py:914} INFO - Processing file /Users/anurag/Desktop/Self/Coding Projects/learning-airflow/python37/lib/python3.12/site-packages/airflow/example_dags/example_time_delta_sensor_async.py for tasks to queue
[2025-04-16T21:47:44.526+1000] {logging_mixin.py:190} INFO - [2025-04-16T21:47:44.525+1000] {dagbag.py:588} INFO - Filling up the DagBag from /Users/anurag/Desktop/Self/Coding Projects/learning-airflow/python37/lib/python3.12/site-packages/airflow/example_dags/example_time_delta_sensor_async.py
[2025-04-16T21:47:44.541+1000] {processor.py:925} INFO - DAG(s) 'example_time_delta_sensor_async' retrieved from /Users/anurag/Desktop/Self/Coding Projects/learning-airflow/python37/lib/python3.12/site-packages/airflow/example_dags/example_time_delta_sensor_async.py
[2025-04-16T21:47:44.687+1000] {logging_mixin.py:190} INFO - [2025-04-16T21:47:44.687+1000] {workday.py:41} WARNING - Could not import pandas. Holidays will not be considered.
[2025-04-16T21:47:44.721+1000] {logging_mixin.py:190} INFO - [2025-04-16T21:47:44.721+1000] {dag.py:3239} INFO - Sync 1 DAGs
[2025-04-16T21:47:44.739+1000] {logging_mixin.py:190} INFO - [2025-04-16T21:47:44.738+1000] {dag.py:4180} INFO - Setting next_dagrun for example_time_delta_sensor_async to None, run_after=None
[2025-04-16T21:47:44.763+1000] {processor.py:208} INFO - Processing /Users/anurag/Desktop/Self/Coding Projects/learning-airflow/python37/lib/python3.12/site-packages/airflow/example_dags/example_time_delta_sensor_async.py took 0.249 seconds
