[2025-04-16T21:27:52.128+1000] {processor.py:186} INFO - Started process (PID=89071) to work on /Users/anurag/Desktop/Self/Coding Projects/learning-airflow/python37/lib/python3.12/site-packages/airflow/example_dags/example_nested_branch_dag.py
[2025-04-16T21:27:52.129+1000] {processor.py:914} INFO - Processing file /Users/anurag/Desktop/Self/Coding Projects/learning-airflow/python37/lib/python3.12/site-packages/airflow/example_dags/example_nested_branch_dag.py for tasks to queue
[2025-04-16T21:27:52.130+1000] {logging_mixin.py:190} INFO - [2025-04-16T21:27:52.130+1000] {dagbag.py:588} INFO - Filling up the DagBag from /Users/anurag/Desktop/Self/Coding Projects/learning-airflow/python37/lib/python3.12/site-packages/airflow/example_dags/example_nested_branch_dag.py
[2025-04-16T21:27:52.167+1000] {processor.py:925} INFO - DAG(s) 'example_nested_branch_dag' retrieved from /Users/anurag/Desktop/Self/Coding Projects/learning-airflow/python37/lib/python3.12/site-packages/airflow/example_dags/example_nested_branch_dag.py
[2025-04-16T21:27:52.338+1000] {logging_mixin.py:190} INFO - [2025-04-16T21:27:52.338+1000] {override.py:1930} INFO - Created Permission View: can read on DAG:example_nested_branch_dag
[2025-04-16T21:27:52.346+1000] {logging_mixin.py:190} INFO - [2025-04-16T21:27:52.346+1000] {override.py:1930} INFO - Created Permission View: can delete on DAG:example_nested_branch_dag
[2025-04-16T21:27:52.351+1000] {logging_mixin.py:190} INFO - [2025-04-16T21:27:52.351+1000] {override.py:1930} INFO - Created Permission View: can edit on DAG:example_nested_branch_dag
[2025-04-16T21:27:52.359+1000] {logging_mixin.py:190} INFO - [2025-04-16T21:27:52.358+1000] {override.py:1930} INFO - Created Permission View: can create on DAG Run:example_nested_branch_dag
[2025-04-16T21:27:52.364+1000] {logging_mixin.py:190} INFO - [2025-04-16T21:27:52.364+1000] {override.py:1930} INFO - Created Permission View: can read on DAG Run:example_nested_branch_dag
[2025-04-16T21:27:52.371+1000] {logging_mixin.py:190} INFO - [2025-04-16T21:27:52.370+1000] {override.py:1930} INFO - Created Permission View: can delete on DAG Run:example_nested_branch_dag
[2025-04-16T21:27:52.378+1000] {logging_mixin.py:190} INFO - [2025-04-16T21:27:52.377+1000] {override.py:1930} INFO - Created Permission View: menu access on DAG Run:example_nested_branch_dag
[2025-04-16T21:27:52.378+1000] {logging_mixin.py:190} INFO - [2025-04-16T21:27:52.378+1000] {dag.py:3239} INFO - Sync 1 DAGs
[2025-04-16T21:27:52.389+1000] {logging_mixin.py:190} INFO - [2025-04-16T21:27:52.389+1000] {dag.py:3262} INFO - Creating ORM DAG for example_nested_branch_dag
[2025-04-16T21:27:52.455+1000] {logging_mixin.py:190} INFO - [2025-04-16T21:27:52.455+1000] {dag.py:4180} INFO - Setting next_dagrun for example_nested_branch_dag to 2025-04-15 00:00:00+00:00, run_after=2025-04-16 00:00:00+00:00
[2025-04-16T21:27:52.474+1000] {processor.py:208} INFO - Processing /Users/anurag/Desktop/Self/Coding Projects/learning-airflow/python37/lib/python3.12/site-packages/airflow/example_dags/example_nested_branch_dag.py took 0.350 seconds
[2025-04-16T21:30:51.566+1000] {processor.py:186} INFO - Started process (PID=89587) to work on /Users/anurag/Desktop/Self/Coding Projects/learning-airflow/python37/lib/python3.12/site-packages/airflow/example_dags/example_nested_branch_dag.py
[2025-04-16T21:30:51.568+1000] {processor.py:914} INFO - Processing file /Users/anurag/Desktop/Self/Coding Projects/learning-airflow/python37/lib/python3.12/site-packages/airflow/example_dags/example_nested_branch_dag.py for tasks to queue
[2025-04-16T21:30:51.569+1000] {logging_mixin.py:190} INFO - [2025-04-16T21:30:51.569+1000] {dagbag.py:588} INFO - Filling up the DagBag from /Users/anurag/Desktop/Self/Coding Projects/learning-airflow/python37/lib/python3.12/site-packages/airflow/example_dags/example_nested_branch_dag.py
[2025-04-16T21:30:51.604+1000] {processor.py:925} INFO - DAG(s) 'example_nested_branch_dag' retrieved from /Users/anurag/Desktop/Self/Coding Projects/learning-airflow/python37/lib/python3.12/site-packages/airflow/example_dags/example_nested_branch_dag.py
[2025-04-16T21:30:51.691+1000] {logging_mixin.py:190} INFO - [2025-04-16T21:30:51.691+1000] {dag.py:3239} INFO - Sync 1 DAGs
[2025-04-16T21:30:51.707+1000] {logging_mixin.py:190} INFO - [2025-04-16T21:30:51.706+1000] {dag.py:4180} INFO - Setting next_dagrun for example_nested_branch_dag to 2025-04-15 00:00:00+00:00, run_after=2025-04-16 00:00:00+00:00
[2025-04-16T21:30:51.723+1000] {processor.py:208} INFO - Processing /Users/anurag/Desktop/Self/Coding Projects/learning-airflow/python37/lib/python3.12/site-packages/airflow/example_dags/example_nested_branch_dag.py took 0.161 seconds
[2025-04-16T21:33:21.643+1000] {processor.py:186} INFO - Started process (PID=89992) to work on /Users/anurag/Desktop/Self/Coding Projects/learning-airflow/python37/lib/python3.12/site-packages/airflow/example_dags/example_nested_branch_dag.py
[2025-04-16T21:33:21.645+1000] {processor.py:914} INFO - Processing file /Users/anurag/Desktop/Self/Coding Projects/learning-airflow/python37/lib/python3.12/site-packages/airflow/example_dags/example_nested_branch_dag.py for tasks to queue
[2025-04-16T21:33:21.647+1000] {logging_mixin.py:190} INFO - [2025-04-16T21:33:21.646+1000] {dagbag.py:588} INFO - Filling up the DagBag from /Users/anurag/Desktop/Self/Coding Projects/learning-airflow/python37/lib/python3.12/site-packages/airflow/example_dags/example_nested_branch_dag.py
[2025-04-16T21:33:21.698+1000] {processor.py:925} INFO - DAG(s) 'example_nested_branch_dag' retrieved from /Users/anurag/Desktop/Self/Coding Projects/learning-airflow/python37/lib/python3.12/site-packages/airflow/example_dags/example_nested_branch_dag.py
[2025-04-16T21:33:21.827+1000] {logging_mixin.py:190} INFO - [2025-04-16T21:33:21.827+1000] {dag.py:3239} INFO - Sync 1 DAGs
[2025-04-16T21:33:21.850+1000] {logging_mixin.py:190} INFO - [2025-04-16T21:33:21.849+1000] {dag.py:4180} INFO - Setting next_dagrun for example_nested_branch_dag to 2025-04-15 00:00:00+00:00, run_after=2025-04-16 00:00:00+00:00
[2025-04-16T21:33:21.870+1000] {processor.py:208} INFO - Processing /Users/anurag/Desktop/Self/Coding Projects/learning-airflow/python37/lib/python3.12/site-packages/airflow/example_dags/example_nested_branch_dag.py took 0.233 seconds
[2025-04-16T21:37:36.136+1000] {processor.py:186} INFO - Started process (PID=90604) to work on /Users/anurag/Desktop/Self/Coding Projects/learning-airflow/python37/lib/python3.12/site-packages/airflow/example_dags/example_nested_branch_dag.py
[2025-04-16T21:37:36.140+1000] {processor.py:914} INFO - Processing file /Users/anurag/Desktop/Self/Coding Projects/learning-airflow/python37/lib/python3.12/site-packages/airflow/example_dags/example_nested_branch_dag.py for tasks to queue
[2025-04-16T21:37:36.142+1000] {logging_mixin.py:190} INFO - [2025-04-16T21:37:36.141+1000] {dagbag.py:588} INFO - Filling up the DagBag from /Users/anurag/Desktop/Self/Coding Projects/learning-airflow/python37/lib/python3.12/site-packages/airflow/example_dags/example_nested_branch_dag.py
[2025-04-16T21:37:36.209+1000] {processor.py:925} INFO - DAG(s) 'example_nested_branch_dag' retrieved from /Users/anurag/Desktop/Self/Coding Projects/learning-airflow/python37/lib/python3.12/site-packages/airflow/example_dags/example_nested_branch_dag.py
[2025-04-16T21:37:36.404+1000] {logging_mixin.py:190} INFO - [2025-04-16T21:37:36.403+1000] {dag.py:3239} INFO - Sync 1 DAGs
[2025-04-16T21:37:36.436+1000] {logging_mixin.py:190} INFO - [2025-04-16T21:37:36.435+1000] {dag.py:4180} INFO - Setting next_dagrun for example_nested_branch_dag to 2025-04-15 00:00:00+00:00, run_after=2025-04-16 00:00:00+00:00
[2025-04-16T21:37:36.466+1000] {processor.py:208} INFO - Processing /Users/anurag/Desktop/Self/Coding Projects/learning-airflow/python37/lib/python3.12/site-packages/airflow/example_dags/example_nested_branch_dag.py took 0.336 seconds
[2025-04-16T21:40:32.223+1000] {processor.py:186} INFO - Started process (PID=91047) to work on /Users/anurag/Desktop/Self/Coding Projects/learning-airflow/python37/lib/python3.12/site-packages/airflow/example_dags/example_nested_branch_dag.py
[2025-04-16T21:40:32.225+1000] {processor.py:914} INFO - Processing file /Users/anurag/Desktop/Self/Coding Projects/learning-airflow/python37/lib/python3.12/site-packages/airflow/example_dags/example_nested_branch_dag.py for tasks to queue
[2025-04-16T21:40:32.226+1000] {logging_mixin.py:190} INFO - [2025-04-16T21:40:32.226+1000] {dagbag.py:588} INFO - Filling up the DagBag from /Users/anurag/Desktop/Self/Coding Projects/learning-airflow/python37/lib/python3.12/site-packages/airflow/example_dags/example_nested_branch_dag.py
[2025-04-16T21:40:32.264+1000] {processor.py:925} INFO - DAG(s) 'example_nested_branch_dag' retrieved from /Users/anurag/Desktop/Self/Coding Projects/learning-airflow/python37/lib/python3.12/site-packages/airflow/example_dags/example_nested_branch_dag.py
[2025-04-16T21:40:32.350+1000] {logging_mixin.py:190} INFO - [2025-04-16T21:40:32.350+1000] {dag.py:3239} INFO - Sync 1 DAGs
[2025-04-16T21:40:32.365+1000] {logging_mixin.py:190} INFO - [2025-04-16T21:40:32.365+1000] {dag.py:4180} INFO - Setting next_dagrun for example_nested_branch_dag to 2025-04-15 00:00:00+00:00, run_after=2025-04-16 00:00:00+00:00
[2025-04-16T21:40:32.381+1000] {processor.py:208} INFO - Processing /Users/anurag/Desktop/Self/Coding Projects/learning-airflow/python37/lib/python3.12/site-packages/airflow/example_dags/example_nested_branch_dag.py took 0.162 seconds
[2025-04-16T21:42:54.569+1000] {processor.py:186} INFO - Started process (PID=91422) to work on /Users/anurag/Desktop/Self/Coding Projects/learning-airflow/python37/lib/python3.12/site-packages/airflow/example_dags/example_nested_branch_dag.py
[2025-04-16T21:42:54.571+1000] {processor.py:914} INFO - Processing file /Users/anurag/Desktop/Self/Coding Projects/learning-airflow/python37/lib/python3.12/site-packages/airflow/example_dags/example_nested_branch_dag.py for tasks to queue
[2025-04-16T21:42:54.573+1000] {logging_mixin.py:190} INFO - [2025-04-16T21:42:54.572+1000] {dagbag.py:588} INFO - Filling up the DagBag from /Users/anurag/Desktop/Self/Coding Projects/learning-airflow/python37/lib/python3.12/site-packages/airflow/example_dags/example_nested_branch_dag.py
[2025-04-16T21:42:54.614+1000] {processor.py:925} INFO - DAG(s) 'example_nested_branch_dag' retrieved from /Users/anurag/Desktop/Self/Coding Projects/learning-airflow/python37/lib/python3.12/site-packages/airflow/example_dags/example_nested_branch_dag.py
[2025-04-16T21:42:54.728+1000] {logging_mixin.py:190} INFO - [2025-04-16T21:42:54.727+1000] {dag.py:3239} INFO - Sync 1 DAGs
[2025-04-16T21:42:54.746+1000] {logging_mixin.py:190} INFO - [2025-04-16T21:42:54.746+1000] {dag.py:4180} INFO - Setting next_dagrun for example_nested_branch_dag to 2025-04-15 00:00:00+00:00, run_after=2025-04-16 00:00:00+00:00
[2025-04-16T21:42:54.766+1000] {processor.py:208} INFO - Processing /Users/anurag/Desktop/Self/Coding Projects/learning-airflow/python37/lib/python3.12/site-packages/airflow/example_dags/example_nested_branch_dag.py took 0.202 seconds
[2025-04-16T21:45:54.520+1000] {processor.py:186} INFO - Started process (PID=9834) to work on /Users/anurag/Desktop/Self/Coding Projects/learning-airflow/python37/lib/python3.12/site-packages/airflow/example_dags/example_nested_branch_dag.py
[2025-04-16T21:45:54.523+1000] {processor.py:914} INFO - Processing file /Users/anurag/Desktop/Self/Coding Projects/learning-airflow/python37/lib/python3.12/site-packages/airflow/example_dags/example_nested_branch_dag.py for tasks to queue
[2025-04-16T21:45:54.525+1000] {logging_mixin.py:190} INFO - [2025-04-16T21:45:54.524+1000] {dagbag.py:588} INFO - Filling up the DagBag from /Users/anurag/Desktop/Self/Coding Projects/learning-airflow/python37/lib/python3.12/site-packages/airflow/example_dags/example_nested_branch_dag.py
[2025-04-16T21:45:54.582+1000] {processor.py:925} INFO - DAG(s) 'example_nested_branch_dag' retrieved from /Users/anurag/Desktop/Self/Coding Projects/learning-airflow/python37/lib/python3.12/site-packages/airflow/example_dags/example_nested_branch_dag.py
[2025-04-16T21:45:54.730+1000] {logging_mixin.py:190} INFO - [2025-04-16T21:45:54.730+1000] {dag.py:3239} INFO - Sync 1 DAGs
[2025-04-16T21:45:54.758+1000] {logging_mixin.py:190} INFO - [2025-04-16T21:45:54.758+1000] {dag.py:4180} INFO - Setting next_dagrun for example_nested_branch_dag to 2025-04-15 00:00:00+00:00, run_after=2025-04-16 00:00:00+00:00
[2025-04-16T21:45:54.783+1000] {processor.py:208} INFO - Processing /Users/anurag/Desktop/Self/Coding Projects/learning-airflow/python37/lib/python3.12/site-packages/airflow/example_dags/example_nested_branch_dag.py took 0.269 seconds
