[2025-04-16T21:28:43.188+1000] {processor.py:186} INFO - Started process (PID=89204) to work on /Users/anurag/Desktop/Self/Coding Projects/learning-airflow/python37/lib/python3.12/site-packages/airflow/example_dags/example_dag_decorator.py
[2025-04-16T21:28:43.189+1000] {processor.py:914} INFO - Processing file /Users/anurag/Desktop/Self/Coding Projects/learning-airflow/python37/lib/python3.12/site-packages/airflow/example_dags/example_dag_decorator.py for tasks to queue
[2025-04-16T21:28:43.191+1000] {logging_mixin.py:190} INFO - [2025-04-16T21:28:43.190+1000] {dagbag.py:588} INFO - Filling up the DagBag from /Users/anurag/Desktop/Self/Coding Projects/learning-airflow/python37/lib/python3.12/site-packages/airflow/example_dags/example_dag_decorator.py
[2025-04-16T21:28:43.345+1000] {processor.py:925} INFO - DAG(s) 'example_dag_decorator' retrieved from /Users/anurag/Desktop/Self/Coding Projects/learning-airflow/python37/lib/python3.12/site-packages/airflow/example_dags/example_dag_decorator.py
[2025-04-16T21:28:43.577+1000] {logging_mixin.py:190} INFO - [2025-04-16T21:28:43.577+1000] {override.py:1930} INFO - Created Permission View: can read on DAG:example_dag_decorator
[2025-04-16T21:28:43.585+1000] {logging_mixin.py:190} INFO - [2025-04-16T21:28:43.585+1000] {override.py:1930} INFO - Created Permission View: can delete on DAG:example_dag_decorator
[2025-04-16T21:28:43.592+1000] {logging_mixin.py:190} INFO - [2025-04-16T21:28:43.592+1000] {override.py:1930} INFO - Created Permission View: can edit on DAG:example_dag_decorator
[2025-04-16T21:28:43.601+1000] {logging_mixin.py:190} INFO - [2025-04-16T21:28:43.600+1000] {override.py:1930} INFO - Created Permission View: can read on DAG Run:example_dag_decorator
[2025-04-16T21:28:43.607+1000] {logging_mixin.py:190} INFO - [2025-04-16T21:28:43.607+1000] {override.py:1930} INFO - Created Permission View: can create on DAG Run:example_dag_decorator
[2025-04-16T21:28:43.613+1000] {logging_mixin.py:190} INFO - [2025-04-16T21:28:43.613+1000] {override.py:1930} INFO - Created Permission View: menu access on DAG Run:example_dag_decorator
[2025-04-16T21:28:43.619+1000] {logging_mixin.py:190} INFO - [2025-04-16T21:28:43.619+1000] {override.py:1930} INFO - Created Permission View: can delete on DAG Run:example_dag_decorator
[2025-04-16T21:28:43.620+1000] {logging_mixin.py:190} INFO - [2025-04-16T21:28:43.620+1000] {dag.py:3239} INFO - Sync 1 DAGs
[2025-04-16T21:28:43.632+1000] {logging_mixin.py:190} INFO - [2025-04-16T21:28:43.632+1000] {dag.py:3262} INFO - Creating ORM DAG for example_dag_decorator
[2025-04-16T21:28:43.633+1000] {logging_mixin.py:190} INFO - [2025-04-16T21:28:43.633+1000] {dag.py:4180} INFO - Setting next_dagrun for example_dag_decorator to None, run_after=None
[2025-04-16T21:28:43.648+1000] {processor.py:208} INFO - Processing /Users/anurag/Desktop/Self/Coding Projects/learning-airflow/python37/lib/python3.12/site-packages/airflow/example_dags/example_dag_decorator.py took 0.465 seconds
[2025-04-16T21:33:31.032+1000] {processor.py:186} INFO - Started process (PID=90008) to work on /Users/anurag/Desktop/Self/Coding Projects/learning-airflow/python37/lib/python3.12/site-packages/airflow/example_dags/example_dag_decorator.py
[2025-04-16T21:33:31.036+1000] {processor.py:914} INFO - Processing file /Users/anurag/Desktop/Self/Coding Projects/learning-airflow/python37/lib/python3.12/site-packages/airflow/example_dags/example_dag_decorator.py for tasks to queue
[2025-04-16T21:33:31.038+1000] {logging_mixin.py:190} INFO - [2025-04-16T21:33:31.038+1000] {dagbag.py:588} INFO - Filling up the DagBag from /Users/anurag/Desktop/Self/Coding Projects/learning-airflow/python37/lib/python3.12/site-packages/airflow/example_dags/example_dag_decorator.py
[2025-04-16T21:33:31.243+1000] {processor.py:925} INFO - DAG(s) 'example_dag_decorator' retrieved from /Users/anurag/Desktop/Self/Coding Projects/learning-airflow/python37/lib/python3.12/site-packages/airflow/example_dags/example_dag_decorator.py
[2025-04-16T21:33:31.652+1000] {logging_mixin.py:190} INFO - [2025-04-16T21:33:31.651+1000] {dag.py:3239} INFO - Sync 1 DAGs
[2025-04-16T21:33:31.666+1000] {logging_mixin.py:190} INFO - [2025-04-16T21:33:31.665+1000] {dag.py:4180} INFO - Setting next_dagrun for example_dag_decorator to None, run_after=None
[2025-04-16T21:33:31.689+1000] {processor.py:208} INFO - Processing /Users/anurag/Desktop/Self/Coding Projects/learning-airflow/python37/lib/python3.12/site-packages/airflow/example_dags/example_dag_decorator.py took 0.667 seconds
[2025-04-16T21:38:38.769+1000] {processor.py:186} INFO - Started process (PID=90755) to work on /Users/anurag/Desktop/Self/Coding Projects/learning-airflow/python37/lib/python3.12/site-packages/airflow/example_dags/example_dag_decorator.py
[2025-04-16T21:38:38.771+1000] {processor.py:914} INFO - Processing file /Users/anurag/Desktop/Self/Coding Projects/learning-airflow/python37/lib/python3.12/site-packages/airflow/example_dags/example_dag_decorator.py for tasks to queue
[2025-04-16T21:38:38.773+1000] {logging_mixin.py:190} INFO - [2025-04-16T21:38:38.772+1000] {dagbag.py:588} INFO - Filling up the DagBag from /Users/anurag/Desktop/Self/Coding Projects/learning-airflow/python37/lib/python3.12/site-packages/airflow/example_dags/example_dag_decorator.py
[2025-04-16T21:38:38.977+1000] {processor.py:925} INFO - DAG(s) 'example_dag_decorator' retrieved from /Users/anurag/Desktop/Self/Coding Projects/learning-airflow/python37/lib/python3.12/site-packages/airflow/example_dags/example_dag_decorator.py
[2025-04-16T21:38:39.334+1000] {logging_mixin.py:190} INFO - [2025-04-16T21:38:39.334+1000] {dag.py:3239} INFO - Sync 1 DAGs
[2025-04-16T21:38:39.349+1000] {logging_mixin.py:190} INFO - [2025-04-16T21:38:39.349+1000] {dag.py:4180} INFO - Setting next_dagrun for example_dag_decorator to None, run_after=None
[2025-04-16T21:38:39.372+1000] {processor.py:208} INFO - Processing /Users/anurag/Desktop/Self/Coding Projects/learning-airflow/python37/lib/python3.12/site-packages/airflow/example_dags/example_dag_decorator.py took 0.609 seconds
[2025-04-16T21:43:22.737+1000] {processor.py:186} INFO - Started process (PID=91701) to work on /Users/anurag/Desktop/Self/Coding Projects/learning-airflow/python37/lib/python3.12/site-packages/airflow/example_dags/example_dag_decorator.py
[2025-04-16T21:43:22.740+1000] {processor.py:914} INFO - Processing file /Users/anurag/Desktop/Self/Coding Projects/learning-airflow/python37/lib/python3.12/site-packages/airflow/example_dags/example_dag_decorator.py for tasks to queue
[2025-04-16T21:43:22.742+1000] {logging_mixin.py:190} INFO - [2025-04-16T21:43:22.741+1000] {dagbag.py:588} INFO - Filling up the DagBag from /Users/anurag/Desktop/Self/Coding Projects/learning-airflow/python37/lib/python3.12/site-packages/airflow/example_dags/example_dag_decorator.py
[2025-04-16T21:43:22.975+1000] {processor.py:925} INFO - DAG(s) 'example_dag_decorator' retrieved from /Users/anurag/Desktop/Self/Coding Projects/learning-airflow/python37/lib/python3.12/site-packages/airflow/example_dags/example_dag_decorator.py
[2025-04-16T21:43:23.420+1000] {logging_mixin.py:190} INFO - [2025-04-16T21:43:23.420+1000] {dag.py:3239} INFO - Sync 1 DAGs
[2025-04-16T21:43:23.438+1000] {logging_mixin.py:190} INFO - [2025-04-16T21:43:23.437+1000] {dag.py:4180} INFO - Setting next_dagrun for example_dag_decorator to None, run_after=None
[2025-04-16T21:43:23.465+1000] {processor.py:208} INFO - Processing /Users/anurag/Desktop/Self/Coding Projects/learning-airflow/python37/lib/python3.12/site-packages/airflow/example_dags/example_dag_decorator.py took 0.733 seconds
