[2025-04-16T21:27:48.814+1000] {processor.py:186} INFO - Started process (PID=89058) to work on /Users/anurag/Desktop/Self/Coding Projects/learning-airflow/python37/lib/python3.12/site-packages/airflow/example_dags/example_outlet_event_extra.py
[2025-04-16T21:27:48.815+1000] {processor.py:914} INFO - Processing file /Users/anurag/Desktop/Self/Coding Projects/learning-airflow/python37/lib/python3.12/site-packages/airflow/example_dags/example_outlet_event_extra.py for tasks to queue
[2025-04-16T21:27:48.816+1000] {logging_mixin.py:190} INFO - [2025-04-16T21:27:48.816+1000] {dagbag.py:588} INFO - Filling up the DagBag from /Users/anurag/Desktop/Self/Coding Projects/learning-airflow/python37/lib/python3.12/site-packages/airflow/example_dags/example_outlet_event_extra.py
[2025-04-16T21:27:48.905+1000] {processor.py:925} INFO - DAG(s) 'dataset_with_extra_from_classic_operator', 'dataset_with_extra_by_context', 'dataset_with_extra_by_yield' retrieved from /Users/anurag/Desktop/Self/Coding Projects/learning-airflow/python37/lib/python3.12/site-packages/airflow/example_dags/example_outlet_event_extra.py
[2025-04-16T21:27:49.071+1000] {logging_mixin.py:190} INFO - [2025-04-16T21:27:49.070+1000] {override.py:1930} INFO - Created Permission View: can delete on DAG:dataset_with_extra_from_classic_operator
[2025-04-16T21:27:49.079+1000] {logging_mixin.py:190} INFO - [2025-04-16T21:27:49.078+1000] {override.py:1930} INFO - Created Permission View: can edit on DAG:dataset_with_extra_from_classic_operator
[2025-04-16T21:27:49.084+1000] {logging_mixin.py:190} INFO - [2025-04-16T21:27:49.083+1000] {override.py:1930} INFO - Created Permission View: can read on DAG:dataset_with_extra_from_classic_operator
[2025-04-16T21:27:49.091+1000] {logging_mixin.py:190} INFO - [2025-04-16T21:27:49.091+1000] {override.py:1930} INFO - Created Permission View: menu access on DAG Run:dataset_with_extra_from_classic_operator
[2025-04-16T21:27:49.096+1000] {logging_mixin.py:190} INFO - [2025-04-16T21:27:49.096+1000] {override.py:1930} INFO - Created Permission View: can delete on DAG Run:dataset_with_extra_from_classic_operator
[2025-04-16T21:27:49.102+1000] {logging_mixin.py:190} INFO - [2025-04-16T21:27:49.101+1000] {override.py:1930} INFO - Created Permission View: can create on DAG Run:dataset_with_extra_from_classic_operator
[2025-04-16T21:27:49.107+1000] {logging_mixin.py:190} INFO - [2025-04-16T21:27:49.106+1000] {override.py:1930} INFO - Created Permission View: can read on DAG Run:dataset_with_extra_from_classic_operator
[2025-04-16T21:27:49.117+1000] {logging_mixin.py:190} INFO - [2025-04-16T21:27:49.117+1000] {override.py:1930} INFO - Created Permission View: can delete on DAG:dataset_with_extra_by_context
[2025-04-16T21:27:49.123+1000] {logging_mixin.py:190} INFO - [2025-04-16T21:27:49.122+1000] {override.py:1930} INFO - Created Permission View: can edit on DAG:dataset_with_extra_by_context
[2025-04-16T21:27:49.128+1000] {logging_mixin.py:190} INFO - [2025-04-16T21:27:49.128+1000] {override.py:1930} INFO - Created Permission View: can read on DAG:dataset_with_extra_by_context
[2025-04-16T21:27:49.136+1000] {logging_mixin.py:190} INFO - [2025-04-16T21:27:49.136+1000] {override.py:1930} INFO - Created Permission View: menu access on DAG Run:dataset_with_extra_by_context
[2025-04-16T21:27:49.142+1000] {logging_mixin.py:190} INFO - [2025-04-16T21:27:49.141+1000] {override.py:1930} INFO - Created Permission View: can delete on DAG Run:dataset_with_extra_by_context
[2025-04-16T21:27:49.147+1000] {logging_mixin.py:190} INFO - [2025-04-16T21:27:49.147+1000] {override.py:1930} INFO - Created Permission View: can create on DAG Run:dataset_with_extra_by_context
[2025-04-16T21:27:49.152+1000] {logging_mixin.py:190} INFO - [2025-04-16T21:27:49.152+1000] {override.py:1930} INFO - Created Permission View: can read on DAG Run:dataset_with_extra_by_context
[2025-04-16T21:27:49.162+1000] {logging_mixin.py:190} INFO - [2025-04-16T21:27:49.162+1000] {override.py:1930} INFO - Created Permission View: can delete on DAG:dataset_with_extra_by_yield
[2025-04-16T21:27:49.167+1000] {logging_mixin.py:190} INFO - [2025-04-16T21:27:49.167+1000] {override.py:1930} INFO - Created Permission View: can edit on DAG:dataset_with_extra_by_yield
[2025-04-16T21:27:49.172+1000] {logging_mixin.py:190} INFO - [2025-04-16T21:27:49.172+1000] {override.py:1930} INFO - Created Permission View: can read on DAG:dataset_with_extra_by_yield
[2025-04-16T21:27:49.179+1000] {logging_mixin.py:190} INFO - [2025-04-16T21:27:49.179+1000] {override.py:1930} INFO - Created Permission View: menu access on DAG Run:dataset_with_extra_by_yield
[2025-04-16T21:27:49.184+1000] {logging_mixin.py:190} INFO - [2025-04-16T21:27:49.183+1000] {override.py:1930} INFO - Created Permission View: can delete on DAG Run:dataset_with_extra_by_yield
[2025-04-16T21:27:49.188+1000] {logging_mixin.py:190} INFO - [2025-04-16T21:27:49.188+1000] {override.py:1930} INFO - Created Permission View: can create on DAG Run:dataset_with_extra_by_yield
[2025-04-16T21:27:49.193+1000] {logging_mixin.py:190} INFO - [2025-04-16T21:27:49.193+1000] {override.py:1930} INFO - Created Permission View: can read on DAG Run:dataset_with_extra_by_yield
[2025-04-16T21:27:49.194+1000] {logging_mixin.py:190} INFO - [2025-04-16T21:27:49.194+1000] {dag.py:3239} INFO - Sync 3 DAGs
[2025-04-16T21:27:49.257+1000] {logging_mixin.py:190} INFO - [2025-04-16T21:27:49.256+1000] {dag.py:3262} INFO - Creating ORM DAG for dataset_with_extra_by_context
[2025-04-16T21:27:49.257+1000] {logging_mixin.py:190} INFO - [2025-04-16T21:27:49.257+1000] {dag.py:3262} INFO - Creating ORM DAG for dataset_with_extra_from_classic_operator
[2025-04-16T21:27:49.258+1000] {logging_mixin.py:190} INFO - [2025-04-16T21:27:49.258+1000] {dag.py:3262} INFO - Creating ORM DAG for dataset_with_extra_by_yield
[2025-04-16T21:27:49.268+1000] {logging_mixin.py:190} INFO - [2025-04-16T21:27:49.267+1000] {dag.py:4180} INFO - Setting next_dagrun for dataset_with_extra_by_context to 2025-04-15 00:00:00+00:00, run_after=2025-04-16 00:00:00+00:00
[2025-04-16T21:27:49.270+1000] {logging_mixin.py:190} INFO - [2025-04-16T21:27:49.269+1000] {dag.py:4180} INFO - Setting next_dagrun for dataset_with_extra_by_yield to 2025-04-15 00:00:00+00:00, run_after=2025-04-16 00:00:00+00:00
[2025-04-16T21:27:49.271+1000] {logging_mixin.py:190} INFO - [2025-04-16T21:27:49.271+1000] {dag.py:4180} INFO - Setting next_dagrun for dataset_with_extra_from_classic_operator to 2025-04-15 00:00:00+00:00, run_after=2025-04-16 00:00:00+00:00
[2025-04-16T21:27:49.290+1000] {logging_mixin.py:190} INFO - [2025-04-16T21:27:49.289+1000] {workday.py:41} WARNING - Could not import pandas. Holidays will not be considered.
[2025-04-16T21:27:49.302+1000] {processor.py:208} INFO - Processing /Users/anurag/Desktop/Self/Coding Projects/learning-airflow/python37/lib/python3.12/site-packages/airflow/example_dags/example_outlet_event_extra.py took 0.493 seconds
[2025-04-16T21:30:48.765+1000] {processor.py:186} INFO - Started process (PID=89581) to work on /Users/anurag/Desktop/Self/Coding Projects/learning-airflow/python37/lib/python3.12/site-packages/airflow/example_dags/example_outlet_event_extra.py
[2025-04-16T21:30:48.767+1000] {processor.py:914} INFO - Processing file /Users/anurag/Desktop/Self/Coding Projects/learning-airflow/python37/lib/python3.12/site-packages/airflow/example_dags/example_outlet_event_extra.py for tasks to queue
[2025-04-16T21:30:48.768+1000] {logging_mixin.py:190} INFO - [2025-04-16T21:30:48.768+1000] {dagbag.py:588} INFO - Filling up the DagBag from /Users/anurag/Desktop/Self/Coding Projects/learning-airflow/python37/lib/python3.12/site-packages/airflow/example_dags/example_outlet_event_extra.py
[2025-04-16T21:30:48.836+1000] {processor.py:925} INFO - DAG(s) 'dataset_with_extra_by_yield', 'dataset_with_extra_from_classic_operator', 'dataset_with_extra_by_context' retrieved from /Users/anurag/Desktop/Self/Coding Projects/learning-airflow/python37/lib/python3.12/site-packages/airflow/example_dags/example_outlet_event_extra.py
[2025-04-16T21:30:48.928+1000] {logging_mixin.py:190} INFO - [2025-04-16T21:30:48.928+1000] {dag.py:3239} INFO - Sync 3 DAGs
[2025-04-16T21:30:48.945+1000] {logging_mixin.py:190} INFO - [2025-04-16T21:30:48.944+1000] {dag.py:4180} INFO - Setting next_dagrun for dataset_with_extra_by_context to 2025-04-15 00:00:00+00:00, run_after=2025-04-16 00:00:00+00:00
[2025-04-16T21:30:48.949+1000] {logging_mixin.py:190} INFO - [2025-04-16T21:30:48.949+1000] {dag.py:4180} INFO - Setting next_dagrun for dataset_with_extra_by_yield to 2025-04-15 00:00:00+00:00, run_after=2025-04-16 00:00:00+00:00
[2025-04-16T21:30:48.951+1000] {logging_mixin.py:190} INFO - [2025-04-16T21:30:48.951+1000] {dag.py:4180} INFO - Setting next_dagrun for dataset_with_extra_from_classic_operator to 2025-04-15 00:00:00+00:00, run_after=2025-04-16 00:00:00+00:00
[2025-04-16T21:30:48.970+1000] {processor.py:208} INFO - Processing /Users/anurag/Desktop/Self/Coding Projects/learning-airflow/python37/lib/python3.12/site-packages/airflow/example_dags/example_outlet_event_extra.py took 0.209 seconds
[2025-04-16T21:33:16.669+1000] {processor.py:186} INFO - Started process (PID=89978) to work on /Users/anurag/Desktop/Self/Coding Projects/learning-airflow/python37/lib/python3.12/site-packages/airflow/example_dags/example_outlet_event_extra.py
[2025-04-16T21:33:16.671+1000] {processor.py:914} INFO - Processing file /Users/anurag/Desktop/Self/Coding Projects/learning-airflow/python37/lib/python3.12/site-packages/airflow/example_dags/example_outlet_event_extra.py for tasks to queue
[2025-04-16T21:33:16.674+1000] {logging_mixin.py:190} INFO - [2025-04-16T21:33:16.673+1000] {dagbag.py:588} INFO - Filling up the DagBag from /Users/anurag/Desktop/Self/Coding Projects/learning-airflow/python37/lib/python3.12/site-packages/airflow/example_dags/example_outlet_event_extra.py
[2025-04-16T21:33:16.854+1000] {processor.py:925} INFO - DAG(s) 'dataset_with_extra_by_yield', 'dataset_with_extra_by_context', 'dataset_with_extra_from_classic_operator' retrieved from /Users/anurag/Desktop/Self/Coding Projects/learning-airflow/python37/lib/python3.12/site-packages/airflow/example_dags/example_outlet_event_extra.py
[2025-04-16T21:33:17.114+1000] {logging_mixin.py:190} INFO - [2025-04-16T21:33:17.114+1000] {dag.py:3239} INFO - Sync 3 DAGs
[2025-04-16T21:33:17.157+1000] {logging_mixin.py:190} INFO - [2025-04-16T21:33:17.156+1000] {dag.py:4180} INFO - Setting next_dagrun for dataset_with_extra_by_context to 2025-04-15 00:00:00+00:00, run_after=2025-04-16 00:00:00+00:00
[2025-04-16T21:33:17.167+1000] {logging_mixin.py:190} INFO - [2025-04-16T21:33:17.167+1000] {dag.py:4180} INFO - Setting next_dagrun for dataset_with_extra_by_yield to 2025-04-15 00:00:00+00:00, run_after=2025-04-16 00:00:00+00:00
[2025-04-16T21:33:17.171+1000] {logging_mixin.py:190} INFO - [2025-04-16T21:33:17.171+1000] {dag.py:4180} INFO - Setting next_dagrun for dataset_with_extra_from_classic_operator to 2025-04-15 00:00:00+00:00, run_after=2025-04-16 00:00:00+00:00
[2025-04-16T21:33:17.245+1000] {processor.py:208} INFO - Processing /Users/anurag/Desktop/Self/Coding Projects/learning-airflow/python37/lib/python3.12/site-packages/airflow/example_dags/example_outlet_event_extra.py took 0.591 seconds
[2025-04-16T21:37:30.234+1000] {processor.py:186} INFO - Started process (PID=90590) to work on /Users/anurag/Desktop/Self/Coding Projects/learning-airflow/python37/lib/python3.12/site-packages/airflow/example_dags/example_outlet_event_extra.py
[2025-04-16T21:37:30.238+1000] {processor.py:914} INFO - Processing file /Users/anurag/Desktop/Self/Coding Projects/learning-airflow/python37/lib/python3.12/site-packages/airflow/example_dags/example_outlet_event_extra.py for tasks to queue
[2025-04-16T21:37:30.239+1000] {logging_mixin.py:190} INFO - [2025-04-16T21:37:30.239+1000] {dagbag.py:588} INFO - Filling up the DagBag from /Users/anurag/Desktop/Self/Coding Projects/learning-airflow/python37/lib/python3.12/site-packages/airflow/example_dags/example_outlet_event_extra.py
[2025-04-16T21:37:30.410+1000] {processor.py:925} INFO - DAG(s) 'dataset_with_extra_by_context', 'dataset_with_extra_from_classic_operator', 'dataset_with_extra_by_yield' retrieved from /Users/anurag/Desktop/Self/Coding Projects/learning-airflow/python37/lib/python3.12/site-packages/airflow/example_dags/example_outlet_event_extra.py
[2025-04-16T21:37:30.592+1000] {logging_mixin.py:190} INFO - [2025-04-16T21:37:30.592+1000] {dag.py:3239} INFO - Sync 3 DAGs
[2025-04-16T21:37:30.626+1000] {logging_mixin.py:190} INFO - [2025-04-16T21:37:30.625+1000] {dag.py:4180} INFO - Setting next_dagrun for dataset_with_extra_by_context to 2025-04-15 00:00:00+00:00, run_after=2025-04-16 00:00:00+00:00
[2025-04-16T21:37:30.634+1000] {logging_mixin.py:190} INFO - [2025-04-16T21:37:30.633+1000] {dag.py:4180} INFO - Setting next_dagrun for dataset_with_extra_by_yield to 2025-04-15 00:00:00+00:00, run_after=2025-04-16 00:00:00+00:00
[2025-04-16T21:37:30.637+1000] {logging_mixin.py:190} INFO - [2025-04-16T21:37:30.637+1000] {dag.py:4180} INFO - Setting next_dagrun for dataset_with_extra_from_classic_operator to 2025-04-15 00:00:00+00:00, run_after=2025-04-16 00:00:00+00:00
[2025-04-16T21:37:30.672+1000] {processor.py:208} INFO - Processing /Users/anurag/Desktop/Self/Coding Projects/learning-airflow/python37/lib/python3.12/site-packages/airflow/example_dags/example_outlet_event_extra.py took 0.446 seconds
[2025-04-16T21:40:29.122+1000] {processor.py:186} INFO - Started process (PID=91041) to work on /Users/anurag/Desktop/Self/Coding Projects/learning-airflow/python37/lib/python3.12/site-packages/airflow/example_dags/example_outlet_event_extra.py
[2025-04-16T21:40:29.124+1000] {processor.py:914} INFO - Processing file /Users/anurag/Desktop/Self/Coding Projects/learning-airflow/python37/lib/python3.12/site-packages/airflow/example_dags/example_outlet_event_extra.py for tasks to queue
[2025-04-16T21:40:29.125+1000] {logging_mixin.py:190} INFO - [2025-04-16T21:40:29.125+1000] {dagbag.py:588} INFO - Filling up the DagBag from /Users/anurag/Desktop/Self/Coding Projects/learning-airflow/python37/lib/python3.12/site-packages/airflow/example_dags/example_outlet_event_extra.py
[2025-04-16T21:40:29.207+1000] {processor.py:925} INFO - DAG(s) 'dataset_with_extra_by_yield', 'dataset_with_extra_from_classic_operator', 'dataset_with_extra_by_context' retrieved from /Users/anurag/Desktop/Self/Coding Projects/learning-airflow/python37/lib/python3.12/site-packages/airflow/example_dags/example_outlet_event_extra.py
[2025-04-16T21:40:29.317+1000] {logging_mixin.py:190} INFO - [2025-04-16T21:40:29.316+1000] {dag.py:3239} INFO - Sync 3 DAGs
[2025-04-16T21:40:29.337+1000] {logging_mixin.py:190} INFO - [2025-04-16T21:40:29.337+1000] {dag.py:4180} INFO - Setting next_dagrun for dataset_with_extra_by_context to 2025-04-15 00:00:00+00:00, run_after=2025-04-16 00:00:00+00:00
[2025-04-16T21:40:29.342+1000] {logging_mixin.py:190} INFO - [2025-04-16T21:40:29.342+1000] {dag.py:4180} INFO - Setting next_dagrun for dataset_with_extra_by_yield to 2025-04-15 00:00:00+00:00, run_after=2025-04-16 00:00:00+00:00
[2025-04-16T21:40:29.344+1000] {logging_mixin.py:190} INFO - [2025-04-16T21:40:29.344+1000] {dag.py:4180} INFO - Setting next_dagrun for dataset_with_extra_from_classic_operator to 2025-04-15 00:00:00+00:00, run_after=2025-04-16 00:00:00+00:00
[2025-04-16T21:40:29.365+1000] {processor.py:208} INFO - Processing /Users/anurag/Desktop/Self/Coding Projects/learning-airflow/python37/lib/python3.12/site-packages/airflow/example_dags/example_outlet_event_extra.py took 0.249 seconds
[2025-04-16T21:42:51.197+1000] {processor.py:186} INFO - Started process (PID=91412) to work on /Users/anurag/Desktop/Self/Coding Projects/learning-airflow/python37/lib/python3.12/site-packages/airflow/example_dags/example_outlet_event_extra.py
[2025-04-16T21:42:51.199+1000] {processor.py:914} INFO - Processing file /Users/anurag/Desktop/Self/Coding Projects/learning-airflow/python37/lib/python3.12/site-packages/airflow/example_dags/example_outlet_event_extra.py for tasks to queue
[2025-04-16T21:42:51.200+1000] {logging_mixin.py:190} INFO - [2025-04-16T21:42:51.200+1000] {dagbag.py:588} INFO - Filling up the DagBag from /Users/anurag/Desktop/Self/Coding Projects/learning-airflow/python37/lib/python3.12/site-packages/airflow/example_dags/example_outlet_event_extra.py
[2025-04-16T21:42:51.309+1000] {processor.py:925} INFO - DAG(s) 'dataset_with_extra_from_classic_operator', 'dataset_with_extra_by_context', 'dataset_with_extra_by_yield' retrieved from /Users/anurag/Desktop/Self/Coding Projects/learning-airflow/python37/lib/python3.12/site-packages/airflow/example_dags/example_outlet_event_extra.py
[2025-04-16T21:42:51.418+1000] {logging_mixin.py:190} INFO - [2025-04-16T21:42:51.418+1000] {dag.py:3239} INFO - Sync 3 DAGs
[2025-04-16T21:42:51.437+1000] {logging_mixin.py:190} INFO - [2025-04-16T21:42:51.437+1000] {dag.py:4180} INFO - Setting next_dagrun for dataset_with_extra_by_context to 2025-04-15 00:00:00+00:00, run_after=2025-04-16 00:00:00+00:00
[2025-04-16T21:42:51.441+1000] {logging_mixin.py:190} INFO - [2025-04-16T21:42:51.441+1000] {dag.py:4180} INFO - Setting next_dagrun for dataset_with_extra_by_yield to 2025-04-15 00:00:00+00:00, run_after=2025-04-16 00:00:00+00:00
[2025-04-16T21:42:51.443+1000] {logging_mixin.py:190} INFO - [2025-04-16T21:42:51.443+1000] {dag.py:4180} INFO - Setting next_dagrun for dataset_with_extra_from_classic_operator to 2025-04-15 00:00:00+00:00, run_after=2025-04-16 00:00:00+00:00
[2025-04-16T21:42:51.464+1000] {processor.py:208} INFO - Processing /Users/anurag/Desktop/Self/Coding Projects/learning-airflow/python37/lib/python3.12/site-packages/airflow/example_dags/example_outlet_event_extra.py took 0.272 seconds
[2025-04-16T21:45:49.688+1000] {processor.py:186} INFO - Started process (PID=9816) to work on /Users/anurag/Desktop/Self/Coding Projects/learning-airflow/python37/lib/python3.12/site-packages/airflow/example_dags/example_outlet_event_extra.py
[2025-04-16T21:45:49.690+1000] {processor.py:914} INFO - Processing file /Users/anurag/Desktop/Self/Coding Projects/learning-airflow/python37/lib/python3.12/site-packages/airflow/example_dags/example_outlet_event_extra.py for tasks to queue
[2025-04-16T21:45:49.693+1000] {logging_mixin.py:190} INFO - [2025-04-16T21:45:49.692+1000] {dagbag.py:588} INFO - Filling up the DagBag from /Users/anurag/Desktop/Self/Coding Projects/learning-airflow/python37/lib/python3.12/site-packages/airflow/example_dags/example_outlet_event_extra.py
[2025-04-16T21:45:49.887+1000] {processor.py:925} INFO - DAG(s) 'dataset_with_extra_from_classic_operator', 'dataset_with_extra_by_yield', 'dataset_with_extra_by_context' retrieved from /Users/anurag/Desktop/Self/Coding Projects/learning-airflow/python37/lib/python3.12/site-packages/airflow/example_dags/example_outlet_event_extra.py
[2025-04-16T21:45:50.140+1000] {logging_mixin.py:190} INFO - [2025-04-16T21:45:50.139+1000] {dag.py:3239} INFO - Sync 3 DAGs
[2025-04-16T21:45:50.191+1000] {logging_mixin.py:190} INFO - [2025-04-16T21:45:50.191+1000] {dag.py:4180} INFO - Setting next_dagrun for dataset_with_extra_by_context to 2025-04-15 00:00:00+00:00, run_after=2025-04-16 00:00:00+00:00
[2025-04-16T21:45:50.200+1000] {logging_mixin.py:190} INFO - [2025-04-16T21:45:50.200+1000] {dag.py:4180} INFO - Setting next_dagrun for dataset_with_extra_by_yield to 2025-04-15 00:00:00+00:00, run_after=2025-04-16 00:00:00+00:00
[2025-04-16T21:45:50.205+1000] {logging_mixin.py:190} INFO - [2025-04-16T21:45:50.205+1000] {dag.py:4180} INFO - Setting next_dagrun for dataset_with_extra_from_classic_operator to 2025-04-15 00:00:00+00:00, run_after=2025-04-16 00:00:00+00:00
[2025-04-16T21:45:50.255+1000] {processor.py:208} INFO - Processing /Users/anurag/Desktop/Self/Coding Projects/learning-airflow/python37/lib/python3.12/site-packages/airflow/example_dags/example_outlet_event_extra.py took 0.574 seconds
