[2025-04-16T21:28:32.004+1000] {processor.py:186} INFO - Started process (PID=89170) to work on /Users/anurag/Desktop/Self/Coding Projects/learning-airflow/python37/lib/python3.12/site-packages/airflow/example_dags/example_datasets.py
[2025-04-16T21:28:32.005+1000] {processor.py:914} INFO - Processing file /Users/anurag/Desktop/Self/Coding Projects/learning-airflow/python37/lib/python3.12/site-packages/airflow/example_dags/example_datasets.py for tasks to queue
[2025-04-16T21:28:32.007+1000] {logging_mixin.py:190} INFO - [2025-04-16T21:28:32.007+1000] {dagbag.py:588} INFO - Filling up the DagBag from /Users/anurag/Desktop/Self/Coding Projects/learning-airflow/python37/lib/python3.12/site-packages/airflow/example_dags/example_datasets.py
[2025-04-16T21:28:32.076+1000] {processor.py:925} INFO - DAG(s) 'consume_1_or_2_with_dataset_expressions', 'consume_1_and_2_with_dataset_expressions', 'dataset_consumes_1_never_scheduled', 'dataset_produces_2', 'consume_1_or_both_2_and_3_with_dataset_expressions', 'dataset_consumes_1_and_2', 'dataset_consumes_1', 'dataset_produces_1', 'conditional_dataset_and_time_based_timetable', 'dataset_consumes_unknown_never_scheduled' retrieved from /Users/anurag/Desktop/Self/Coding Projects/learning-airflow/python37/lib/python3.12/site-packages/airflow/example_dags/example_datasets.py
[2025-04-16T21:28:32.330+1000] {logging_mixin.py:190} INFO - [2025-04-16T21:28:32.329+1000] {override.py:1930} INFO - Created Permission View: can read on DAG:consume_1_or_2_with_dataset_expressions
[2025-04-16T21:28:32.344+1000] {logging_mixin.py:190} INFO - [2025-04-16T21:28:32.343+1000] {override.py:1930} INFO - Created Permission View: can edit on DAG:consume_1_or_2_with_dataset_expressions
[2025-04-16T21:28:32.351+1000] {logging_mixin.py:190} INFO - [2025-04-16T21:28:32.351+1000] {override.py:1930} INFO - Created Permission View: can delete on DAG:consume_1_or_2_with_dataset_expressions
[2025-04-16T21:28:32.361+1000] {logging_mixin.py:190} INFO - [2025-04-16T21:28:32.361+1000] {override.py:1930} INFO - Created Permission View: can read on DAG Run:consume_1_or_2_with_dataset_expressions
[2025-04-16T21:28:32.371+1000] {logging_mixin.py:190} INFO - [2025-04-16T21:28:32.370+1000] {override.py:1930} INFO - Created Permission View: can create on DAG Run:consume_1_or_2_with_dataset_expressions
[2025-04-16T21:28:32.378+1000] {logging_mixin.py:190} INFO - [2025-04-16T21:28:32.378+1000] {override.py:1930} INFO - Created Permission View: menu access on DAG Run:consume_1_or_2_with_dataset_expressions
[2025-04-16T21:28:32.385+1000] {logging_mixin.py:190} INFO - [2025-04-16T21:28:32.385+1000] {override.py:1930} INFO - Created Permission View: can delete on DAG Run:consume_1_or_2_with_dataset_expressions
[2025-04-16T21:28:32.400+1000] {logging_mixin.py:190} INFO - [2025-04-16T21:28:32.399+1000] {override.py:1930} INFO - Created Permission View: can read on DAG:consume_1_and_2_with_dataset_expressions
[2025-04-16T21:28:32.409+1000] {logging_mixin.py:190} INFO - [2025-04-16T21:28:32.408+1000] {override.py:1930} INFO - Created Permission View: can edit on DAG:consume_1_and_2_with_dataset_expressions
[2025-04-16T21:28:32.417+1000] {logging_mixin.py:190} INFO - [2025-04-16T21:28:32.417+1000] {override.py:1930} INFO - Created Permission View: can delete on DAG:consume_1_and_2_with_dataset_expressions
[2025-04-16T21:28:32.427+1000] {logging_mixin.py:190} INFO - [2025-04-16T21:28:32.427+1000] {override.py:1930} INFO - Created Permission View: can read on DAG Run:consume_1_and_2_with_dataset_expressions
[2025-04-16T21:28:32.436+1000] {logging_mixin.py:190} INFO - [2025-04-16T21:28:32.435+1000] {override.py:1930} INFO - Created Permission View: can create on DAG Run:consume_1_and_2_with_dataset_expressions
[2025-04-16T21:28:32.445+1000] {logging_mixin.py:190} INFO - [2025-04-16T21:28:32.445+1000] {override.py:1930} INFO - Created Permission View: menu access on DAG Run:consume_1_and_2_with_dataset_expressions
[2025-04-16T21:28:32.452+1000] {logging_mixin.py:190} INFO - [2025-04-16T21:28:32.452+1000] {override.py:1930} INFO - Created Permission View: can delete on DAG Run:consume_1_and_2_with_dataset_expressions
[2025-04-16T21:28:32.468+1000] {logging_mixin.py:190} INFO - [2025-04-16T21:28:32.468+1000] {override.py:1930} INFO - Created Permission View: can read on DAG:dataset_consumes_1_never_scheduled
[2025-04-16T21:28:32.478+1000] {logging_mixin.py:190} INFO - [2025-04-16T21:28:32.478+1000] {override.py:1930} INFO - Created Permission View: can edit on DAG:dataset_consumes_1_never_scheduled
[2025-04-16T21:28:32.486+1000] {logging_mixin.py:190} INFO - [2025-04-16T21:28:32.485+1000] {override.py:1930} INFO - Created Permission View: can delete on DAG:dataset_consumes_1_never_scheduled
[2025-04-16T21:28:32.495+1000] {logging_mixin.py:190} INFO - [2025-04-16T21:28:32.494+1000] {override.py:1930} INFO - Created Permission View: can read on DAG Run:dataset_consumes_1_never_scheduled
[2025-04-16T21:28:32.505+1000] {logging_mixin.py:190} INFO - [2025-04-16T21:28:32.504+1000] {override.py:1930} INFO - Created Permission View: can create on DAG Run:dataset_consumes_1_never_scheduled
[2025-04-16T21:28:32.513+1000] {logging_mixin.py:190} INFO - [2025-04-16T21:28:32.513+1000] {override.py:1930} INFO - Created Permission View: menu access on DAG Run:dataset_consumes_1_never_scheduled
[2025-04-16T21:28:32.520+1000] {logging_mixin.py:190} INFO - [2025-04-16T21:28:32.520+1000] {override.py:1930} INFO - Created Permission View: can delete on DAG Run:dataset_consumes_1_never_scheduled
[2025-04-16T21:28:32.535+1000] {logging_mixin.py:190} INFO - [2025-04-16T21:28:32.534+1000] {override.py:1930} INFO - Created Permission View: can read on DAG:dataset_produces_2
[2025-04-16T21:28:32.541+1000] {logging_mixin.py:190} INFO - [2025-04-16T21:28:32.541+1000] {override.py:1930} INFO - Created Permission View: can edit on DAG:dataset_produces_2
[2025-04-16T21:28:32.547+1000] {logging_mixin.py:190} INFO - [2025-04-16T21:28:32.547+1000] {override.py:1930} INFO - Created Permission View: can delete on DAG:dataset_produces_2
[2025-04-16T21:28:32.556+1000] {logging_mixin.py:190} INFO - [2025-04-16T21:28:32.556+1000] {override.py:1930} INFO - Created Permission View: can read on DAG Run:dataset_produces_2
[2025-04-16T21:28:32.564+1000] {logging_mixin.py:190} INFO - [2025-04-16T21:28:32.564+1000] {override.py:1930} INFO - Created Permission View: can create on DAG Run:dataset_produces_2
[2025-04-16T21:28:32.571+1000] {logging_mixin.py:190} INFO - [2025-04-16T21:28:32.571+1000] {override.py:1930} INFO - Created Permission View: menu access on DAG Run:dataset_produces_2
[2025-04-16T21:28:32.577+1000] {logging_mixin.py:190} INFO - [2025-04-16T21:28:32.577+1000] {override.py:1930} INFO - Created Permission View: can delete on DAG Run:dataset_produces_2
[2025-04-16T21:28:32.590+1000] {logging_mixin.py:190} INFO - [2025-04-16T21:28:32.589+1000] {override.py:1930} INFO - Created Permission View: can read on DAG:consume_1_or_both_2_and_3_with_dataset_expressions
[2025-04-16T21:28:32.597+1000] {logging_mixin.py:190} INFO - [2025-04-16T21:28:32.597+1000] {override.py:1930} INFO - Created Permission View: can edit on DAG:consume_1_or_both_2_and_3_with_dataset_expressions
[2025-04-16T21:28:32.605+1000] {logging_mixin.py:190} INFO - [2025-04-16T21:28:32.604+1000] {override.py:1930} INFO - Created Permission View: can delete on DAG:consume_1_or_both_2_and_3_with_dataset_expressions
[2025-04-16T21:28:32.613+1000] {logging_mixin.py:190} INFO - [2025-04-16T21:28:32.613+1000] {override.py:1930} INFO - Created Permission View: can read on DAG Run:consume_1_or_both_2_and_3_with_dataset_expressions
[2025-04-16T21:28:32.620+1000] {logging_mixin.py:190} INFO - [2025-04-16T21:28:32.620+1000] {override.py:1930} INFO - Created Permission View: can create on DAG Run:consume_1_or_both_2_and_3_with_dataset_expressions
[2025-04-16T21:28:32.627+1000] {logging_mixin.py:190} INFO - [2025-04-16T21:28:32.626+1000] {override.py:1930} INFO - Created Permission View: menu access on DAG Run:consume_1_or_both_2_and_3_with_dataset_expressions
[2025-04-16T21:28:32.634+1000] {logging_mixin.py:190} INFO - [2025-04-16T21:28:32.633+1000] {override.py:1930} INFO - Created Permission View: can delete on DAG Run:consume_1_or_both_2_and_3_with_dataset_expressions
[2025-04-16T21:28:32.646+1000] {logging_mixin.py:190} INFO - [2025-04-16T21:28:32.646+1000] {override.py:1930} INFO - Created Permission View: can read on DAG:dataset_consumes_1_and_2
[2025-04-16T21:28:32.653+1000] {logging_mixin.py:190} INFO - [2025-04-16T21:28:32.653+1000] {override.py:1930} INFO - Created Permission View: can edit on DAG:dataset_consumes_1_and_2
[2025-04-16T21:28:32.661+1000] {logging_mixin.py:190} INFO - [2025-04-16T21:28:32.661+1000] {override.py:1930} INFO - Created Permission View: can delete on DAG:dataset_consumes_1_and_2
[2025-04-16T21:28:32.671+1000] {logging_mixin.py:190} INFO - [2025-04-16T21:28:32.671+1000] {override.py:1930} INFO - Created Permission View: can read on DAG Run:dataset_consumes_1_and_2
[2025-04-16T21:28:32.677+1000] {logging_mixin.py:190} INFO - [2025-04-16T21:28:32.677+1000] {override.py:1930} INFO - Created Permission View: can create on DAG Run:dataset_consumes_1_and_2
[2025-04-16T21:28:32.684+1000] {logging_mixin.py:190} INFO - [2025-04-16T21:28:32.684+1000] {override.py:1930} INFO - Created Permission View: menu access on DAG Run:dataset_consumes_1_and_2
[2025-04-16T21:28:32.691+1000] {logging_mixin.py:190} INFO - [2025-04-16T21:28:32.690+1000] {override.py:1930} INFO - Created Permission View: can delete on DAG Run:dataset_consumes_1_and_2
[2025-04-16T21:28:32.705+1000] {logging_mixin.py:190} INFO - [2025-04-16T21:28:32.704+1000] {override.py:1930} INFO - Created Permission View: can read on DAG:dataset_consumes_1
[2025-04-16T21:28:32.711+1000] {logging_mixin.py:190} INFO - [2025-04-16T21:28:32.711+1000] {override.py:1930} INFO - Created Permission View: can edit on DAG:dataset_consumes_1
[2025-04-16T21:28:32.719+1000] {logging_mixin.py:190} INFO - [2025-04-16T21:28:32.718+1000] {override.py:1930} INFO - Created Permission View: can delete on DAG:dataset_consumes_1
[2025-04-16T21:28:32.736+1000] {logging_mixin.py:190} INFO - [2025-04-16T21:28:32.735+1000] {override.py:1930} INFO - Created Permission View: can read on DAG Run:dataset_consumes_1
[2025-04-16T21:28:32.746+1000] {logging_mixin.py:190} INFO - [2025-04-16T21:28:32.746+1000] {override.py:1930} INFO - Created Permission View: can create on DAG Run:dataset_consumes_1
[2025-04-16T21:28:32.753+1000] {logging_mixin.py:190} INFO - [2025-04-16T21:28:32.753+1000] {override.py:1930} INFO - Created Permission View: menu access on DAG Run:dataset_consumes_1
[2025-04-16T21:28:32.760+1000] {logging_mixin.py:190} INFO - [2025-04-16T21:28:32.760+1000] {override.py:1930} INFO - Created Permission View: can delete on DAG Run:dataset_consumes_1
[2025-04-16T21:28:32.773+1000] {logging_mixin.py:190} INFO - [2025-04-16T21:28:32.772+1000] {override.py:1930} INFO - Created Permission View: can read on DAG:dataset_produces_1
[2025-04-16T21:28:32.780+1000] {logging_mixin.py:190} INFO - [2025-04-16T21:28:32.780+1000] {override.py:1930} INFO - Created Permission View: can edit on DAG:dataset_produces_1
[2025-04-16T21:28:32.787+1000] {logging_mixin.py:190} INFO - [2025-04-16T21:28:32.787+1000] {override.py:1930} INFO - Created Permission View: can delete on DAG:dataset_produces_1
[2025-04-16T21:28:32.796+1000] {logging_mixin.py:190} INFO - [2025-04-16T21:28:32.796+1000] {override.py:1930} INFO - Created Permission View: can read on DAG Run:dataset_produces_1
[2025-04-16T21:28:32.805+1000] {logging_mixin.py:190} INFO - [2025-04-16T21:28:32.804+1000] {override.py:1930} INFO - Created Permission View: can create on DAG Run:dataset_produces_1
[2025-04-16T21:28:32.811+1000] {logging_mixin.py:190} INFO - [2025-04-16T21:28:32.811+1000] {override.py:1930} INFO - Created Permission View: menu access on DAG Run:dataset_produces_1
[2025-04-16T21:28:32.817+1000] {logging_mixin.py:190} INFO - [2025-04-16T21:28:32.817+1000] {override.py:1930} INFO - Created Permission View: can delete on DAG Run:dataset_produces_1
[2025-04-16T21:28:32.831+1000] {logging_mixin.py:190} INFO - [2025-04-16T21:28:32.831+1000] {override.py:1930} INFO - Created Permission View: can read on DAG:conditional_dataset_and_time_based_timetable
[2025-04-16T21:28:32.839+1000] {logging_mixin.py:190} INFO - [2025-04-16T21:28:32.839+1000] {override.py:1930} INFO - Created Permission View: can edit on DAG:conditional_dataset_and_time_based_timetable
[2025-04-16T21:28:32.846+1000] {logging_mixin.py:190} INFO - [2025-04-16T21:28:32.846+1000] {override.py:1930} INFO - Created Permission View: can delete on DAG:conditional_dataset_and_time_based_timetable
[2025-04-16T21:28:32.855+1000] {logging_mixin.py:190} INFO - [2025-04-16T21:28:32.855+1000] {override.py:1930} INFO - Created Permission View: can read on DAG Run:conditional_dataset_and_time_based_timetable
[2025-04-16T21:28:32.863+1000] {logging_mixin.py:190} INFO - [2025-04-16T21:28:32.862+1000] {override.py:1930} INFO - Created Permission View: can create on DAG Run:conditional_dataset_and_time_based_timetable
[2025-04-16T21:28:32.870+1000] {logging_mixin.py:190} INFO - [2025-04-16T21:28:32.869+1000] {override.py:1930} INFO - Created Permission View: menu access on DAG Run:conditional_dataset_and_time_based_timetable
[2025-04-16T21:28:32.877+1000] {logging_mixin.py:190} INFO - [2025-04-16T21:28:32.877+1000] {override.py:1930} INFO - Created Permission View: can delete on DAG Run:conditional_dataset_and_time_based_timetable
[2025-04-16T21:28:32.889+1000] {logging_mixin.py:190} INFO - [2025-04-16T21:28:32.889+1000] {override.py:1930} INFO - Created Permission View: can read on DAG:dataset_consumes_unknown_never_scheduled
[2025-04-16T21:28:32.897+1000] {logging_mixin.py:190} INFO - [2025-04-16T21:28:32.897+1000] {override.py:1930} INFO - Created Permission View: can edit on DAG:dataset_consumes_unknown_never_scheduled
[2025-04-16T21:28:32.904+1000] {logging_mixin.py:190} INFO - [2025-04-16T21:28:32.904+1000] {override.py:1930} INFO - Created Permission View: can delete on DAG:dataset_consumes_unknown_never_scheduled
[2025-04-16T21:28:32.913+1000] {logging_mixin.py:190} INFO - [2025-04-16T21:28:32.913+1000] {override.py:1930} INFO - Created Permission View: can read on DAG Run:dataset_consumes_unknown_never_scheduled
[2025-04-16T21:28:32.920+1000] {logging_mixin.py:190} INFO - [2025-04-16T21:28:32.920+1000] {override.py:1930} INFO - Created Permission View: can create on DAG Run:dataset_consumes_unknown_never_scheduled
[2025-04-16T21:28:32.927+1000] {logging_mixin.py:190} INFO - [2025-04-16T21:28:32.927+1000] {override.py:1930} INFO - Created Permission View: menu access on DAG Run:dataset_consumes_unknown_never_scheduled
[2025-04-16T21:28:32.936+1000] {logging_mixin.py:190} INFO - [2025-04-16T21:28:32.935+1000] {override.py:1930} INFO - Created Permission View: can delete on DAG Run:dataset_consumes_unknown_never_scheduled
[2025-04-16T21:28:32.936+1000] {logging_mixin.py:190} INFO - [2025-04-16T21:28:32.936+1000] {dag.py:3239} INFO - Sync 10 DAGs
[2025-04-16T21:28:32.950+1000] {logging_mixin.py:190} INFO - [2025-04-16T21:28:32.949+1000] {dag.py:3262} INFO - Creating ORM DAG for consume_1_or_2_with_dataset_expressions
[2025-04-16T21:28:32.951+1000] {logging_mixin.py:190} INFO - [2025-04-16T21:28:32.951+1000] {dag.py:3262} INFO - Creating ORM DAG for conditional_dataset_and_time_based_timetable
[2025-04-16T21:28:32.952+1000] {logging_mixin.py:190} INFO - [2025-04-16T21:28:32.951+1000] {dag.py:3262} INFO - Creating ORM DAG for dataset_produces_2
[2025-04-16T21:28:32.952+1000] {logging_mixin.py:190} INFO - [2025-04-16T21:28:32.952+1000] {dag.py:3262} INFO - Creating ORM DAG for dataset_consumes_1
[2025-04-16T21:28:32.953+1000] {logging_mixin.py:190} INFO - [2025-04-16T21:28:32.953+1000] {dag.py:3262} INFO - Creating ORM DAG for dataset_produces_1
[2025-04-16T21:28:32.954+1000] {logging_mixin.py:190} INFO - [2025-04-16T21:28:32.954+1000] {dag.py:3262} INFO - Creating ORM DAG for dataset_consumes_unknown_never_scheduled
[2025-04-16T21:28:32.954+1000] {logging_mixin.py:190} INFO - [2025-04-16T21:28:32.954+1000] {dag.py:3262} INFO - Creating ORM DAG for consume_1_or_both_2_and_3_with_dataset_expressions
[2025-04-16T21:28:32.955+1000] {logging_mixin.py:190} INFO - [2025-04-16T21:28:32.955+1000] {dag.py:3262} INFO - Creating ORM DAG for consume_1_and_2_with_dataset_expressions
[2025-04-16T21:28:32.956+1000] {logging_mixin.py:190} INFO - [2025-04-16T21:28:32.955+1000] {dag.py:3262} INFO - Creating ORM DAG for dataset_consumes_1_and_2
[2025-04-16T21:28:32.956+1000] {logging_mixin.py:190} INFO - [2025-04-16T21:28:32.956+1000] {dag.py:3262} INFO - Creating ORM DAG for dataset_consumes_1_never_scheduled
[2025-04-16T21:28:32.968+1000] {logging_mixin.py:190} INFO - [2025-04-16T21:28:32.967+1000] {dag.py:4180} INFO - Setting next_dagrun for conditional_dataset_and_time_based_timetable to 2025-04-16 01:00:00+00:00, run_after=2025-04-16 01:00:00+00:00
[2025-04-16T21:28:32.969+1000] {logging_mixin.py:190} INFO - [2025-04-16T21:28:32.969+1000] {dag.py:4180} INFO - Setting next_dagrun for consume_1_and_2_with_dataset_expressions to None, run_after=None
[2025-04-16T21:28:32.969+1000] {logging_mixin.py:190} INFO - [2025-04-16T21:28:32.969+1000] {dag.py:4180} INFO - Setting next_dagrun for consume_1_or_2_with_dataset_expressions to None, run_after=None
[2025-04-16T21:28:32.970+1000] {logging_mixin.py:190} INFO - [2025-04-16T21:28:32.969+1000] {dag.py:4180} INFO - Setting next_dagrun for consume_1_or_both_2_and_3_with_dataset_expressions to None, run_after=None
[2025-04-16T21:28:32.971+1000] {logging_mixin.py:190} INFO - [2025-04-16T21:28:32.970+1000] {dag.py:4180} INFO - Setting next_dagrun for dataset_consumes_1 to None, run_after=None
[2025-04-16T21:28:32.971+1000] {logging_mixin.py:190} INFO - [2025-04-16T21:28:32.971+1000] {dag.py:4180} INFO - Setting next_dagrun for dataset_consumes_1_and_2 to None, run_after=None
[2025-04-16T21:28:32.972+1000] {logging_mixin.py:190} INFO - [2025-04-16T21:28:32.972+1000] {dag.py:4180} INFO - Setting next_dagrun for dataset_consumes_1_never_scheduled to None, run_after=None
[2025-04-16T21:28:32.973+1000] {logging_mixin.py:190} INFO - [2025-04-16T21:28:32.972+1000] {dag.py:4180} INFO - Setting next_dagrun for dataset_consumes_unknown_never_scheduled to None, run_after=None
[2025-04-16T21:28:32.975+1000] {logging_mixin.py:190} INFO - [2025-04-16T21:28:32.974+1000] {dag.py:4180} INFO - Setting next_dagrun for dataset_produces_1 to 2025-04-15 00:00:00+00:00, run_after=2025-04-16 00:00:00+00:00
[2025-04-16T21:28:32.975+1000] {logging_mixin.py:190} INFO - [2025-04-16T21:28:32.975+1000] {dag.py:4180} INFO - Setting next_dagrun for dataset_produces_2 to None, run_after=None
[2025-04-16T21:28:33.082+1000] {logging_mixin.py:190} INFO - [2025-04-16T21:28:33.082+1000] {workday.py:41} WARNING - Could not import pandas. Holidays will not be considered.
[2025-04-16T21:28:33.106+1000] {processor.py:208} INFO - Processing /Users/anurag/Desktop/Self/Coding Projects/learning-airflow/python37/lib/python3.12/site-packages/airflow/example_dags/example_datasets.py took 1.109 seconds
[2025-04-16T21:31:17.220+1000] {processor.py:186} INFO - Started process (PID=89657) to work on /Users/anurag/Desktop/Self/Coding Projects/learning-airflow/python37/lib/python3.12/site-packages/airflow/example_dags/example_datasets.py
[2025-04-16T21:31:17.222+1000] {processor.py:914} INFO - Processing file /Users/anurag/Desktop/Self/Coding Projects/learning-airflow/python37/lib/python3.12/site-packages/airflow/example_dags/example_datasets.py for tasks to queue
[2025-04-16T21:31:17.223+1000] {logging_mixin.py:190} INFO - [2025-04-16T21:31:17.223+1000] {dagbag.py:588} INFO - Filling up the DagBag from /Users/anurag/Desktop/Self/Coding Projects/learning-airflow/python37/lib/python3.12/site-packages/airflow/example_dags/example_datasets.py
[2025-04-16T21:31:17.268+1000] {processor.py:925} INFO - DAG(s) 'consume_1_or_both_2_and_3_with_dataset_expressions', 'consume_1_and_2_with_dataset_expressions', 'dataset_consumes_1_and_2', 'dataset_produces_2', 'dataset_consumes_1', 'consume_1_or_2_with_dataset_expressions', 'dataset_consumes_1_never_scheduled', 'dataset_produces_1', 'dataset_consumes_unknown_never_scheduled', 'conditional_dataset_and_time_based_timetable' retrieved from /Users/anurag/Desktop/Self/Coding Projects/learning-airflow/python37/lib/python3.12/site-packages/airflow/example_dags/example_datasets.py
[2025-04-16T21:31:17.373+1000] {logging_mixin.py:190} INFO - [2025-04-16T21:31:17.373+1000] {dag.py:3239} INFO - Sync 10 DAGs
[2025-04-16T21:31:17.391+1000] {logging_mixin.py:190} INFO - [2025-04-16T21:31:17.391+1000] {dag.py:4180} INFO - Setting next_dagrun for conditional_dataset_and_time_based_timetable to 2025-04-16 01:00:00+00:00, run_after=2025-04-16 01:00:00+00:00
[2025-04-16T21:31:17.394+1000] {logging_mixin.py:190} INFO - [2025-04-16T21:31:17.394+1000] {dag.py:4180} INFO - Setting next_dagrun for consume_1_and_2_with_dataset_expressions to None, run_after=None
[2025-04-16T21:31:17.395+1000] {logging_mixin.py:190} INFO - [2025-04-16T21:31:17.395+1000] {dag.py:4180} INFO - Setting next_dagrun for consume_1_or_2_with_dataset_expressions to None, run_after=None
[2025-04-16T21:31:17.396+1000] {logging_mixin.py:190} INFO - [2025-04-16T21:31:17.396+1000] {dag.py:4180} INFO - Setting next_dagrun for consume_1_or_both_2_and_3_with_dataset_expressions to None, run_after=None
[2025-04-16T21:31:17.396+1000] {logging_mixin.py:190} INFO - [2025-04-16T21:31:17.396+1000] {dag.py:4180} INFO - Setting next_dagrun for dataset_consumes_1 to None, run_after=None
[2025-04-16T21:31:17.397+1000] {logging_mixin.py:190} INFO - [2025-04-16T21:31:17.397+1000] {dag.py:4180} INFO - Setting next_dagrun for dataset_consumes_1_and_2 to None, run_after=None
[2025-04-16T21:31:17.398+1000] {logging_mixin.py:190} INFO - [2025-04-16T21:31:17.398+1000] {dag.py:4180} INFO - Setting next_dagrun for dataset_consumes_1_never_scheduled to None, run_after=None
[2025-04-16T21:31:17.398+1000] {logging_mixin.py:190} INFO - [2025-04-16T21:31:17.398+1000] {dag.py:4180} INFO - Setting next_dagrun for dataset_consumes_unknown_never_scheduled to None, run_after=None
[2025-04-16T21:31:17.400+1000] {logging_mixin.py:190} INFO - [2025-04-16T21:31:17.400+1000] {dag.py:4180} INFO - Setting next_dagrun for dataset_produces_1 to 2025-04-15 00:00:00+00:00, run_after=2025-04-16 00:00:00+00:00
[2025-04-16T21:31:17.401+1000] {logging_mixin.py:190} INFO - [2025-04-16T21:31:17.401+1000] {dag.py:4180} INFO - Setting next_dagrun for dataset_produces_2 to None, run_after=None
[2025-04-16T21:31:17.426+1000] {processor.py:208} INFO - Processing /Users/anurag/Desktop/Self/Coding Projects/learning-airflow/python37/lib/python3.12/site-packages/airflow/example_dags/example_datasets.py took 0.210 seconds
[2025-04-16T21:38:24.679+1000] {processor.py:186} INFO - Started process (PID=90721) to work on /Users/anurag/Desktop/Self/Coding Projects/learning-airflow/python37/lib/python3.12/site-packages/airflow/example_dags/example_datasets.py
[2025-04-16T21:38:24.681+1000] {processor.py:914} INFO - Processing file /Users/anurag/Desktop/Self/Coding Projects/learning-airflow/python37/lib/python3.12/site-packages/airflow/example_dags/example_datasets.py for tasks to queue
[2025-04-16T21:38:24.683+1000] {logging_mixin.py:190} INFO - [2025-04-16T21:38:24.682+1000] {dagbag.py:588} INFO - Filling up the DagBag from /Users/anurag/Desktop/Self/Coding Projects/learning-airflow/python37/lib/python3.12/site-packages/airflow/example_dags/example_datasets.py
[2025-04-16T21:38:24.765+1000] {processor.py:925} INFO - DAG(s) 'consume_1_and_2_with_dataset_expressions', 'dataset_produces_1', 'conditional_dataset_and_time_based_timetable', 'dataset_consumes_1_and_2', 'dataset_consumes_1_never_scheduled', 'consume_1_or_2_with_dataset_expressions', 'dataset_consumes_unknown_never_scheduled', 'consume_1_or_both_2_and_3_with_dataset_expressions', 'dataset_produces_2', 'dataset_consumes_1' retrieved from /Users/anurag/Desktop/Self/Coding Projects/learning-airflow/python37/lib/python3.12/site-packages/airflow/example_dags/example_datasets.py
[2025-04-16T21:38:24.941+1000] {logging_mixin.py:190} INFO - [2025-04-16T21:38:24.940+1000] {dag.py:3239} INFO - Sync 10 DAGs
[2025-04-16T21:38:24.972+1000] {logging_mixin.py:190} INFO - [2025-04-16T21:38:24.972+1000] {dag.py:4180} INFO - Setting next_dagrun for conditional_dataset_and_time_based_timetable to 2025-04-16 01:00:00+00:00, run_after=2025-04-16 01:00:00+00:00
[2025-04-16T21:38:24.977+1000] {logging_mixin.py:190} INFO - [2025-04-16T21:38:24.977+1000] {dag.py:4180} INFO - Setting next_dagrun for consume_1_and_2_with_dataset_expressions to None, run_after=None
[2025-04-16T21:38:24.978+1000] {logging_mixin.py:190} INFO - [2025-04-16T21:38:24.978+1000] {dag.py:4180} INFO - Setting next_dagrun for consume_1_or_2_with_dataset_expressions to None, run_after=None
[2025-04-16T21:38:24.979+1000] {logging_mixin.py:190} INFO - [2025-04-16T21:38:24.979+1000] {dag.py:4180} INFO - Setting next_dagrun for consume_1_or_both_2_and_3_with_dataset_expressions to None, run_after=None
[2025-04-16T21:38:24.980+1000] {logging_mixin.py:190} INFO - [2025-04-16T21:38:24.980+1000] {dag.py:4180} INFO - Setting next_dagrun for dataset_consumes_1 to None, run_after=None
[2025-04-16T21:38:24.982+1000] {logging_mixin.py:190} INFO - [2025-04-16T21:38:24.981+1000] {dag.py:4180} INFO - Setting next_dagrun for dataset_consumes_1_and_2 to None, run_after=None
[2025-04-16T21:38:24.982+1000] {logging_mixin.py:190} INFO - [2025-04-16T21:38:24.982+1000] {dag.py:4180} INFO - Setting next_dagrun for dataset_consumes_1_never_scheduled to None, run_after=None
[2025-04-16T21:38:24.984+1000] {logging_mixin.py:190} INFO - [2025-04-16T21:38:24.983+1000] {dag.py:4180} INFO - Setting next_dagrun for dataset_consumes_unknown_never_scheduled to None, run_after=None
[2025-04-16T21:38:24.987+1000] {logging_mixin.py:190} INFO - [2025-04-16T21:38:24.987+1000] {dag.py:4180} INFO - Setting next_dagrun for dataset_produces_1 to 2025-04-15 00:00:00+00:00, run_after=2025-04-16 00:00:00+00:00
[2025-04-16T21:38:24.989+1000] {logging_mixin.py:190} INFO - [2025-04-16T21:38:24.988+1000] {dag.py:4180} INFO - Setting next_dagrun for dataset_produces_2 to None, run_after=None
[2025-04-16T21:38:25.027+1000] {processor.py:208} INFO - Processing /Users/anurag/Desktop/Self/Coding Projects/learning-airflow/python37/lib/python3.12/site-packages/airflow/example_dags/example_datasets.py took 0.355 seconds
[2025-04-16T21:43:11.338+1000] {processor.py:186} INFO - Started process (PID=91466) to work on /Users/anurag/Desktop/Self/Coding Projects/learning-airflow/python37/lib/python3.12/site-packages/airflow/example_dags/example_datasets.py
[2025-04-16T21:43:11.340+1000] {processor.py:914} INFO - Processing file /Users/anurag/Desktop/Self/Coding Projects/learning-airflow/python37/lib/python3.12/site-packages/airflow/example_dags/example_datasets.py for tasks to queue
[2025-04-16T21:43:11.342+1000] {logging_mixin.py:190} INFO - [2025-04-16T21:43:11.342+1000] {dagbag.py:588} INFO - Filling up the DagBag from /Users/anurag/Desktop/Self/Coding Projects/learning-airflow/python37/lib/python3.12/site-packages/airflow/example_dags/example_datasets.py
[2025-04-16T21:43:11.461+1000] {processor.py:925} INFO - DAG(s) 'consume_1_or_both_2_and_3_with_dataset_expressions', 'dataset_consumes_1_and_2', 'consume_1_and_2_with_dataset_expressions', 'dataset_consumes_unknown_never_scheduled', 'dataset_produces_2', 'dataset_consumes_1_never_scheduled', 'dataset_consumes_1', 'consume_1_or_2_with_dataset_expressions', 'dataset_produces_1', 'conditional_dataset_and_time_based_timetable' retrieved from /Users/anurag/Desktop/Self/Coding Projects/learning-airflow/python37/lib/python3.12/site-packages/airflow/example_dags/example_datasets.py
[2025-04-16T21:43:11.722+1000] {logging_mixin.py:190} INFO - [2025-04-16T21:43:11.721+1000] {dag.py:3239} INFO - Sync 10 DAGs
[2025-04-16T21:43:11.756+1000] {logging_mixin.py:190} INFO - [2025-04-16T21:43:11.756+1000] {dag.py:4180} INFO - Setting next_dagrun for conditional_dataset_and_time_based_timetable to 2025-04-16 01:00:00+00:00, run_after=2025-04-16 01:00:00+00:00
[2025-04-16T21:43:11.762+1000] {logging_mixin.py:190} INFO - [2025-04-16T21:43:11.761+1000] {dag.py:4180} INFO - Setting next_dagrun for consume_1_and_2_with_dataset_expressions to None, run_after=None
[2025-04-16T21:43:11.764+1000] {logging_mixin.py:190} INFO - [2025-04-16T21:43:11.763+1000] {dag.py:4180} INFO - Setting next_dagrun for consume_1_or_2_with_dataset_expressions to None, run_after=None
[2025-04-16T21:43:11.765+1000] {logging_mixin.py:190} INFO - [2025-04-16T21:43:11.765+1000] {dag.py:4180} INFO - Setting next_dagrun for consume_1_or_both_2_and_3_with_dataset_expressions to None, run_after=None
[2025-04-16T21:43:11.766+1000] {logging_mixin.py:190} INFO - [2025-04-16T21:43:11.766+1000] {dag.py:4180} INFO - Setting next_dagrun for dataset_consumes_1 to None, run_after=None
[2025-04-16T21:43:11.767+1000] {logging_mixin.py:190} INFO - [2025-04-16T21:43:11.767+1000] {dag.py:4180} INFO - Setting next_dagrun for dataset_consumes_1_and_2 to None, run_after=None
[2025-04-16T21:43:11.769+1000] {logging_mixin.py:190} INFO - [2025-04-16T21:43:11.768+1000] {dag.py:4180} INFO - Setting next_dagrun for dataset_consumes_1_never_scheduled to None, run_after=None
[2025-04-16T21:43:11.770+1000] {logging_mixin.py:190} INFO - [2025-04-16T21:43:11.770+1000] {dag.py:4180} INFO - Setting next_dagrun for dataset_consumes_unknown_never_scheduled to None, run_after=None
[2025-04-16T21:43:11.774+1000] {logging_mixin.py:190} INFO - [2025-04-16T21:43:11.774+1000] {dag.py:4180} INFO - Setting next_dagrun for dataset_produces_1 to 2025-04-15 00:00:00+00:00, run_after=2025-04-16 00:00:00+00:00
[2025-04-16T21:43:11.775+1000] {logging_mixin.py:190} INFO - [2025-04-16T21:43:11.775+1000] {dag.py:4180} INFO - Setting next_dagrun for dataset_produces_2 to None, run_after=None
[2025-04-16T21:43:11.821+1000] {processor.py:208} INFO - Processing /Users/anurag/Desktop/Self/Coding Projects/learning-airflow/python37/lib/python3.12/site-packages/airflow/example_dags/example_datasets.py took 0.489 seconds
