[2025-04-16T21:27:36.564+1000] {processor.py:186} INFO - Started process (PID=89021) to work on /Users/anurag/Desktop/Self/Coding Projects/learning-airflow/python37/lib/python3.12/site-packages/airflow/example_dags/example_python_decorator.py
[2025-04-16T21:27:36.565+1000] {processor.py:914} INFO - Processing file /Users/anurag/Desktop/Self/Coding Projects/learning-airflow/python37/lib/python3.12/site-packages/airflow/example_dags/example_python_decorator.py for tasks to queue
[2025-04-16T21:27:36.567+1000] {logging_mixin.py:190} INFO - [2025-04-16T21:27:36.566+1000] {dagbag.py:588} INFO - Filling up the DagBag from /Users/anurag/Desktop/Self/Coding Projects/learning-airflow/python37/lib/python3.12/site-packages/airflow/example_dags/example_python_decorator.py
[2025-04-16T21:27:36.600+1000] {logging_mixin.py:190} INFO - [2025-04-16T21:27:36.600+1000] {example_python_decorator.py:80} WARNING - The virtalenv_python example task requires virtualenv, please install it.
[2025-04-16T21:27:36.603+1000] {processor.py:925} INFO - DAG(s) 'example_python_decorator' retrieved from /Users/anurag/Desktop/Self/Coding Projects/learning-airflow/python37/lib/python3.12/site-packages/airflow/example_dags/example_python_decorator.py
[2025-04-16T21:27:36.772+1000] {logging_mixin.py:190} INFO - [2025-04-16T21:27:36.771+1000] {override.py:1930} INFO - Created Permission View: can delete on DAG:example_python_decorator
[2025-04-16T21:27:36.780+1000] {logging_mixin.py:190} INFO - [2025-04-16T21:27:36.780+1000] {override.py:1930} INFO - Created Permission View: can read on DAG:example_python_decorator
[2025-04-16T21:27:36.785+1000] {logging_mixin.py:190} INFO - [2025-04-16T21:27:36.785+1000] {override.py:1930} INFO - Created Permission View: can edit on DAG:example_python_decorator
[2025-04-16T21:27:36.793+1000] {logging_mixin.py:190} INFO - [2025-04-16T21:27:36.792+1000] {override.py:1930} INFO - Created Permission View: can delete on DAG Run:example_python_decorator
[2025-04-16T21:27:36.798+1000] {logging_mixin.py:190} INFO - [2025-04-16T21:27:36.798+1000] {override.py:1930} INFO - Created Permission View: can read on DAG Run:example_python_decorator
[2025-04-16T21:27:36.803+1000] {logging_mixin.py:190} INFO - [2025-04-16T21:27:36.803+1000] {override.py:1930} INFO - Created Permission View: can create on DAG Run:example_python_decorator
[2025-04-16T21:27:36.808+1000] {logging_mixin.py:190} INFO - [2025-04-16T21:27:36.808+1000] {override.py:1930} INFO - Created Permission View: menu access on DAG Run:example_python_decorator
[2025-04-16T21:27:36.809+1000] {logging_mixin.py:190} INFO - [2025-04-16T21:27:36.808+1000] {dag.py:3239} INFO - Sync 1 DAGs
[2025-04-16T21:27:36.819+1000] {logging_mixin.py:190} INFO - [2025-04-16T21:27:36.818+1000] {dag.py:3262} INFO - Creating ORM DAG for example_python_decorator
[2025-04-16T21:27:36.819+1000] {logging_mixin.py:190} INFO - [2025-04-16T21:27:36.819+1000] {dag.py:4180} INFO - Setting next_dagrun for example_python_decorator to None, run_after=None
[2025-04-16T21:27:36.888+1000] {processor.py:208} INFO - Processing /Users/anurag/Desktop/Self/Coding Projects/learning-airflow/python37/lib/python3.12/site-packages/airflow/example_dags/example_python_decorator.py took 0.328 seconds
[2025-04-16T21:30:37.570+1000] {processor.py:186} INFO - Started process (PID=89549) to work on /Users/anurag/Desktop/Self/Coding Projects/learning-airflow/python37/lib/python3.12/site-packages/airflow/example_dags/example_python_decorator.py
[2025-04-16T21:30:37.571+1000] {processor.py:914} INFO - Processing file /Users/anurag/Desktop/Self/Coding Projects/learning-airflow/python37/lib/python3.12/site-packages/airflow/example_dags/example_python_decorator.py for tasks to queue
[2025-04-16T21:30:37.572+1000] {logging_mixin.py:190} INFO - [2025-04-16T21:30:37.572+1000] {dagbag.py:588} INFO - Filling up the DagBag from /Users/anurag/Desktop/Self/Coding Projects/learning-airflow/python37/lib/python3.12/site-packages/airflow/example_dags/example_python_decorator.py
[2025-04-16T21:30:37.606+1000] {logging_mixin.py:190} INFO - [2025-04-16T21:30:37.605+1000] {example_python_decorator.py:80} WARNING - The virtalenv_python example task requires virtualenv, please install it.
[2025-04-16T21:30:37.608+1000] {processor.py:925} INFO - DAG(s) 'example_python_decorator' retrieved from /Users/anurag/Desktop/Self/Coding Projects/learning-airflow/python37/lib/python3.12/site-packages/airflow/example_dags/example_python_decorator.py
[2025-04-16T21:30:37.701+1000] {logging_mixin.py:190} INFO - [2025-04-16T21:30:37.701+1000] {dag.py:3239} INFO - Sync 1 DAGs
[2025-04-16T21:30:37.711+1000] {logging_mixin.py:190} INFO - [2025-04-16T21:30:37.711+1000] {dag.py:4180} INFO - Setting next_dagrun for example_python_decorator to None, run_after=None
[2025-04-16T21:30:37.728+1000] {processor.py:208} INFO - Processing /Users/anurag/Desktop/Self/Coding Projects/learning-airflow/python37/lib/python3.12/site-packages/airflow/example_dags/example_python_decorator.py took 0.162 seconds
[2025-04-16T21:33:01.363+1000] {processor.py:186} INFO - Started process (PID=89942) to work on /Users/anurag/Desktop/Self/Coding Projects/learning-airflow/python37/lib/python3.12/site-packages/airflow/example_dags/example_python_decorator.py
[2025-04-16T21:33:01.364+1000] {processor.py:914} INFO - Processing file /Users/anurag/Desktop/Self/Coding Projects/learning-airflow/python37/lib/python3.12/site-packages/airflow/example_dags/example_python_decorator.py for tasks to queue
[2025-04-16T21:33:01.365+1000] {logging_mixin.py:190} INFO - [2025-04-16T21:33:01.365+1000] {dagbag.py:588} INFO - Filling up the DagBag from /Users/anurag/Desktop/Self/Coding Projects/learning-airflow/python37/lib/python3.12/site-packages/airflow/example_dags/example_python_decorator.py
[2025-04-16T21:33:01.396+1000] {logging_mixin.py:190} INFO - [2025-04-16T21:33:01.396+1000] {example_python_decorator.py:80} WARNING - The virtalenv_python example task requires virtualenv, please install it.
[2025-04-16T21:33:01.399+1000] {processor.py:925} INFO - DAG(s) 'example_python_decorator' retrieved from /Users/anurag/Desktop/Self/Coding Projects/learning-airflow/python37/lib/python3.12/site-packages/airflow/example_dags/example_python_decorator.py
[2025-04-16T21:33:01.487+1000] {logging_mixin.py:190} INFO - [2025-04-16T21:33:01.487+1000] {dag.py:3239} INFO - Sync 1 DAGs
[2025-04-16T21:33:01.497+1000] {logging_mixin.py:190} INFO - [2025-04-16T21:33:01.497+1000] {dag.py:4180} INFO - Setting next_dagrun for example_python_decorator to None, run_after=None
[2025-04-16T21:33:01.512+1000] {processor.py:208} INFO - Processing /Users/anurag/Desktop/Self/Coding Projects/learning-airflow/python37/lib/python3.12/site-packages/airflow/example_dags/example_python_decorator.py took 0.154 seconds
[2025-04-16T21:37:09.595+1000] {processor.py:186} INFO - Started process (PID=90550) to work on /Users/anurag/Desktop/Self/Coding Projects/learning-airflow/python37/lib/python3.12/site-packages/airflow/example_dags/example_python_decorator.py
[2025-04-16T21:37:09.598+1000] {processor.py:914} INFO - Processing file /Users/anurag/Desktop/Self/Coding Projects/learning-airflow/python37/lib/python3.12/site-packages/airflow/example_dags/example_python_decorator.py for tasks to queue
[2025-04-16T21:37:09.600+1000] {logging_mixin.py:190} INFO - [2025-04-16T21:37:09.600+1000] {dagbag.py:588} INFO - Filling up the DagBag from /Users/anurag/Desktop/Self/Coding Projects/learning-airflow/python37/lib/python3.12/site-packages/airflow/example_dags/example_python_decorator.py
[2025-04-16T21:37:09.654+1000] {logging_mixin.py:190} INFO - [2025-04-16T21:37:09.654+1000] {example_python_decorator.py:80} WARNING - The virtalenv_python example task requires virtualenv, please install it.
[2025-04-16T21:37:09.657+1000] {processor.py:925} INFO - DAG(s) 'example_python_decorator' retrieved from /Users/anurag/Desktop/Self/Coding Projects/learning-airflow/python37/lib/python3.12/site-packages/airflow/example_dags/example_python_decorator.py
[2025-04-16T21:37:09.812+1000] {logging_mixin.py:190} INFO - [2025-04-16T21:37:09.812+1000] {dag.py:3239} INFO - Sync 1 DAGs
[2025-04-16T21:37:09.833+1000] {logging_mixin.py:190} INFO - [2025-04-16T21:37:09.832+1000] {dag.py:4180} INFO - Setting next_dagrun for example_python_decorator to None, run_after=None
[2025-04-16T21:37:09.867+1000] {processor.py:208} INFO - Processing /Users/anurag/Desktop/Self/Coding Projects/learning-airflow/python37/lib/python3.12/site-packages/airflow/example_dags/example_python_decorator.py took 0.279 seconds
[2025-04-16T21:40:17.607+1000] {processor.py:186} INFO - Started process (PID=91009) to work on /Users/anurag/Desktop/Self/Coding Projects/learning-airflow/python37/lib/python3.12/site-packages/airflow/example_dags/example_python_decorator.py
[2025-04-16T21:40:17.610+1000] {processor.py:914} INFO - Processing file /Users/anurag/Desktop/Self/Coding Projects/learning-airflow/python37/lib/python3.12/site-packages/airflow/example_dags/example_python_decorator.py for tasks to queue
[2025-04-16T21:40:17.611+1000] {logging_mixin.py:190} INFO - [2025-04-16T21:40:17.611+1000] {dagbag.py:588} INFO - Filling up the DagBag from /Users/anurag/Desktop/Self/Coding Projects/learning-airflow/python37/lib/python3.12/site-packages/airflow/example_dags/example_python_decorator.py
[2025-04-16T21:40:17.651+1000] {logging_mixin.py:190} INFO - [2025-04-16T21:40:17.651+1000] {example_python_decorator.py:80} WARNING - The virtalenv_python example task requires virtualenv, please install it.
[2025-04-16T21:40:17.654+1000] {processor.py:925} INFO - DAG(s) 'example_python_decorator' retrieved from /Users/anurag/Desktop/Self/Coding Projects/learning-airflow/python37/lib/python3.12/site-packages/airflow/example_dags/example_python_decorator.py
[2025-04-16T21:40:17.759+1000] {logging_mixin.py:190} INFO - [2025-04-16T21:40:17.759+1000] {dag.py:3239} INFO - Sync 1 DAGs
[2025-04-16T21:40:17.771+1000] {logging_mixin.py:190} INFO - [2025-04-16T21:40:17.771+1000] {dag.py:4180} INFO - Setting next_dagrun for example_python_decorator to None, run_after=None
[2025-04-16T21:40:17.789+1000] {processor.py:208} INFO - Processing /Users/anurag/Desktop/Self/Coding Projects/learning-airflow/python37/lib/python3.12/site-packages/airflow/example_dags/example_python_decorator.py took 0.188 seconds
[2025-04-16T21:42:38.431+1000] {processor.py:186} INFO - Started process (PID=91380) to work on /Users/anurag/Desktop/Self/Coding Projects/learning-airflow/python37/lib/python3.12/site-packages/airflow/example_dags/example_python_decorator.py
[2025-04-16T21:42:38.432+1000] {processor.py:914} INFO - Processing file /Users/anurag/Desktop/Self/Coding Projects/learning-airflow/python37/lib/python3.12/site-packages/airflow/example_dags/example_python_decorator.py for tasks to queue
[2025-04-16T21:42:38.434+1000] {logging_mixin.py:190} INFO - [2025-04-16T21:42:38.433+1000] {dagbag.py:588} INFO - Filling up the DagBag from /Users/anurag/Desktop/Self/Coding Projects/learning-airflow/python37/lib/python3.12/site-packages/airflow/example_dags/example_python_decorator.py
[2025-04-16T21:42:38.476+1000] {logging_mixin.py:190} INFO - [2025-04-16T21:42:38.476+1000] {example_python_decorator.py:80} WARNING - The virtalenv_python example task requires virtualenv, please install it.
[2025-04-16T21:42:38.479+1000] {processor.py:925} INFO - DAG(s) 'example_python_decorator' retrieved from /Users/anurag/Desktop/Self/Coding Projects/learning-airflow/python37/lib/python3.12/site-packages/airflow/example_dags/example_python_decorator.py
[2025-04-16T21:42:38.589+1000] {logging_mixin.py:190} INFO - [2025-04-16T21:42:38.588+1000] {dag.py:3239} INFO - Sync 1 DAGs
[2025-04-16T21:42:38.601+1000] {logging_mixin.py:190} INFO - [2025-04-16T21:42:38.601+1000] {dag.py:4180} INFO - Setting next_dagrun for example_python_decorator to None, run_after=None
[2025-04-16T21:42:38.621+1000] {processor.py:208} INFO - Processing /Users/anurag/Desktop/Self/Coding Projects/learning-airflow/python37/lib/python3.12/site-packages/airflow/example_dags/example_python_decorator.py took 0.194 seconds
[2025-04-16T21:45:27.936+1000] {processor.py:186} INFO - Started process (PID=9762) to work on /Users/anurag/Desktop/Self/Coding Projects/learning-airflow/python37/lib/python3.12/site-packages/airflow/example_dags/example_python_decorator.py
[2025-04-16T21:45:27.939+1000] {processor.py:914} INFO - Processing file /Users/anurag/Desktop/Self/Coding Projects/learning-airflow/python37/lib/python3.12/site-packages/airflow/example_dags/example_python_decorator.py for tasks to queue
[2025-04-16T21:45:27.941+1000] {logging_mixin.py:190} INFO - [2025-04-16T21:45:27.940+1000] {dagbag.py:588} INFO - Filling up the DagBag from /Users/anurag/Desktop/Self/Coding Projects/learning-airflow/python37/lib/python3.12/site-packages/airflow/example_dags/example_python_decorator.py
[2025-04-16T21:45:28.013+1000] {logging_mixin.py:190} INFO - [2025-04-16T21:45:28.013+1000] {example_python_decorator.py:80} WARNING - The virtalenv_python example task requires virtualenv, please install it.
[2025-04-16T21:45:28.018+1000] {processor.py:925} INFO - DAG(s) 'example_python_decorator' retrieved from /Users/anurag/Desktop/Self/Coding Projects/learning-airflow/python37/lib/python3.12/site-packages/airflow/example_dags/example_python_decorator.py
[2025-04-16T21:45:28.253+1000] {logging_mixin.py:190} INFO - [2025-04-16T21:45:28.252+1000] {dag.py:3239} INFO - Sync 1 DAGs
[2025-04-16T21:45:28.288+1000] {logging_mixin.py:190} INFO - [2025-04-16T21:45:28.287+1000] {dag.py:4180} INFO - Setting next_dagrun for example_python_decorator to None, run_after=None
[2025-04-16T21:45:28.323+1000] {processor.py:208} INFO - Processing /Users/anurag/Desktop/Self/Coding Projects/learning-airflow/python37/lib/python3.12/site-packages/airflow/example_dags/example_python_decorator.py took 0.394 seconds
