[2025-04-16T21:27:25.613+1000] {processor.py:186} INFO - Started process (PID=88987) to work on /Users/anurag/Desktop/Self/Coding Projects/learning-airflow/python37/lib/python3.12/site-packages/airflow/example_dags/example_sensors.py
[2025-04-16T21:27:25.615+1000] {processor.py:914} INFO - Processing file /Users/anurag/Desktop/Self/Coding Projects/learning-airflow/python37/lib/python3.12/site-packages/airflow/example_dags/example_sensors.py for tasks to queue
[2025-04-16T21:27:25.616+1000] {logging_mixin.py:190} INFO - [2025-04-16T21:27:25.616+1000] {dagbag.py:588} INFO - Filling up the DagBag from /Users/anurag/Desktop/Self/Coding Projects/learning-airflow/python37/lib/python3.12/site-packages/airflow/example_dags/example_sensors.py
[2025-04-16T21:27:25.639+1000] {processor.py:925} INFO - DAG(s) 'example_sensors' retrieved from /Users/anurag/Desktop/Self/Coding Projects/learning-airflow/python37/lib/python3.12/site-packages/airflow/example_dags/example_sensors.py
[2025-04-16T21:27:25.759+1000] {logging_mixin.py:190} INFO - [2025-04-16T21:27:25.758+1000] {workday.py:41} WARNING - Could not import pandas. Holidays will not be considered.
[2025-04-16T21:27:25.908+1000] {logging_mixin.py:190} INFO - [2025-04-16T21:27:25.907+1000] {override.py:1930} INFO - Created Permission View: can delete on DAG:example_sensors
[2025-04-16T21:27:25.919+1000] {logging_mixin.py:190} INFO - [2025-04-16T21:27:25.919+1000] {override.py:1930} INFO - Created Permission View: can read on DAG:example_sensors
[2025-04-16T21:27:25.927+1000] {logging_mixin.py:190} INFO - [2025-04-16T21:27:25.926+1000] {override.py:1930} INFO - Created Permission View: can edit on DAG:example_sensors
[2025-04-16T21:27:25.937+1000] {logging_mixin.py:190} INFO - [2025-04-16T21:27:25.936+1000] {override.py:1930} INFO - Created Permission View: can create on DAG Run:example_sensors
[2025-04-16T21:27:25.943+1000] {logging_mixin.py:190} INFO - [2025-04-16T21:27:25.943+1000] {override.py:1930} INFO - Created Permission View: menu access on DAG Run:example_sensors
[2025-04-16T21:27:25.950+1000] {logging_mixin.py:190} INFO - [2025-04-16T21:27:25.950+1000] {override.py:1930} INFO - Created Permission View: can read on DAG Run:example_sensors
[2025-04-16T21:27:25.959+1000] {logging_mixin.py:190} INFO - [2025-04-16T21:27:25.959+1000] {override.py:1930} INFO - Created Permission View: can delete on DAG Run:example_sensors
[2025-04-16T21:27:25.959+1000] {logging_mixin.py:190} INFO - [2025-04-16T21:27:25.959+1000] {dag.py:3239} INFO - Sync 1 DAGs
[2025-04-16T21:27:25.976+1000] {logging_mixin.py:190} INFO - [2025-04-16T21:27:25.976+1000] {dag.py:3262} INFO - Creating ORM DAG for example_sensors
[2025-04-16T21:27:25.977+1000] {logging_mixin.py:190} INFO - [2025-04-16T21:27:25.977+1000] {dag.py:4180} INFO - Setting next_dagrun for example_sensors to None, run_after=None
[2025-04-16T21:27:25.995+1000] {processor.py:208} INFO - Processing /Users/anurag/Desktop/Self/Coding Projects/learning-airflow/python37/lib/python3.12/site-packages/airflow/example_dags/example_sensors.py took 0.387 seconds
[2025-04-16T21:30:29.465+1000] {processor.py:186} INFO - Started process (PID=89527) to work on /Users/anurag/Desktop/Self/Coding Projects/learning-airflow/python37/lib/python3.12/site-packages/airflow/example_dags/example_sensors.py
[2025-04-16T21:30:29.467+1000] {processor.py:914} INFO - Processing file /Users/anurag/Desktop/Self/Coding Projects/learning-airflow/python37/lib/python3.12/site-packages/airflow/example_dags/example_sensors.py for tasks to queue
[2025-04-16T21:30:29.468+1000] {logging_mixin.py:190} INFO - [2025-04-16T21:30:29.468+1000] {dagbag.py:588} INFO - Filling up the DagBag from /Users/anurag/Desktop/Self/Coding Projects/learning-airflow/python37/lib/python3.12/site-packages/airflow/example_dags/example_sensors.py
[2025-04-16T21:30:29.486+1000] {processor.py:925} INFO - DAG(s) 'example_sensors' retrieved from /Users/anurag/Desktop/Self/Coding Projects/learning-airflow/python37/lib/python3.12/site-packages/airflow/example_dags/example_sensors.py
[2025-04-16T21:30:29.574+1000] {logging_mixin.py:190} INFO - [2025-04-16T21:30:29.574+1000] {workday.py:41} WARNING - Could not import pandas. Holidays will not be considered.
[2025-04-16T21:30:29.600+1000] {logging_mixin.py:190} INFO - [2025-04-16T21:30:29.600+1000] {dag.py:3239} INFO - Sync 1 DAGs
[2025-04-16T21:30:29.610+1000] {logging_mixin.py:190} INFO - [2025-04-16T21:30:29.610+1000] {dag.py:4180} INFO - Setting next_dagrun for example_sensors to None, run_after=None
[2025-04-16T21:30:29.626+1000] {processor.py:208} INFO - Processing /Users/anurag/Desktop/Self/Coding Projects/learning-airflow/python37/lib/python3.12/site-packages/airflow/example_dags/example_sensors.py took 0.165 seconds
[2025-04-16T21:32:52.889+1000] {processor.py:186} INFO - Started process (PID=89920) to work on /Users/anurag/Desktop/Self/Coding Projects/learning-airflow/python37/lib/python3.12/site-packages/airflow/example_dags/example_sensors.py
[2025-04-16T21:32:52.890+1000] {processor.py:914} INFO - Processing file /Users/anurag/Desktop/Self/Coding Projects/learning-airflow/python37/lib/python3.12/site-packages/airflow/example_dags/example_sensors.py for tasks to queue
[2025-04-16T21:32:52.892+1000] {logging_mixin.py:190} INFO - [2025-04-16T21:32:52.891+1000] {dagbag.py:588} INFO - Filling up the DagBag from /Users/anurag/Desktop/Self/Coding Projects/learning-airflow/python37/lib/python3.12/site-packages/airflow/example_dags/example_sensors.py
[2025-04-16T21:32:52.911+1000] {processor.py:925} INFO - DAG(s) 'example_sensors' retrieved from /Users/anurag/Desktop/Self/Coding Projects/learning-airflow/python37/lib/python3.12/site-packages/airflow/example_dags/example_sensors.py
[2025-04-16T21:32:53.015+1000] {logging_mixin.py:190} INFO - [2025-04-16T21:32:53.014+1000] {workday.py:41} WARNING - Could not import pandas. Holidays will not be considered.
[2025-04-16T21:32:53.045+1000] {logging_mixin.py:190} INFO - [2025-04-16T21:32:53.045+1000] {dag.py:3239} INFO - Sync 1 DAGs
[2025-04-16T21:32:53.058+1000] {logging_mixin.py:190} INFO - [2025-04-16T21:32:53.058+1000] {dag.py:4180} INFO - Setting next_dagrun for example_sensors to None, run_after=None
[2025-04-16T21:32:53.079+1000] {processor.py:208} INFO - Processing /Users/anurag/Desktop/Self/Coding Projects/learning-airflow/python37/lib/python3.12/site-packages/airflow/example_dags/example_sensors.py took 0.196 seconds
[2025-04-16T21:36:54.723+1000] {processor.py:186} INFO - Started process (PID=90510) to work on /Users/anurag/Desktop/Self/Coding Projects/learning-airflow/python37/lib/python3.12/site-packages/airflow/example_dags/example_sensors.py
[2025-04-16T21:36:54.725+1000] {processor.py:914} INFO - Processing file /Users/anurag/Desktop/Self/Coding Projects/learning-airflow/python37/lib/python3.12/site-packages/airflow/example_dags/example_sensors.py for tasks to queue
[2025-04-16T21:36:54.727+1000] {logging_mixin.py:190} INFO - [2025-04-16T21:36:54.727+1000] {dagbag.py:588} INFO - Filling up the DagBag from /Users/anurag/Desktop/Self/Coding Projects/learning-airflow/python37/lib/python3.12/site-packages/airflow/example_dags/example_sensors.py
[2025-04-16T21:36:54.751+1000] {processor.py:925} INFO - DAG(s) 'example_sensors' retrieved from /Users/anurag/Desktop/Self/Coding Projects/learning-airflow/python37/lib/python3.12/site-packages/airflow/example_dags/example_sensors.py
[2025-04-16T21:36:54.901+1000] {logging_mixin.py:190} INFO - [2025-04-16T21:36:54.901+1000] {workday.py:41} WARNING - Could not import pandas. Holidays will not be considered.
[2025-04-16T21:36:54.951+1000] {logging_mixin.py:190} INFO - [2025-04-16T21:36:54.951+1000] {dag.py:3239} INFO - Sync 1 DAGs
[2025-04-16T21:36:54.970+1000] {logging_mixin.py:190} INFO - [2025-04-16T21:36:54.970+1000] {dag.py:4180} INFO - Setting next_dagrun for example_sensors to None, run_after=None
[2025-04-16T21:36:54.996+1000] {processor.py:208} INFO - Processing /Users/anurag/Desktop/Self/Coding Projects/learning-airflow/python37/lib/python3.12/site-packages/airflow/example_dags/example_sensors.py took 0.279 seconds
[2025-04-16T21:40:08.832+1000] {processor.py:186} INFO - Started process (PID=90987) to work on /Users/anurag/Desktop/Self/Coding Projects/learning-airflow/python37/lib/python3.12/site-packages/airflow/example_dags/example_sensors.py
[2025-04-16T21:40:08.833+1000] {processor.py:914} INFO - Processing file /Users/anurag/Desktop/Self/Coding Projects/learning-airflow/python37/lib/python3.12/site-packages/airflow/example_dags/example_sensors.py for tasks to queue
[2025-04-16T21:40:08.834+1000] {logging_mixin.py:190} INFO - [2025-04-16T21:40:08.834+1000] {dagbag.py:588} INFO - Filling up the DagBag from /Users/anurag/Desktop/Self/Coding Projects/learning-airflow/python37/lib/python3.12/site-packages/airflow/example_dags/example_sensors.py
[2025-04-16T21:40:08.854+1000] {processor.py:925} INFO - DAG(s) 'example_sensors' retrieved from /Users/anurag/Desktop/Self/Coding Projects/learning-airflow/python37/lib/python3.12/site-packages/airflow/example_dags/example_sensors.py
[2025-04-16T21:40:08.947+1000] {logging_mixin.py:190} INFO - [2025-04-16T21:40:08.947+1000] {workday.py:41} WARNING - Could not import pandas. Holidays will not be considered.
[2025-04-16T21:40:08.972+1000] {logging_mixin.py:190} INFO - [2025-04-16T21:40:08.972+1000] {dag.py:3239} INFO - Sync 1 DAGs
[2025-04-16T21:40:08.982+1000] {logging_mixin.py:190} INFO - [2025-04-16T21:40:08.982+1000] {dag.py:4180} INFO - Setting next_dagrun for example_sensors to None, run_after=None
[2025-04-16T21:40:08.997+1000] {processor.py:208} INFO - Processing /Users/anurag/Desktop/Self/Coding Projects/learning-airflow/python37/lib/python3.12/site-packages/airflow/example_dags/example_sensors.py took 0.170 seconds
[2025-04-16T21:42:29.010+1000] {processor.py:186} INFO - Started process (PID=91356) to work on /Users/anurag/Desktop/Self/Coding Projects/learning-airflow/python37/lib/python3.12/site-packages/airflow/example_dags/example_sensors.py
[2025-04-16T21:42:29.012+1000] {processor.py:914} INFO - Processing file /Users/anurag/Desktop/Self/Coding Projects/learning-airflow/python37/lib/python3.12/site-packages/airflow/example_dags/example_sensors.py for tasks to queue
[2025-04-16T21:42:29.013+1000] {logging_mixin.py:190} INFO - [2025-04-16T21:42:29.013+1000] {dagbag.py:588} INFO - Filling up the DagBag from /Users/anurag/Desktop/Self/Coding Projects/learning-airflow/python37/lib/python3.12/site-packages/airflow/example_dags/example_sensors.py
[2025-04-16T21:42:29.029+1000] {processor.py:925} INFO - DAG(s) 'example_sensors' retrieved from /Users/anurag/Desktop/Self/Coding Projects/learning-airflow/python37/lib/python3.12/site-packages/airflow/example_dags/example_sensors.py
[2025-04-16T21:42:29.134+1000] {logging_mixin.py:190} INFO - [2025-04-16T21:42:29.134+1000] {workday.py:41} WARNING - Could not import pandas. Holidays will not be considered.
[2025-04-16T21:42:29.166+1000] {logging_mixin.py:190} INFO - [2025-04-16T21:42:29.166+1000] {dag.py:3239} INFO - Sync 1 DAGs
[2025-04-16T21:42:29.178+1000] {logging_mixin.py:190} INFO - [2025-04-16T21:42:29.178+1000] {dag.py:4180} INFO - Setting next_dagrun for example_sensors to None, run_after=None
[2025-04-16T21:42:29.197+1000] {processor.py:208} INFO - Processing /Users/anurag/Desktop/Self/Coding Projects/learning-airflow/python37/lib/python3.12/site-packages/airflow/example_dags/example_sensors.py took 0.192 seconds
[2025-04-16T21:45:17.578+1000] {processor.py:186} INFO - Started process (PID=9734) to work on /Users/anurag/Desktop/Self/Coding Projects/learning-airflow/python37/lib/python3.12/site-packages/airflow/example_dags/example_sensors.py
[2025-04-16T21:45:17.580+1000] {processor.py:914} INFO - Processing file /Users/anurag/Desktop/Self/Coding Projects/learning-airflow/python37/lib/python3.12/site-packages/airflow/example_dags/example_sensors.py for tasks to queue
[2025-04-16T21:45:17.581+1000] {logging_mixin.py:190} INFO - [2025-04-16T21:45:17.581+1000] {dagbag.py:588} INFO - Filling up the DagBag from /Users/anurag/Desktop/Self/Coding Projects/learning-airflow/python37/lib/python3.12/site-packages/airflow/example_dags/example_sensors.py
[2025-04-16T21:45:17.606+1000] {processor.py:925} INFO - DAG(s) 'example_sensors' retrieved from /Users/anurag/Desktop/Self/Coding Projects/learning-airflow/python37/lib/python3.12/site-packages/airflow/example_dags/example_sensors.py
[2025-04-16T21:45:17.746+1000] {logging_mixin.py:190} INFO - [2025-04-16T21:45:17.746+1000] {workday.py:41} WARNING - Could not import pandas. Holidays will not be considered.
[2025-04-16T21:45:17.791+1000] {logging_mixin.py:190} INFO - [2025-04-16T21:45:17.791+1000] {dag.py:3239} INFO - Sync 1 DAGs
[2025-04-16T21:45:17.806+1000] {logging_mixin.py:190} INFO - [2025-04-16T21:45:17.806+1000] {dag.py:4180} INFO - Setting next_dagrun for example_sensors to None, run_after=None
[2025-04-16T21:45:17.827+1000] {processor.py:208} INFO - Processing /Users/anurag/Desktop/Self/Coding Projects/learning-airflow/python37/lib/python3.12/site-packages/airflow/example_dags/example_sensors.py took 0.255 seconds
