[2025-04-16T21:28:50.274+1000] {processor.py:186} INFO - Started process (PID=89221) to work on /Users/anurag/Desktop/Self/Coding Projects/learning-airflow/python37/lib/python3.12/site-packages/airflow/example_dags/example_branch_python_dop_operator_3.py
[2025-04-16T21:28:50.275+1000] {processor.py:914} INFO - Processing file /Users/anurag/Desktop/Self/Coding Projects/learning-airflow/python37/lib/python3.12/site-packages/airflow/example_dags/example_branch_python_dop_operator_3.py for tasks to queue
[2025-04-16T21:28:50.276+1000] {logging_mixin.py:190} INFO - [2025-04-16T21:28:50.276+1000] {dagbag.py:588} INFO - Filling up the DagBag from /Users/anurag/Desktop/Self/Coding Projects/learning-airflow/python37/lib/python3.12/site-packages/airflow/example_dags/example_branch_python_dop_operator_3.py
[2025-04-16T21:28:50.314+1000] {processor.py:925} INFO - DAG(s) 'example_branch_dop_operator_v3' retrieved from /Users/anurag/Desktop/Self/Coding Projects/learning-airflow/python37/lib/python3.12/site-packages/airflow/example_dags/example_branch_python_dop_operator_3.py
[2025-04-16T21:28:50.508+1000] {logging_mixin.py:190} INFO - [2025-04-16T21:28:50.508+1000] {override.py:1930} INFO - Created Permission View: can read on DAG:example_branch_dop_operator_v3
[2025-04-16T21:28:50.533+1000] {logging_mixin.py:190} INFO - [2025-04-16T21:28:50.533+1000] {override.py:1930} INFO - Created Permission View: can edit on DAG:example_branch_dop_operator_v3
[2025-04-16T21:28:50.569+1000] {logging_mixin.py:190} INFO - [2025-04-16T21:28:50.568+1000] {override.py:1930} INFO - Created Permission View: can delete on DAG:example_branch_dop_operator_v3
[2025-04-16T21:28:50.579+1000] {logging_mixin.py:190} INFO - [2025-04-16T21:28:50.579+1000] {override.py:1930} INFO - Created Permission View: menu access on DAG Run:example_branch_dop_operator_v3
[2025-04-16T21:28:50.586+1000] {logging_mixin.py:190} INFO - [2025-04-16T21:28:50.586+1000] {override.py:1930} INFO - Created Permission View: can read on DAG Run:example_branch_dop_operator_v3
[2025-04-16T21:28:50.592+1000] {logging_mixin.py:190} INFO - [2025-04-16T21:28:50.592+1000] {override.py:1930} INFO - Created Permission View: can create on DAG Run:example_branch_dop_operator_v3
[2025-04-16T21:28:50.597+1000] {logging_mixin.py:190} INFO - [2025-04-16T21:28:50.597+1000] {override.py:1930} INFO - Created Permission View: can delete on DAG Run:example_branch_dop_operator_v3
[2025-04-16T21:28:50.598+1000] {logging_mixin.py:190} INFO - [2025-04-16T21:28:50.597+1000] {dag.py:3239} INFO - Sync 1 DAGs
[2025-04-16T21:28:50.608+1000] {logging_mixin.py:190} INFO - [2025-04-16T21:28:50.608+1000] {dag.py:3262} INFO - Creating ORM DAG for example_branch_dop_operator_v3
[2025-04-16T21:28:50.677+1000] {logging_mixin.py:190} INFO - [2025-04-16T21:28:50.677+1000] {dag.py:4180} INFO - Setting next_dagrun for example_branch_dop_operator_v3 to 2025-04-16 11:27:00+00:00, run_after=2025-04-16 11:28:00+00:00
[2025-04-16T21:28:50.704+1000] {processor.py:208} INFO - Processing /Users/anurag/Desktop/Self/Coding Projects/learning-airflow/python37/lib/python3.12/site-packages/airflow/example_dags/example_branch_python_dop_operator_3.py took 0.434 seconds
[2025-04-16T21:33:38.219+1000] {processor.py:186} INFO - Started process (PID=90028) to work on /Users/anurag/Desktop/Self/Coding Projects/learning-airflow/python37/lib/python3.12/site-packages/airflow/example_dags/example_branch_python_dop_operator_3.py
[2025-04-16T21:33:38.220+1000] {processor.py:914} INFO - Processing file /Users/anurag/Desktop/Self/Coding Projects/learning-airflow/python37/lib/python3.12/site-packages/airflow/example_dags/example_branch_python_dop_operator_3.py for tasks to queue
[2025-04-16T21:33:38.223+1000] {logging_mixin.py:190} INFO - [2025-04-16T21:33:38.221+1000] {dagbag.py:588} INFO - Filling up the DagBag from /Users/anurag/Desktop/Self/Coding Projects/learning-airflow/python37/lib/python3.12/site-packages/airflow/example_dags/example_branch_python_dop_operator_3.py
[2025-04-16T21:33:38.277+1000] {processor.py:925} INFO - DAG(s) 'example_branch_dop_operator_v3' retrieved from /Users/anurag/Desktop/Self/Coding Projects/learning-airflow/python37/lib/python3.12/site-packages/airflow/example_dags/example_branch_python_dop_operator_3.py
[2025-04-16T21:33:38.532+1000] {logging_mixin.py:190} INFO - [2025-04-16T21:33:38.531+1000] {dag.py:3239} INFO - Sync 1 DAGs
[2025-04-16T21:33:38.587+1000] {logging_mixin.py:190} INFO - [2025-04-16T21:33:38.585+1000] {dag.py:4180} INFO - Setting next_dagrun for example_branch_dop_operator_v3 to 2025-04-16 11:32:00+00:00, run_after=2025-04-16 11:33:00+00:00
[2025-04-16T21:33:38.632+1000] {processor.py:208} INFO - Processing /Users/anurag/Desktop/Self/Coding Projects/learning-airflow/python37/lib/python3.12/site-packages/airflow/example_dags/example_branch_python_dop_operator_3.py took 0.416 seconds
[2025-04-16T21:38:46.154+1000] {processor.py:186} INFO - Started process (PID=90775) to work on /Users/anurag/Desktop/Self/Coding Projects/learning-airflow/python37/lib/python3.12/site-packages/airflow/example_dags/example_branch_python_dop_operator_3.py
[2025-04-16T21:38:46.156+1000] {processor.py:914} INFO - Processing file /Users/anurag/Desktop/Self/Coding Projects/learning-airflow/python37/lib/python3.12/site-packages/airflow/example_dags/example_branch_python_dop_operator_3.py for tasks to queue
[2025-04-16T21:38:46.158+1000] {logging_mixin.py:190} INFO - [2025-04-16T21:38:46.158+1000] {dagbag.py:588} INFO - Filling up the DagBag from /Users/anurag/Desktop/Self/Coding Projects/learning-airflow/python37/lib/python3.12/site-packages/airflow/example_dags/example_branch_python_dop_operator_3.py
[2025-04-16T21:38:46.214+1000] {processor.py:925} INFO - DAG(s) 'example_branch_dop_operator_v3' retrieved from /Users/anurag/Desktop/Self/Coding Projects/learning-airflow/python37/lib/python3.12/site-packages/airflow/example_dags/example_branch_python_dop_operator_3.py
[2025-04-16T21:38:46.361+1000] {logging_mixin.py:190} INFO - [2025-04-16T21:38:46.360+1000] {dag.py:3239} INFO - Sync 1 DAGs
[2025-04-16T21:38:46.401+1000] {logging_mixin.py:190} INFO - [2025-04-16T21:38:46.401+1000] {dag.py:4180} INFO - Setting next_dagrun for example_branch_dop_operator_v3 to 2025-04-16 11:37:00+00:00, run_after=2025-04-16 11:38:00+00:00
[2025-04-16T21:38:46.427+1000] {processor.py:208} INFO - Processing /Users/anurag/Desktop/Self/Coding Projects/learning-airflow/python37/lib/python3.12/site-packages/airflow/example_dags/example_branch_python_dop_operator_3.py took 0.279 seconds
[2025-04-16T21:43:30.504+1000] {processor.py:186} INFO - Started process (PID=92964) to work on /Users/anurag/Desktop/Self/Coding Projects/learning-airflow/python37/lib/python3.12/site-packages/airflow/example_dags/example_branch_python_dop_operator_3.py
[2025-04-16T21:43:30.506+1000] {processor.py:914} INFO - Processing file /Users/anurag/Desktop/Self/Coding Projects/learning-airflow/python37/lib/python3.12/site-packages/airflow/example_dags/example_branch_python_dop_operator_3.py for tasks to queue
[2025-04-16T21:43:30.508+1000] {logging_mixin.py:190} INFO - [2025-04-16T21:43:30.507+1000] {dagbag.py:588} INFO - Filling up the DagBag from /Users/anurag/Desktop/Self/Coding Projects/learning-airflow/python37/lib/python3.12/site-packages/airflow/example_dags/example_branch_python_dop_operator_3.py
[2025-04-16T21:43:30.562+1000] {processor.py:925} INFO - DAG(s) 'example_branch_dop_operator_v3' retrieved from /Users/anurag/Desktop/Self/Coding Projects/learning-airflow/python37/lib/python3.12/site-packages/airflow/example_dags/example_branch_python_dop_operator_3.py
[2025-04-16T21:43:30.689+1000] {logging_mixin.py:190} INFO - [2025-04-16T21:43:30.688+1000] {dag.py:3239} INFO - Sync 1 DAGs
[2025-04-16T21:43:30.715+1000] {logging_mixin.py:190} INFO - [2025-04-16T21:43:30.715+1000] {dag.py:4180} INFO - Setting next_dagrun for example_branch_dop_operator_v3 to 2025-04-16 11:42:00+00:00, run_after=2025-04-16 11:43:00+00:00
[2025-04-16T21:43:30.735+1000] {processor.py:208} INFO - Processing /Users/anurag/Desktop/Self/Coding Projects/learning-airflow/python37/lib/python3.12/site-packages/airflow/example_dags/example_branch_python_dop_operator_3.py took 0.236 seconds
