[2025-04-16T21:26:35.698+1000] {processor.py:186} INFO - Started process (PID=88848) to work on /Users/anurag/Desktop/Self/Coding Projects/learning-airflow/python37/lib/python3.12/site-packages/airflow/example_dags/example_trigger_controller_dag.py
[2025-04-16T21:26:35.701+1000] {processor.py:914} INFO - Processing file /Users/anurag/Desktop/Self/Coding Projects/learning-airflow/python37/lib/python3.12/site-packages/airflow/example_dags/example_trigger_controller_dag.py for tasks to queue
[2025-04-16T21:26:35.702+1000] {logging_mixin.py:190} INFO - [2025-04-16T21:26:35.702+1000] {dagbag.py:588} INFO - Filling up the DagBag from /Users/anurag/Desktop/Self/Coding Projects/learning-airflow/python37/lib/python3.12/site-packages/airflow/example_dags/example_trigger_controller_dag.py
[2025-04-16T21:26:35.720+1000] {processor.py:925} INFO - DAG(s) 'example_trigger_controller_dag' retrieved from /Users/anurag/Desktop/Self/Coding Projects/learning-airflow/python37/lib/python3.12/site-packages/airflow/example_dags/example_trigger_controller_dag.py
[2025-04-16T21:26:36.048+1000] {logging_mixin.py:190} INFO - [2025-04-16T21:26:36.047+1000] {override.py:1930} INFO - Created Permission View: can read on DAG:example_trigger_controller_dag
[2025-04-16T21:26:36.067+1000] {logging_mixin.py:190} INFO - [2025-04-16T21:26:36.066+1000] {override.py:1930} INFO - Created Permission View: can delete on DAG:example_trigger_controller_dag
[2025-04-16T21:26:36.076+1000] {logging_mixin.py:190} INFO - [2025-04-16T21:26:36.076+1000] {override.py:1930} INFO - Created Permission View: can edit on DAG:example_trigger_controller_dag
[2025-04-16T21:26:36.089+1000] {logging_mixin.py:190} INFO - [2025-04-16T21:26:36.087+1000] {override.py:1930} INFO - Created Permission View: can create on DAG Run:example_trigger_controller_dag
[2025-04-16T21:26:36.098+1000] {logging_mixin.py:190} INFO - [2025-04-16T21:26:36.098+1000] {override.py:1930} INFO - Created Permission View: can read on DAG Run:example_trigger_controller_dag
[2025-04-16T21:26:36.108+1000] {logging_mixin.py:190} INFO - [2025-04-16T21:26:36.107+1000] {override.py:1930} INFO - Created Permission View: can delete on DAG Run:example_trigger_controller_dag
[2025-04-16T21:26:36.116+1000] {logging_mixin.py:190} INFO - [2025-04-16T21:26:36.116+1000] {override.py:1930} INFO - Created Permission View: menu access on DAG Run:example_trigger_controller_dag
[2025-04-16T21:26:36.117+1000] {logging_mixin.py:190} INFO - [2025-04-16T21:26:36.116+1000] {dag.py:3239} INFO - Sync 1 DAGs
[2025-04-16T21:26:36.131+1000] {logging_mixin.py:190} INFO - [2025-04-16T21:26:36.131+1000] {dag.py:3262} INFO - Creating ORM DAG for example_trigger_controller_dag
[2025-04-16T21:26:36.141+1000] {logging_mixin.py:190} INFO - [2025-04-16T21:26:36.140+1000] {dag.py:4180} INFO - Setting next_dagrun for example_trigger_controller_dag to 2021-01-01 00:00:00+00:00, run_after=2021-01-01 00:00:00+00:00
[2025-04-16T21:26:36.170+1000] {processor.py:208} INFO - Processing /Users/anurag/Desktop/Self/Coding Projects/learning-airflow/python37/lib/python3.12/site-packages/airflow/example_dags/example_trigger_controller_dag.py took 0.478 seconds
[2025-04-16T21:29:58.190+1000] {processor.py:186} INFO - Started process (PID=89442) to work on /Users/anurag/Desktop/Self/Coding Projects/learning-airflow/python37/lib/python3.12/site-packages/airflow/example_dags/example_trigger_controller_dag.py
[2025-04-16T21:29:58.192+1000] {processor.py:914} INFO - Processing file /Users/anurag/Desktop/Self/Coding Projects/learning-airflow/python37/lib/python3.12/site-packages/airflow/example_dags/example_trigger_controller_dag.py for tasks to queue
[2025-04-16T21:29:58.193+1000] {logging_mixin.py:190} INFO - [2025-04-16T21:29:58.193+1000] {dagbag.py:588} INFO - Filling up the DagBag from /Users/anurag/Desktop/Self/Coding Projects/learning-airflow/python37/lib/python3.12/site-packages/airflow/example_dags/example_trigger_controller_dag.py
[2025-04-16T21:29:58.207+1000] {processor.py:925} INFO - DAG(s) 'example_trigger_controller_dag' retrieved from /Users/anurag/Desktop/Self/Coding Projects/learning-airflow/python37/lib/python3.12/site-packages/airflow/example_dags/example_trigger_controller_dag.py
[2025-04-16T21:29:58.298+1000] {logging_mixin.py:190} INFO - [2025-04-16T21:29:58.298+1000] {dag.py:3239} INFO - Sync 1 DAGs
[2025-04-16T21:29:58.315+1000] {logging_mixin.py:190} INFO - [2025-04-16T21:29:58.315+1000] {dag.py:4180} INFO - Setting next_dagrun for example_trigger_controller_dag to 2021-01-01 00:00:00+00:00, run_after=2021-01-01 00:00:00+00:00
[2025-04-16T21:29:58.339+1000] {processor.py:208} INFO - Processing /Users/anurag/Desktop/Self/Coding Projects/learning-airflow/python37/lib/python3.12/site-packages/airflow/example_dags/example_trigger_controller_dag.py took 0.153 seconds
[2025-04-16T21:32:20.793+1000] {processor.py:186} INFO - Started process (PID=89818) to work on /Users/anurag/Desktop/Self/Coding Projects/learning-airflow/python37/lib/python3.12/site-packages/airflow/example_dags/example_trigger_controller_dag.py
[2025-04-16T21:32:20.794+1000] {processor.py:914} INFO - Processing file /Users/anurag/Desktop/Self/Coding Projects/learning-airflow/python37/lib/python3.12/site-packages/airflow/example_dags/example_trigger_controller_dag.py for tasks to queue
[2025-04-16T21:32:20.795+1000] {logging_mixin.py:190} INFO - [2025-04-16T21:32:20.794+1000] {dagbag.py:588} INFO - Filling up the DagBag from /Users/anurag/Desktop/Self/Coding Projects/learning-airflow/python37/lib/python3.12/site-packages/airflow/example_dags/example_trigger_controller_dag.py
[2025-04-16T21:32:20.806+1000] {processor.py:925} INFO - DAG(s) 'example_trigger_controller_dag' retrieved from /Users/anurag/Desktop/Self/Coding Projects/learning-airflow/python37/lib/python3.12/site-packages/airflow/example_dags/example_trigger_controller_dag.py
[2025-04-16T21:32:20.888+1000] {logging_mixin.py:190} INFO - [2025-04-16T21:32:20.888+1000] {dag.py:3239} INFO - Sync 1 DAGs
[2025-04-16T21:32:20.903+1000] {logging_mixin.py:190} INFO - [2025-04-16T21:32:20.903+1000] {dag.py:4180} INFO - Setting next_dagrun for example_trigger_controller_dag to 2021-01-01 00:00:00+00:00, run_after=2021-01-01 00:00:00+00:00
[2025-04-16T21:32:20.918+1000] {processor.py:208} INFO - Processing /Users/anurag/Desktop/Self/Coding Projects/learning-airflow/python37/lib/python3.12/site-packages/airflow/example_dags/example_trigger_controller_dag.py took 0.130 seconds
[2025-04-16T21:36:01.001+1000] {processor.py:186} INFO - Started process (PID=90384) to work on /Users/anurag/Desktop/Self/Coding Projects/learning-airflow/python37/lib/python3.12/site-packages/airflow/example_dags/example_trigger_controller_dag.py
[2025-04-16T21:36:01.004+1000] {processor.py:914} INFO - Processing file /Users/anurag/Desktop/Self/Coding Projects/learning-airflow/python37/lib/python3.12/site-packages/airflow/example_dags/example_trigger_controller_dag.py for tasks to queue
[2025-04-16T21:36:01.006+1000] {logging_mixin.py:190} INFO - [2025-04-16T21:36:01.006+1000] {dagbag.py:588} INFO - Filling up the DagBag from /Users/anurag/Desktop/Self/Coding Projects/learning-airflow/python37/lib/python3.12/site-packages/airflow/example_dags/example_trigger_controller_dag.py
[2025-04-16T21:36:01.036+1000] {processor.py:925} INFO - DAG(s) 'example_trigger_controller_dag' retrieved from /Users/anurag/Desktop/Self/Coding Projects/learning-airflow/python37/lib/python3.12/site-packages/airflow/example_dags/example_trigger_controller_dag.py
[2025-04-16T21:36:01.236+1000] {logging_mixin.py:190} INFO - [2025-04-16T21:36:01.236+1000] {dag.py:3239} INFO - Sync 1 DAGs
[2025-04-16T21:36:01.273+1000] {logging_mixin.py:190} INFO - [2025-04-16T21:36:01.272+1000] {dag.py:4180} INFO - Setting next_dagrun for example_trigger_controller_dag to 2021-01-01 00:00:00+00:00, run_after=2021-01-01 00:00:00+00:00
[2025-04-16T21:36:01.301+1000] {processor.py:208} INFO - Processing /Users/anurag/Desktop/Self/Coding Projects/learning-airflow/python37/lib/python3.12/site-packages/airflow/example_dags/example_trigger_controller_dag.py took 0.307 seconds
[2025-04-16T21:39:37.987+1000] {processor.py:186} INFO - Started process (PID=90908) to work on /Users/anurag/Desktop/Self/Coding Projects/learning-airflow/python37/lib/python3.12/site-packages/airflow/example_dags/example_trigger_controller_dag.py
[2025-04-16T21:39:37.989+1000] {processor.py:914} INFO - Processing file /Users/anurag/Desktop/Self/Coding Projects/learning-airflow/python37/lib/python3.12/site-packages/airflow/example_dags/example_trigger_controller_dag.py for tasks to queue
[2025-04-16T21:39:37.990+1000] {logging_mixin.py:190} INFO - [2025-04-16T21:39:37.990+1000] {dagbag.py:588} INFO - Filling up the DagBag from /Users/anurag/Desktop/Self/Coding Projects/learning-airflow/python37/lib/python3.12/site-packages/airflow/example_dags/example_trigger_controller_dag.py
[2025-04-16T21:39:38.003+1000] {processor.py:925} INFO - DAG(s) 'example_trigger_controller_dag' retrieved from /Users/anurag/Desktop/Self/Coding Projects/learning-airflow/python37/lib/python3.12/site-packages/airflow/example_dags/example_trigger_controller_dag.py
[2025-04-16T21:39:38.084+1000] {logging_mixin.py:190} INFO - [2025-04-16T21:39:38.084+1000] {dag.py:3239} INFO - Sync 1 DAGs
[2025-04-16T21:39:38.101+1000] {logging_mixin.py:190} INFO - [2025-04-16T21:39:38.100+1000] {dag.py:4180} INFO - Setting next_dagrun for example_trigger_controller_dag to 2021-01-01 00:00:00+00:00, run_after=2021-01-01 00:00:00+00:00
[2025-04-16T21:39:38.117+1000] {processor.py:208} INFO - Processing /Users/anurag/Desktop/Self/Coding Projects/learning-airflow/python37/lib/python3.12/site-packages/airflow/example_dags/example_trigger_controller_dag.py took 0.134 seconds
[2025-04-16T21:41:57.775+1000] {processor.py:186} INFO - Started process (PID=91270) to work on /Users/anurag/Desktop/Self/Coding Projects/learning-airflow/python37/lib/python3.12/site-packages/airflow/example_dags/example_trigger_controller_dag.py
[2025-04-16T21:41:57.776+1000] {processor.py:914} INFO - Processing file /Users/anurag/Desktop/Self/Coding Projects/learning-airflow/python37/lib/python3.12/site-packages/airflow/example_dags/example_trigger_controller_dag.py for tasks to queue
[2025-04-16T21:41:57.777+1000] {logging_mixin.py:190} INFO - [2025-04-16T21:41:57.777+1000] {dagbag.py:588} INFO - Filling up the DagBag from /Users/anurag/Desktop/Self/Coding Projects/learning-airflow/python37/lib/python3.12/site-packages/airflow/example_dags/example_trigger_controller_dag.py
[2025-04-16T21:41:57.787+1000] {processor.py:925} INFO - DAG(s) 'example_trigger_controller_dag' retrieved from /Users/anurag/Desktop/Self/Coding Projects/learning-airflow/python37/lib/python3.12/site-packages/airflow/example_dags/example_trigger_controller_dag.py
[2025-04-16T21:41:57.888+1000] {logging_mixin.py:190} INFO - [2025-04-16T21:41:57.887+1000] {dag.py:3239} INFO - Sync 1 DAGs
[2025-04-16T21:41:57.908+1000] {logging_mixin.py:190} INFO - [2025-04-16T21:41:57.908+1000] {dag.py:4180} INFO - Setting next_dagrun for example_trigger_controller_dag to 2021-01-01 00:00:00+00:00, run_after=2021-01-01 00:00:00+00:00
[2025-04-16T21:41:57.926+1000] {processor.py:208} INFO - Processing /Users/anurag/Desktop/Self/Coding Projects/learning-airflow/python37/lib/python3.12/site-packages/airflow/example_dags/example_trigger_controller_dag.py took 0.155 seconds
[2025-04-16T21:44:41.389+1000] {processor.py:186} INFO - Started process (PID=5167) to work on /Users/anurag/Desktop/Self/Coding Projects/learning-airflow/python37/lib/python3.12/site-packages/airflow/example_dags/example_trigger_controller_dag.py
[2025-04-16T21:44:41.392+1000] {processor.py:914} INFO - Processing file /Users/anurag/Desktop/Self/Coding Projects/learning-airflow/python37/lib/python3.12/site-packages/airflow/example_dags/example_trigger_controller_dag.py for tasks to queue
[2025-04-16T21:44:41.395+1000] {logging_mixin.py:190} INFO - [2025-04-16T21:44:41.394+1000] {dagbag.py:588} INFO - Filling up the DagBag from /Users/anurag/Desktop/Self/Coding Projects/learning-airflow/python37/lib/python3.12/site-packages/airflow/example_dags/example_trigger_controller_dag.py
[2025-04-16T21:44:41.418+1000] {processor.py:925} INFO - DAG(s) 'example_trigger_controller_dag' retrieved from /Users/anurag/Desktop/Self/Coding Projects/learning-airflow/python37/lib/python3.12/site-packages/airflow/example_dags/example_trigger_controller_dag.py
[2025-04-16T21:44:41.581+1000] {logging_mixin.py:190} INFO - [2025-04-16T21:44:41.580+1000] {dag.py:3239} INFO - Sync 1 DAGs
[2025-04-16T21:44:41.610+1000] {logging_mixin.py:190} INFO - [2025-04-16T21:44:41.609+1000] {dag.py:4180} INFO - Setting next_dagrun for example_trigger_controller_dag to 2021-01-01 00:00:00+00:00, run_after=2021-01-01 00:00:00+00:00
[2025-04-16T21:44:41.637+1000] {processor.py:208} INFO - Processing /Users/anurag/Desktop/Self/Coding Projects/learning-airflow/python37/lib/python3.12/site-packages/airflow/example_dags/example_trigger_controller_dag.py took 0.256 seconds
[2025-04-16T21:47:38.618+1000] {processor.py:186} INFO - Started process (PID=21072) to work on /Users/anurag/Desktop/Self/Coding Projects/learning-airflow/python37/lib/python3.12/site-packages/airflow/example_dags/example_trigger_controller_dag.py
[2025-04-16T21:47:38.620+1000] {processor.py:914} INFO - Processing file /Users/anurag/Desktop/Self/Coding Projects/learning-airflow/python37/lib/python3.12/site-packages/airflow/example_dags/example_trigger_controller_dag.py for tasks to queue
[2025-04-16T21:47:38.621+1000] {logging_mixin.py:190} INFO - [2025-04-16T21:47:38.621+1000] {dagbag.py:588} INFO - Filling up the DagBag from /Users/anurag/Desktop/Self/Coding Projects/learning-airflow/python37/lib/python3.12/site-packages/airflow/example_dags/example_trigger_controller_dag.py
[2025-04-16T21:47:38.636+1000] {processor.py:925} INFO - DAG(s) 'example_trigger_controller_dag' retrieved from /Users/anurag/Desktop/Self/Coding Projects/learning-airflow/python37/lib/python3.12/site-packages/airflow/example_dags/example_trigger_controller_dag.py
[2025-04-16T21:47:38.770+1000] {logging_mixin.py:190} INFO - [2025-04-16T21:47:38.769+1000] {dag.py:3239} INFO - Sync 1 DAGs
[2025-04-16T21:47:38.794+1000] {logging_mixin.py:190} INFO - [2025-04-16T21:47:38.794+1000] {dag.py:4180} INFO - Setting next_dagrun for example_trigger_controller_dag to 2021-01-01 00:00:00+00:00, run_after=2021-01-01 00:00:00+00:00
[2025-04-16T21:47:38.817+1000] {processor.py:208} INFO - Processing /Users/anurag/Desktop/Self/Coding Projects/learning-airflow/python37/lib/python3.12/site-packages/airflow/example_dags/example_trigger_controller_dag.py took 0.205 seconds
