[2025-04-16T21:28:22.162+1000] {processor.py:186} INFO - Started process (PID=89146) to work on /Users/anurag/Desktop/Self/Coding Projects/learning-airflow/python37/lib/python3.12/site-packages/airflow/example_dags/example_dynamic_task_mapping.py
[2025-04-16T21:28:22.163+1000] {processor.py:914} INFO - Processing file /Users/anurag/Desktop/Self/Coding Projects/learning-airflow/python37/lib/python3.12/site-packages/airflow/example_dags/example_dynamic_task_mapping.py for tasks to queue
[2025-04-16T21:28:22.165+1000] {logging_mixin.py:190} INFO - [2025-04-16T21:28:22.165+1000] {dagbag.py:588} INFO - Filling up the DagBag from /Users/anurag/Desktop/Self/Coding Projects/learning-airflow/python37/lib/python3.12/site-packages/airflow/example_dags/example_dynamic_task_mapping.py
[2025-04-16T21:28:22.214+1000] {processor.py:925} INFO - DAG(s) 'example_dynamic_task_mapping' retrieved from /Users/anurag/Desktop/Self/Coding Projects/learning-airflow/python37/lib/python3.12/site-packages/airflow/example_dags/example_dynamic_task_mapping.py
[2025-04-16T21:28:22.609+1000] {logging_mixin.py:190} INFO - [2025-04-16T21:28:22.608+1000] {override.py:1930} INFO - Created Permission View: can edit on DAG:example_dynamic_task_mapping
[2025-04-16T21:28:22.634+1000] {logging_mixin.py:190} INFO - [2025-04-16T21:28:22.633+1000] {override.py:1930} INFO - Created Permission View: can delete on DAG:example_dynamic_task_mapping
[2025-04-16T21:28:22.648+1000] {logging_mixin.py:190} INFO - [2025-04-16T21:28:22.647+1000] {override.py:1930} INFO - Created Permission View: can read on DAG:example_dynamic_task_mapping
[2025-04-16T21:28:22.666+1000] {logging_mixin.py:190} INFO - [2025-04-16T21:28:22.666+1000] {override.py:1930} INFO - Created Permission View: menu access on DAG Run:example_dynamic_task_mapping
[2025-04-16T21:28:22.679+1000] {logging_mixin.py:190} INFO - [2025-04-16T21:28:22.678+1000] {override.py:1930} INFO - Created Permission View: can create on DAG Run:example_dynamic_task_mapping
[2025-04-16T21:28:22.692+1000] {logging_mixin.py:190} INFO - [2025-04-16T21:28:22.691+1000] {override.py:1930} INFO - Created Permission View: can delete on DAG Run:example_dynamic_task_mapping
[2025-04-16T21:28:22.704+1000] {logging_mixin.py:190} INFO - [2025-04-16T21:28:22.704+1000] {override.py:1930} INFO - Created Permission View: can read on DAG Run:example_dynamic_task_mapping
[2025-04-16T21:28:22.705+1000] {logging_mixin.py:190} INFO - [2025-04-16T21:28:22.705+1000] {dag.py:3239} INFO - Sync 1 DAGs
[2025-04-16T21:28:22.735+1000] {logging_mixin.py:190} INFO - [2025-04-16T21:28:22.734+1000] {dag.py:3262} INFO - Creating ORM DAG for example_dynamic_task_mapping
[2025-04-16T21:28:22.736+1000] {logging_mixin.py:190} INFO - [2025-04-16T21:28:22.735+1000] {dag.py:4180} INFO - Setting next_dagrun for example_dynamic_task_mapping to None, run_after=None
[2025-04-16T21:28:22.935+1000] {processor.py:208} INFO - Processing /Users/anurag/Desktop/Self/Coding Projects/learning-airflow/python37/lib/python3.12/site-packages/airflow/example_dags/example_dynamic_task_mapping.py took 0.781 seconds
[2025-04-16T21:31:11.340+1000] {processor.py:186} INFO - Started process (PID=89641) to work on /Users/anurag/Desktop/Self/Coding Projects/learning-airflow/python37/lib/python3.12/site-packages/airflow/example_dags/example_dynamic_task_mapping.py
[2025-04-16T21:31:11.341+1000] {processor.py:914} INFO - Processing file /Users/anurag/Desktop/Self/Coding Projects/learning-airflow/python37/lib/python3.12/site-packages/airflow/example_dags/example_dynamic_task_mapping.py for tasks to queue
[2025-04-16T21:31:11.343+1000] {logging_mixin.py:190} INFO - [2025-04-16T21:31:11.342+1000] {dagbag.py:588} INFO - Filling up the DagBag from /Users/anurag/Desktop/Self/Coding Projects/learning-airflow/python37/lib/python3.12/site-packages/airflow/example_dags/example_dynamic_task_mapping.py
[2025-04-16T21:31:11.376+1000] {processor.py:925} INFO - DAG(s) 'example_dynamic_task_mapping' retrieved from /Users/anurag/Desktop/Self/Coding Projects/learning-airflow/python37/lib/python3.12/site-packages/airflow/example_dags/example_dynamic_task_mapping.py
[2025-04-16T21:31:11.469+1000] {logging_mixin.py:190} INFO - [2025-04-16T21:31:11.468+1000] {dag.py:3239} INFO - Sync 1 DAGs
[2025-04-16T21:31:11.478+1000] {logging_mixin.py:190} INFO - [2025-04-16T21:31:11.478+1000] {dag.py:4180} INFO - Setting next_dagrun for example_dynamic_task_mapping to None, run_after=None
[2025-04-16T21:31:11.502+1000] {processor.py:208} INFO - Processing /Users/anurag/Desktop/Self/Coding Projects/learning-airflow/python37/lib/python3.12/site-packages/airflow/example_dags/example_dynamic_task_mapping.py took 0.166 seconds
[2025-04-16T21:38:14.979+1000] {processor.py:186} INFO - Started process (PID=90699) to work on /Users/anurag/Desktop/Self/Coding Projects/learning-airflow/python37/lib/python3.12/site-packages/airflow/example_dags/example_dynamic_task_mapping.py
[2025-04-16T21:38:14.981+1000] {processor.py:914} INFO - Processing file /Users/anurag/Desktop/Self/Coding Projects/learning-airflow/python37/lib/python3.12/site-packages/airflow/example_dags/example_dynamic_task_mapping.py for tasks to queue
[2025-04-16T21:38:14.982+1000] {logging_mixin.py:190} INFO - [2025-04-16T21:38:14.982+1000] {dagbag.py:588} INFO - Filling up the DagBag from /Users/anurag/Desktop/Self/Coding Projects/learning-airflow/python37/lib/python3.12/site-packages/airflow/example_dags/example_dynamic_task_mapping.py
[2025-04-16T21:38:15.029+1000] {processor.py:925} INFO - DAG(s) 'example_dynamic_task_mapping' retrieved from /Users/anurag/Desktop/Self/Coding Projects/learning-airflow/python37/lib/python3.12/site-packages/airflow/example_dags/example_dynamic_task_mapping.py
[2025-04-16T21:38:15.156+1000] {logging_mixin.py:190} INFO - [2025-04-16T21:38:15.155+1000] {dag.py:3239} INFO - Sync 1 DAGs
[2025-04-16T21:38:15.169+1000] {logging_mixin.py:190} INFO - [2025-04-16T21:38:15.169+1000] {dag.py:4180} INFO - Setting next_dagrun for example_dynamic_task_mapping to None, run_after=None
[2025-04-16T21:38:15.191+1000] {processor.py:208} INFO - Processing /Users/anurag/Desktop/Self/Coding Projects/learning-airflow/python37/lib/python3.12/site-packages/airflow/example_dags/example_dynamic_task_mapping.py took 0.218 seconds
[2025-04-16T21:40:54.126+1000] {processor.py:186} INFO - Started process (PID=91109) to work on /Users/anurag/Desktop/Self/Coding Projects/learning-airflow/python37/lib/python3.12/site-packages/airflow/example_dags/example_dynamic_task_mapping.py
[2025-04-16T21:40:54.127+1000] {processor.py:914} INFO - Processing file /Users/anurag/Desktop/Self/Coding Projects/learning-airflow/python37/lib/python3.12/site-packages/airflow/example_dags/example_dynamic_task_mapping.py for tasks to queue
[2025-04-16T21:40:54.128+1000] {logging_mixin.py:190} INFO - [2025-04-16T21:40:54.128+1000] {dagbag.py:588} INFO - Filling up the DagBag from /Users/anurag/Desktop/Self/Coding Projects/learning-airflow/python37/lib/python3.12/site-packages/airflow/example_dags/example_dynamic_task_mapping.py
[2025-04-16T21:40:54.160+1000] {processor.py:925} INFO - DAG(s) 'example_dynamic_task_mapping' retrieved from /Users/anurag/Desktop/Self/Coding Projects/learning-airflow/python37/lib/python3.12/site-packages/airflow/example_dags/example_dynamic_task_mapping.py
[2025-04-16T21:40:54.246+1000] {logging_mixin.py:190} INFO - [2025-04-16T21:40:54.245+1000] {dag.py:3239} INFO - Sync 1 DAGs
[2025-04-16T21:40:54.256+1000] {logging_mixin.py:190} INFO - [2025-04-16T21:40:54.256+1000] {dag.py:4180} INFO - Setting next_dagrun for example_dynamic_task_mapping to None, run_after=None
[2025-04-16T21:40:54.272+1000] {processor.py:208} INFO - Processing /Users/anurag/Desktop/Self/Coding Projects/learning-airflow/python37/lib/python3.12/site-packages/airflow/example_dags/example_dynamic_task_mapping.py took 0.150 seconds
[2025-04-16T21:46:27.599+1000] {processor.py:186} INFO - Started process (PID=10542) to work on /Users/anurag/Desktop/Self/Coding Projects/learning-airflow/python37/lib/python3.12/site-packages/airflow/example_dags/example_dynamic_task_mapping.py
[2025-04-16T21:46:27.602+1000] {processor.py:914} INFO - Processing file /Users/anurag/Desktop/Self/Coding Projects/learning-airflow/python37/lib/python3.12/site-packages/airflow/example_dags/example_dynamic_task_mapping.py for tasks to queue
[2025-04-16T21:46:27.603+1000] {logging_mixin.py:190} INFO - [2025-04-16T21:46:27.603+1000] {dagbag.py:588} INFO - Filling up the DagBag from /Users/anurag/Desktop/Self/Coding Projects/learning-airflow/python37/lib/python3.12/site-packages/airflow/example_dags/example_dynamic_task_mapping.py
[2025-04-16T21:46:27.648+1000] {processor.py:925} INFO - DAG(s) 'example_dynamic_task_mapping' retrieved from /Users/anurag/Desktop/Self/Coding Projects/learning-airflow/python37/lib/python3.12/site-packages/airflow/example_dags/example_dynamic_task_mapping.py
[2025-04-16T21:46:27.771+1000] {logging_mixin.py:190} INFO - [2025-04-16T21:46:27.770+1000] {dag.py:3239} INFO - Sync 1 DAGs
[2025-04-16T21:46:27.783+1000] {logging_mixin.py:190} INFO - [2025-04-16T21:46:27.783+1000] {dag.py:4180} INFO - Setting next_dagrun for example_dynamic_task_mapping to None, run_after=None
[2025-04-16T21:46:27.804+1000] {processor.py:208} INFO - Processing /Users/anurag/Desktop/Self/Coding Projects/learning-airflow/python37/lib/python3.12/site-packages/airflow/example_dags/example_dynamic_task_mapping.py took 0.210 seconds
