[2025-04-16T21:26:20.700+1000] {processor.py:186} INFO - Started process (PID=88800) to work on /Users/anurag/Desktop/Self/Coding Projects/learning-airflow/python37/lib/python3.12/site-packages/airflow/example_dags/example_xcomargs.py
[2025-04-16T21:26:20.702+1000] {processor.py:914} INFO - Processing file /Users/anurag/Desktop/Self/Coding Projects/learning-airflow/python37/lib/python3.12/site-packages/airflow/example_dags/example_xcomargs.py for tasks to queue
[2025-04-16T21:26:20.703+1000] {logging_mixin.py:190} INFO - [2025-04-16T21:26:20.703+1000] {dagbag.py:588} INFO - Filling up the DagBag from /Users/anurag/Desktop/Self/Coding Projects/learning-airflow/python37/lib/python3.12/site-packages/airflow/example_dags/example_xcomargs.py
[2025-04-16T21:26:20.750+1000] {processor.py:925} INFO - DAG(s) 'example_xcom_args_with_operators', 'example_xcom_args' retrieved from /Users/anurag/Desktop/Self/Coding Projects/learning-airflow/python37/lib/python3.12/site-packages/airflow/example_dags/example_xcomargs.py
[2025-04-16T21:26:20.990+1000] {logging_mixin.py:190} INFO - [2025-04-16T21:26:20.989+1000] {override.py:1930} INFO - Created Permission View: can read on DAG:example_xcom_args_with_operators
[2025-04-16T21:26:20.999+1000] {logging_mixin.py:190} INFO - [2025-04-16T21:26:20.998+1000] {override.py:1930} INFO - Created Permission View: can delete on DAG:example_xcom_args_with_operators
[2025-04-16T21:26:21.006+1000] {logging_mixin.py:190} INFO - [2025-04-16T21:26:21.006+1000] {override.py:1930} INFO - Created Permission View: can edit on DAG:example_xcom_args_with_operators
[2025-04-16T21:26:21.016+1000] {logging_mixin.py:190} INFO - [2025-04-16T21:26:21.016+1000] {override.py:1930} INFO - Created Permission View: can read on DAG Run:example_xcom_args_with_operators
[2025-04-16T21:26:21.024+1000] {logging_mixin.py:190} INFO - [2025-04-16T21:26:21.024+1000] {override.py:1930} INFO - Created Permission View: can create on DAG Run:example_xcom_args_with_operators
[2025-04-16T21:26:21.030+1000] {logging_mixin.py:190} INFO - [2025-04-16T21:26:21.029+1000] {override.py:1930} INFO - Created Permission View: menu access on DAG Run:example_xcom_args_with_operators
[2025-04-16T21:26:21.035+1000] {logging_mixin.py:190} INFO - [2025-04-16T21:26:21.035+1000] {override.py:1930} INFO - Created Permission View: can delete on DAG Run:example_xcom_args_with_operators
[2025-04-16T21:26:21.048+1000] {logging_mixin.py:190} INFO - [2025-04-16T21:26:21.048+1000] {override.py:1930} INFO - Created Permission View: can read on DAG:example_xcom_args
[2025-04-16T21:26:21.055+1000] {logging_mixin.py:190} INFO - [2025-04-16T21:26:21.054+1000] {override.py:1930} INFO - Created Permission View: can delete on DAG:example_xcom_args
[2025-04-16T21:26:21.062+1000] {logging_mixin.py:190} INFO - [2025-04-16T21:26:21.062+1000] {override.py:1930} INFO - Created Permission View: can edit on DAG:example_xcom_args
[2025-04-16T21:26:21.072+1000] {logging_mixin.py:190} INFO - [2025-04-16T21:26:21.072+1000] {override.py:1930} INFO - Created Permission View: can read on DAG Run:example_xcom_args
[2025-04-16T21:26:21.079+1000] {logging_mixin.py:190} INFO - [2025-04-16T21:26:21.078+1000] {override.py:1930} INFO - Created Permission View: can create on DAG Run:example_xcom_args
[2025-04-16T21:26:21.086+1000] {logging_mixin.py:190} INFO - [2025-04-16T21:26:21.086+1000] {override.py:1930} INFO - Created Permission View: menu access on DAG Run:example_xcom_args
[2025-04-16T21:26:21.094+1000] {logging_mixin.py:190} INFO - [2025-04-16T21:26:21.093+1000] {override.py:1930} INFO - Created Permission View: can delete on DAG Run:example_xcom_args
[2025-04-16T21:26:21.094+1000] {logging_mixin.py:190} INFO - [2025-04-16T21:26:21.094+1000] {dag.py:3239} INFO - Sync 2 DAGs
[2025-04-16T21:26:21.108+1000] {logging_mixin.py:190} INFO - [2025-04-16T21:26:21.108+1000] {dag.py:3262} INFO - Creating ORM DAG for example_xcom_args_with_operators
[2025-04-16T21:26:21.109+1000] {logging_mixin.py:190} INFO - [2025-04-16T21:26:21.109+1000] {dag.py:3262} INFO - Creating ORM DAG for example_xcom_args
[2025-04-16T21:26:21.109+1000] {logging_mixin.py:190} INFO - [2025-04-16T21:26:21.109+1000] {dag.py:4180} INFO - Setting next_dagrun for example_xcom_args to None, run_after=None
[2025-04-16T21:26:21.110+1000] {logging_mixin.py:190} INFO - [2025-04-16T21:26:21.110+1000] {dag.py:4180} INFO - Setting next_dagrun for example_xcom_args_with_operators to None, run_after=None
[2025-04-16T21:26:21.215+1000] {processor.py:208} INFO - Processing /Users/anurag/Desktop/Self/Coding Projects/learning-airflow/python37/lib/python3.12/site-packages/airflow/example_dags/example_xcomargs.py took 0.520 seconds
[2025-04-16T21:29:46.188+1000] {processor.py:186} INFO - Started process (PID=89414) to work on /Users/anurag/Desktop/Self/Coding Projects/learning-airflow/python37/lib/python3.12/site-packages/airflow/example_dags/example_xcomargs.py
[2025-04-16T21:29:46.190+1000] {processor.py:914} INFO - Processing file /Users/anurag/Desktop/Self/Coding Projects/learning-airflow/python37/lib/python3.12/site-packages/airflow/example_dags/example_xcomargs.py for tasks to queue
[2025-04-16T21:29:46.191+1000] {logging_mixin.py:190} INFO - [2025-04-16T21:29:46.191+1000] {dagbag.py:588} INFO - Filling up the DagBag from /Users/anurag/Desktop/Self/Coding Projects/learning-airflow/python37/lib/python3.12/site-packages/airflow/example_dags/example_xcomargs.py
[2025-04-16T21:29:46.236+1000] {processor.py:925} INFO - DAG(s) 'example_xcom_args', 'example_xcom_args_with_operators' retrieved from /Users/anurag/Desktop/Self/Coding Projects/learning-airflow/python37/lib/python3.12/site-packages/airflow/example_dags/example_xcomargs.py
[2025-04-16T21:29:46.329+1000] {logging_mixin.py:190} INFO - [2025-04-16T21:29:46.329+1000] {dag.py:3239} INFO - Sync 2 DAGs
[2025-04-16T21:29:46.338+1000] {logging_mixin.py:190} INFO - [2025-04-16T21:29:46.338+1000] {dag.py:4180} INFO - Setting next_dagrun for example_xcom_args to None, run_after=None
[2025-04-16T21:29:46.341+1000] {logging_mixin.py:190} INFO - [2025-04-16T21:29:46.341+1000] {dag.py:4180} INFO - Setting next_dagrun for example_xcom_args_with_operators to None, run_after=None
[2025-04-16T21:29:46.354+1000] {processor.py:208} INFO - Processing /Users/anurag/Desktop/Self/Coding Projects/learning-airflow/python37/lib/python3.12/site-packages/airflow/example_dags/example_xcomargs.py took 0.170 seconds
[2025-04-16T21:32:05.615+1000] {processor.py:186} INFO - Started process (PID=89776) to work on /Users/anurag/Desktop/Self/Coding Projects/learning-airflow/python37/lib/python3.12/site-packages/airflow/example_dags/example_xcomargs.py
[2025-04-16T21:32:05.617+1000] {processor.py:914} INFO - Processing file /Users/anurag/Desktop/Self/Coding Projects/learning-airflow/python37/lib/python3.12/site-packages/airflow/example_dags/example_xcomargs.py for tasks to queue
[2025-04-16T21:32:05.619+1000] {logging_mixin.py:190} INFO - [2025-04-16T21:32:05.619+1000] {dagbag.py:588} INFO - Filling up the DagBag from /Users/anurag/Desktop/Self/Coding Projects/learning-airflow/python37/lib/python3.12/site-packages/airflow/example_dags/example_xcomargs.py
[2025-04-16T21:32:05.742+1000] {processor.py:925} INFO - DAG(s) 'example_xcom_args', 'example_xcom_args_with_operators' retrieved from /Users/anurag/Desktop/Self/Coding Projects/learning-airflow/python37/lib/python3.12/site-packages/airflow/example_dags/example_xcomargs.py
[2025-04-16T21:32:06.136+1000] {logging_mixin.py:190} INFO - [2025-04-16T21:32:06.135+1000] {dag.py:3239} INFO - Sync 2 DAGs
[2025-04-16T21:32:06.152+1000] {logging_mixin.py:190} INFO - [2025-04-16T21:32:06.152+1000] {dag.py:4180} INFO - Setting next_dagrun for example_xcom_args to None, run_after=None
[2025-04-16T21:32:06.157+1000] {logging_mixin.py:190} INFO - [2025-04-16T21:32:06.156+1000] {dag.py:4180} INFO - Setting next_dagrun for example_xcom_args_with_operators to None, run_after=None
[2025-04-16T21:32:06.175+1000] {processor.py:208} INFO - Processing /Users/anurag/Desktop/Self/Coding Projects/learning-airflow/python37/lib/python3.12/site-packages/airflow/example_dags/example_xcomargs.py took 0.572 seconds
[2025-04-16T21:35:39.421+1000] {processor.py:186} INFO - Started process (PID=90333) to work on /Users/anurag/Desktop/Self/Coding Projects/learning-airflow/python37/lib/python3.12/site-packages/airflow/example_dags/example_xcomargs.py
[2025-04-16T21:35:39.425+1000] {processor.py:914} INFO - Processing file /Users/anurag/Desktop/Self/Coding Projects/learning-airflow/python37/lib/python3.12/site-packages/airflow/example_dags/example_xcomargs.py for tasks to queue
[2025-04-16T21:35:39.427+1000] {logging_mixin.py:190} INFO - [2025-04-16T21:35:39.427+1000] {dagbag.py:588} INFO - Filling up the DagBag from /Users/anurag/Desktop/Self/Coding Projects/learning-airflow/python37/lib/python3.12/site-packages/airflow/example_dags/example_xcomargs.py
[2025-04-16T21:35:39.500+1000] {processor.py:925} INFO - DAG(s) 'example_xcom_args_with_operators', 'example_xcom_args' retrieved from /Users/anurag/Desktop/Self/Coding Projects/learning-airflow/python37/lib/python3.12/site-packages/airflow/example_dags/example_xcomargs.py
[2025-04-16T21:35:39.699+1000] {logging_mixin.py:190} INFO - [2025-04-16T21:35:39.698+1000] {dag.py:3239} INFO - Sync 2 DAGs
[2025-04-16T21:35:39.720+1000] {logging_mixin.py:190} INFO - [2025-04-16T21:35:39.720+1000] {dag.py:4180} INFO - Setting next_dagrun for example_xcom_args to None, run_after=None
[2025-04-16T21:35:39.726+1000] {logging_mixin.py:190} INFO - [2025-04-16T21:35:39.726+1000] {dag.py:4180} INFO - Setting next_dagrun for example_xcom_args_with_operators to None, run_after=None
[2025-04-16T21:35:39.755+1000] {processor.py:208} INFO - Processing /Users/anurag/Desktop/Self/Coding Projects/learning-airflow/python37/lib/python3.12/site-packages/airflow/example_dags/example_xcomargs.py took 0.343 seconds
[2025-04-16T21:39:26.896+1000] {processor.py:186} INFO - Started process (PID=90880) to work on /Users/anurag/Desktop/Self/Coding Projects/learning-airflow/python37/lib/python3.12/site-packages/airflow/example_dags/example_xcomargs.py
[2025-04-16T21:39:26.898+1000] {processor.py:914} INFO - Processing file /Users/anurag/Desktop/Self/Coding Projects/learning-airflow/python37/lib/python3.12/site-packages/airflow/example_dags/example_xcomargs.py for tasks to queue
[2025-04-16T21:39:26.899+1000] {logging_mixin.py:190} INFO - [2025-04-16T21:39:26.899+1000] {dagbag.py:588} INFO - Filling up the DagBag from /Users/anurag/Desktop/Self/Coding Projects/learning-airflow/python37/lib/python3.12/site-packages/airflow/example_dags/example_xcomargs.py
[2025-04-16T21:39:26.936+1000] {processor.py:925} INFO - DAG(s) 'example_xcom_args_with_operators', 'example_xcom_args' retrieved from /Users/anurag/Desktop/Self/Coding Projects/learning-airflow/python37/lib/python3.12/site-packages/airflow/example_dags/example_xcomargs.py
[2025-04-16T21:39:27.025+1000] {logging_mixin.py:190} INFO - [2025-04-16T21:39:27.024+1000] {dag.py:3239} INFO - Sync 2 DAGs
[2025-04-16T21:39:27.034+1000] {logging_mixin.py:190} INFO - [2025-04-16T21:39:27.034+1000] {dag.py:4180} INFO - Setting next_dagrun for example_xcom_args to None, run_after=None
[2025-04-16T21:39:27.037+1000] {logging_mixin.py:190} INFO - [2025-04-16T21:39:27.037+1000] {dag.py:4180} INFO - Setting next_dagrun for example_xcom_args_with_operators to None, run_after=None
[2025-04-16T21:39:27.052+1000] {processor.py:208} INFO - Processing /Users/anurag/Desktop/Self/Coding Projects/learning-airflow/python37/lib/python3.12/site-packages/airflow/example_dags/example_xcomargs.py took 0.161 seconds
[2025-04-16T21:41:46.144+1000] {processor.py:186} INFO - Started process (PID=91242) to work on /Users/anurag/Desktop/Self/Coding Projects/learning-airflow/python37/lib/python3.12/site-packages/airflow/example_dags/example_xcomargs.py
[2025-04-16T21:41:46.146+1000] {processor.py:914} INFO - Processing file /Users/anurag/Desktop/Self/Coding Projects/learning-airflow/python37/lib/python3.12/site-packages/airflow/example_dags/example_xcomargs.py for tasks to queue
[2025-04-16T21:41:46.148+1000] {logging_mixin.py:190} INFO - [2025-04-16T21:41:46.147+1000] {dagbag.py:588} INFO - Filling up the DagBag from /Users/anurag/Desktop/Self/Coding Projects/learning-airflow/python37/lib/python3.12/site-packages/airflow/example_dags/example_xcomargs.py
[2025-04-16T21:41:46.189+1000] {processor.py:925} INFO - DAG(s) 'example_xcom_args_with_operators', 'example_xcom_args' retrieved from /Users/anurag/Desktop/Self/Coding Projects/learning-airflow/python37/lib/python3.12/site-packages/airflow/example_dags/example_xcomargs.py
[2025-04-16T21:41:46.298+1000] {logging_mixin.py:190} INFO - [2025-04-16T21:41:46.297+1000] {dag.py:3239} INFO - Sync 2 DAGs
[2025-04-16T21:41:46.309+1000] {logging_mixin.py:190} INFO - [2025-04-16T21:41:46.309+1000] {dag.py:4180} INFO - Setting next_dagrun for example_xcom_args to None, run_after=None
[2025-04-16T21:41:46.313+1000] {logging_mixin.py:190} INFO - [2025-04-16T21:41:46.312+1000] {dag.py:4180} INFO - Setting next_dagrun for example_xcom_args_with_operators to None, run_after=None
[2025-04-16T21:41:46.329+1000] {processor.py:208} INFO - Processing /Users/anurag/Desktop/Self/Coding Projects/learning-airflow/python37/lib/python3.12/site-packages/airflow/example_dags/example_xcomargs.py took 0.190 seconds
[2025-04-16T21:44:24.934+1000] {processor.py:186} INFO - Started process (PID=3219) to work on /Users/anurag/Desktop/Self/Coding Projects/learning-airflow/python37/lib/python3.12/site-packages/airflow/example_dags/example_xcomargs.py
[2025-04-16T21:44:24.936+1000] {processor.py:914} INFO - Processing file /Users/anurag/Desktop/Self/Coding Projects/learning-airflow/python37/lib/python3.12/site-packages/airflow/example_dags/example_xcomargs.py for tasks to queue
[2025-04-16T21:44:24.938+1000] {logging_mixin.py:190} INFO - [2025-04-16T21:44:24.938+1000] {dagbag.py:588} INFO - Filling up the DagBag from /Users/anurag/Desktop/Self/Coding Projects/learning-airflow/python37/lib/python3.12/site-packages/airflow/example_dags/example_xcomargs.py
[2025-04-16T21:44:24.994+1000] {processor.py:925} INFO - DAG(s) 'example_xcom_args_with_operators', 'example_xcom_args' retrieved from /Users/anurag/Desktop/Self/Coding Projects/learning-airflow/python37/lib/python3.12/site-packages/airflow/example_dags/example_xcomargs.py
[2025-04-16T21:44:25.147+1000] {logging_mixin.py:190} INFO - [2025-04-16T21:44:25.147+1000] {dag.py:3239} INFO - Sync 2 DAGs
[2025-04-16T21:44:25.163+1000] {logging_mixin.py:190} INFO - [2025-04-16T21:44:25.163+1000] {dag.py:4180} INFO - Setting next_dagrun for example_xcom_args to None, run_after=None
[2025-04-16T21:44:25.167+1000] {logging_mixin.py:190} INFO - [2025-04-16T21:44:25.167+1000] {dag.py:4180} INFO - Setting next_dagrun for example_xcom_args_with_operators to None, run_after=None
[2025-04-16T21:44:25.190+1000] {processor.py:208} INFO - Processing /Users/anurag/Desktop/Self/Coding Projects/learning-airflow/python37/lib/python3.12/site-packages/airflow/example_dags/example_xcomargs.py took 0.262 seconds
[2025-04-16T21:47:22.924+1000] {processor.py:186} INFO - Started process (PID=19475) to work on /Users/anurag/Desktop/Self/Coding Projects/learning-airflow/python37/lib/python3.12/site-packages/airflow/example_dags/example_xcomargs.py
[2025-04-16T21:47:22.931+1000] {processor.py:914} INFO - Processing file /Users/anurag/Desktop/Self/Coding Projects/learning-airflow/python37/lib/python3.12/site-packages/airflow/example_dags/example_xcomargs.py for tasks to queue
[2025-04-16T21:47:22.937+1000] {logging_mixin.py:190} INFO - [2025-04-16T21:47:22.936+1000] {dagbag.py:588} INFO - Filling up the DagBag from /Users/anurag/Desktop/Self/Coding Projects/learning-airflow/python37/lib/python3.12/site-packages/airflow/example_dags/example_xcomargs.py
[2025-04-16T21:47:23.076+1000] {processor.py:925} INFO - DAG(s) 'example_xcom_args_with_operators', 'example_xcom_args' retrieved from /Users/anurag/Desktop/Self/Coding Projects/learning-airflow/python37/lib/python3.12/site-packages/airflow/example_dags/example_xcomargs.py
[2025-04-16T21:47:23.519+1000] {logging_mixin.py:190} INFO - [2025-04-16T21:47:23.518+1000] {dag.py:3239} INFO - Sync 2 DAGs
[2025-04-16T21:47:23.556+1000] {logging_mixin.py:190} INFO - [2025-04-16T21:47:23.555+1000] {dag.py:4180} INFO - Setting next_dagrun for example_xcom_args to None, run_after=None
[2025-04-16T21:47:23.575+1000] {logging_mixin.py:190} INFO - [2025-04-16T21:47:23.574+1000] {dag.py:4180} INFO - Setting next_dagrun for example_xcom_args_with_operators to None, run_after=None
[2025-04-16T21:47:23.633+1000] {processor.py:208} INFO - Processing /Users/anurag/Desktop/Self/Coding Projects/learning-airflow/python37/lib/python3.12/site-packages/airflow/example_dags/example_xcomargs.py took 0.803 seconds
