[2025-04-16T21:26:58.394+1000] {processor.py:186} INFO - Started process (PID=88912) to work on /Users/anurag/Desktop/Self/Coding Projects/learning-airflow/python37/lib/python3.12/site-packages/airflow/example_dags/example_skip_dag.py
[2025-04-16T21:26:58.396+1000] {processor.py:914} INFO - Processing file /Users/anurag/Desktop/Self/Coding Projects/learning-airflow/python37/lib/python3.12/site-packages/airflow/example_dags/example_skip_dag.py for tasks to queue
[2025-04-16T21:26:58.401+1000] {logging_mixin.py:190} INFO - [2025-04-16T21:26:58.400+1000] {dagbag.py:588} INFO - Filling up the DagBag from /Users/anurag/Desktop/Self/Coding Projects/learning-airflow/python37/lib/python3.12/site-packages/airflow/example_dags/example_skip_dag.py
[2025-04-16T21:26:58.416+1000] {processor.py:925} INFO - DAG(s) 'example_skip_dag' retrieved from /Users/anurag/Desktop/Self/Coding Projects/learning-airflow/python37/lib/python3.12/site-packages/airflow/example_dags/example_skip_dag.py
[2025-04-16T21:26:58.736+1000] {logging_mixin.py:190} INFO - [2025-04-16T21:26:58.736+1000] {override.py:1930} INFO - Created Permission View: can delete on DAG:example_skip_dag
[2025-04-16T21:26:58.751+1000] {logging_mixin.py:190} INFO - [2025-04-16T21:26:58.750+1000] {override.py:1930} INFO - Created Permission View: can edit on DAG:example_skip_dag
[2025-04-16T21:26:58.761+1000] {logging_mixin.py:190} INFO - [2025-04-16T21:26:58.761+1000] {override.py:1930} INFO - Created Permission View: can read on DAG:example_skip_dag
[2025-04-16T21:26:58.771+1000] {logging_mixin.py:190} INFO - [2025-04-16T21:26:58.771+1000] {override.py:1930} INFO - Created Permission View: menu access on DAG Run:example_skip_dag
[2025-04-16T21:26:58.780+1000] {logging_mixin.py:190} INFO - [2025-04-16T21:26:58.779+1000] {override.py:1930} INFO - Created Permission View: can delete on DAG Run:example_skip_dag
[2025-04-16T21:26:58.788+1000] {logging_mixin.py:190} INFO - [2025-04-16T21:26:58.788+1000] {override.py:1930} INFO - Created Permission View: can create on DAG Run:example_skip_dag
[2025-04-16T21:26:58.798+1000] {logging_mixin.py:190} INFO - [2025-04-16T21:26:58.798+1000] {override.py:1930} INFO - Created Permission View: can read on DAG Run:example_skip_dag
[2025-04-16T21:26:58.799+1000] {logging_mixin.py:190} INFO - [2025-04-16T21:26:58.799+1000] {dag.py:3239} INFO - Sync 1 DAGs
[2025-04-16T21:26:58.816+1000] {logging_mixin.py:190} INFO - [2025-04-16T21:26:58.816+1000] {dag.py:3262} INFO - Creating ORM DAG for example_skip_dag
[2025-04-16T21:26:58.830+1000] {logging_mixin.py:190} INFO - [2025-04-16T21:26:58.830+1000] {dag.py:4180} INFO - Setting next_dagrun for example_skip_dag to 2025-04-15 00:00:00+00:00, run_after=2025-04-16 00:00:00+00:00
[2025-04-16T21:26:58.852+1000] {processor.py:208} INFO - Processing /Users/anurag/Desktop/Self/Coding Projects/learning-airflow/python37/lib/python3.12/site-packages/airflow/example_dags/example_skip_dag.py took 0.465 seconds
[2025-04-16T21:30:15.739+1000] {processor.py:186} INFO - Started process (PID=89489) to work on /Users/anurag/Desktop/Self/Coding Projects/learning-airflow/python37/lib/python3.12/site-packages/airflow/example_dags/example_skip_dag.py
[2025-04-16T21:30:15.741+1000] {processor.py:914} INFO - Processing file /Users/anurag/Desktop/Self/Coding Projects/learning-airflow/python37/lib/python3.12/site-packages/airflow/example_dags/example_skip_dag.py for tasks to queue
[2025-04-16T21:30:15.742+1000] {logging_mixin.py:190} INFO - [2025-04-16T21:30:15.741+1000] {dagbag.py:588} INFO - Filling up the DagBag from /Users/anurag/Desktop/Self/Coding Projects/learning-airflow/python37/lib/python3.12/site-packages/airflow/example_dags/example_skip_dag.py
[2025-04-16T21:30:15.751+1000] {processor.py:925} INFO - DAG(s) 'example_skip_dag' retrieved from /Users/anurag/Desktop/Self/Coding Projects/learning-airflow/python37/lib/python3.12/site-packages/airflow/example_dags/example_skip_dag.py
[2025-04-16T21:30:15.846+1000] {logging_mixin.py:190} INFO - [2025-04-16T21:30:15.845+1000] {dag.py:3239} INFO - Sync 1 DAGs
[2025-04-16T21:30:15.864+1000] {logging_mixin.py:190} INFO - [2025-04-16T21:30:15.864+1000] {dag.py:4180} INFO - Setting next_dagrun for example_skip_dag to 2025-04-15 00:00:00+00:00, run_after=2025-04-16 00:00:00+00:00
[2025-04-16T21:30:15.881+1000] {processor.py:208} INFO - Processing /Users/anurag/Desktop/Self/Coding Projects/learning-airflow/python37/lib/python3.12/site-packages/airflow/example_dags/example_skip_dag.py took 0.146 seconds
[2025-04-16T21:32:38.755+1000] {processor.py:186} INFO - Started process (PID=89864) to work on /Users/anurag/Desktop/Self/Coding Projects/learning-airflow/python37/lib/python3.12/site-packages/airflow/example_dags/example_skip_dag.py
[2025-04-16T21:32:38.756+1000] {processor.py:914} INFO - Processing file /Users/anurag/Desktop/Self/Coding Projects/learning-airflow/python37/lib/python3.12/site-packages/airflow/example_dags/example_skip_dag.py for tasks to queue
[2025-04-16T21:32:38.757+1000] {logging_mixin.py:190} INFO - [2025-04-16T21:32:38.757+1000] {dagbag.py:588} INFO - Filling up the DagBag from /Users/anurag/Desktop/Self/Coding Projects/learning-airflow/python37/lib/python3.12/site-packages/airflow/example_dags/example_skip_dag.py
[2025-04-16T21:32:38.764+1000] {processor.py:925} INFO - DAG(s) 'example_skip_dag' retrieved from /Users/anurag/Desktop/Self/Coding Projects/learning-airflow/python37/lib/python3.12/site-packages/airflow/example_dags/example_skip_dag.py
[2025-04-16T21:32:38.855+1000] {logging_mixin.py:190} INFO - [2025-04-16T21:32:38.855+1000] {dag.py:3239} INFO - Sync 1 DAGs
[2025-04-16T21:32:38.872+1000] {logging_mixin.py:190} INFO - [2025-04-16T21:32:38.871+1000] {dag.py:4180} INFO - Setting next_dagrun for example_skip_dag to 2025-04-15 00:00:00+00:00, run_after=2025-04-16 00:00:00+00:00
[2025-04-16T21:32:38.887+1000] {processor.py:208} INFO - Processing /Users/anurag/Desktop/Self/Coding Projects/learning-airflow/python37/lib/python3.12/site-packages/airflow/example_dags/example_skip_dag.py took 0.136 seconds
[2025-04-16T21:36:30.605+1000] {processor.py:186} INFO - Started process (PID=90456) to work on /Users/anurag/Desktop/Self/Coding Projects/learning-airflow/python37/lib/python3.12/site-packages/airflow/example_dags/example_skip_dag.py
[2025-04-16T21:36:30.608+1000] {processor.py:914} INFO - Processing file /Users/anurag/Desktop/Self/Coding Projects/learning-airflow/python37/lib/python3.12/site-packages/airflow/example_dags/example_skip_dag.py for tasks to queue
[2025-04-16T21:36:30.610+1000] {logging_mixin.py:190} INFO - [2025-04-16T21:36:30.609+1000] {dagbag.py:588} INFO - Filling up the DagBag from /Users/anurag/Desktop/Self/Coding Projects/learning-airflow/python37/lib/python3.12/site-packages/airflow/example_dags/example_skip_dag.py
[2025-04-16T21:36:30.624+1000] {processor.py:925} INFO - DAG(s) 'example_skip_dag' retrieved from /Users/anurag/Desktop/Self/Coding Projects/learning-airflow/python37/lib/python3.12/site-packages/airflow/example_dags/example_skip_dag.py
[2025-04-16T21:36:30.778+1000] {logging_mixin.py:190} INFO - [2025-04-16T21:36:30.777+1000] {dag.py:3239} INFO - Sync 1 DAGs
[2025-04-16T21:36:30.806+1000] {logging_mixin.py:190} INFO - [2025-04-16T21:36:30.805+1000] {dag.py:4180} INFO - Setting next_dagrun for example_skip_dag to 2025-04-15 00:00:00+00:00, run_after=2025-04-16 00:00:00+00:00
[2025-04-16T21:36:30.830+1000] {processor.py:208} INFO - Processing /Users/anurag/Desktop/Self/Coding Projects/learning-airflow/python37/lib/python3.12/site-packages/airflow/example_dags/example_skip_dag.py took 0.232 seconds
[2025-04-16T21:39:54.786+1000] {processor.py:186} INFO - Started process (PID=90953) to work on /Users/anurag/Desktop/Self/Coding Projects/learning-airflow/python37/lib/python3.12/site-packages/airflow/example_dags/example_skip_dag.py
[2025-04-16T21:39:54.787+1000] {processor.py:914} INFO - Processing file /Users/anurag/Desktop/Self/Coding Projects/learning-airflow/python37/lib/python3.12/site-packages/airflow/example_dags/example_skip_dag.py for tasks to queue
[2025-04-16T21:39:54.788+1000] {logging_mixin.py:190} INFO - [2025-04-16T21:39:54.788+1000] {dagbag.py:588} INFO - Filling up the DagBag from /Users/anurag/Desktop/Self/Coding Projects/learning-airflow/python37/lib/python3.12/site-packages/airflow/example_dags/example_skip_dag.py
[2025-04-16T21:39:54.797+1000] {processor.py:925} INFO - DAG(s) 'example_skip_dag' retrieved from /Users/anurag/Desktop/Self/Coding Projects/learning-airflow/python37/lib/python3.12/site-packages/airflow/example_dags/example_skip_dag.py
[2025-04-16T21:39:54.890+1000] {logging_mixin.py:190} INFO - [2025-04-16T21:39:54.890+1000] {dag.py:3239} INFO - Sync 1 DAGs
[2025-04-16T21:39:54.909+1000] {logging_mixin.py:190} INFO - [2025-04-16T21:39:54.908+1000] {dag.py:4180} INFO - Setting next_dagrun for example_skip_dag to 2025-04-15 00:00:00+00:00, run_after=2025-04-16 00:00:00+00:00
[2025-04-16T21:39:54.926+1000] {processor.py:208} INFO - Processing /Users/anurag/Desktop/Self/Coding Projects/learning-airflow/python37/lib/python3.12/site-packages/airflow/example_dags/example_skip_dag.py took 0.144 seconds
[2025-04-16T21:42:13.805+1000] {processor.py:186} INFO - Started process (PID=91314) to work on /Users/anurag/Desktop/Self/Coding Projects/learning-airflow/python37/lib/python3.12/site-packages/airflow/example_dags/example_skip_dag.py
[2025-04-16T21:42:13.806+1000] {processor.py:914} INFO - Processing file /Users/anurag/Desktop/Self/Coding Projects/learning-airflow/python37/lib/python3.12/site-packages/airflow/example_dags/example_skip_dag.py for tasks to queue
[2025-04-16T21:42:13.807+1000] {logging_mixin.py:190} INFO - [2025-04-16T21:42:13.807+1000] {dagbag.py:588} INFO - Filling up the DagBag from /Users/anurag/Desktop/Self/Coding Projects/learning-airflow/python37/lib/python3.12/site-packages/airflow/example_dags/example_skip_dag.py
[2025-04-16T21:42:13.814+1000] {processor.py:925} INFO - DAG(s) 'example_skip_dag' retrieved from /Users/anurag/Desktop/Self/Coding Projects/learning-airflow/python37/lib/python3.12/site-packages/airflow/example_dags/example_skip_dag.py
[2025-04-16T21:42:13.908+1000] {logging_mixin.py:190} INFO - [2025-04-16T21:42:13.908+1000] {dag.py:3239} INFO - Sync 1 DAGs
[2025-04-16T21:42:13.925+1000] {logging_mixin.py:190} INFO - [2025-04-16T21:42:13.925+1000] {dag.py:4180} INFO - Setting next_dagrun for example_skip_dag to 2025-04-15 00:00:00+00:00, run_after=2025-04-16 00:00:00+00:00
[2025-04-16T21:42:13.941+1000] {processor.py:208} INFO - Processing /Users/anurag/Desktop/Self/Coding Projects/learning-airflow/python37/lib/python3.12/site-packages/airflow/example_dags/example_skip_dag.py took 0.140 seconds
[2025-04-16T21:45:01.989+1000] {processor.py:186} INFO - Started process (PID=8477) to work on /Users/anurag/Desktop/Self/Coding Projects/learning-airflow/python37/lib/python3.12/site-packages/airflow/example_dags/example_skip_dag.py
[2025-04-16T21:45:01.991+1000] {processor.py:914} INFO - Processing file /Users/anurag/Desktop/Self/Coding Projects/learning-airflow/python37/lib/python3.12/site-packages/airflow/example_dags/example_skip_dag.py for tasks to queue
[2025-04-16T21:45:01.992+1000] {logging_mixin.py:190} INFO - [2025-04-16T21:45:01.992+1000] {dagbag.py:588} INFO - Filling up the DagBag from /Users/anurag/Desktop/Self/Coding Projects/learning-airflow/python37/lib/python3.12/site-packages/airflow/example_dags/example_skip_dag.py
[2025-04-16T21:45:02.001+1000] {processor.py:925} INFO - DAG(s) 'example_skip_dag' retrieved from /Users/anurag/Desktop/Self/Coding Projects/learning-airflow/python37/lib/python3.12/site-packages/airflow/example_dags/example_skip_dag.py
[2025-04-16T21:45:02.109+1000] {logging_mixin.py:190} INFO - [2025-04-16T21:45:02.108+1000] {dag.py:3239} INFO - Sync 1 DAGs
[2025-04-16T21:45:02.128+1000] {logging_mixin.py:190} INFO - [2025-04-16T21:45:02.128+1000] {dag.py:4180} INFO - Setting next_dagrun for example_skip_dag to 2025-04-15 00:00:00+00:00, run_after=2025-04-16 00:00:00+00:00
[2025-04-16T21:45:02.146+1000] {processor.py:208} INFO - Processing /Users/anurag/Desktop/Self/Coding Projects/learning-airflow/python37/lib/python3.12/site-packages/airflow/example_dags/example_skip_dag.py took 0.161 seconds
