[2025-04-16T21:27:43.185+1000] {processor.py:186} INFO - Started process (PID=89040) to work on /Users/anurag/Desktop/Self/Coding Projects/learning-airflow/python37/lib/python3.12/site-packages/airflow/example_dags/example_params_ui_tutorial.py
[2025-04-16T21:27:43.187+1000] {processor.py:914} INFO - Processing file /Users/anurag/Desktop/Self/Coding Projects/learning-airflow/python37/lib/python3.12/site-packages/airflow/example_dags/example_params_ui_tutorial.py for tasks to queue
[2025-04-16T21:27:43.188+1000] {logging_mixin.py:190} INFO - [2025-04-16T21:27:43.188+1000] {dagbag.py:588} INFO - Filling up the DagBag from /Users/anurag/Desktop/Self/Coding Projects/learning-airflow/python37/lib/python3.12/site-packages/airflow/example_dags/example_params_ui_tutorial.py
[2025-04-16T21:27:43.231+1000] {processor.py:925} INFO - DAG(s) 'example_params_ui_tutorial' retrieved from /Users/anurag/Desktop/Self/Coding Projects/learning-airflow/python37/lib/python3.12/site-packages/airflow/example_dags/example_params_ui_tutorial.py
[2025-04-16T21:27:43.438+1000] {logging_mixin.py:190} INFO - [2025-04-16T21:27:43.437+1000] {override.py:1930} INFO - Created Permission View: can read on DAG:example_params_ui_tutorial
[2025-04-16T21:27:43.445+1000] {logging_mixin.py:190} INFO - [2025-04-16T21:27:43.445+1000] {override.py:1930} INFO - Created Permission View: can edit on DAG:example_params_ui_tutorial
[2025-04-16T21:27:43.451+1000] {logging_mixin.py:190} INFO - [2025-04-16T21:27:43.450+1000] {override.py:1930} INFO - Created Permission View: can delete on DAG:example_params_ui_tutorial
[2025-04-16T21:27:43.457+1000] {logging_mixin.py:190} INFO - [2025-04-16T21:27:43.457+1000] {override.py:1930} INFO - Created Permission View: can read on DAG Run:example_params_ui_tutorial
[2025-04-16T21:27:43.462+1000] {logging_mixin.py:190} INFO - [2025-04-16T21:27:43.462+1000] {override.py:1930} INFO - Created Permission View: can create on DAG Run:example_params_ui_tutorial
[2025-04-16T21:27:43.467+1000] {logging_mixin.py:190} INFO - [2025-04-16T21:27:43.467+1000] {override.py:1930} INFO - Created Permission View: can delete on DAG Run:example_params_ui_tutorial
[2025-04-16T21:27:43.472+1000] {logging_mixin.py:190} INFO - [2025-04-16T21:27:43.472+1000] {override.py:1930} INFO - Created Permission View: menu access on DAG Run:example_params_ui_tutorial
[2025-04-16T21:27:43.472+1000] {logging_mixin.py:190} INFO - [2025-04-16T21:27:43.472+1000] {dag.py:3239} INFO - Sync 1 DAGs
[2025-04-16T21:27:43.484+1000] {logging_mixin.py:190} INFO - [2025-04-16T21:27:43.483+1000] {dag.py:3262} INFO - Creating ORM DAG for example_params_ui_tutorial
[2025-04-16T21:27:43.484+1000] {logging_mixin.py:190} INFO - [2025-04-16T21:27:43.484+1000] {dag.py:4180} INFO - Setting next_dagrun for example_params_ui_tutorial to None, run_after=None
[2025-04-16T21:27:43.653+1000] {processor.py:208} INFO - Processing /Users/anurag/Desktop/Self/Coding Projects/learning-airflow/python37/lib/python3.12/site-packages/airflow/example_dags/example_params_ui_tutorial.py took 0.472 seconds
[2025-04-16T21:30:43.348+1000] {processor.py:186} INFO - Started process (PID=89561) to work on /Users/anurag/Desktop/Self/Coding Projects/learning-airflow/python37/lib/python3.12/site-packages/airflow/example_dags/example_params_ui_tutorial.py
[2025-04-16T21:30:43.350+1000] {processor.py:914} INFO - Processing file /Users/anurag/Desktop/Self/Coding Projects/learning-airflow/python37/lib/python3.12/site-packages/airflow/example_dags/example_params_ui_tutorial.py for tasks to queue
[2025-04-16T21:30:43.351+1000] {logging_mixin.py:190} INFO - [2025-04-16T21:30:43.351+1000] {dagbag.py:588} INFO - Filling up the DagBag from /Users/anurag/Desktop/Self/Coding Projects/learning-airflow/python37/lib/python3.12/site-packages/airflow/example_dags/example_params_ui_tutorial.py
[2025-04-16T21:30:43.385+1000] {processor.py:925} INFO - DAG(s) 'example_params_ui_tutorial' retrieved from /Users/anurag/Desktop/Self/Coding Projects/learning-airflow/python37/lib/python3.12/site-packages/airflow/example_dags/example_params_ui_tutorial.py
[2025-04-16T21:30:43.507+1000] {logging_mixin.py:190} INFO - [2025-04-16T21:30:43.507+1000] {dag.py:3239} INFO - Sync 1 DAGs
[2025-04-16T21:30:43.517+1000] {logging_mixin.py:190} INFO - [2025-04-16T21:30:43.517+1000] {dag.py:4180} INFO - Setting next_dagrun for example_params_ui_tutorial to None, run_after=None
[2025-04-16T21:30:43.533+1000] {processor.py:208} INFO - Processing /Users/anurag/Desktop/Self/Coding Projects/learning-airflow/python37/lib/python3.12/site-packages/airflow/example_dags/example_params_ui_tutorial.py took 0.190 seconds
[2025-04-16T21:33:08.712+1000] {processor.py:186} INFO - Started process (PID=89956) to work on /Users/anurag/Desktop/Self/Coding Projects/learning-airflow/python37/lib/python3.12/site-packages/airflow/example_dags/example_params_ui_tutorial.py
[2025-04-16T21:33:08.714+1000] {processor.py:914} INFO - Processing file /Users/anurag/Desktop/Self/Coding Projects/learning-airflow/python37/lib/python3.12/site-packages/airflow/example_dags/example_params_ui_tutorial.py for tasks to queue
[2025-04-16T21:33:08.716+1000] {logging_mixin.py:190} INFO - [2025-04-16T21:33:08.716+1000] {dagbag.py:588} INFO - Filling up the DagBag from /Users/anurag/Desktop/Self/Coding Projects/learning-airflow/python37/lib/python3.12/site-packages/airflow/example_dags/example_params_ui_tutorial.py
[2025-04-16T21:33:08.768+1000] {processor.py:925} INFO - DAG(s) 'example_params_ui_tutorial' retrieved from /Users/anurag/Desktop/Self/Coding Projects/learning-airflow/python37/lib/python3.12/site-packages/airflow/example_dags/example_params_ui_tutorial.py
[2025-04-16T21:33:08.929+1000] {logging_mixin.py:190} INFO - [2025-04-16T21:33:08.929+1000] {dag.py:3239} INFO - Sync 1 DAGs
[2025-04-16T21:33:08.943+1000] {logging_mixin.py:190} INFO - [2025-04-16T21:33:08.943+1000] {dag.py:4180} INFO - Setting next_dagrun for example_params_ui_tutorial to None, run_after=None
[2025-04-16T21:33:08.965+1000] {processor.py:208} INFO - Processing /Users/anurag/Desktop/Self/Coding Projects/learning-airflow/python37/lib/python3.12/site-packages/airflow/example_dags/example_params_ui_tutorial.py took 0.260 seconds
[2025-04-16T21:37:19.802+1000] {processor.py:186} INFO - Started process (PID=90570) to work on /Users/anurag/Desktop/Self/Coding Projects/learning-airflow/python37/lib/python3.12/site-packages/airflow/example_dags/example_params_ui_tutorial.py
[2025-04-16T21:37:19.806+1000] {processor.py:914} INFO - Processing file /Users/anurag/Desktop/Self/Coding Projects/learning-airflow/python37/lib/python3.12/site-packages/airflow/example_dags/example_params_ui_tutorial.py for tasks to queue
[2025-04-16T21:37:19.808+1000] {logging_mixin.py:190} INFO - [2025-04-16T21:37:19.807+1000] {dagbag.py:588} INFO - Filling up the DagBag from /Users/anurag/Desktop/Self/Coding Projects/learning-airflow/python37/lib/python3.12/site-packages/airflow/example_dags/example_params_ui_tutorial.py
[2025-04-16T21:37:19.870+1000] {processor.py:925} INFO - DAG(s) 'example_params_ui_tutorial' retrieved from /Users/anurag/Desktop/Self/Coding Projects/learning-airflow/python37/lib/python3.12/site-packages/airflow/example_dags/example_params_ui_tutorial.py
[2025-04-16T21:37:20.136+1000] {logging_mixin.py:190} INFO - [2025-04-16T21:37:20.135+1000] {dag.py:3239} INFO - Sync 1 DAGs
[2025-04-16T21:37:20.154+1000] {logging_mixin.py:190} INFO - [2025-04-16T21:37:20.153+1000] {dag.py:4180} INFO - Setting next_dagrun for example_params_ui_tutorial to None, run_after=None
[2025-04-16T21:37:20.182+1000] {processor.py:208} INFO - Processing /Users/anurag/Desktop/Self/Coding Projects/learning-airflow/python37/lib/python3.12/site-packages/airflow/example_dags/example_params_ui_tutorial.py took 0.387 seconds
[2025-04-16T21:40:23.041+1000] {processor.py:186} INFO - Started process (PID=91025) to work on /Users/anurag/Desktop/Self/Coding Projects/learning-airflow/python37/lib/python3.12/site-packages/airflow/example_dags/example_params_ui_tutorial.py
[2025-04-16T21:40:23.043+1000] {processor.py:914} INFO - Processing file /Users/anurag/Desktop/Self/Coding Projects/learning-airflow/python37/lib/python3.12/site-packages/airflow/example_dags/example_params_ui_tutorial.py for tasks to queue
[2025-04-16T21:40:23.044+1000] {logging_mixin.py:190} INFO - [2025-04-16T21:40:23.044+1000] {dagbag.py:588} INFO - Filling up the DagBag from /Users/anurag/Desktop/Self/Coding Projects/learning-airflow/python37/lib/python3.12/site-packages/airflow/example_dags/example_params_ui_tutorial.py
[2025-04-16T21:40:23.085+1000] {processor.py:925} INFO - DAG(s) 'example_params_ui_tutorial' retrieved from /Users/anurag/Desktop/Self/Coding Projects/learning-airflow/python37/lib/python3.12/site-packages/airflow/example_dags/example_params_ui_tutorial.py
[2025-04-16T21:40:23.221+1000] {logging_mixin.py:190} INFO - [2025-04-16T21:40:23.221+1000] {dag.py:3239} INFO - Sync 1 DAGs
[2025-04-16T21:40:23.232+1000] {logging_mixin.py:190} INFO - [2025-04-16T21:40:23.232+1000] {dag.py:4180} INFO - Setting next_dagrun for example_params_ui_tutorial to None, run_after=None
[2025-04-16T21:40:23.254+1000] {processor.py:208} INFO - Processing /Users/anurag/Desktop/Self/Coding Projects/learning-airflow/python37/lib/python3.12/site-packages/airflow/example_dags/example_params_ui_tutorial.py took 0.219 seconds
[2025-04-16T21:42:45.153+1000] {processor.py:186} INFO - Started process (PID=91396) to work on /Users/anurag/Desktop/Self/Coding Projects/learning-airflow/python37/lib/python3.12/site-packages/airflow/example_dags/example_params_ui_tutorial.py
[2025-04-16T21:42:45.154+1000] {processor.py:914} INFO - Processing file /Users/anurag/Desktop/Self/Coding Projects/learning-airflow/python37/lib/python3.12/site-packages/airflow/example_dags/example_params_ui_tutorial.py for tasks to queue
[2025-04-16T21:42:45.156+1000] {logging_mixin.py:190} INFO - [2025-04-16T21:42:45.155+1000] {dagbag.py:588} INFO - Filling up the DagBag from /Users/anurag/Desktop/Self/Coding Projects/learning-airflow/python37/lib/python3.12/site-packages/airflow/example_dags/example_params_ui_tutorial.py
[2025-04-16T21:42:45.204+1000] {processor.py:925} INFO - DAG(s) 'example_params_ui_tutorial' retrieved from /Users/anurag/Desktop/Self/Coding Projects/learning-airflow/python37/lib/python3.12/site-packages/airflow/example_dags/example_params_ui_tutorial.py
[2025-04-16T21:42:45.342+1000] {logging_mixin.py:190} INFO - [2025-04-16T21:42:45.342+1000] {dag.py:3239} INFO - Sync 1 DAGs
[2025-04-16T21:42:45.354+1000] {logging_mixin.py:190} INFO - [2025-04-16T21:42:45.354+1000] {dag.py:4180} INFO - Setting next_dagrun for example_params_ui_tutorial to None, run_after=None
[2025-04-16T21:42:45.373+1000] {processor.py:208} INFO - Processing /Users/anurag/Desktop/Self/Coding Projects/learning-airflow/python37/lib/python3.12/site-packages/airflow/example_dags/example_params_ui_tutorial.py took 0.226 seconds
[2025-04-16T21:45:37.485+1000] {processor.py:186} INFO - Started process (PID=9786) to work on /Users/anurag/Desktop/Self/Coding Projects/learning-airflow/python37/lib/python3.12/site-packages/airflow/example_dags/example_params_ui_tutorial.py
[2025-04-16T21:45:37.487+1000] {processor.py:914} INFO - Processing file /Users/anurag/Desktop/Self/Coding Projects/learning-airflow/python37/lib/python3.12/site-packages/airflow/example_dags/example_params_ui_tutorial.py for tasks to queue
[2025-04-16T21:45:37.489+1000] {logging_mixin.py:190} INFO - [2025-04-16T21:45:37.489+1000] {dagbag.py:588} INFO - Filling up the DagBag from /Users/anurag/Desktop/Self/Coding Projects/learning-airflow/python37/lib/python3.12/site-packages/airflow/example_dags/example_params_ui_tutorial.py
[2025-04-16T21:45:37.565+1000] {processor.py:925} INFO - DAG(s) 'example_params_ui_tutorial' retrieved from /Users/anurag/Desktop/Self/Coding Projects/learning-airflow/python37/lib/python3.12/site-packages/airflow/example_dags/example_params_ui_tutorial.py
[2025-04-16T21:45:38.045+1000] {logging_mixin.py:190} INFO - [2025-04-16T21:45:38.040+1000] {dag.py:3239} INFO - Sync 1 DAGs
[2025-04-16T21:45:38.066+1000] {logging_mixin.py:190} INFO - [2025-04-16T21:45:38.065+1000] {dag.py:4180} INFO - Setting next_dagrun for example_params_ui_tutorial to None, run_after=None
[2025-04-16T21:45:38.098+1000] {processor.py:208} INFO - Processing /Users/anurag/Desktop/Self/Coding Projects/learning-airflow/python37/lib/python3.12/site-packages/airflow/example_dags/example_params_ui_tutorial.py took 0.619 seconds
