[2025-04-16T21:26:09.148+1000] {processor.py:186} INFO - Started process (PID=88753) to work on /Users/anurag/Desktop/Self/Coding Projects/learning-airflow/python37/lib/python3.12/site-packages/airflow/example_dags/tutorial_taskflow_api.py
[2025-04-16T21:26:09.150+1000] {processor.py:914} INFO - Processing file /Users/anurag/Desktop/Self/Coding Projects/learning-airflow/python37/lib/python3.12/site-packages/airflow/example_dags/tutorial_taskflow_api.py for tasks to queue
[2025-04-16T21:26:09.151+1000] {logging_mixin.py:190} INFO - [2025-04-16T21:26:09.150+1000] {dagbag.py:588} INFO - Filling up the DagBag from /Users/anurag/Desktop/Self/Coding Projects/learning-airflow/python37/lib/python3.12/site-packages/airflow/example_dags/tutorial_taskflow_api.py
[2025-04-16T21:26:09.183+1000] {processor.py:925} INFO - DAG(s) 'tutorial_taskflow_api' retrieved from /Users/anurag/Desktop/Self/Coding Projects/learning-airflow/python37/lib/python3.12/site-packages/airflow/example_dags/tutorial_taskflow_api.py
[2025-04-16T21:26:09.344+1000] {logging_mixin.py:190} INFO - [2025-04-16T21:26:09.343+1000] {override.py:1930} INFO - Created Permission View: can read on DAG:tutorial_taskflow_api
[2025-04-16T21:26:09.357+1000] {logging_mixin.py:190} INFO - [2025-04-16T21:26:09.357+1000] {override.py:1930} INFO - Created Permission View: can delete on DAG:tutorial_taskflow_api
[2025-04-16T21:26:09.364+1000] {logging_mixin.py:190} INFO - [2025-04-16T21:26:09.363+1000] {override.py:1930} INFO - Created Permission View: can edit on DAG:tutorial_taskflow_api
[2025-04-16T21:26:09.372+1000] {logging_mixin.py:190} INFO - [2025-04-16T21:26:09.372+1000] {override.py:1930} INFO - Created Permission View: can create on DAG Run:tutorial_taskflow_api
[2025-04-16T21:26:09.377+1000] {logging_mixin.py:190} INFO - [2025-04-16T21:26:09.377+1000] {override.py:1930} INFO - Created Permission View: can read on DAG Run:tutorial_taskflow_api
[2025-04-16T21:26:09.382+1000] {logging_mixin.py:190} INFO - [2025-04-16T21:26:09.382+1000] {override.py:1930} INFO - Created Permission View: can delete on DAG Run:tutorial_taskflow_api
[2025-04-16T21:26:09.388+1000] {logging_mixin.py:190} INFO - [2025-04-16T21:26:09.387+1000] {override.py:1930} INFO - Created Permission View: menu access on DAG Run:tutorial_taskflow_api
[2025-04-16T21:26:09.388+1000] {logging_mixin.py:190} INFO - [2025-04-16T21:26:09.388+1000] {dag.py:3239} INFO - Sync 1 DAGs
[2025-04-16T21:26:09.398+1000] {logging_mixin.py:190} INFO - [2025-04-16T21:26:09.398+1000] {dag.py:3262} INFO - Creating ORM DAG for tutorial_taskflow_api
[2025-04-16T21:26:09.399+1000] {logging_mixin.py:190} INFO - [2025-04-16T21:26:09.398+1000] {dag.py:4180} INFO - Setting next_dagrun for tutorial_taskflow_api to None, run_after=None
[2025-04-16T21:26:09.468+1000] {processor.py:208} INFO - Processing /Users/anurag/Desktop/Self/Coding Projects/learning-airflow/python37/lib/python3.12/site-packages/airflow/example_dags/tutorial_taskflow_api.py took 0.324 seconds
[2025-04-16T21:29:33.913+1000] {processor.py:186} INFO - Started process (PID=89375) to work on /Users/anurag/Desktop/Self/Coding Projects/learning-airflow/python37/lib/python3.12/site-packages/airflow/example_dags/tutorial_taskflow_api.py
[2025-04-16T21:29:33.914+1000] {processor.py:914} INFO - Processing file /Users/anurag/Desktop/Self/Coding Projects/learning-airflow/python37/lib/python3.12/site-packages/airflow/example_dags/tutorial_taskflow_api.py for tasks to queue
[2025-04-16T21:29:33.916+1000] {logging_mixin.py:190} INFO - [2025-04-16T21:29:33.915+1000] {dagbag.py:588} INFO - Filling up the DagBag from /Users/anurag/Desktop/Self/Coding Projects/learning-airflow/python37/lib/python3.12/site-packages/airflow/example_dags/tutorial_taskflow_api.py
[2025-04-16T21:29:33.950+1000] {processor.py:925} INFO - DAG(s) 'tutorial_taskflow_api' retrieved from /Users/anurag/Desktop/Self/Coding Projects/learning-airflow/python37/lib/python3.12/site-packages/airflow/example_dags/tutorial_taskflow_api.py
[2025-04-16T21:29:34.038+1000] {logging_mixin.py:190} INFO - [2025-04-16T21:29:34.037+1000] {dag.py:3239} INFO - Sync 1 DAGs
[2025-04-16T21:29:34.047+1000] {logging_mixin.py:190} INFO - [2025-04-16T21:29:34.047+1000] {dag.py:4180} INFO - Setting next_dagrun for tutorial_taskflow_api to None, run_after=None
[2025-04-16T21:29:34.072+1000] {processor.py:208} INFO - Processing /Users/anurag/Desktop/Self/Coding Projects/learning-airflow/python37/lib/python3.12/site-packages/airflow/example_dags/tutorial_taskflow_api.py took 0.163 seconds
[2025-04-16T21:31:50.134+1000] {processor.py:186} INFO - Started process (PID=89740) to work on /Users/anurag/Desktop/Self/Coding Projects/learning-airflow/python37/lib/python3.12/site-packages/airflow/example_dags/tutorial_taskflow_api.py
[2025-04-16T21:31:50.135+1000] {processor.py:914} INFO - Processing file /Users/anurag/Desktop/Self/Coding Projects/learning-airflow/python37/lib/python3.12/site-packages/airflow/example_dags/tutorial_taskflow_api.py for tasks to queue
[2025-04-16T21:31:50.136+1000] {logging_mixin.py:190} INFO - [2025-04-16T21:31:50.136+1000] {dagbag.py:588} INFO - Filling up the DagBag from /Users/anurag/Desktop/Self/Coding Projects/learning-airflow/python37/lib/python3.12/site-packages/airflow/example_dags/tutorial_taskflow_api.py
[2025-04-16T21:31:50.175+1000] {processor.py:925} INFO - DAG(s) 'tutorial_taskflow_api' retrieved from /Users/anurag/Desktop/Self/Coding Projects/learning-airflow/python37/lib/python3.12/site-packages/airflow/example_dags/tutorial_taskflow_api.py
[2025-04-16T21:31:50.276+1000] {logging_mixin.py:190} INFO - [2025-04-16T21:31:50.275+1000] {dag.py:3239} INFO - Sync 1 DAGs
[2025-04-16T21:31:50.285+1000] {logging_mixin.py:190} INFO - [2025-04-16T21:31:50.285+1000] {dag.py:4180} INFO - Setting next_dagrun for tutorial_taskflow_api to None, run_after=None
[2025-04-16T21:31:50.303+1000] {processor.py:208} INFO - Processing /Users/anurag/Desktop/Self/Coding Projects/learning-airflow/python37/lib/python3.12/site-packages/airflow/example_dags/tutorial_taskflow_api.py took 0.174 seconds
[2025-04-16T21:35:14.104+1000] {processor.py:186} INFO - Started process (PID=90275) to work on /Users/anurag/Desktop/Self/Coding Projects/learning-airflow/python37/lib/python3.12/site-packages/airflow/example_dags/tutorial_taskflow_api.py
[2025-04-16T21:35:14.108+1000] {processor.py:914} INFO - Processing file /Users/anurag/Desktop/Self/Coding Projects/learning-airflow/python37/lib/python3.12/site-packages/airflow/example_dags/tutorial_taskflow_api.py for tasks to queue
[2025-04-16T21:35:14.111+1000] {logging_mixin.py:190} INFO - [2025-04-16T21:35:14.110+1000] {dagbag.py:588} INFO - Filling up the DagBag from /Users/anurag/Desktop/Self/Coding Projects/learning-airflow/python37/lib/python3.12/site-packages/airflow/example_dags/tutorial_taskflow_api.py
[2025-04-16T21:35:14.214+1000] {processor.py:925} INFO - DAG(s) 'tutorial_taskflow_api' retrieved from /Users/anurag/Desktop/Self/Coding Projects/learning-airflow/python37/lib/python3.12/site-packages/airflow/example_dags/tutorial_taskflow_api.py
[2025-04-16T21:35:14.492+1000] {logging_mixin.py:190} INFO - [2025-04-16T21:35:14.491+1000] {dag.py:3239} INFO - Sync 1 DAGs
[2025-04-16T21:35:14.517+1000] {logging_mixin.py:190} INFO - [2025-04-16T21:35:14.516+1000] {dag.py:4180} INFO - Setting next_dagrun for tutorial_taskflow_api to None, run_after=None
[2025-04-16T21:35:14.556+1000] {processor.py:208} INFO - Processing /Users/anurag/Desktop/Self/Coding Projects/learning-airflow/python37/lib/python3.12/site-packages/airflow/example_dags/tutorial_taskflow_api.py took 0.462 seconds
[2025-04-16T21:39:15.233+1000] {processor.py:186} INFO - Started process (PID=90848) to work on /Users/anurag/Desktop/Self/Coding Projects/learning-airflow/python37/lib/python3.12/site-packages/airflow/example_dags/tutorial_taskflow_api.py
[2025-04-16T21:39:15.234+1000] {processor.py:914} INFO - Processing file /Users/anurag/Desktop/Self/Coding Projects/learning-airflow/python37/lib/python3.12/site-packages/airflow/example_dags/tutorial_taskflow_api.py for tasks to queue
[2025-04-16T21:39:15.236+1000] {logging_mixin.py:190} INFO - [2025-04-16T21:39:15.235+1000] {dagbag.py:588} INFO - Filling up the DagBag from /Users/anurag/Desktop/Self/Coding Projects/learning-airflow/python37/lib/python3.12/site-packages/airflow/example_dags/tutorial_taskflow_api.py
[2025-04-16T21:39:15.272+1000] {processor.py:925} INFO - DAG(s) 'tutorial_taskflow_api' retrieved from /Users/anurag/Desktop/Self/Coding Projects/learning-airflow/python37/lib/python3.12/site-packages/airflow/example_dags/tutorial_taskflow_api.py
[2025-04-16T21:39:15.357+1000] {logging_mixin.py:190} INFO - [2025-04-16T21:39:15.357+1000] {dag.py:3239} INFO - Sync 1 DAGs
[2025-04-16T21:39:15.366+1000] {logging_mixin.py:190} INFO - [2025-04-16T21:39:15.366+1000] {dag.py:4180} INFO - Setting next_dagrun for tutorial_taskflow_api to None, run_after=None
[2025-04-16T21:39:15.383+1000] {processor.py:208} INFO - Processing /Users/anurag/Desktop/Self/Coding Projects/learning-airflow/python37/lib/python3.12/site-packages/airflow/example_dags/tutorial_taskflow_api.py took 0.154 seconds
[2025-04-16T21:41:35.164+1000] {processor.py:186} INFO - Started process (PID=91214) to work on /Users/anurag/Desktop/Self/Coding Projects/learning-airflow/python37/lib/python3.12/site-packages/airflow/example_dags/tutorial_taskflow_api.py
[2025-04-16T21:41:35.166+1000] {processor.py:914} INFO - Processing file /Users/anurag/Desktop/Self/Coding Projects/learning-airflow/python37/lib/python3.12/site-packages/airflow/example_dags/tutorial_taskflow_api.py for tasks to queue
[2025-04-16T21:41:35.167+1000] {logging_mixin.py:190} INFO - [2025-04-16T21:41:35.167+1000] {dagbag.py:588} INFO - Filling up the DagBag from /Users/anurag/Desktop/Self/Coding Projects/learning-airflow/python37/lib/python3.12/site-packages/airflow/example_dags/tutorial_taskflow_api.py
[2025-04-16T21:41:35.210+1000] {processor.py:925} INFO - DAG(s) 'tutorial_taskflow_api' retrieved from /Users/anurag/Desktop/Self/Coding Projects/learning-airflow/python37/lib/python3.12/site-packages/airflow/example_dags/tutorial_taskflow_api.py
[2025-04-16T21:41:35.317+1000] {logging_mixin.py:190} INFO - [2025-04-16T21:41:35.317+1000] {dag.py:3239} INFO - Sync 1 DAGs
[2025-04-16T21:41:35.329+1000] {logging_mixin.py:190} INFO - [2025-04-16T21:41:35.328+1000] {dag.py:4180} INFO - Setting next_dagrun for tutorial_taskflow_api to None, run_after=None
[2025-04-16T21:41:35.348+1000] {processor.py:208} INFO - Processing /Users/anurag/Desktop/Self/Coding Projects/learning-airflow/python37/lib/python3.12/site-packages/airflow/example_dags/tutorial_taskflow_api.py took 0.189 seconds
[2025-04-16T21:44:08.590+1000] {processor.py:186} INFO - Started process (PID=899) to work on /Users/anurag/Desktop/Self/Coding Projects/learning-airflow/python37/lib/python3.12/site-packages/airflow/example_dags/tutorial_taskflow_api.py
[2025-04-16T21:44:08.593+1000] {processor.py:914} INFO - Processing file /Users/anurag/Desktop/Self/Coding Projects/learning-airflow/python37/lib/python3.12/site-packages/airflow/example_dags/tutorial_taskflow_api.py for tasks to queue
[2025-04-16T21:44:08.595+1000] {logging_mixin.py:190} INFO - [2025-04-16T21:44:08.594+1000] {dagbag.py:588} INFO - Filling up the DagBag from /Users/anurag/Desktop/Self/Coding Projects/learning-airflow/python37/lib/python3.12/site-packages/airflow/example_dags/tutorial_taskflow_api.py
[2025-04-16T21:44:08.656+1000] {processor.py:925} INFO - DAG(s) 'tutorial_taskflow_api' retrieved from /Users/anurag/Desktop/Self/Coding Projects/learning-airflow/python37/lib/python3.12/site-packages/airflow/example_dags/tutorial_taskflow_api.py
[2025-04-16T21:44:08.822+1000] {logging_mixin.py:190} INFO - [2025-04-16T21:44:08.822+1000] {dag.py:3239} INFO - Sync 1 DAGs
[2025-04-16T21:44:08.838+1000] {logging_mixin.py:190} INFO - [2025-04-16T21:44:08.838+1000] {dag.py:4180} INFO - Setting next_dagrun for tutorial_taskflow_api to None, run_after=None
[2025-04-16T21:44:08.865+1000] {processor.py:208} INFO - Processing /Users/anurag/Desktop/Self/Coding Projects/learning-airflow/python37/lib/python3.12/site-packages/airflow/example_dags/tutorial_taskflow_api.py took 0.281 seconds
[2025-04-16T21:47:09.994+1000] {processor.py:186} INFO - Started process (PID=17206) to work on /Users/anurag/Desktop/Self/Coding Projects/learning-airflow/python37/lib/python3.12/site-packages/airflow/example_dags/tutorial_taskflow_api.py
[2025-04-16T21:47:09.997+1000] {processor.py:914} INFO - Processing file /Users/anurag/Desktop/Self/Coding Projects/learning-airflow/python37/lib/python3.12/site-packages/airflow/example_dags/tutorial_taskflow_api.py for tasks to queue
[2025-04-16T21:47:09.999+1000] {logging_mixin.py:190} INFO - [2025-04-16T21:47:09.999+1000] {dagbag.py:588} INFO - Filling up the DagBag from /Users/anurag/Desktop/Self/Coding Projects/learning-airflow/python37/lib/python3.12/site-packages/airflow/example_dags/tutorial_taskflow_api.py
[2025-04-16T21:47:10.046+1000] {processor.py:925} INFO - DAG(s) 'tutorial_taskflow_api' retrieved from /Users/anurag/Desktop/Self/Coding Projects/learning-airflow/python37/lib/python3.12/site-packages/airflow/example_dags/tutorial_taskflow_api.py
[2025-04-16T21:47:10.169+1000] {logging_mixin.py:190} INFO - [2025-04-16T21:47:10.168+1000] {dag.py:3239} INFO - Sync 1 DAGs
[2025-04-16T21:47:10.182+1000] {logging_mixin.py:190} INFO - [2025-04-16T21:47:10.181+1000] {dag.py:4180} INFO - Setting next_dagrun for tutorial_taskflow_api to None, run_after=None
[2025-04-16T21:47:10.205+1000] {processor.py:208} INFO - Processing /Users/anurag/Desktop/Self/Coding Projects/learning-airflow/python37/lib/python3.12/site-packages/airflow/example_dags/tutorial_taskflow_api.py took 0.216 seconds
