[2025-04-16T21:26:15.147+1000] {processor.py:186} INFO - Started process (PID=88777) to work on /Users/anurag/Desktop/Self/Coding Projects/learning-airflow/python37/lib/python3.12/site-packages/airflow/example_dags/tutorial_dag.py
[2025-04-16T21:26:15.148+1000] {processor.py:914} INFO - Processing file /Users/anurag/Desktop/Self/Coding Projects/learning-airflow/python37/lib/python3.12/site-packages/airflow/example_dags/tutorial_dag.py for tasks to queue
[2025-04-16T21:26:15.149+1000] {logging_mixin.py:190} INFO - [2025-04-16T21:26:15.149+1000] {dagbag.py:588} INFO - Filling up the DagBag from /Users/anurag/Desktop/Self/Coding Projects/learning-airflow/python37/lib/python3.12/site-packages/airflow/example_dags/tutorial_dag.py
[2025-04-16T21:26:15.172+1000] {processor.py:925} INFO - DAG(s) 'tutorial_dag' retrieved from /Users/anurag/Desktop/Self/Coding Projects/learning-airflow/python37/lib/python3.12/site-packages/airflow/example_dags/tutorial_dag.py
[2025-04-16T21:26:15.338+1000] {logging_mixin.py:190} INFO - [2025-04-16T21:26:15.338+1000] {override.py:1930} INFO - Created Permission View: can read on DAG:tutorial_dag
[2025-04-16T21:26:15.346+1000] {logging_mixin.py:190} INFO - [2025-04-16T21:26:15.345+1000] {override.py:1930} INFO - Created Permission View: can edit on DAG:tutorial_dag
[2025-04-16T21:26:15.352+1000] {logging_mixin.py:190} INFO - [2025-04-16T21:26:15.351+1000] {override.py:1930} INFO - Created Permission View: can delete on DAG:tutorial_dag
[2025-04-16T21:26:15.359+1000] {logging_mixin.py:190} INFO - [2025-04-16T21:26:15.359+1000] {override.py:1930} INFO - Created Permission View: menu access on DAG Run:tutorial_dag
[2025-04-16T21:26:15.364+1000] {logging_mixin.py:190} INFO - [2025-04-16T21:26:15.364+1000] {override.py:1930} INFO - Created Permission View: can read on DAG Run:tutorial_dag
[2025-04-16T21:26:15.369+1000] {logging_mixin.py:190} INFO - [2025-04-16T21:26:15.369+1000] {override.py:1930} INFO - Created Permission View: can create on DAG Run:tutorial_dag
[2025-04-16T21:26:15.374+1000] {logging_mixin.py:190} INFO - [2025-04-16T21:26:15.374+1000] {override.py:1930} INFO - Created Permission View: can delete on DAG Run:tutorial_dag
[2025-04-16T21:26:15.375+1000] {logging_mixin.py:190} INFO - [2025-04-16T21:26:15.375+1000] {dag.py:3239} INFO - Sync 1 DAGs
[2025-04-16T21:26:15.384+1000] {logging_mixin.py:190} INFO - [2025-04-16T21:26:15.384+1000] {dag.py:3262} INFO - Creating ORM DAG for tutorial_dag
[2025-04-16T21:26:15.385+1000] {logging_mixin.py:190} INFO - [2025-04-16T21:26:15.385+1000] {dag.py:4180} INFO - Setting next_dagrun for tutorial_dag to None, run_after=None
[2025-04-16T21:26:15.400+1000] {processor.py:208} INFO - Processing /Users/anurag/Desktop/Self/Coding Projects/learning-airflow/python37/lib/python3.12/site-packages/airflow/example_dags/tutorial_dag.py took 0.257 seconds
[2025-04-16T21:29:40.011+1000] {processor.py:186} INFO - Started process (PID=89396) to work on /Users/anurag/Desktop/Self/Coding Projects/learning-airflow/python37/lib/python3.12/site-packages/airflow/example_dags/tutorial_dag.py
[2025-04-16T21:29:40.013+1000] {processor.py:914} INFO - Processing file /Users/anurag/Desktop/Self/Coding Projects/learning-airflow/python37/lib/python3.12/site-packages/airflow/example_dags/tutorial_dag.py for tasks to queue
[2025-04-16T21:29:40.014+1000] {logging_mixin.py:190} INFO - [2025-04-16T21:29:40.014+1000] {dagbag.py:588} INFO - Filling up the DagBag from /Users/anurag/Desktop/Self/Coding Projects/learning-airflow/python37/lib/python3.12/site-packages/airflow/example_dags/tutorial_dag.py
[2025-04-16T21:29:40.039+1000] {processor.py:925} INFO - DAG(s) 'tutorial_dag' retrieved from /Users/anurag/Desktop/Self/Coding Projects/learning-airflow/python37/lib/python3.12/site-packages/airflow/example_dags/tutorial_dag.py
[2025-04-16T21:29:40.141+1000] {logging_mixin.py:190} INFO - [2025-04-16T21:29:40.140+1000] {dag.py:3239} INFO - Sync 1 DAGs
[2025-04-16T21:29:40.162+1000] {logging_mixin.py:190} INFO - [2025-04-16T21:29:40.161+1000] {dag.py:4180} INFO - Setting next_dagrun for tutorial_dag to None, run_after=None
[2025-04-16T21:29:40.181+1000] {processor.py:208} INFO - Processing /Users/anurag/Desktop/Self/Coding Projects/learning-airflow/python37/lib/python3.12/site-packages/airflow/example_dags/tutorial_dag.py took 0.174 seconds
[2025-04-16T21:31:57.060+1000] {processor.py:186} INFO - Started process (PID=89756) to work on /Users/anurag/Desktop/Self/Coding Projects/learning-airflow/python37/lib/python3.12/site-packages/airflow/example_dags/tutorial_dag.py
[2025-04-16T21:31:57.063+1000] {processor.py:914} INFO - Processing file /Users/anurag/Desktop/Self/Coding Projects/learning-airflow/python37/lib/python3.12/site-packages/airflow/example_dags/tutorial_dag.py for tasks to queue
[2025-04-16T21:31:57.064+1000] {logging_mixin.py:190} INFO - [2025-04-16T21:31:57.064+1000] {dagbag.py:588} INFO - Filling up the DagBag from /Users/anurag/Desktop/Self/Coding Projects/learning-airflow/python37/lib/python3.12/site-packages/airflow/example_dags/tutorial_dag.py
[2025-04-16T21:31:57.101+1000] {processor.py:925} INFO - DAG(s) 'tutorial_dag' retrieved from /Users/anurag/Desktop/Self/Coding Projects/learning-airflow/python37/lib/python3.12/site-packages/airflow/example_dags/tutorial_dag.py
[2025-04-16T21:31:57.229+1000] {logging_mixin.py:190} INFO - [2025-04-16T21:31:57.228+1000] {dag.py:3239} INFO - Sync 1 DAGs
[2025-04-16T21:31:57.243+1000] {logging_mixin.py:190} INFO - [2025-04-16T21:31:57.243+1000] {dag.py:4180} INFO - Setting next_dagrun for tutorial_dag to None, run_after=None
[2025-04-16T21:31:57.267+1000] {processor.py:208} INFO - Processing /Users/anurag/Desktop/Self/Coding Projects/learning-airflow/python37/lib/python3.12/site-packages/airflow/example_dags/tutorial_dag.py took 0.213 seconds
[2025-04-16T21:35:27.480+1000] {processor.py:186} INFO - Started process (PID=90304) to work on /Users/anurag/Desktop/Self/Coding Projects/learning-airflow/python37/lib/python3.12/site-packages/airflow/example_dags/tutorial_dag.py
[2025-04-16T21:35:27.483+1000] {processor.py:914} INFO - Processing file /Users/anurag/Desktop/Self/Coding Projects/learning-airflow/python37/lib/python3.12/site-packages/airflow/example_dags/tutorial_dag.py for tasks to queue
[2025-04-16T21:35:27.486+1000] {logging_mixin.py:190} INFO - [2025-04-16T21:35:27.485+1000] {dagbag.py:588} INFO - Filling up the DagBag from /Users/anurag/Desktop/Self/Coding Projects/learning-airflow/python37/lib/python3.12/site-packages/airflow/example_dags/tutorial_dag.py
[2025-04-16T21:35:27.540+1000] {processor.py:925} INFO - DAG(s) 'tutorial_dag' retrieved from /Users/anurag/Desktop/Self/Coding Projects/learning-airflow/python37/lib/python3.12/site-packages/airflow/example_dags/tutorial_dag.py
[2025-04-16T21:35:27.758+1000] {logging_mixin.py:190} INFO - [2025-04-16T21:35:27.757+1000] {dag.py:3239} INFO - Sync 1 DAGs
[2025-04-16T21:35:27.779+1000] {logging_mixin.py:190} INFO - [2025-04-16T21:35:27.779+1000] {dag.py:4180} INFO - Setting next_dagrun for tutorial_dag to None, run_after=None
[2025-04-16T21:35:27.814+1000] {processor.py:208} INFO - Processing /Users/anurag/Desktop/Self/Coding Projects/learning-airflow/python37/lib/python3.12/site-packages/airflow/example_dags/tutorial_dag.py took 0.346 seconds
[2025-04-16T21:39:21.009+1000] {processor.py:186} INFO - Started process (PID=90864) to work on /Users/anurag/Desktop/Self/Coding Projects/learning-airflow/python37/lib/python3.12/site-packages/airflow/example_dags/tutorial_dag.py
[2025-04-16T21:39:21.011+1000] {processor.py:914} INFO - Processing file /Users/anurag/Desktop/Self/Coding Projects/learning-airflow/python37/lib/python3.12/site-packages/airflow/example_dags/tutorial_dag.py for tasks to queue
[2025-04-16T21:39:21.012+1000] {logging_mixin.py:190} INFO - [2025-04-16T21:39:21.012+1000] {dagbag.py:588} INFO - Filling up the DagBag from /Users/anurag/Desktop/Self/Coding Projects/learning-airflow/python37/lib/python3.12/site-packages/airflow/example_dags/tutorial_dag.py
[2025-04-16T21:39:21.036+1000] {processor.py:925} INFO - DAG(s) 'tutorial_dag' retrieved from /Users/anurag/Desktop/Self/Coding Projects/learning-airflow/python37/lib/python3.12/site-packages/airflow/example_dags/tutorial_dag.py
[2025-04-16T21:39:21.121+1000] {logging_mixin.py:190} INFO - [2025-04-16T21:39:21.120+1000] {dag.py:3239} INFO - Sync 1 DAGs
[2025-04-16T21:39:21.130+1000] {logging_mixin.py:190} INFO - [2025-04-16T21:39:21.130+1000] {dag.py:4180} INFO - Setting next_dagrun for tutorial_dag to None, run_after=None
[2025-04-16T21:39:21.153+1000] {processor.py:208} INFO - Processing /Users/anurag/Desktop/Self/Coding Projects/learning-airflow/python37/lib/python3.12/site-packages/airflow/example_dags/tutorial_dag.py took 0.148 seconds
[2025-04-16T21:41:41.108+1000] {processor.py:186} INFO - Started process (PID=91230) to work on /Users/anurag/Desktop/Self/Coding Projects/learning-airflow/python37/lib/python3.12/site-packages/airflow/example_dags/tutorial_dag.py
[2025-04-16T21:41:41.110+1000] {processor.py:914} INFO - Processing file /Users/anurag/Desktop/Self/Coding Projects/learning-airflow/python37/lib/python3.12/site-packages/airflow/example_dags/tutorial_dag.py for tasks to queue
[2025-04-16T21:41:41.111+1000] {logging_mixin.py:190} INFO - [2025-04-16T21:41:41.111+1000] {dagbag.py:588} INFO - Filling up the DagBag from /Users/anurag/Desktop/Self/Coding Projects/learning-airflow/python37/lib/python3.12/site-packages/airflow/example_dags/tutorial_dag.py
[2025-04-16T21:41:41.140+1000] {processor.py:925} INFO - DAG(s) 'tutorial_dag' retrieved from /Users/anurag/Desktop/Self/Coding Projects/learning-airflow/python37/lib/python3.12/site-packages/airflow/example_dags/tutorial_dag.py
[2025-04-16T21:41:41.246+1000] {logging_mixin.py:190} INFO - [2025-04-16T21:41:41.246+1000] {dag.py:3239} INFO - Sync 1 DAGs
[2025-04-16T21:41:41.258+1000] {logging_mixin.py:190} INFO - [2025-04-16T21:41:41.257+1000] {dag.py:4180} INFO - Setting next_dagrun for tutorial_dag to None, run_after=None
[2025-04-16T21:41:41.277+1000] {processor.py:208} INFO - Processing /Users/anurag/Desktop/Self/Coding Projects/learning-airflow/python37/lib/python3.12/site-packages/airflow/example_dags/tutorial_dag.py took 0.176 seconds
[2025-04-16T21:44:17.514+1000] {processor.py:186} INFO - Started process (PID=2137) to work on /Users/anurag/Desktop/Self/Coding Projects/learning-airflow/python37/lib/python3.12/site-packages/airflow/example_dags/tutorial_dag.py
[2025-04-16T21:44:17.517+1000] {processor.py:914} INFO - Processing file /Users/anurag/Desktop/Self/Coding Projects/learning-airflow/python37/lib/python3.12/site-packages/airflow/example_dags/tutorial_dag.py for tasks to queue
[2025-04-16T21:44:17.520+1000] {logging_mixin.py:190} INFO - [2025-04-16T21:44:17.519+1000] {dagbag.py:588} INFO - Filling up the DagBag from /Users/anurag/Desktop/Self/Coding Projects/learning-airflow/python37/lib/python3.12/site-packages/airflow/example_dags/tutorial_dag.py
[2025-04-16T21:44:17.574+1000] {processor.py:925} INFO - DAG(s) 'tutorial_dag' retrieved from /Users/anurag/Desktop/Self/Coding Projects/learning-airflow/python37/lib/python3.12/site-packages/airflow/example_dags/tutorial_dag.py
[2025-04-16T21:44:17.794+1000] {logging_mixin.py:190} INFO - [2025-04-16T21:44:17.793+1000] {dag.py:3239} INFO - Sync 1 DAGs
[2025-04-16T21:44:17.818+1000] {logging_mixin.py:190} INFO - [2025-04-16T21:44:17.817+1000] {dag.py:4180} INFO - Setting next_dagrun for tutorial_dag to None, run_after=None
[2025-04-16T21:44:17.848+1000] {processor.py:208} INFO - Processing /Users/anurag/Desktop/Self/Coding Projects/learning-airflow/python37/lib/python3.12/site-packages/airflow/example_dags/tutorial_dag.py took 0.342 seconds
[2025-04-16T21:47:16.136+1000] {processor.py:186} INFO - Started process (PID=18750) to work on /Users/anurag/Desktop/Self/Coding Projects/learning-airflow/python37/lib/python3.12/site-packages/airflow/example_dags/tutorial_dag.py
[2025-04-16T21:47:16.140+1000] {processor.py:914} INFO - Processing file /Users/anurag/Desktop/Self/Coding Projects/learning-airflow/python37/lib/python3.12/site-packages/airflow/example_dags/tutorial_dag.py for tasks to queue
[2025-04-16T21:47:16.141+1000] {logging_mixin.py:190} INFO - [2025-04-16T21:47:16.141+1000] {dagbag.py:588} INFO - Filling up the DagBag from /Users/anurag/Desktop/Self/Coding Projects/learning-airflow/python37/lib/python3.12/site-packages/airflow/example_dags/tutorial_dag.py
[2025-04-16T21:47:16.173+1000] {processor.py:925} INFO - DAG(s) 'tutorial_dag' retrieved from /Users/anurag/Desktop/Self/Coding Projects/learning-airflow/python37/lib/python3.12/site-packages/airflow/example_dags/tutorial_dag.py
[2025-04-16T21:47:16.301+1000] {logging_mixin.py:190} INFO - [2025-04-16T21:47:16.301+1000] {dag.py:3239} INFO - Sync 1 DAGs
[2025-04-16T21:47:16.315+1000] {logging_mixin.py:190} INFO - [2025-04-16T21:47:16.314+1000] {dag.py:4180} INFO - Setting next_dagrun for tutorial_dag to None, run_after=None
[2025-04-16T21:47:16.336+1000] {processor.py:208} INFO - Processing /Users/anurag/Desktop/Self/Coding Projects/learning-airflow/python37/lib/python3.12/site-packages/airflow/example_dags/tutorial_dag.py took 0.205 seconds
