[2025-04-16T21:26:12.140+1000] {processor.py:186} INFO - Started process (PID=88759) to work on /Users/anurag/Desktop/Self/Coding Projects/learning-airflow/python37/lib/python3.12/site-packages/airflow/example_dags/tutorial_objectstorage.py
[2025-04-16T21:26:12.141+1000] {processor.py:914} INFO - Processing file /Users/anurag/Desktop/Self/Coding Projects/learning-airflow/python37/lib/python3.12/site-packages/airflow/example_dags/tutorial_objectstorage.py for tasks to queue
[2025-04-16T21:26:12.142+1000] {logging_mixin.py:190} INFO - [2025-04-16T21:26:12.142+1000] {dagbag.py:588} INFO - Filling up the DagBag from /Users/anurag/Desktop/Self/Coding Projects/learning-airflow/python37/lib/python3.12/site-packages/airflow/example_dags/tutorial_objectstorage.py
[2025-04-16T21:26:12.174+1000] {processor.py:925} INFO - DAG(s) 'tutorial_objectstorage' retrieved from /Users/anurag/Desktop/Self/Coding Projects/learning-airflow/python37/lib/python3.12/site-packages/airflow/example_dags/tutorial_objectstorage.py
[2025-04-16T21:26:12.335+1000] {logging_mixin.py:190} INFO - [2025-04-16T21:26:12.335+1000] {override.py:1930} INFO - Created Permission View: can read on DAG:tutorial_objectstorage
[2025-04-16T21:26:12.343+1000] {logging_mixin.py:190} INFO - [2025-04-16T21:26:12.343+1000] {override.py:1930} INFO - Created Permission View: can delete on DAG:tutorial_objectstorage
[2025-04-16T21:26:12.348+1000] {logging_mixin.py:190} INFO - [2025-04-16T21:26:12.348+1000] {override.py:1930} INFO - Created Permission View: can edit on DAG:tutorial_objectstorage
[2025-04-16T21:26:12.355+1000] {logging_mixin.py:190} INFO - [2025-04-16T21:26:12.355+1000] {override.py:1930} INFO - Created Permission View: can read on DAG Run:tutorial_objectstorage
[2025-04-16T21:26:12.360+1000] {logging_mixin.py:190} INFO - [2025-04-16T21:26:12.360+1000] {override.py:1930} INFO - Created Permission View: can delete on DAG Run:tutorial_objectstorage
[2025-04-16T21:26:12.365+1000] {logging_mixin.py:190} INFO - [2025-04-16T21:26:12.364+1000] {override.py:1930} INFO - Created Permission View: can create on DAG Run:tutorial_objectstorage
[2025-04-16T21:26:12.370+1000] {logging_mixin.py:190} INFO - [2025-04-16T21:26:12.369+1000] {override.py:1930} INFO - Created Permission View: menu access on DAG Run:tutorial_objectstorage
[2025-04-16T21:26:12.370+1000] {logging_mixin.py:190} INFO - [2025-04-16T21:26:12.370+1000] {dag.py:3239} INFO - Sync 1 DAGs
[2025-04-16T21:26:12.381+1000] {logging_mixin.py:190} INFO - [2025-04-16T21:26:12.380+1000] {dag.py:3262} INFO - Creating ORM DAG for tutorial_objectstorage
[2025-04-16T21:26:12.381+1000] {logging_mixin.py:190} INFO - [2025-04-16T21:26:12.381+1000] {dag.py:4180} INFO - Setting next_dagrun for tutorial_objectstorage to None, run_after=None
[2025-04-16T21:26:12.450+1000] {processor.py:208} INFO - Processing /Users/anurag/Desktop/Self/Coding Projects/learning-airflow/python37/lib/python3.12/site-packages/airflow/example_dags/tutorial_objectstorage.py took 0.314 seconds
[2025-04-16T21:29:37.550+1000] {processor.py:186} INFO - Started process (PID=89382) to work on /Users/anurag/Desktop/Self/Coding Projects/learning-airflow/python37/lib/python3.12/site-packages/airflow/example_dags/tutorial_objectstorage.py
[2025-04-16T21:29:37.553+1000] {processor.py:914} INFO - Processing file /Users/anurag/Desktop/Self/Coding Projects/learning-airflow/python37/lib/python3.12/site-packages/airflow/example_dags/tutorial_objectstorage.py for tasks to queue
[2025-04-16T21:29:37.555+1000] {logging_mixin.py:190} INFO - [2025-04-16T21:29:37.554+1000] {dagbag.py:588} INFO - Filling up the DagBag from /Users/anurag/Desktop/Self/Coding Projects/learning-airflow/python37/lib/python3.12/site-packages/airflow/example_dags/tutorial_objectstorage.py
[2025-04-16T21:29:37.588+1000] {processor.py:925} INFO - DAG(s) 'tutorial_objectstorage' retrieved from /Users/anurag/Desktop/Self/Coding Projects/learning-airflow/python37/lib/python3.12/site-packages/airflow/example_dags/tutorial_objectstorage.py
[2025-04-16T21:29:37.680+1000] {logging_mixin.py:190} INFO - [2025-04-16T21:29:37.680+1000] {dag.py:3239} INFO - Sync 1 DAGs
[2025-04-16T21:29:37.689+1000] {logging_mixin.py:190} INFO - [2025-04-16T21:29:37.689+1000] {dag.py:4180} INFO - Setting next_dagrun for tutorial_objectstorage to None, run_after=None
[2025-04-16T21:29:37.705+1000] {processor.py:208} INFO - Processing /Users/anurag/Desktop/Self/Coding Projects/learning-airflow/python37/lib/python3.12/site-packages/airflow/example_dags/tutorial_objectstorage.py took 0.160 seconds
[2025-04-16T21:31:53.472+1000] {processor.py:186} INFO - Started process (PID=89750) to work on /Users/anurag/Desktop/Self/Coding Projects/learning-airflow/python37/lib/python3.12/site-packages/airflow/example_dags/tutorial_objectstorage.py
[2025-04-16T21:31:53.473+1000] {processor.py:914} INFO - Processing file /Users/anurag/Desktop/Self/Coding Projects/learning-airflow/python37/lib/python3.12/site-packages/airflow/example_dags/tutorial_objectstorage.py for tasks to queue
[2025-04-16T21:31:53.474+1000] {logging_mixin.py:190} INFO - [2025-04-16T21:31:53.474+1000] {dagbag.py:588} INFO - Filling up the DagBag from /Users/anurag/Desktop/Self/Coding Projects/learning-airflow/python37/lib/python3.12/site-packages/airflow/example_dags/tutorial_objectstorage.py
[2025-04-16T21:31:53.515+1000] {processor.py:925} INFO - DAG(s) 'tutorial_objectstorage' retrieved from /Users/anurag/Desktop/Self/Coding Projects/learning-airflow/python37/lib/python3.12/site-packages/airflow/example_dags/tutorial_objectstorage.py
[2025-04-16T21:31:53.617+1000] {logging_mixin.py:190} INFO - [2025-04-16T21:31:53.616+1000] {dag.py:3239} INFO - Sync 1 DAGs
[2025-04-16T21:31:53.629+1000] {logging_mixin.py:190} INFO - [2025-04-16T21:31:53.629+1000] {dag.py:4180} INFO - Setting next_dagrun for tutorial_objectstorage to None, run_after=None
[2025-04-16T21:31:53.647+1000] {processor.py:208} INFO - Processing /Users/anurag/Desktop/Self/Coding Projects/learning-airflow/python37/lib/python3.12/site-packages/airflow/example_dags/tutorial_objectstorage.py took 0.180 seconds
[2025-04-16T21:35:21.116+1000] {processor.py:186} INFO - Started process (PID=90289) to work on /Users/anurag/Desktop/Self/Coding Projects/learning-airflow/python37/lib/python3.12/site-packages/airflow/example_dags/tutorial_objectstorage.py
[2025-04-16T21:35:21.120+1000] {processor.py:914} INFO - Processing file /Users/anurag/Desktop/Self/Coding Projects/learning-airflow/python37/lib/python3.12/site-packages/airflow/example_dags/tutorial_objectstorage.py for tasks to queue
[2025-04-16T21:35:21.123+1000] {logging_mixin.py:190} INFO - [2025-04-16T21:35:21.122+1000] {dagbag.py:588} INFO - Filling up the DagBag from /Users/anurag/Desktop/Self/Coding Projects/learning-airflow/python37/lib/python3.12/site-packages/airflow/example_dags/tutorial_objectstorage.py
[2025-04-16T21:35:21.233+1000] {processor.py:925} INFO - DAG(s) 'tutorial_objectstorage' retrieved from /Users/anurag/Desktop/Self/Coding Projects/learning-airflow/python37/lib/python3.12/site-packages/airflow/example_dags/tutorial_objectstorage.py
[2025-04-16T21:35:21.513+1000] {logging_mixin.py:190} INFO - [2025-04-16T21:35:21.512+1000] {dag.py:3239} INFO - Sync 1 DAGs
[2025-04-16T21:35:21.539+1000] {logging_mixin.py:190} INFO - [2025-04-16T21:35:21.539+1000] {dag.py:4180} INFO - Setting next_dagrun for tutorial_objectstorage to None, run_after=None
[2025-04-16T21:35:21.578+1000] {processor.py:208} INFO - Processing /Users/anurag/Desktop/Self/Coding Projects/learning-airflow/python37/lib/python3.12/site-packages/airflow/example_dags/tutorial_objectstorage.py took 0.471 seconds
[2025-04-16T21:39:18.223+1000] {processor.py:186} INFO - Started process (PID=90858) to work on /Users/anurag/Desktop/Self/Coding Projects/learning-airflow/python37/lib/python3.12/site-packages/airflow/example_dags/tutorial_objectstorage.py
[2025-04-16T21:39:18.225+1000] {processor.py:914} INFO - Processing file /Users/anurag/Desktop/Self/Coding Projects/learning-airflow/python37/lib/python3.12/site-packages/airflow/example_dags/tutorial_objectstorage.py for tasks to queue
[2025-04-16T21:39:18.226+1000] {logging_mixin.py:190} INFO - [2025-04-16T21:39:18.226+1000] {dagbag.py:588} INFO - Filling up the DagBag from /Users/anurag/Desktop/Self/Coding Projects/learning-airflow/python37/lib/python3.12/site-packages/airflow/example_dags/tutorial_objectstorage.py
[2025-04-16T21:39:18.263+1000] {processor.py:925} INFO - DAG(s) 'tutorial_objectstorage' retrieved from /Users/anurag/Desktop/Self/Coding Projects/learning-airflow/python37/lib/python3.12/site-packages/airflow/example_dags/tutorial_objectstorage.py
[2025-04-16T21:39:18.348+1000] {logging_mixin.py:190} INFO - [2025-04-16T21:39:18.347+1000] {dag.py:3239} INFO - Sync 1 DAGs
[2025-04-16T21:39:18.356+1000] {logging_mixin.py:190} INFO - [2025-04-16T21:39:18.356+1000] {dag.py:4180} INFO - Setting next_dagrun for tutorial_objectstorage to None, run_after=None
[2025-04-16T21:39:18.373+1000] {processor.py:208} INFO - Processing /Users/anurag/Desktop/Self/Coding Projects/learning-airflow/python37/lib/python3.12/site-packages/airflow/example_dags/tutorial_objectstorage.py took 0.154 seconds
[2025-04-16T21:41:38.057+1000] {processor.py:186} INFO - Started process (PID=91220) to work on /Users/anurag/Desktop/Self/Coding Projects/learning-airflow/python37/lib/python3.12/site-packages/airflow/example_dags/tutorial_objectstorage.py
[2025-04-16T21:41:38.058+1000] {processor.py:914} INFO - Processing file /Users/anurag/Desktop/Self/Coding Projects/learning-airflow/python37/lib/python3.12/site-packages/airflow/example_dags/tutorial_objectstorage.py for tasks to queue
[2025-04-16T21:41:38.059+1000] {logging_mixin.py:190} INFO - [2025-04-16T21:41:38.059+1000] {dagbag.py:588} INFO - Filling up the DagBag from /Users/anurag/Desktop/Self/Coding Projects/learning-airflow/python37/lib/python3.12/site-packages/airflow/example_dags/tutorial_objectstorage.py
[2025-04-16T21:41:38.090+1000] {processor.py:925} INFO - DAG(s) 'tutorial_objectstorage' retrieved from /Users/anurag/Desktop/Self/Coding Projects/learning-airflow/python37/lib/python3.12/site-packages/airflow/example_dags/tutorial_objectstorage.py
[2025-04-16T21:41:38.175+1000] {logging_mixin.py:190} INFO - [2025-04-16T21:41:38.175+1000] {dag.py:3239} INFO - Sync 1 DAGs
[2025-04-16T21:41:38.185+1000] {logging_mixin.py:190} INFO - [2025-04-16T21:41:38.184+1000] {dag.py:4180} INFO - Setting next_dagrun for tutorial_objectstorage to None, run_after=None
[2025-04-16T21:41:38.200+1000] {processor.py:208} INFO - Processing /Users/anurag/Desktop/Self/Coding Projects/learning-airflow/python37/lib/python3.12/site-packages/airflow/example_dags/tutorial_objectstorage.py took 0.148 seconds
[2025-04-16T21:44:12.747+1000] {processor.py:186} INFO - Started process (PID=1602) to work on /Users/anurag/Desktop/Self/Coding Projects/learning-airflow/python37/lib/python3.12/site-packages/airflow/example_dags/tutorial_objectstorage.py
[2025-04-16T21:44:12.749+1000] {processor.py:914} INFO - Processing file /Users/anurag/Desktop/Self/Coding Projects/learning-airflow/python37/lib/python3.12/site-packages/airflow/example_dags/tutorial_objectstorage.py for tasks to queue
[2025-04-16T21:44:12.751+1000] {logging_mixin.py:190} INFO - [2025-04-16T21:44:12.751+1000] {dagbag.py:588} INFO - Filling up the DagBag from /Users/anurag/Desktop/Self/Coding Projects/learning-airflow/python37/lib/python3.12/site-packages/airflow/example_dags/tutorial_objectstorage.py
[2025-04-16T21:44:12.803+1000] {processor.py:925} INFO - DAG(s) 'tutorial_objectstorage' retrieved from /Users/anurag/Desktop/Self/Coding Projects/learning-airflow/python37/lib/python3.12/site-packages/airflow/example_dags/tutorial_objectstorage.py
[2025-04-16T21:44:12.948+1000] {logging_mixin.py:190} INFO - [2025-04-16T21:44:12.947+1000] {dag.py:3239} INFO - Sync 1 DAGs
[2025-04-16T21:44:12.962+1000] {logging_mixin.py:190} INFO - [2025-04-16T21:44:12.962+1000] {dag.py:4180} INFO - Setting next_dagrun for tutorial_objectstorage to None, run_after=None
[2025-04-16T21:44:12.985+1000] {processor.py:208} INFO - Processing /Users/anurag/Desktop/Self/Coding Projects/learning-airflow/python37/lib/python3.12/site-packages/airflow/example_dags/tutorial_objectstorage.py took 0.244 seconds
[2025-04-16T21:47:13.143+1000] {processor.py:186} INFO - Started process (PID=17989) to work on /Users/anurag/Desktop/Self/Coding Projects/learning-airflow/python37/lib/python3.12/site-packages/airflow/example_dags/tutorial_objectstorage.py
[2025-04-16T21:47:13.145+1000] {processor.py:914} INFO - Processing file /Users/anurag/Desktop/Self/Coding Projects/learning-airflow/python37/lib/python3.12/site-packages/airflow/example_dags/tutorial_objectstorage.py for tasks to queue
[2025-04-16T21:47:13.147+1000] {logging_mixin.py:190} INFO - [2025-04-16T21:47:13.146+1000] {dagbag.py:588} INFO - Filling up the DagBag from /Users/anurag/Desktop/Self/Coding Projects/learning-airflow/python37/lib/python3.12/site-packages/airflow/example_dags/tutorial_objectstorage.py
[2025-04-16T21:47:13.183+1000] {processor.py:925} INFO - DAG(s) 'tutorial_objectstorage' retrieved from /Users/anurag/Desktop/Self/Coding Projects/learning-airflow/python37/lib/python3.12/site-packages/airflow/example_dags/tutorial_objectstorage.py
[2025-04-16T21:47:13.287+1000] {logging_mixin.py:190} INFO - [2025-04-16T21:47:13.286+1000] {dag.py:3239} INFO - Sync 1 DAGs
[2025-04-16T21:47:13.297+1000] {logging_mixin.py:190} INFO - [2025-04-16T21:47:13.297+1000] {dag.py:4180} INFO - Setting next_dagrun for tutorial_objectstorage to None, run_after=None
[2025-04-16T21:47:13.313+1000] {processor.py:208} INFO - Processing /Users/anurag/Desktop/Self/Coding Projects/learning-airflow/python37/lib/python3.12/site-packages/airflow/example_dags/tutorial_objectstorage.py took 0.173 seconds
