[2025-04-16T21:26:17.301+1000] {processor.py:186} INFO - Started process (PID=88785) to work on /Users/anurag/Desktop/Self/Coding Projects/learning-airflow/python37/lib/python3.12/site-packages/airflow/example_dags/tutorial.py
[2025-04-16T21:26:17.302+1000] {processor.py:914} INFO - Processing file /Users/anurag/Desktop/Self/Coding Projects/learning-airflow/python37/lib/python3.12/site-packages/airflow/example_dags/tutorial.py for tasks to queue
[2025-04-16T21:26:17.303+1000] {logging_mixin.py:190} INFO - [2025-04-16T21:26:17.303+1000] {dagbag.py:588} INFO - Filling up the DagBag from /Users/anurag/Desktop/Self/Coding Projects/learning-airflow/python37/lib/python3.12/site-packages/airflow/example_dags/tutorial.py
[2025-04-16T21:26:17.312+1000] {processor.py:925} INFO - DAG(s) 'tutorial' retrieved from /Users/anurag/Desktop/Self/Coding Projects/learning-airflow/python37/lib/python3.12/site-packages/airflow/example_dags/tutorial.py
[2025-04-16T21:26:17.474+1000] {logging_mixin.py:190} INFO - [2025-04-16T21:26:17.473+1000] {override.py:1930} INFO - Created Permission View: can read on DAG:tutorial
[2025-04-16T21:26:17.483+1000] {logging_mixin.py:190} INFO - [2025-04-16T21:26:17.483+1000] {override.py:1930} INFO - Created Permission View: can delete on DAG:tutorial
[2025-04-16T21:26:17.488+1000] {logging_mixin.py:190} INFO - [2025-04-16T21:26:17.488+1000] {override.py:1930} INFO - Created Permission View: can edit on DAG:tutorial
[2025-04-16T21:26:17.496+1000] {logging_mixin.py:190} INFO - [2025-04-16T21:26:17.495+1000] {override.py:1930} INFO - Created Permission View: menu access on DAG Run:tutorial
[2025-04-16T21:26:17.501+1000] {logging_mixin.py:190} INFO - [2025-04-16T21:26:17.501+1000] {override.py:1930} INFO - Created Permission View: can read on DAG Run:tutorial
[2025-04-16T21:26:17.506+1000] {logging_mixin.py:190} INFO - [2025-04-16T21:26:17.506+1000] {override.py:1930} INFO - Created Permission View: can create on DAG Run:tutorial
[2025-04-16T21:26:17.511+1000] {logging_mixin.py:190} INFO - [2025-04-16T21:26:17.510+1000] {override.py:1930} INFO - Created Permission View: can delete on DAG Run:tutorial
[2025-04-16T21:26:17.511+1000] {logging_mixin.py:190} INFO - [2025-04-16T21:26:17.511+1000] {dag.py:3239} INFO - Sync 1 DAGs
[2025-04-16T21:26:17.521+1000] {logging_mixin.py:190} INFO - [2025-04-16T21:26:17.521+1000] {dag.py:3262} INFO - Creating ORM DAG for tutorial
[2025-04-16T21:26:17.530+1000] {logging_mixin.py:190} INFO - [2025-04-16T21:26:17.530+1000] {dag.py:4180} INFO - Setting next_dagrun for tutorial to 2025-04-15 00:00:00+00:00, run_after=2025-04-16 00:00:00+00:00
[2025-04-16T21:26:17.544+1000] {processor.py:208} INFO - Processing /Users/anurag/Desktop/Self/Coding Projects/learning-airflow/python37/lib/python3.12/site-packages/airflow/example_dags/tutorial.py took 0.247 seconds
[2025-04-16T21:29:43.309+1000] {processor.py:186} INFO - Started process (PID=89404) to work on /Users/anurag/Desktop/Self/Coding Projects/learning-airflow/python37/lib/python3.12/site-packages/airflow/example_dags/tutorial.py
[2025-04-16T21:29:43.311+1000] {processor.py:914} INFO - Processing file /Users/anurag/Desktop/Self/Coding Projects/learning-airflow/python37/lib/python3.12/site-packages/airflow/example_dags/tutorial.py for tasks to queue
[2025-04-16T21:29:43.312+1000] {logging_mixin.py:190} INFO - [2025-04-16T21:29:43.312+1000] {dagbag.py:588} INFO - Filling up the DagBag from /Users/anurag/Desktop/Self/Coding Projects/learning-airflow/python37/lib/python3.12/site-packages/airflow/example_dags/tutorial.py
[2025-04-16T21:29:43.320+1000] {processor.py:925} INFO - DAG(s) 'tutorial' retrieved from /Users/anurag/Desktop/Self/Coding Projects/learning-airflow/python37/lib/python3.12/site-packages/airflow/example_dags/tutorial.py
[2025-04-16T21:29:43.414+1000] {logging_mixin.py:190} INFO - [2025-04-16T21:29:43.414+1000] {dag.py:3239} INFO - Sync 1 DAGs
[2025-04-16T21:29:43.433+1000] {logging_mixin.py:190} INFO - [2025-04-16T21:29:43.433+1000] {dag.py:4180} INFO - Setting next_dagrun for tutorial to 2025-04-15 00:00:00+00:00, run_after=2025-04-16 00:00:00+00:00
[2025-04-16T21:29:43.449+1000] {processor.py:208} INFO - Processing /Users/anurag/Desktop/Self/Coding Projects/learning-airflow/python37/lib/python3.12/site-packages/airflow/example_dags/tutorial.py took 0.144 seconds
[2025-04-16T21:32:01.142+1000] {processor.py:186} INFO - Started process (PID=89766) to work on /Users/anurag/Desktop/Self/Coding Projects/learning-airflow/python37/lib/python3.12/site-packages/airflow/example_dags/tutorial.py
[2025-04-16T21:32:01.144+1000] {processor.py:914} INFO - Processing file /Users/anurag/Desktop/Self/Coding Projects/learning-airflow/python37/lib/python3.12/site-packages/airflow/example_dags/tutorial.py for tasks to queue
[2025-04-16T21:32:01.146+1000] {logging_mixin.py:190} INFO - [2025-04-16T21:32:01.146+1000] {dagbag.py:588} INFO - Filling up the DagBag from /Users/anurag/Desktop/Self/Coding Projects/learning-airflow/python37/lib/python3.12/site-packages/airflow/example_dags/tutorial.py
[2025-04-16T21:32:01.160+1000] {processor.py:925} INFO - DAG(s) 'tutorial' retrieved from /Users/anurag/Desktop/Self/Coding Projects/learning-airflow/python37/lib/python3.12/site-packages/airflow/example_dags/tutorial.py
[2025-04-16T21:32:01.271+1000] {logging_mixin.py:190} INFO - [2025-04-16T21:32:01.271+1000] {dag.py:3239} INFO - Sync 1 DAGs
[2025-04-16T21:32:01.289+1000] {logging_mixin.py:190} INFO - [2025-04-16T21:32:01.289+1000] {dag.py:4180} INFO - Setting next_dagrun for tutorial to 2025-04-15 00:00:00+00:00, run_after=2025-04-16 00:00:00+00:00
[2025-04-16T21:32:01.308+1000] {processor.py:208} INFO - Processing /Users/anurag/Desktop/Self/Coding Projects/learning-airflow/python37/lib/python3.12/site-packages/airflow/example_dags/tutorial.py took 0.172 seconds
[2025-04-16T21:35:33.663+1000] {processor.py:186} INFO - Started process (PID=90318) to work on /Users/anurag/Desktop/Self/Coding Projects/learning-airflow/python37/lib/python3.12/site-packages/airflow/example_dags/tutorial.py
[2025-04-16T21:35:33.666+1000] {processor.py:914} INFO - Processing file /Users/anurag/Desktop/Self/Coding Projects/learning-airflow/python37/lib/python3.12/site-packages/airflow/example_dags/tutorial.py for tasks to queue
[2025-04-16T21:35:33.668+1000] {logging_mixin.py:190} INFO - [2025-04-16T21:35:33.668+1000] {dagbag.py:588} INFO - Filling up the DagBag from /Users/anurag/Desktop/Self/Coding Projects/learning-airflow/python37/lib/python3.12/site-packages/airflow/example_dags/tutorial.py
[2025-04-16T21:35:33.685+1000] {processor.py:925} INFO - DAG(s) 'tutorial' retrieved from /Users/anurag/Desktop/Self/Coding Projects/learning-airflow/python37/lib/python3.12/site-packages/airflow/example_dags/tutorial.py
[2025-04-16T21:35:33.921+1000] {logging_mixin.py:190} INFO - [2025-04-16T21:35:33.920+1000] {dag.py:3239} INFO - Sync 1 DAGs
[2025-04-16T21:35:33.979+1000] {logging_mixin.py:190} INFO - [2025-04-16T21:35:33.978+1000] {dag.py:4180} INFO - Setting next_dagrun for tutorial to 2025-04-15 00:00:00+00:00, run_after=2025-04-16 00:00:00+00:00
[2025-04-16T21:35:34.027+1000] {processor.py:208} INFO - Processing /Users/anurag/Desktop/Self/Coding Projects/learning-airflow/python37/lib/python3.12/site-packages/airflow/example_dags/tutorial.py took 0.373 seconds
[2025-04-16T21:39:24.051+1000] {processor.py:186} INFO - Started process (PID=90870) to work on /Users/anurag/Desktop/Self/Coding Projects/learning-airflow/python37/lib/python3.12/site-packages/airflow/example_dags/tutorial.py
[2025-04-16T21:39:24.053+1000] {processor.py:914} INFO - Processing file /Users/anurag/Desktop/Self/Coding Projects/learning-airflow/python37/lib/python3.12/site-packages/airflow/example_dags/tutorial.py for tasks to queue
[2025-04-16T21:39:24.054+1000] {logging_mixin.py:190} INFO - [2025-04-16T21:39:24.054+1000] {dagbag.py:588} INFO - Filling up the DagBag from /Users/anurag/Desktop/Self/Coding Projects/learning-airflow/python37/lib/python3.12/site-packages/airflow/example_dags/tutorial.py
[2025-04-16T21:39:24.063+1000] {processor.py:925} INFO - DAG(s) 'tutorial' retrieved from /Users/anurag/Desktop/Self/Coding Projects/learning-airflow/python37/lib/python3.12/site-packages/airflow/example_dags/tutorial.py
[2025-04-16T21:39:24.151+1000] {logging_mixin.py:190} INFO - [2025-04-16T21:39:24.151+1000] {dag.py:3239} INFO - Sync 1 DAGs
[2025-04-16T21:39:24.168+1000] {logging_mixin.py:190} INFO - [2025-04-16T21:39:24.168+1000] {dag.py:4180} INFO - Setting next_dagrun for tutorial to 2025-04-15 00:00:00+00:00, run_after=2025-04-16 00:00:00+00:00
[2025-04-16T21:39:24.194+1000] {processor.py:208} INFO - Processing /Users/anurag/Desktop/Self/Coding Projects/learning-airflow/python37/lib/python3.12/site-packages/airflow/example_dags/tutorial.py took 0.147 seconds
[2025-04-16T21:41:44.067+1000] {processor.py:186} INFO - Started process (PID=91236) to work on /Users/anurag/Desktop/Self/Coding Projects/learning-airflow/python37/lib/python3.12/site-packages/airflow/example_dags/tutorial.py
[2025-04-16T21:41:44.068+1000] {processor.py:914} INFO - Processing file /Users/anurag/Desktop/Self/Coding Projects/learning-airflow/python37/lib/python3.12/site-packages/airflow/example_dags/tutorial.py for tasks to queue
[2025-04-16T21:41:44.070+1000] {logging_mixin.py:190} INFO - [2025-04-16T21:41:44.069+1000] {dagbag.py:588} INFO - Filling up the DagBag from /Users/anurag/Desktop/Self/Coding Projects/learning-airflow/python37/lib/python3.12/site-packages/airflow/example_dags/tutorial.py
[2025-04-16T21:41:44.077+1000] {processor.py:925} INFO - DAG(s) 'tutorial' retrieved from /Users/anurag/Desktop/Self/Coding Projects/learning-airflow/python37/lib/python3.12/site-packages/airflow/example_dags/tutorial.py
[2025-04-16T21:41:44.164+1000] {logging_mixin.py:190} INFO - [2025-04-16T21:41:44.164+1000] {dag.py:3239} INFO - Sync 1 DAGs
[2025-04-16T21:41:44.180+1000] {logging_mixin.py:190} INFO - [2025-04-16T21:41:44.180+1000] {dag.py:4180} INFO - Setting next_dagrun for tutorial to 2025-04-15 00:00:00+00:00, run_after=2025-04-16 00:00:00+00:00
[2025-04-16T21:41:44.196+1000] {processor.py:208} INFO - Processing /Users/anurag/Desktop/Self/Coding Projects/learning-airflow/python37/lib/python3.12/site-packages/airflow/example_dags/tutorial.py took 0.133 seconds
[2025-04-16T21:44:20.751+1000] {processor.py:186} INFO - Started process (PID=2706) to work on /Users/anurag/Desktop/Self/Coding Projects/learning-airflow/python37/lib/python3.12/site-packages/airflow/example_dags/tutorial.py
[2025-04-16T21:44:20.754+1000] {processor.py:914} INFO - Processing file /Users/anurag/Desktop/Self/Coding Projects/learning-airflow/python37/lib/python3.12/site-packages/airflow/example_dags/tutorial.py for tasks to queue
[2025-04-16T21:44:20.756+1000] {logging_mixin.py:190} INFO - [2025-04-16T21:44:20.755+1000] {dagbag.py:588} INFO - Filling up the DagBag from /Users/anurag/Desktop/Self/Coding Projects/learning-airflow/python37/lib/python3.12/site-packages/airflow/example_dags/tutorial.py
[2025-04-16T21:44:20.770+1000] {processor.py:925} INFO - DAG(s) 'tutorial' retrieved from /Users/anurag/Desktop/Self/Coding Projects/learning-airflow/python37/lib/python3.12/site-packages/airflow/example_dags/tutorial.py
[2025-04-16T21:44:20.926+1000] {logging_mixin.py:190} INFO - [2025-04-16T21:44:20.926+1000] {dag.py:3239} INFO - Sync 1 DAGs
[2025-04-16T21:44:20.955+1000] {logging_mixin.py:190} INFO - [2025-04-16T21:44:20.955+1000] {dag.py:4180} INFO - Setting next_dagrun for tutorial to 2025-04-15 00:00:00+00:00, run_after=2025-04-16 00:00:00+00:00
[2025-04-16T21:44:20.979+1000] {processor.py:208} INFO - Processing /Users/anurag/Desktop/Self/Coding Projects/learning-airflow/python37/lib/python3.12/site-packages/airflow/example_dags/tutorial.py took 0.234 seconds
[2025-04-16T21:47:18.962+1000] {processor.py:186} INFO - Started process (PID=19086) to work on /Users/anurag/Desktop/Self/Coding Projects/learning-airflow/python37/lib/python3.12/site-packages/airflow/example_dags/tutorial.py
[2025-04-16T21:47:18.963+1000] {processor.py:914} INFO - Processing file /Users/anurag/Desktop/Self/Coding Projects/learning-airflow/python37/lib/python3.12/site-packages/airflow/example_dags/tutorial.py for tasks to queue
[2025-04-16T21:47:18.964+1000] {logging_mixin.py:190} INFO - [2025-04-16T21:47:18.964+1000] {dagbag.py:588} INFO - Filling up the DagBag from /Users/anurag/Desktop/Self/Coding Projects/learning-airflow/python37/lib/python3.12/site-packages/airflow/example_dags/tutorial.py
[2025-04-16T21:47:18.972+1000] {processor.py:925} INFO - DAG(s) 'tutorial' retrieved from /Users/anurag/Desktop/Self/Coding Projects/learning-airflow/python37/lib/python3.12/site-packages/airflow/example_dags/tutorial.py
[2025-04-16T21:47:19.068+1000] {logging_mixin.py:190} INFO - [2025-04-16T21:47:19.067+1000] {dag.py:3239} INFO - Sync 1 DAGs
[2025-04-16T21:47:19.085+1000] {logging_mixin.py:190} INFO - [2025-04-16T21:47:19.084+1000] {dag.py:4180} INFO - Setting next_dagrun for tutorial to 2025-04-15 00:00:00+00:00, run_after=2025-04-16 00:00:00+00:00
[2025-04-16T21:47:19.100+1000] {processor.py:208} INFO - Processing /Users/anurag/Desktop/Self/Coding Projects/learning-airflow/python37/lib/python3.12/site-packages/airflow/example_dags/tutorial.py took 0.142 seconds
