[2025-04-16T21:26:03.346+1000] {processor.py:186} INFO - Started process (PID=88723) to work on /Users/anurag/Desktop/Self/Coding Projects/learning-airflow/python37/lib/python3.12/site-packages/airflow/example_dags/tutorial_taskflow_templates.py
[2025-04-16T21:26:03.348+1000] {processor.py:914} INFO - Processing file /Users/anurag/Desktop/Self/Coding Projects/learning-airflow/python37/lib/python3.12/site-packages/airflow/example_dags/tutorial_taskflow_templates.py for tasks to queue
[2025-04-16T21:26:03.349+1000] {logging_mixin.py:190} INFO - [2025-04-16T21:26:03.348+1000] {dagbag.py:588} INFO - Filling up the DagBag from /Users/anurag/Desktop/Self/Coding Projects/learning-airflow/python37/lib/python3.12/site-packages/airflow/example_dags/tutorial_taskflow_templates.py
[2025-04-16T21:26:03.413+1000] {processor.py:925} INFO - DAG(s) 'tutorial_taskflow_templates' retrieved from /Users/anurag/Desktop/Self/Coding Projects/learning-airflow/python37/lib/python3.12/site-packages/airflow/example_dags/tutorial_taskflow_templates.py
[2025-04-16T21:26:03.635+1000] {logging_mixin.py:190} INFO - [2025-04-16T21:26:03.634+1000] {override.py:1930} INFO - Created Permission View: can read on DAG:tutorial_taskflow_templates
[2025-04-16T21:26:03.643+1000] {logging_mixin.py:190} INFO - [2025-04-16T21:26:03.642+1000] {override.py:1930} INFO - Created Permission View: can delete on DAG:tutorial_taskflow_templates
[2025-04-16T21:26:03.648+1000] {logging_mixin.py:190} INFO - [2025-04-16T21:26:03.647+1000] {override.py:1930} INFO - Created Permission View: can edit on DAG:tutorial_taskflow_templates
[2025-04-16T21:26:03.655+1000] {logging_mixin.py:190} INFO - [2025-04-16T21:26:03.654+1000] {override.py:1930} INFO - Created Permission View: menu access on DAG Run:tutorial_taskflow_templates
[2025-04-16T21:26:03.660+1000] {logging_mixin.py:190} INFO - [2025-04-16T21:26:03.660+1000] {override.py:1930} INFO - Created Permission View: can read on DAG Run:tutorial_taskflow_templates
[2025-04-16T21:26:03.665+1000] {logging_mixin.py:190} INFO - [2025-04-16T21:26:03.665+1000] {override.py:1930} INFO - Created Permission View: can create on DAG Run:tutorial_taskflow_templates
[2025-04-16T21:26:03.670+1000] {logging_mixin.py:190} INFO - [2025-04-16T21:26:03.670+1000] {override.py:1930} INFO - Created Permission View: can delete on DAG Run:tutorial_taskflow_templates
[2025-04-16T21:26:03.671+1000] {logging_mixin.py:190} INFO - [2025-04-16T21:26:03.670+1000] {dag.py:3239} INFO - Sync 1 DAGs
[2025-04-16T21:26:03.681+1000] {logging_mixin.py:190} INFO - [2025-04-16T21:26:03.681+1000] {dag.py:3262} INFO - Creating ORM DAG for tutorial_taskflow_templates
[2025-04-16T21:26:03.743+1000] {logging_mixin.py:190} INFO - [2025-04-16T21:26:03.743+1000] {dag.py:4180} INFO - Setting next_dagrun for tutorial_taskflow_templates to 2025-04-15 00:00:00+00:00, run_after=2025-04-16 00:00:00+00:00
[2025-04-16T21:26:03.764+1000] {processor.py:208} INFO - Processing /Users/anurag/Desktop/Self/Coding Projects/learning-airflow/python37/lib/python3.12/site-packages/airflow/example_dags/tutorial_taskflow_templates.py took 0.422 seconds
[2025-04-16T21:29:27.801+1000] {processor.py:186} INFO - Started process (PID=89356) to work on /Users/anurag/Desktop/Self/Coding Projects/learning-airflow/python37/lib/python3.12/site-packages/airflow/example_dags/tutorial_taskflow_templates.py
[2025-04-16T21:29:27.803+1000] {processor.py:914} INFO - Processing file /Users/anurag/Desktop/Self/Coding Projects/learning-airflow/python37/lib/python3.12/site-packages/airflow/example_dags/tutorial_taskflow_templates.py for tasks to queue
[2025-04-16T21:29:27.805+1000] {logging_mixin.py:190} INFO - [2025-04-16T21:29:27.804+1000] {dagbag.py:588} INFO - Filling up the DagBag from /Users/anurag/Desktop/Self/Coding Projects/learning-airflow/python37/lib/python3.12/site-packages/airflow/example_dags/tutorial_taskflow_templates.py
[2025-04-16T21:29:27.843+1000] {processor.py:925} INFO - DAG(s) 'tutorial_taskflow_templates' retrieved from /Users/anurag/Desktop/Self/Coding Projects/learning-airflow/python37/lib/python3.12/site-packages/airflow/example_dags/tutorial_taskflow_templates.py
[2025-04-16T21:29:27.934+1000] {logging_mixin.py:190} INFO - [2025-04-16T21:29:27.934+1000] {dag.py:3239} INFO - Sync 1 DAGs
[2025-04-16T21:29:27.952+1000] {logging_mixin.py:190} INFO - [2025-04-16T21:29:27.952+1000] {dag.py:4180} INFO - Setting next_dagrun for tutorial_taskflow_templates to 2025-04-15 00:00:00+00:00, run_after=2025-04-16 00:00:00+00:00
[2025-04-16T21:29:27.968+1000] {processor.py:208} INFO - Processing /Users/anurag/Desktop/Self/Coding Projects/learning-airflow/python37/lib/python3.12/site-packages/airflow/example_dags/tutorial_taskflow_templates.py took 0.171 seconds
[2025-04-16T21:31:44.284+1000] {processor.py:186} INFO - Started process (PID=89728) to work on /Users/anurag/Desktop/Self/Coding Projects/learning-airflow/python37/lib/python3.12/site-packages/airflow/example_dags/tutorial_taskflow_templates.py
[2025-04-16T21:31:44.286+1000] {processor.py:914} INFO - Processing file /Users/anurag/Desktop/Self/Coding Projects/learning-airflow/python37/lib/python3.12/site-packages/airflow/example_dags/tutorial_taskflow_templates.py for tasks to queue
[2025-04-16T21:31:44.287+1000] {logging_mixin.py:190} INFO - [2025-04-16T21:31:44.287+1000] {dagbag.py:588} INFO - Filling up the DagBag from /Users/anurag/Desktop/Self/Coding Projects/learning-airflow/python37/lib/python3.12/site-packages/airflow/example_dags/tutorial_taskflow_templates.py
[2025-04-16T21:31:44.330+1000] {processor.py:925} INFO - DAG(s) 'tutorial_taskflow_templates' retrieved from /Users/anurag/Desktop/Self/Coding Projects/learning-airflow/python37/lib/python3.12/site-packages/airflow/example_dags/tutorial_taskflow_templates.py
[2025-04-16T21:31:44.433+1000] {logging_mixin.py:190} INFO - [2025-04-16T21:31:44.433+1000] {dag.py:3239} INFO - Sync 1 DAGs
[2025-04-16T21:31:44.453+1000] {logging_mixin.py:190} INFO - [2025-04-16T21:31:44.453+1000] {dag.py:4180} INFO - Setting next_dagrun for tutorial_taskflow_templates to 2025-04-15 00:00:00+00:00, run_after=2025-04-16 00:00:00+00:00
[2025-04-16T21:31:44.472+1000] {processor.py:208} INFO - Processing /Users/anurag/Desktop/Self/Coding Projects/learning-airflow/python37/lib/python3.12/site-packages/airflow/example_dags/tutorial_taskflow_templates.py took 0.192 seconds
[2025-04-16T21:34:59.832+1000] {processor.py:186} INFO - Started process (PID=90233) to work on /Users/anurag/Desktop/Self/Coding Projects/learning-airflow/python37/lib/python3.12/site-packages/airflow/example_dags/tutorial_taskflow_templates.py
[2025-04-16T21:34:59.836+1000] {processor.py:914} INFO - Processing file /Users/anurag/Desktop/Self/Coding Projects/learning-airflow/python37/lib/python3.12/site-packages/airflow/example_dags/tutorial_taskflow_templates.py for tasks to queue
[2025-04-16T21:34:59.840+1000] {logging_mixin.py:190} INFO - [2025-04-16T21:34:59.839+1000] {dagbag.py:588} INFO - Filling up the DagBag from /Users/anurag/Desktop/Self/Coding Projects/learning-airflow/python37/lib/python3.12/site-packages/airflow/example_dags/tutorial_taskflow_templates.py
[2025-04-16T21:35:00.022+1000] {processor.py:925} INFO - DAG(s) 'tutorial_taskflow_templates' retrieved from /Users/anurag/Desktop/Self/Coding Projects/learning-airflow/python37/lib/python3.12/site-packages/airflow/example_dags/tutorial_taskflow_templates.py
[2025-04-16T21:35:00.559+1000] {logging_mixin.py:190} INFO - [2025-04-16T21:35:00.559+1000] {dag.py:3239} INFO - Sync 1 DAGs
[2025-04-16T21:35:00.603+1000] {logging_mixin.py:190} INFO - [2025-04-16T21:35:00.603+1000] {dag.py:4180} INFO - Setting next_dagrun for tutorial_taskflow_templates to 2025-04-15 00:00:00+00:00, run_after=2025-04-16 00:00:00+00:00
[2025-04-16T21:35:00.643+1000] {processor.py:208} INFO - Processing /Users/anurag/Desktop/Self/Coding Projects/learning-airflow/python37/lib/python3.12/site-packages/airflow/example_dags/tutorial_taskflow_templates.py took 0.823 seconds
[2025-04-16T21:39:09.467+1000] {processor.py:186} INFO - Started process (PID=90836) to work on /Users/anurag/Desktop/Self/Coding Projects/learning-airflow/python37/lib/python3.12/site-packages/airflow/example_dags/tutorial_taskflow_templates.py
[2025-04-16T21:39:09.469+1000] {processor.py:914} INFO - Processing file /Users/anurag/Desktop/Self/Coding Projects/learning-airflow/python37/lib/python3.12/site-packages/airflow/example_dags/tutorial_taskflow_templates.py for tasks to queue
[2025-04-16T21:39:09.470+1000] {logging_mixin.py:190} INFO - [2025-04-16T21:39:09.469+1000] {dagbag.py:588} INFO - Filling up the DagBag from /Users/anurag/Desktop/Self/Coding Projects/learning-airflow/python37/lib/python3.12/site-packages/airflow/example_dags/tutorial_taskflow_templates.py
[2025-04-16T21:39:09.506+1000] {processor.py:925} INFO - DAG(s) 'tutorial_taskflow_templates' retrieved from /Users/anurag/Desktop/Self/Coding Projects/learning-airflow/python37/lib/python3.12/site-packages/airflow/example_dags/tutorial_taskflow_templates.py
[2025-04-16T21:39:09.590+1000] {logging_mixin.py:190} INFO - [2025-04-16T21:39:09.590+1000] {dag.py:3239} INFO - Sync 1 DAGs
[2025-04-16T21:39:09.605+1000] {logging_mixin.py:190} INFO - [2025-04-16T21:39:09.605+1000] {dag.py:4180} INFO - Setting next_dagrun for tutorial_taskflow_templates to 2025-04-15 00:00:00+00:00, run_after=2025-04-16 00:00:00+00:00
[2025-04-16T21:39:09.620+1000] {processor.py:208} INFO - Processing /Users/anurag/Desktop/Self/Coding Projects/learning-airflow/python37/lib/python3.12/site-packages/airflow/example_dags/tutorial_taskflow_templates.py took 0.157 seconds
[2025-04-16T21:41:29.052+1000] {processor.py:186} INFO - Started process (PID=91198) to work on /Users/anurag/Desktop/Self/Coding Projects/learning-airflow/python37/lib/python3.12/site-packages/airflow/example_dags/tutorial_taskflow_templates.py
[2025-04-16T21:41:29.055+1000] {processor.py:914} INFO - Processing file /Users/anurag/Desktop/Self/Coding Projects/learning-airflow/python37/lib/python3.12/site-packages/airflow/example_dags/tutorial_taskflow_templates.py for tasks to queue
[2025-04-16T21:41:29.056+1000] {logging_mixin.py:190} INFO - [2025-04-16T21:41:29.056+1000] {dagbag.py:588} INFO - Filling up the DagBag from /Users/anurag/Desktop/Self/Coding Projects/learning-airflow/python37/lib/python3.12/site-packages/airflow/example_dags/tutorial_taskflow_templates.py
[2025-04-16T21:41:29.104+1000] {processor.py:925} INFO - DAG(s) 'tutorial_taskflow_templates' retrieved from /Users/anurag/Desktop/Self/Coding Projects/learning-airflow/python37/lib/python3.12/site-packages/airflow/example_dags/tutorial_taskflow_templates.py
[2025-04-16T21:41:29.210+1000] {logging_mixin.py:190} INFO - [2025-04-16T21:41:29.210+1000] {dag.py:3239} INFO - Sync 1 DAGs
[2025-04-16T21:41:29.229+1000] {logging_mixin.py:190} INFO - [2025-04-16T21:41:29.229+1000] {dag.py:4180} INFO - Setting next_dagrun for tutorial_taskflow_templates to 2025-04-15 00:00:00+00:00, run_after=2025-04-16 00:00:00+00:00
[2025-04-16T21:41:29.248+1000] {processor.py:208} INFO - Processing /Users/anurag/Desktop/Self/Coding Projects/learning-airflow/python37/lib/python3.12/site-packages/airflow/example_dags/tutorial_taskflow_templates.py took 0.202 seconds
[2025-04-16T21:44:00.511+1000] {processor.py:186} INFO - Started process (PID=98960) to work on /Users/anurag/Desktop/Self/Coding Projects/learning-airflow/python37/lib/python3.12/site-packages/airflow/example_dags/tutorial_taskflow_templates.py
[2025-04-16T21:44:00.513+1000] {processor.py:914} INFO - Processing file /Users/anurag/Desktop/Self/Coding Projects/learning-airflow/python37/lib/python3.12/site-packages/airflow/example_dags/tutorial_taskflow_templates.py for tasks to queue
[2025-04-16T21:44:00.515+1000] {logging_mixin.py:190} INFO - [2025-04-16T21:44:00.514+1000] {dagbag.py:588} INFO - Filling up the DagBag from /Users/anurag/Desktop/Self/Coding Projects/learning-airflow/python37/lib/python3.12/site-packages/airflow/example_dags/tutorial_taskflow_templates.py
[2025-04-16T21:44:00.573+1000] {processor.py:925} INFO - DAG(s) 'tutorial_taskflow_templates' retrieved from /Users/anurag/Desktop/Self/Coding Projects/learning-airflow/python37/lib/python3.12/site-packages/airflow/example_dags/tutorial_taskflow_templates.py
[2025-04-16T21:44:00.715+1000] {logging_mixin.py:190} INFO - [2025-04-16T21:44:00.714+1000] {dag.py:3239} INFO - Sync 1 DAGs
[2025-04-16T21:44:00.740+1000] {logging_mixin.py:190} INFO - [2025-04-16T21:44:00.740+1000] {dag.py:4180} INFO - Setting next_dagrun for tutorial_taskflow_templates to 2025-04-15 00:00:00+00:00, run_after=2025-04-16 00:00:00+00:00
[2025-04-16T21:44:00.763+1000] {processor.py:208} INFO - Processing /Users/anurag/Desktop/Self/Coding Projects/learning-airflow/python37/lib/python3.12/site-packages/airflow/example_dags/tutorial_taskflow_templates.py took 0.259 seconds
[2025-04-16T21:47:03.846+1000] {processor.py:186} INFO - Started process (PID=16085) to work on /Users/anurag/Desktop/Self/Coding Projects/learning-airflow/python37/lib/python3.12/site-packages/airflow/example_dags/tutorial_taskflow_templates.py
[2025-04-16T21:47:03.848+1000] {processor.py:914} INFO - Processing file /Users/anurag/Desktop/Self/Coding Projects/learning-airflow/python37/lib/python3.12/site-packages/airflow/example_dags/tutorial_taskflow_templates.py for tasks to queue
[2025-04-16T21:47:03.849+1000] {logging_mixin.py:190} INFO - [2025-04-16T21:47:03.849+1000] {dagbag.py:588} INFO - Filling up the DagBag from /Users/anurag/Desktop/Self/Coding Projects/learning-airflow/python37/lib/python3.12/site-packages/airflow/example_dags/tutorial_taskflow_templates.py
[2025-04-16T21:47:03.896+1000] {processor.py:925} INFO - DAG(s) 'tutorial_taskflow_templates' retrieved from /Users/anurag/Desktop/Self/Coding Projects/learning-airflow/python37/lib/python3.12/site-packages/airflow/example_dags/tutorial_taskflow_templates.py
[2025-04-16T21:47:04.014+1000] {logging_mixin.py:190} INFO - [2025-04-16T21:47:04.013+1000] {dag.py:3239} INFO - Sync 1 DAGs
[2025-04-16T21:47:04.035+1000] {logging_mixin.py:190} INFO - [2025-04-16T21:47:04.035+1000] {dag.py:4180} INFO - Setting next_dagrun for tutorial_taskflow_templates to 2025-04-15 00:00:00+00:00, run_after=2025-04-16 00:00:00+00:00
[2025-04-16T21:47:04.058+1000] {processor.py:208} INFO - Processing /Users/anurag/Desktop/Self/Coding Projects/learning-airflow/python37/lib/python3.12/site-packages/airflow/example_dags/tutorial_taskflow_templates.py took 0.216 seconds
