[2025-04-18T16:46:49.114+1000] {local_task_job_runner.py:123} INFO - ::group::Pre task execution logs
[2025-04-18T16:46:49.172+1000] {taskinstance.py:2614} INFO - Dependencies all met for dep_context=non-requeueable deps ti=<TaskInstance: executing_multiple_tasks.taskC manual__2025-04-18T06:46:09.446866+00:00 [queued]>
[2025-04-18T16:46:49.202+1000] {taskinstance.py:2614} INFO - Dependencies all met for dep_context=requeueable deps ti=<TaskInstance: executing_multiple_tasks.taskC manual__2025-04-18T06:46:09.446866+00:00 [queued]>
[2025-04-18T16:46:49.203+1000] {taskinstance.py:2867} INFO - Starting attempt 1 of 1
[2025-04-18T16:46:49.240+1000] {taskinstance.py:2890} INFO - Executing <Task(BashOperator): taskC> on 2025-04-18 06:46:09.446866+00:00
[2025-04-18T16:46:49.253+1000] {standard_task_runner.py:72} INFO - Started process 85325 to run task
[2025-04-18T16:46:49.278+1000] {standard_task_runner.py:104} INFO - Running: ['airflow', 'tasks', 'run', 'executing_multiple_tasks', 'taskC', 'manual__2025-04-18T06:46:09.446866+00:00', '--job-id', '18', '--raw', '--subdir', 'DAGS_FOLDER/execute_multiple_tasks.py', '--cfg-path', '/var/folders/05/dgx_ky6d3n9f_vxn26lcln1h0000gn/T/tmpmj8tm_9i']
[2025-04-18T16:46:49.292+1000] {standard_task_runner.py:105} INFO - Job 18: Subtask taskC
[2025-04-18T16:46:49.439+1000] {task_command.py:467} INFO - Running <TaskInstance: executing_multiple_tasks.taskC manual__2025-04-18T06:46:09.446866+00:00 [running]> on host anurags-macbook-pro.local
[2025-04-18T16:46:49.675+1000] {taskinstance.py:3134} INFO - Exporting env vars: AIRFLOW_CTX_DAG_OWNER='anuragthakur' AIRFLOW_CTX_DAG_ID='executing_multiple_tasks' AIRFLOW_CTX_TASK_ID='taskC' AIRFLOW_CTX_EXECUTION_DATE='2025-04-18T06:46:09.446866+00:00' AIRFLOW_CTX_TRY_NUMBER='1' AIRFLOW_CTX_DAG_RUN_ID='manual__2025-04-18T06:46:09.446866+00:00'
[2025-04-18T16:46:49.680+1000] {taskinstance.py:732} INFO - ::endgroup::
[2025-04-18T16:46:49.748+1000] {subprocess.py:78} INFO - Tmp dir root location: /var/folders/05/dgx_ky6d3n9f_vxn26lcln1h0000gn/T
[2025-04-18T16:46:49.751+1000] {subprocess.py:88} INFO - Running command: ['/bin/bash', '-c', '\n        echo TASK C has started!\n        sleep 15\n        echo TASK C has ended!\n    ']
[2025-04-18T16:46:49.772+1000] {subprocess.py:99} INFO - Output:
[2025-04-18T16:46:49.787+1000] {subprocess.py:106} INFO - TASK C has started!
[2025-04-18T16:47:04.804+1000] {subprocess.py:106} INFO - TASK C has ended!
[2025-04-18T16:47:04.807+1000] {subprocess.py:110} INFO - Command exited with return code 0
[2025-04-18T16:47:04.885+1000] {taskinstance.py:341} INFO - ::group::Post task execution logs
[2025-04-18T16:47:04.890+1000] {taskinstance.py:353} INFO - Marking task as SUCCESS. dag_id=executing_multiple_tasks, task_id=taskC, run_id=manual__2025-04-18T06:46:09.446866+00:00, execution_date=20250418T064609, start_date=20250418T064649, end_date=20250418T064704
[2025-04-18T16:47:05.003+1000] {local_task_job_runner.py:266} INFO - Task exited with return code 0
[2025-04-18T16:47:05.073+1000] {taskinstance.py:3901} INFO - 1 downstream tasks scheduled from follow-on schedule check
[2025-04-18T16:47:05.077+1000] {local_task_job_runner.py:245} INFO - ::endgroup::
