[2025-04-16T21:26:00.517+1000] {processor.py:186} INFO - Started process (PID=88703) to work on /Users/anurag/Desktop/Self/Coding Projects/learning-airflow/python37/lib/python3.12/site-packages/airflow/example_dags/plugins/decreasing_priority_weight_strategy.py
[2025-04-16T21:26:00.518+1000] {processor.py:914} INFO - Processing file /Users/anurag/Desktop/Self/Coding Projects/learning-airflow/python37/lib/python3.12/site-packages/airflow/example_dags/plugins/decreasing_priority_weight_strategy.py for tasks to queue
[2025-04-16T21:26:00.519+1000] {logging_mixin.py:190} INFO - [2025-04-16T21:26:00.519+1000] {dagbag.py:588} INFO - Filling up the DagBag from /Users/anurag/Desktop/Self/Coding Projects/learning-airflow/python37/lib/python3.12/site-packages/airflow/example_dags/plugins/decreasing_priority_weight_strategy.py
[2025-04-16T21:26:00.521+1000] {processor.py:927} WARNING - No viable dags retrieved from /Users/anurag/Desktop/Self/Coding Projects/learning-airflow/python37/lib/python3.12/site-packages/airflow/example_dags/plugins/decreasing_priority_weight_strategy.py
[2025-04-16T21:26:00.608+1000] {processor.py:208} INFO - Processing /Users/anurag/Desktop/Self/Coding Projects/learning-airflow/python37/lib/python3.12/site-packages/airflow/example_dags/plugins/decreasing_priority_weight_strategy.py took 0.096 seconds
[2025-04-16T21:29:24.684+1000] {processor.py:186} INFO - Started process (PID=89348) to work on /Users/anurag/Desktop/Self/Coding Projects/learning-airflow/python37/lib/python3.12/site-packages/airflow/example_dags/plugins/decreasing_priority_weight_strategy.py
[2025-04-16T21:29:24.686+1000] {processor.py:914} INFO - Processing file /Users/anurag/Desktop/Self/Coding Projects/learning-airflow/python37/lib/python3.12/site-packages/airflow/example_dags/plugins/decreasing_priority_weight_strategy.py for tasks to queue
[2025-04-16T21:29:24.687+1000] {logging_mixin.py:190} INFO - [2025-04-16T21:29:24.687+1000] {dagbag.py:588} INFO - Filling up the DagBag from /Users/anurag/Desktop/Self/Coding Projects/learning-airflow/python37/lib/python3.12/site-packages/airflow/example_dags/plugins/decreasing_priority_weight_strategy.py
[2025-04-16T21:29:24.688+1000] {processor.py:927} WARNING - No viable dags retrieved from /Users/anurag/Desktop/Self/Coding Projects/learning-airflow/python37/lib/python3.12/site-packages/airflow/example_dags/plugins/decreasing_priority_weight_strategy.py
[2025-04-16T21:29:24.773+1000] {processor.py:208} INFO - Processing /Users/anurag/Desktop/Self/Coding Projects/learning-airflow/python37/lib/python3.12/site-packages/airflow/example_dags/plugins/decreasing_priority_weight_strategy.py took 0.094 seconds
[2025-04-16T21:31:41.009+1000] {processor.py:186} INFO - Started process (PID=89718) to work on /Users/anurag/Desktop/Self/Coding Projects/learning-airflow/python37/lib/python3.12/site-packages/airflow/example_dags/plugins/decreasing_priority_weight_strategy.py
[2025-04-16T21:31:41.011+1000] {processor.py:914} INFO - Processing file /Users/anurag/Desktop/Self/Coding Projects/learning-airflow/python37/lib/python3.12/site-packages/airflow/example_dags/plugins/decreasing_priority_weight_strategy.py for tasks to queue
[2025-04-16T21:31:41.012+1000] {logging_mixin.py:190} INFO - [2025-04-16T21:31:41.012+1000] {dagbag.py:588} INFO - Filling up the DagBag from /Users/anurag/Desktop/Self/Coding Projects/learning-airflow/python37/lib/python3.12/site-packages/airflow/example_dags/plugins/decreasing_priority_weight_strategy.py
[2025-04-16T21:31:41.014+1000] {processor.py:927} WARNING - No viable dags retrieved from /Users/anurag/Desktop/Self/Coding Projects/learning-airflow/python37/lib/python3.12/site-packages/airflow/example_dags/plugins/decreasing_priority_weight_strategy.py
[2025-04-16T21:31:41.114+1000] {processor.py:208} INFO - Processing /Users/anurag/Desktop/Self/Coding Projects/learning-airflow/python37/lib/python3.12/site-packages/airflow/example_dags/plugins/decreasing_priority_weight_strategy.py took 0.109 seconds
[2025-04-16T21:34:49.607+1000] {processor.py:186} INFO - Started process (PID=90205) to work on /Users/anurag/Desktop/Self/Coding Projects/learning-airflow/python37/lib/python3.12/site-packages/airflow/example_dags/plugins/decreasing_priority_weight_strategy.py
[2025-04-16T21:34:49.610+1000] {processor.py:914} INFO - Processing file /Users/anurag/Desktop/Self/Coding Projects/learning-airflow/python37/lib/python3.12/site-packages/airflow/example_dags/plugins/decreasing_priority_weight_strategy.py for tasks to queue
[2025-04-16T21:34:49.614+1000] {logging_mixin.py:190} INFO - [2025-04-16T21:34:49.614+1000] {dagbag.py:588} INFO - Filling up the DagBag from /Users/anurag/Desktop/Self/Coding Projects/learning-airflow/python37/lib/python3.12/site-packages/airflow/example_dags/plugins/decreasing_priority_weight_strategy.py
[2025-04-16T21:34:49.618+1000] {processor.py:927} WARNING - No viable dags retrieved from /Users/anurag/Desktop/Self/Coding Projects/learning-airflow/python37/lib/python3.12/site-packages/airflow/example_dags/plugins/decreasing_priority_weight_strategy.py
[2025-04-16T21:34:49.889+1000] {processor.py:208} INFO - Processing /Users/anurag/Desktop/Self/Coding Projects/learning-airflow/python37/lib/python3.12/site-packages/airflow/example_dags/plugins/decreasing_priority_weight_strategy.py took 0.298 seconds
[2025-04-16T21:39:07.055+1000] {processor.py:186} INFO - Started process (PID=90830) to work on /Users/anurag/Desktop/Self/Coding Projects/learning-airflow/python37/lib/python3.12/site-packages/airflow/example_dags/plugins/decreasing_priority_weight_strategy.py
[2025-04-16T21:39:07.057+1000] {processor.py:914} INFO - Processing file /Users/anurag/Desktop/Self/Coding Projects/learning-airflow/python37/lib/python3.12/site-packages/airflow/example_dags/plugins/decreasing_priority_weight_strategy.py for tasks to queue
[2025-04-16T21:39:07.058+1000] {logging_mixin.py:190} INFO - [2025-04-16T21:39:07.057+1000] {dagbag.py:588} INFO - Filling up the DagBag from /Users/anurag/Desktop/Self/Coding Projects/learning-airflow/python37/lib/python3.12/site-packages/airflow/example_dags/plugins/decreasing_priority_weight_strategy.py
[2025-04-16T21:39:07.059+1000] {processor.py:927} WARNING - No viable dags retrieved from /Users/anurag/Desktop/Self/Coding Projects/learning-airflow/python37/lib/python3.12/site-packages/airflow/example_dags/plugins/decreasing_priority_weight_strategy.py
[2025-04-16T21:39:07.138+1000] {processor.py:208} INFO - Processing /Users/anurag/Desktop/Self/Coding Projects/learning-airflow/python37/lib/python3.12/site-packages/airflow/example_dags/plugins/decreasing_priority_weight_strategy.py took 0.088 seconds
[2025-04-16T21:41:26.310+1000] {processor.py:186} INFO - Started process (PID=91192) to work on /Users/anurag/Desktop/Self/Coding Projects/learning-airflow/python37/lib/python3.12/site-packages/airflow/example_dags/plugins/decreasing_priority_weight_strategy.py
[2025-04-16T21:41:26.311+1000] {processor.py:914} INFO - Processing file /Users/anurag/Desktop/Self/Coding Projects/learning-airflow/python37/lib/python3.12/site-packages/airflow/example_dags/plugins/decreasing_priority_weight_strategy.py for tasks to queue
[2025-04-16T21:41:26.312+1000] {logging_mixin.py:190} INFO - [2025-04-16T21:41:26.312+1000] {dagbag.py:588} INFO - Filling up the DagBag from /Users/anurag/Desktop/Self/Coding Projects/learning-airflow/python37/lib/python3.12/site-packages/airflow/example_dags/plugins/decreasing_priority_weight_strategy.py
[2025-04-16T21:41:26.314+1000] {processor.py:927} WARNING - No viable dags retrieved from /Users/anurag/Desktop/Self/Coding Projects/learning-airflow/python37/lib/python3.12/site-packages/airflow/example_dags/plugins/decreasing_priority_weight_strategy.py
[2025-04-16T21:41:26.397+1000] {processor.py:208} INFO - Processing /Users/anurag/Desktop/Self/Coding Projects/learning-airflow/python37/lib/python3.12/site-packages/airflow/example_dags/plugins/decreasing_priority_weight_strategy.py took 0.091 seconds
[2025-04-16T21:43:56.481+1000] {processor.py:186} INFO - Started process (PID=98224) to work on /Users/anurag/Desktop/Self/Coding Projects/learning-airflow/python37/lib/python3.12/site-packages/airflow/example_dags/plugins/decreasing_priority_weight_strategy.py
[2025-04-16T21:43:56.484+1000] {processor.py:914} INFO - Processing file /Users/anurag/Desktop/Self/Coding Projects/learning-airflow/python37/lib/python3.12/site-packages/airflow/example_dags/plugins/decreasing_priority_weight_strategy.py for tasks to queue
[2025-04-16T21:43:56.485+1000] {logging_mixin.py:190} INFO - [2025-04-16T21:43:56.485+1000] {dagbag.py:588} INFO - Filling up the DagBag from /Users/anurag/Desktop/Self/Coding Projects/learning-airflow/python37/lib/python3.12/site-packages/airflow/example_dags/plugins/decreasing_priority_weight_strategy.py
[2025-04-16T21:43:56.487+1000] {processor.py:927} WARNING - No viable dags retrieved from /Users/anurag/Desktop/Self/Coding Projects/learning-airflow/python37/lib/python3.12/site-packages/airflow/example_dags/plugins/decreasing_priority_weight_strategy.py
[2025-04-16T21:43:56.613+1000] {processor.py:208} INFO - Processing /Users/anurag/Desktop/Self/Coding Projects/learning-airflow/python37/lib/python3.12/site-packages/airflow/example_dags/plugins/decreasing_priority_weight_strategy.py took 0.138 seconds
[2025-04-16T21:47:01.041+1000] {processor.py:186} INFO - Started process (PID=15477) to work on /Users/anurag/Desktop/Self/Coding Projects/learning-airflow/python37/lib/python3.12/site-packages/airflow/example_dags/plugins/decreasing_priority_weight_strategy.py
[2025-04-16T21:47:01.043+1000] {processor.py:914} INFO - Processing file /Users/anurag/Desktop/Self/Coding Projects/learning-airflow/python37/lib/python3.12/site-packages/airflow/example_dags/plugins/decreasing_priority_weight_strategy.py for tasks to queue
[2025-04-16T21:47:01.044+1000] {logging_mixin.py:190} INFO - [2025-04-16T21:47:01.044+1000] {dagbag.py:588} INFO - Filling up the DagBag from /Users/anurag/Desktop/Self/Coding Projects/learning-airflow/python37/lib/python3.12/site-packages/airflow/example_dags/plugins/decreasing_priority_weight_strategy.py
[2025-04-16T21:47:01.046+1000] {processor.py:927} WARNING - No viable dags retrieved from /Users/anurag/Desktop/Self/Coding Projects/learning-airflow/python37/lib/python3.12/site-packages/airflow/example_dags/plugins/decreasing_priority_weight_strategy.py
[2025-04-16T21:47:01.137+1000] {processor.py:208} INFO - Processing /Users/anurag/Desktop/Self/Coding Projects/learning-airflow/python37/lib/python3.12/site-packages/airflow/example_dags/plugins/decreasing_priority_weight_strategy.py took 0.100 seconds
