[2025-04-16T21:25:54.736+1000] {processor.py:186} INFO - Started process (PID=88678) to work on /Users/anurag/Desktop/Self/Coding Projects/learning-airflow/python37/lib/python3.12/site-packages/airflow/example_dags/plugins/listener_plugin.py
[2025-04-16T21:25:54.738+1000] {processor.py:914} INFO - Processing file /Users/anurag/Desktop/Self/Coding Projects/learning-airflow/python37/lib/python3.12/site-packages/airflow/example_dags/plugins/listener_plugin.py for tasks to queue
[2025-04-16T21:25:54.739+1000] {logging_mixin.py:190} INFO - [2025-04-16T21:25:54.738+1000] {dagbag.py:588} INFO - Filling up the DagBag from /Users/anurag/Desktop/Self/Coding Projects/learning-airflow/python37/lib/python3.12/site-packages/airflow/example_dags/plugins/listener_plugin.py
[2025-04-16T21:25:54.741+1000] {processor.py:927} WARNING - No viable dags retrieved from /Users/anurag/Desktop/Self/Coding Projects/learning-airflow/python37/lib/python3.12/site-packages/airflow/example_dags/plugins/listener_plugin.py
[2025-04-16T21:25:54.828+1000] {processor.py:208} INFO - Processing /Users/anurag/Desktop/Self/Coding Projects/learning-airflow/python37/lib/python3.12/site-packages/airflow/example_dags/plugins/listener_plugin.py took 0.096 seconds
[2025-04-16T21:29:19.102+1000] {processor.py:186} INFO - Started process (PID=89326) to work on /Users/anurag/Desktop/Self/Coding Projects/learning-airflow/python37/lib/python3.12/site-packages/airflow/example_dags/plugins/listener_plugin.py
[2025-04-16T21:29:19.104+1000] {processor.py:914} INFO - Processing file /Users/anurag/Desktop/Self/Coding Projects/learning-airflow/python37/lib/python3.12/site-packages/airflow/example_dags/plugins/listener_plugin.py for tasks to queue
[2025-04-16T21:29:19.105+1000] {logging_mixin.py:190} INFO - [2025-04-16T21:29:19.105+1000] {dagbag.py:588} INFO - Filling up the DagBag from /Users/anurag/Desktop/Self/Coding Projects/learning-airflow/python37/lib/python3.12/site-packages/airflow/example_dags/plugins/listener_plugin.py
[2025-04-16T21:29:19.107+1000] {processor.py:927} WARNING - No viable dags retrieved from /Users/anurag/Desktop/Self/Coding Projects/learning-airflow/python37/lib/python3.12/site-packages/airflow/example_dags/plugins/listener_plugin.py
[2025-04-16T21:29:19.191+1000] {processor.py:208} INFO - Processing /Users/anurag/Desktop/Self/Coding Projects/learning-airflow/python37/lib/python3.12/site-packages/airflow/example_dags/plugins/listener_plugin.py took 0.093 seconds
[2025-04-16T21:31:34.476+1000] {processor.py:186} INFO - Started process (PID=89701) to work on /Users/anurag/Desktop/Self/Coding Projects/learning-airflow/python37/lib/python3.12/site-packages/airflow/example_dags/plugins/listener_plugin.py
[2025-04-16T21:31:34.477+1000] {processor.py:914} INFO - Processing file /Users/anurag/Desktop/Self/Coding Projects/learning-airflow/python37/lib/python3.12/site-packages/airflow/example_dags/plugins/listener_plugin.py for tasks to queue
[2025-04-16T21:31:34.478+1000] {logging_mixin.py:190} INFO - [2025-04-16T21:31:34.478+1000] {dagbag.py:588} INFO - Filling up the DagBag from /Users/anurag/Desktop/Self/Coding Projects/learning-airflow/python37/lib/python3.12/site-packages/airflow/example_dags/plugins/listener_plugin.py
[2025-04-16T21:31:34.481+1000] {processor.py:927} WARNING - No viable dags retrieved from /Users/anurag/Desktop/Self/Coding Projects/learning-airflow/python37/lib/python3.12/site-packages/airflow/example_dags/plugins/listener_plugin.py
[2025-04-16T21:31:34.581+1000] {processor.py:208} INFO - Processing /Users/anurag/Desktop/Self/Coding Projects/learning-airflow/python37/lib/python3.12/site-packages/airflow/example_dags/plugins/listener_plugin.py took 0.111 seconds
[2025-04-16T21:34:35.449+1000] {processor.py:186} INFO - Started process (PID=90179) to work on /Users/anurag/Desktop/Self/Coding Projects/learning-airflow/python37/lib/python3.12/site-packages/airflow/example_dags/plugins/listener_plugin.py
[2025-04-16T21:34:35.453+1000] {processor.py:914} INFO - Processing file /Users/anurag/Desktop/Self/Coding Projects/learning-airflow/python37/lib/python3.12/site-packages/airflow/example_dags/plugins/listener_plugin.py for tasks to queue
[2025-04-16T21:34:35.457+1000] {logging_mixin.py:190} INFO - [2025-04-16T21:34:35.455+1000] {dagbag.py:588} INFO - Filling up the DagBag from /Users/anurag/Desktop/Self/Coding Projects/learning-airflow/python37/lib/python3.12/site-packages/airflow/example_dags/plugins/listener_plugin.py
[2025-04-16T21:34:35.465+1000] {processor.py:927} WARNING - No viable dags retrieved from /Users/anurag/Desktop/Self/Coding Projects/learning-airflow/python37/lib/python3.12/site-packages/airflow/example_dags/plugins/listener_plugin.py
[2025-04-16T21:34:35.665+1000] {processor.py:208} INFO - Processing /Users/anurag/Desktop/Self/Coding Projects/learning-airflow/python37/lib/python3.12/site-packages/airflow/example_dags/plugins/listener_plugin.py took 0.228 seconds
[2025-04-16T21:39:01.367+1000] {processor.py:186} INFO - Started process (PID=90813) to work on /Users/anurag/Desktop/Self/Coding Projects/learning-airflow/python37/lib/python3.12/site-packages/airflow/example_dags/plugins/listener_plugin.py
[2025-04-16T21:39:01.368+1000] {processor.py:914} INFO - Processing file /Users/anurag/Desktop/Self/Coding Projects/learning-airflow/python37/lib/python3.12/site-packages/airflow/example_dags/plugins/listener_plugin.py for tasks to queue
[2025-04-16T21:39:01.369+1000] {logging_mixin.py:190} INFO - [2025-04-16T21:39:01.369+1000] {dagbag.py:588} INFO - Filling up the DagBag from /Users/anurag/Desktop/Self/Coding Projects/learning-airflow/python37/lib/python3.12/site-packages/airflow/example_dags/plugins/listener_plugin.py
[2025-04-16T21:39:01.373+1000] {processor.py:927} WARNING - No viable dags retrieved from /Users/anurag/Desktop/Self/Coding Projects/learning-airflow/python37/lib/python3.12/site-packages/airflow/example_dags/plugins/listener_plugin.py
[2025-04-16T21:39:01.456+1000] {processor.py:208} INFO - Processing /Users/anurag/Desktop/Self/Coding Projects/learning-airflow/python37/lib/python3.12/site-packages/airflow/example_dags/plugins/listener_plugin.py took 0.093 seconds
[2025-04-16T21:41:20.441+1000] {processor.py:186} INFO - Started process (PID=91176) to work on /Users/anurag/Desktop/Self/Coding Projects/learning-airflow/python37/lib/python3.12/site-packages/airflow/example_dags/plugins/listener_plugin.py
[2025-04-16T21:41:20.442+1000] {processor.py:914} INFO - Processing file /Users/anurag/Desktop/Self/Coding Projects/learning-airflow/python37/lib/python3.12/site-packages/airflow/example_dags/plugins/listener_plugin.py for tasks to queue
[2025-04-16T21:41:20.444+1000] {logging_mixin.py:190} INFO - [2025-04-16T21:41:20.443+1000] {dagbag.py:588} INFO - Filling up the DagBag from /Users/anurag/Desktop/Self/Coding Projects/learning-airflow/python37/lib/python3.12/site-packages/airflow/example_dags/plugins/listener_plugin.py
[2025-04-16T21:41:20.446+1000] {processor.py:927} WARNING - No viable dags retrieved from /Users/anurag/Desktop/Self/Coding Projects/learning-airflow/python37/lib/python3.12/site-packages/airflow/example_dags/plugins/listener_plugin.py
[2025-04-16T21:41:20.525+1000] {processor.py:208} INFO - Processing /Users/anurag/Desktop/Self/Coding Projects/learning-airflow/python37/lib/python3.12/site-packages/airflow/example_dags/plugins/listener_plugin.py took 0.088 seconds
[2025-04-16T21:43:49.034+1000] {processor.py:186} INFO - Started process (PID=96701) to work on /Users/anurag/Desktop/Self/Coding Projects/learning-airflow/python37/lib/python3.12/site-packages/airflow/example_dags/plugins/listener_plugin.py
[2025-04-16T21:43:49.036+1000] {processor.py:914} INFO - Processing file /Users/anurag/Desktop/Self/Coding Projects/learning-airflow/python37/lib/python3.12/site-packages/airflow/example_dags/plugins/listener_plugin.py for tasks to queue
[2025-04-16T21:43:49.037+1000] {logging_mixin.py:190} INFO - [2025-04-16T21:43:49.037+1000] {dagbag.py:588} INFO - Filling up the DagBag from /Users/anurag/Desktop/Self/Coding Projects/learning-airflow/python37/lib/python3.12/site-packages/airflow/example_dags/plugins/listener_plugin.py
[2025-04-16T21:43:49.041+1000] {processor.py:927} WARNING - No viable dags retrieved from /Users/anurag/Desktop/Self/Coding Projects/learning-airflow/python37/lib/python3.12/site-packages/airflow/example_dags/plugins/listener_plugin.py
[2025-04-16T21:43:49.172+1000] {processor.py:208} INFO - Processing /Users/anurag/Desktop/Self/Coding Projects/learning-airflow/python37/lib/python3.12/site-packages/airflow/example_dags/plugins/listener_plugin.py took 0.143 seconds
[2025-04-16T21:46:55.242+1000] {processor.py:186} INFO - Started process (PID=13974) to work on /Users/anurag/Desktop/Self/Coding Projects/learning-airflow/python37/lib/python3.12/site-packages/airflow/example_dags/plugins/listener_plugin.py
[2025-04-16T21:46:55.244+1000] {processor.py:914} INFO - Processing file /Users/anurag/Desktop/Self/Coding Projects/learning-airflow/python37/lib/python3.12/site-packages/airflow/example_dags/plugins/listener_plugin.py for tasks to queue
[2025-04-16T21:46:55.245+1000] {logging_mixin.py:190} INFO - [2025-04-16T21:46:55.245+1000] {dagbag.py:588} INFO - Filling up the DagBag from /Users/anurag/Desktop/Self/Coding Projects/learning-airflow/python37/lib/python3.12/site-packages/airflow/example_dags/plugins/listener_plugin.py
[2025-04-16T21:46:55.248+1000] {processor.py:927} WARNING - No viable dags retrieved from /Users/anurag/Desktop/Self/Coding Projects/learning-airflow/python37/lib/python3.12/site-packages/airflow/example_dags/plugins/listener_plugin.py
[2025-04-16T21:46:55.341+1000] {processor.py:208} INFO - Processing /Users/anurag/Desktop/Self/Coding Projects/learning-airflow/python37/lib/python3.12/site-packages/airflow/example_dags/plugins/listener_plugin.py took 0.104 seconds
