[2025-04-16T21:25:51.468+1000] {processor.py:186} INFO - Started process (PID=88667) to work on /Users/anurag/Desktop/Self/Coding Projects/learning-airflow/python37/lib/python3.12/site-packages/airflow/example_dags/plugins/workday.py
[2025-04-16T21:25:51.470+1000] {processor.py:914} INFO - Processing file /Users/anurag/Desktop/Self/Coding Projects/learning-airflow/python37/lib/python3.12/site-packages/airflow/example_dags/plugins/workday.py for tasks to queue
[2025-04-16T21:25:51.471+1000] {logging_mixin.py:190} INFO - [2025-04-16T21:25:51.471+1000] {dagbag.py:588} INFO - Filling up the DagBag from /Users/anurag/Desktop/Self/Coding Projects/learning-airflow/python37/lib/python3.12/site-packages/airflow/example_dags/plugins/workday.py
[2025-04-16T21:25:51.474+1000] {logging_mixin.py:190} INFO - [2025-04-16T21:25:51.473+1000] {workday.py:41} WARNING - Could not import pandas. Holidays will not be considered.
[2025-04-16T21:25:51.474+1000] {processor.py:927} WARNING - No viable dags retrieved from /Users/anurag/Desktop/Self/Coding Projects/learning-airflow/python37/lib/python3.12/site-packages/airflow/example_dags/plugins/workday.py
[2025-04-16T21:25:51.590+1000] {processor.py:208} INFO - Processing /Users/anurag/Desktop/Self/Coding Projects/learning-airflow/python37/lib/python3.12/site-packages/airflow/example_dags/plugins/workday.py took 0.127 seconds
[2025-04-16T21:29:16.253+1000] {processor.py:186} INFO - Started process (PID=89318) to work on /Users/anurag/Desktop/Self/Coding Projects/learning-airflow/python37/lib/python3.12/site-packages/airflow/example_dags/plugins/workday.py
[2025-04-16T21:29:16.255+1000] {processor.py:914} INFO - Processing file /Users/anurag/Desktop/Self/Coding Projects/learning-airflow/python37/lib/python3.12/site-packages/airflow/example_dags/plugins/workday.py for tasks to queue
[2025-04-16T21:29:16.256+1000] {logging_mixin.py:190} INFO - [2025-04-16T21:29:16.256+1000] {dagbag.py:588} INFO - Filling up the DagBag from /Users/anurag/Desktop/Self/Coding Projects/learning-airflow/python37/lib/python3.12/site-packages/airflow/example_dags/plugins/workday.py
[2025-04-16T21:29:16.258+1000] {logging_mixin.py:190} INFO - [2025-04-16T21:29:16.257+1000] {workday.py:41} WARNING - Could not import pandas. Holidays will not be considered.
[2025-04-16T21:29:16.258+1000] {processor.py:927} WARNING - No viable dags retrieved from /Users/anurag/Desktop/Self/Coding Projects/learning-airflow/python37/lib/python3.12/site-packages/airflow/example_dags/plugins/workday.py
[2025-04-16T21:29:16.352+1000] {processor.py:208} INFO - Processing /Users/anurag/Desktop/Self/Coding Projects/learning-airflow/python37/lib/python3.12/site-packages/airflow/example_dags/plugins/workday.py took 0.104 seconds
[2025-04-16T21:31:31.245+1000] {processor.py:186} INFO - Started process (PID=89691) to work on /Users/anurag/Desktop/Self/Coding Projects/learning-airflow/python37/lib/python3.12/site-packages/airflow/example_dags/plugins/workday.py
[2025-04-16T21:31:31.247+1000] {processor.py:914} INFO - Processing file /Users/anurag/Desktop/Self/Coding Projects/learning-airflow/python37/lib/python3.12/site-packages/airflow/example_dags/plugins/workday.py for tasks to queue
[2025-04-16T21:31:31.248+1000] {logging_mixin.py:190} INFO - [2025-04-16T21:31:31.248+1000] {dagbag.py:588} INFO - Filling up the DagBag from /Users/anurag/Desktop/Self/Coding Projects/learning-airflow/python37/lib/python3.12/site-packages/airflow/example_dags/plugins/workday.py
[2025-04-16T21:31:31.250+1000] {logging_mixin.py:190} INFO - [2025-04-16T21:31:31.250+1000] {workday.py:41} WARNING - Could not import pandas. Holidays will not be considered.
[2025-04-16T21:31:31.250+1000] {processor.py:927} WARNING - No viable dags retrieved from /Users/anurag/Desktop/Self/Coding Projects/learning-airflow/python37/lib/python3.12/site-packages/airflow/example_dags/plugins/workday.py
[2025-04-16T21:31:31.347+1000] {processor.py:208} INFO - Processing /Users/anurag/Desktop/Self/Coding Projects/learning-airflow/python37/lib/python3.12/site-packages/airflow/example_dags/plugins/workday.py took 0.105 seconds
[2025-04-16T21:34:31.514+1000] {processor.py:186} INFO - Started process (PID=90163) to work on /Users/anurag/Desktop/Self/Coding Projects/learning-airflow/python37/lib/python3.12/site-packages/airflow/example_dags/plugins/workday.py
[2025-04-16T21:34:31.517+1000] {processor.py:914} INFO - Processing file /Users/anurag/Desktop/Self/Coding Projects/learning-airflow/python37/lib/python3.12/site-packages/airflow/example_dags/plugins/workday.py for tasks to queue
[2025-04-16T21:34:31.518+1000] {logging_mixin.py:190} INFO - [2025-04-16T21:34:31.518+1000] {dagbag.py:588} INFO - Filling up the DagBag from /Users/anurag/Desktop/Self/Coding Projects/learning-airflow/python37/lib/python3.12/site-packages/airflow/example_dags/plugins/workday.py
[2025-04-16T21:34:31.521+1000] {logging_mixin.py:190} INFO - [2025-04-16T21:34:31.520+1000] {workday.py:41} WARNING - Could not import pandas. Holidays will not be considered.
[2025-04-16T21:34:31.521+1000] {processor.py:927} WARNING - No viable dags retrieved from /Users/anurag/Desktop/Self/Coding Projects/learning-airflow/python37/lib/python3.12/site-packages/airflow/example_dags/plugins/workday.py
[2025-04-16T21:34:31.644+1000] {processor.py:208} INFO - Processing /Users/anurag/Desktop/Self/Coding Projects/learning-airflow/python37/lib/python3.12/site-packages/airflow/example_dags/plugins/workday.py took 0.136 seconds
[2025-04-16T21:38:58.429+1000] {processor.py:186} INFO - Started process (PID=90803) to work on /Users/anurag/Desktop/Self/Coding Projects/learning-airflow/python37/lib/python3.12/site-packages/airflow/example_dags/plugins/workday.py
[2025-04-16T21:38:58.431+1000] {processor.py:914} INFO - Processing file /Users/anurag/Desktop/Self/Coding Projects/learning-airflow/python37/lib/python3.12/site-packages/airflow/example_dags/plugins/workday.py for tasks to queue
[2025-04-16T21:38:58.432+1000] {logging_mixin.py:190} INFO - [2025-04-16T21:38:58.432+1000] {dagbag.py:588} INFO - Filling up the DagBag from /Users/anurag/Desktop/Self/Coding Projects/learning-airflow/python37/lib/python3.12/site-packages/airflow/example_dags/plugins/workday.py
[2025-04-16T21:38:58.435+1000] {logging_mixin.py:190} INFO - [2025-04-16T21:38:58.434+1000] {workday.py:41} WARNING - Could not import pandas. Holidays will not be considered.
[2025-04-16T21:38:58.435+1000] {processor.py:927} WARNING - No viable dags retrieved from /Users/anurag/Desktop/Self/Coding Projects/learning-airflow/python37/lib/python3.12/site-packages/airflow/example_dags/plugins/workday.py
[2025-04-16T21:38:58.539+1000] {processor.py:208} INFO - Processing /Users/anurag/Desktop/Self/Coding Projects/learning-airflow/python37/lib/python3.12/site-packages/airflow/example_dags/plugins/workday.py took 0.116 seconds
[2025-04-16T21:41:17.670+1000] {processor.py:186} INFO - Started process (PID=91170) to work on /Users/anurag/Desktop/Self/Coding Projects/learning-airflow/python37/lib/python3.12/site-packages/airflow/example_dags/plugins/workday.py
[2025-04-16T21:41:17.672+1000] {processor.py:914} INFO - Processing file /Users/anurag/Desktop/Self/Coding Projects/learning-airflow/python37/lib/python3.12/site-packages/airflow/example_dags/plugins/workday.py for tasks to queue
[2025-04-16T21:41:17.673+1000] {logging_mixin.py:190} INFO - [2025-04-16T21:41:17.673+1000] {dagbag.py:588} INFO - Filling up the DagBag from /Users/anurag/Desktop/Self/Coding Projects/learning-airflow/python37/lib/python3.12/site-packages/airflow/example_dags/plugins/workday.py
[2025-04-16T21:41:17.675+1000] {logging_mixin.py:190} INFO - [2025-04-16T21:41:17.674+1000] {workday.py:41} WARNING - Could not import pandas. Holidays will not be considered.
[2025-04-16T21:41:17.675+1000] {processor.py:927} WARNING - No viable dags retrieved from /Users/anurag/Desktop/Self/Coding Projects/learning-airflow/python37/lib/python3.12/site-packages/airflow/example_dags/plugins/workday.py
[2025-04-16T21:41:17.780+1000] {processor.py:208} INFO - Processing /Users/anurag/Desktop/Self/Coding Projects/learning-airflow/python37/lib/python3.12/site-packages/airflow/example_dags/plugins/workday.py took 0.116 seconds
[2025-04-16T21:43:45.195+1000] {processor.py:186} INFO - Started process (PID=96009) to work on /Users/anurag/Desktop/Self/Coding Projects/learning-airflow/python37/lib/python3.12/site-packages/airflow/example_dags/plugins/workday.py
[2025-04-16T21:43:45.197+1000] {processor.py:914} INFO - Processing file /Users/anurag/Desktop/Self/Coding Projects/learning-airflow/python37/lib/python3.12/site-packages/airflow/example_dags/plugins/workday.py for tasks to queue
[2025-04-16T21:43:45.199+1000] {logging_mixin.py:190} INFO - [2025-04-16T21:43:45.198+1000] {dagbag.py:588} INFO - Filling up the DagBag from /Users/anurag/Desktop/Self/Coding Projects/learning-airflow/python37/lib/python3.12/site-packages/airflow/example_dags/plugins/workday.py
[2025-04-16T21:43:45.201+1000] {logging_mixin.py:190} INFO - [2025-04-16T21:43:45.201+1000] {workday.py:41} WARNING - Could not import pandas. Holidays will not be considered.
[2025-04-16T21:43:45.202+1000] {processor.py:927} WARNING - No viable dags retrieved from /Users/anurag/Desktop/Self/Coding Projects/learning-airflow/python37/lib/python3.12/site-packages/airflow/example_dags/plugins/workday.py
[2025-04-16T21:43:45.366+1000] {processor.py:208} INFO - Processing /Users/anurag/Desktop/Self/Coding Projects/learning-airflow/python37/lib/python3.12/site-packages/airflow/example_dags/plugins/workday.py took 0.176 seconds
[2025-04-16T21:46:52.746+1000] {processor.py:186} INFO - Started process (PID=13920) to work on /Users/anurag/Desktop/Self/Coding Projects/learning-airflow/python37/lib/python3.12/site-packages/airflow/example_dags/plugins/workday.py
[2025-04-16T21:46:52.749+1000] {processor.py:914} INFO - Processing file /Users/anurag/Desktop/Self/Coding Projects/learning-airflow/python37/lib/python3.12/site-packages/airflow/example_dags/plugins/workday.py for tasks to queue
[2025-04-16T21:46:52.750+1000] {logging_mixin.py:190} INFO - [2025-04-16T21:46:52.750+1000] {dagbag.py:588} INFO - Filling up the DagBag from /Users/anurag/Desktop/Self/Coding Projects/learning-airflow/python37/lib/python3.12/site-packages/airflow/example_dags/plugins/workday.py
[2025-04-16T21:46:52.753+1000] {logging_mixin.py:190} INFO - [2025-04-16T21:46:52.753+1000] {workday.py:41} WARNING - Could not import pandas. Holidays will not be considered.
[2025-04-16T21:46:52.754+1000] {processor.py:927} WARNING - No viable dags retrieved from /Users/anurag/Desktop/Self/Coding Projects/learning-airflow/python37/lib/python3.12/site-packages/airflow/example_dags/plugins/workday.py
[2025-04-16T21:46:52.860+1000] {processor.py:208} INFO - Processing /Users/anurag/Desktop/Self/Coding Projects/learning-airflow/python37/lib/python3.12/site-packages/airflow/example_dags/plugins/workday.py took 0.120 seconds
