[2025-04-19T17:39:21.437+1000] {processor.py:186} INFO - Started process (PID=57311) to work on /Users/anurag/airflow/dags/simple_hello_world.py
[2025-04-19T17:39:21.438+1000] {processor.py:914} INFO - Processing file /Users/anurag/airflow/dags/simple_hello_world.py for tasks to queue
[2025-04-19T17:39:21.439+1000] {logging_mixin.py:190} INFO - [2025-04-19T17:39:21.439+1000] {dagbag.py:588} INFO - Filling up the DagBag from /Users/anurag/airflow/dags/simple_hello_world.py
[2025-04-19T17:39:21.450+1000] {processor.py:925} INFO - DAG(s) 'hello_world' retrieved from /Users/anurag/airflow/dags/simple_hello_world.py
[2025-04-19T17:39:21.692+1000] {logging_mixin.py:190} INFO - [2025-04-19T17:39:21.692+1000] {dag.py:3239} INFO - Sync 1 DAGs
[2025-04-19T17:39:21.710+1000] {logging_mixin.py:190} INFO - [2025-04-19T17:39:21.710+1000] {dag.py:4180} INFO - Setting next_dagrun for hello_world to 2025-04-19 00:00:00+00:00, run_after=2025-04-20 00:00:00+00:00
[2025-04-19T17:39:21.728+1000] {processor.py:208} INFO - Processing /Users/anurag/airflow/dags/simple_hello_world.py took 0.297 seconds
[2025-04-19T17:39:53.891+1000] {processor.py:186} INFO - Started process (PID=57462) to work on /Users/anurag/airflow/dags/simple_hello_world.py
[2025-04-19T17:39:53.893+1000] {processor.py:914} INFO - Processing file /Users/anurag/airflow/dags/simple_hello_world.py for tasks to queue
[2025-04-19T17:39:53.894+1000] {logging_mixin.py:190} INFO - [2025-04-19T17:39:53.894+1000] {dagbag.py:588} INFO - Filling up the DagBag from /Users/anurag/airflow/dags/simple_hello_world.py
[2025-04-19T17:39:53.904+1000] {processor.py:925} INFO - DAG(s) 'hello_world' retrieved from /Users/anurag/airflow/dags/simple_hello_world.py
[2025-04-19T17:39:54.141+1000] {logging_mixin.py:190} INFO - [2025-04-19T17:39:54.140+1000] {dag.py:3239} INFO - Sync 1 DAGs
[2025-04-19T17:39:54.156+1000] {logging_mixin.py:190} INFO - [2025-04-19T17:39:54.156+1000] {dag.py:4180} INFO - Setting next_dagrun for hello_world to 2025-04-19 00:00:00+00:00, run_after=2025-04-20 00:00:00+00:00
[2025-04-19T17:39:54.174+1000] {processor.py:208} INFO - Processing /Users/anurag/airflow/dags/simple_hello_world.py took 0.289 seconds
[2025-04-19T17:40:25.968+1000] {processor.py:186} INFO - Started process (PID=57623) to work on /Users/anurag/airflow/dags/simple_hello_world.py
[2025-04-19T17:40:25.969+1000] {processor.py:914} INFO - Processing file /Users/anurag/airflow/dags/simple_hello_world.py for tasks to queue
[2025-04-19T17:40:25.970+1000] {logging_mixin.py:190} INFO - [2025-04-19T17:40:25.970+1000] {dagbag.py:588} INFO - Filling up the DagBag from /Users/anurag/airflow/dags/simple_hello_world.py
[2025-04-19T17:40:25.980+1000] {processor.py:925} INFO - DAG(s) 'hello_world' retrieved from /Users/anurag/airflow/dags/simple_hello_world.py
[2025-04-19T17:40:26.217+1000] {logging_mixin.py:190} INFO - [2025-04-19T17:40:26.217+1000] {dag.py:3239} INFO - Sync 1 DAGs
[2025-04-19T17:40:26.235+1000] {logging_mixin.py:190} INFO - [2025-04-19T17:40:26.235+1000] {dag.py:4180} INFO - Setting next_dagrun for hello_world to 2025-04-19 00:00:00+00:00, run_after=2025-04-20 00:00:00+00:00
[2025-04-19T17:40:26.255+1000] {processor.py:208} INFO - Processing /Users/anurag/airflow/dags/simple_hello_world.py took 0.292 seconds
[2025-04-19T17:40:57.831+1000] {processor.py:186} INFO - Started process (PID=57733) to work on /Users/anurag/airflow/dags/simple_hello_world.py
[2025-04-19T17:40:57.832+1000] {processor.py:914} INFO - Processing file /Users/anurag/airflow/dags/simple_hello_world.py for tasks to queue
[2025-04-19T17:40:57.833+1000] {logging_mixin.py:190} INFO - [2025-04-19T17:40:57.833+1000] {dagbag.py:588} INFO - Filling up the DagBag from /Users/anurag/airflow/dags/simple_hello_world.py
[2025-04-19T17:40:57.843+1000] {processor.py:925} INFO - DAG(s) 'hello_world' retrieved from /Users/anurag/airflow/dags/simple_hello_world.py
[2025-04-19T17:40:58.067+1000] {logging_mixin.py:190} INFO - [2025-04-19T17:40:58.067+1000] {dag.py:3239} INFO - Sync 1 DAGs
[2025-04-19T17:40:58.083+1000] {logging_mixin.py:190} INFO - [2025-04-19T17:40:58.083+1000] {dag.py:4180} INFO - Setting next_dagrun for hello_world to 2025-04-19 00:00:00+00:00, run_after=2025-04-20 00:00:00+00:00
[2025-04-19T17:40:58.102+1000] {processor.py:208} INFO - Processing /Users/anurag/airflow/dags/simple_hello_world.py took 0.276 seconds
[2025-04-19T17:41:29.898+1000] {processor.py:186} INFO - Started process (PID=57823) to work on /Users/anurag/airflow/dags/simple_hello_world.py
[2025-04-19T17:41:29.899+1000] {processor.py:914} INFO - Processing file /Users/anurag/airflow/dags/simple_hello_world.py for tasks to queue
[2025-04-19T17:41:29.900+1000] {logging_mixin.py:190} INFO - [2025-04-19T17:41:29.900+1000] {dagbag.py:588} INFO - Filling up the DagBag from /Users/anurag/airflow/dags/simple_hello_world.py
[2025-04-19T17:41:29.910+1000] {processor.py:925} INFO - DAG(s) 'hello_world' retrieved from /Users/anurag/airflow/dags/simple_hello_world.py
[2025-04-19T17:41:30.148+1000] {logging_mixin.py:190} INFO - [2025-04-19T17:41:30.148+1000] {dag.py:3239} INFO - Sync 1 DAGs
[2025-04-19T17:41:30.165+1000] {logging_mixin.py:190} INFO - [2025-04-19T17:41:30.165+1000] {dag.py:4180} INFO - Setting next_dagrun for hello_world to 2025-04-19 00:00:00+00:00, run_after=2025-04-20 00:00:00+00:00
[2025-04-19T17:41:30.185+1000] {processor.py:208} INFO - Processing /Users/anurag/airflow/dags/simple_hello_world.py took 0.292 seconds
[2025-04-19T17:42:02.000+1000] {processor.py:186} INFO - Started process (PID=57965) to work on /Users/anurag/airflow/dags/simple_hello_world.py
[2025-04-19T17:42:02.001+1000] {processor.py:914} INFO - Processing file /Users/anurag/airflow/dags/simple_hello_world.py for tasks to queue
[2025-04-19T17:42:02.002+1000] {logging_mixin.py:190} INFO - [2025-04-19T17:42:02.002+1000] {dagbag.py:588} INFO - Filling up the DagBag from /Users/anurag/airflow/dags/simple_hello_world.py
[2025-04-19T17:42:02.013+1000] {processor.py:925} INFO - DAG(s) 'hello_world' retrieved from /Users/anurag/airflow/dags/simple_hello_world.py
[2025-04-19T17:42:02.255+1000] {logging_mixin.py:190} INFO - [2025-04-19T17:42:02.255+1000] {dag.py:3239} INFO - Sync 1 DAGs
[2025-04-19T17:42:02.276+1000] {logging_mixin.py:190} INFO - [2025-04-19T17:42:02.275+1000] {dag.py:4180} INFO - Setting next_dagrun for hello_world to 2025-04-19 00:00:00+00:00, run_after=2025-04-20 00:00:00+00:00
[2025-04-19T17:42:02.296+1000] {processor.py:208} INFO - Processing /Users/anurag/airflow/dags/simple_hello_world.py took 0.302 seconds
[2025-04-19T17:42:36.827+1000] {processor.py:186} INFO - Started process (PID=58052) to work on /Users/anurag/airflow/dags/simple_hello_world.py
[2025-04-19T17:42:36.830+1000] {processor.py:914} INFO - Processing file /Users/anurag/airflow/dags/simple_hello_world.py for tasks to queue
[2025-04-19T17:42:36.832+1000] {logging_mixin.py:190} INFO - [2025-04-19T17:42:36.832+1000] {dagbag.py:588} INFO - Filling up the DagBag from /Users/anurag/airflow/dags/simple_hello_world.py
[2025-04-19T17:42:36.865+1000] {processor.py:925} INFO - DAG(s) 'hello_world' retrieved from /Users/anurag/airflow/dags/simple_hello_world.py
[2025-04-19T17:42:37.414+1000] {logging_mixin.py:190} INFO - [2025-04-19T17:42:37.414+1000] {dag.py:3239} INFO - Sync 1 DAGs
[2025-04-19T17:42:37.463+1000] {logging_mixin.py:190} INFO - [2025-04-19T17:42:37.462+1000] {dag.py:4180} INFO - Setting next_dagrun for hello_world to 2025-04-19 00:00:00+00:00, run_after=2025-04-20 00:00:00+00:00
[2025-04-19T17:42:37.507+1000] {processor.py:208} INFO - Processing /Users/anurag/airflow/dags/simple_hello_world.py took 0.693 seconds
